<!DOCTYPE html PUBLIC "-//W3C//DTD XHTML 1.1//EN" "https://www.w3.org/TR/xhtml11/DTD/xhtml11.dtd">
<html xmlns="https://www.w3.org/1999/xhtml">
<head>
<meta http-equiv="content-type" content="text/html; charset=UTF-8"/>
<title>TestNG Report</title>
<style type="text/css">table {margin-bottom:10px;border-collapse:collapse;empty-cells:show}th,td {border:1px solid #009;padding:.25em .5em}th {vertical-align:bottom}td {vertical-align:top}table a {font-weight:bold}.stripe td {background-color: #E6EBF9}.num {text-align:right}.passedodd td {background-color: #3F3}.passedeven td {background-color: #0A0}.skippedodd td {background-color: #DDD}.skippedeven td {background-color: #CCC}.failedodd td,.attn {background-color: #F33}.failedeven td,.stripe .attn {background-color: #D00}.stacktrace {white-space:pre;font-family:monospace}.totop {font-size:85%;text-align:center;border-bottom:2px solid #000}.invisible {display:none}</style>
</head>
<body>
<table>
<tr><th>Test</th><th># Passed</th><th># Skipped</th><th># Retried</th><th># Failed</th><th>Time (ms)</th><th>Included Groups</th><th>Excluded Groups</th></tr>
<tr><th colspan="8">Suite</th></tr>
<tr><td><a href="#t0">Results</a></td><td class="num">39</td><td class="num attn">10</td><td class="num">0</td><td class="num attn">1</td><td class="num">6,255,816</td><td></td><td></td></tr>
</table>
<table id='summary'><thead><tr><th>Class</th><th>Method</th><th>Start</th><th>Time (ms)</th></tr></thead><tbody><tr><th colspan="4">Suite</th></tr></tbody><tbody id="t0"><tr><th colspan="4">Results &#8212; failed</th></tr><tr class="failedeven"><td rowspan="1">driver.Driver</td><td><a href="#m0">executeTestcase</a></td><td rowspan="1">1617608929227</td><td rowspan="1">166598</td></tr><tr><th colspan="4">Results &#8212; skipped</th></tr><tr class="skippedeven"><td rowspan="10">driver.Driver</td><td><a href="#m1">executeTestcase</a></td><td rowspan="10">1617610924340</td><td rowspan="10">3</td></tr><tr class="skippedeven"><td><a href="#m2">executeTestcase</a></td></tr><tr class="skippedeven"><td><a href="#m3">executeTestcase</a></td></tr><tr class="skippedeven"><td><a href="#m4">executeTestcase</a></td></tr><tr class="skippedeven"><td><a href="#m5">executeTestcase</a></td></tr><tr class="skippedeven"><td><a href="#m6">executeTestcase</a></td></tr><tr class="skippedeven"><td><a href="#m7">executeTestcase</a></td></tr><tr class="skippedeven"><td><a href="#m8">executeTestcase</a></td></tr><tr class="skippedeven"><td><a href="#m9">executeTestcase</a></td></tr><tr class="skippedeven"><td><a href="#m10">executeTestcase</a></td></tr><tr><th colspan="4">Results &#8212; passed</th></tr><tr class="passedeven"><td rowspan="39">driver.Driver</td><td><a href="#m11">executeTestcase</a></td><td rowspan="39">1617607276657</td><td rowspan="39">203219</td></tr><tr class="passedeven"><td><a href="#m12">executeTestcase</a></td></tr><tr class="passedeven"><td><a href="#m13">executeTestcase</a></td></tr><tr class="passedeven"><td><a href="#m14">executeTestcase</a></td></tr><tr class="passedeven"><td><a href="#m15">executeTestcase</a></td></tr><tr class="passedeven"><td><a href="#m16">executeTestcase</a></td></tr><tr class="passedeven"><td><a href="#m17">executeTestcase</a></td></tr><tr class="passedeven"><td><a href="#m18">executeTestcase</a></td></tr><tr class="passedeven"><td><a href="#m19">executeTestcase</a></td></tr><tr class="passedeven"><td><a href="#m20">executeTestcase</a></td></tr><tr class="passedeven"><td><a href="#m21">executeTestcase</a></td></tr><tr class="passedeven"><td><a href="#m22">executeTestcase</a></td></tr><tr class="passedeven"><td><a href="#m23">executeTestcase</a></td></tr><tr class="passedeven"><td><a href="#m24">executeTestcase</a></td></tr><tr class="passedeven"><td><a href="#m25">executeTestcase</a></td></tr><tr class="passedeven"><td><a href="#m26">executeTestcase</a></td></tr><tr class="passedeven"><td><a href="#m27">executeTestcase</a></td></tr><tr class="passedeven"><td><a href="#m28">executeTestcase</a></td></tr><tr class="passedeven"><td><a href="#m29">executeTestcase</a></td></tr><tr class="passedeven"><td><a href="#m30">executeTestcase</a></td></tr><tr class="passedeven"><td><a href="#m31">executeTestcase</a></td></tr><tr class="passedeven"><td><a href="#m32">executeTestcase</a></td></tr><tr class="passedeven"><td><a href="#m33">executeTestcase</a></td></tr><tr class="passedeven"><td><a href="#m34">executeTestcase</a></td></tr><tr class="passedeven"><td><a href="#m35">executeTestcase</a></td></tr><tr class="passedeven"><td><a href="#m36">executeTestcase</a></td></tr><tr class="passedeven"><td><a href="#m37">executeTestcase</a></td></tr><tr class="passedeven"><td><a href="#m38">executeTestcase</a></td></tr><tr class="passedeven"><td><a href="#m39">executeTestcase</a></td></tr><tr class="passedeven"><td><a href="#m40">executeTestcase</a></td></tr><tr class="passedeven"><td><a href="#m41">executeTestcase</a></td></tr><tr class="passedeven"><td><a href="#m42">executeTestcase</a></td></tr><tr class="passedeven"><td><a href="#m43">executeTestcase</a></td></tr><tr class="passedeven"><td><a href="#m44">executeTestcase</a></td></tr><tr class="passedeven"><td><a href="#m45">executeTestcase</a></td></tr><tr class="passedeven"><td><a href="#m46">executeTestcase</a></td></tr><tr class="passedeven"><td><a href="#m47">executeTestcase</a></td></tr><tr class="passedeven"><td><a href="#m48">executeTestcase</a></td></tr><tr class="passedeven"><td><a href="#m49">executeTestcase</a></td></tr></tbody>
</table>
<h2>Results</h2><h3 id="m0">driver.Driver#executeTestcase</h3><table class="result"><tr class="param"><th>Parameter #1</th></tr><tr class="param stripe"><td>org.testng.TestRunner@5e77f0f4</td></tr><tr><th>Exception</th></tr><tr><td><div class="stacktrace">java.lang.reflect.InvocationTargetException
	at driver.Driver.executeTestcase(Driver.java:78)
	at java.base/java.util.ArrayList.forEach(ArrayList.java:1541)
Caused by: org.openqa.selenium.NoSuchElementException: no such element: Unable to locate element: {&quot;method&quot;:&quot;css selector&quot;,&quot;selector&quot;:&quot;#NavBarGloablQuickCreate&quot;}
  (Session info: chrome=89.0.4389.114)
For documentation on this error, please visit: https://www.seleniumhq.org/exceptions/no_such_element.html
Build info: version: &apos;4.0.0-alpha-1&apos;, revision: &apos;d1d3728cae&apos;, time: &apos;2019-04-24T13:42:21&apos;
System info: host: &apos;Z3P4PUGAVS0029&apos;, ip: &apos;10.99.36.246&apos;, os.name: &apos;Windows 10&apos;, os.arch: &apos;amd64&apos;, os.version: &apos;10.0&apos;, java.version: &apos;11.0.9&apos;
Driver info: org.openqa.selenium.chrome.ChromeDriver
Capabilities {acceptInsecureCerts: false, browserName: chrome, browserVersion: 89.0.4389.114, chrome: {chromedriverVersion: 88.0.4324.96 (68dba2d8a0b14..., userDataDir: E:\schandr3\AppData\Local\T...}, goog:chromeOptions: {debuggerAddress: localhost:64087}, javascriptEnabled: true, networkConnectionEnabled: false, pageLoadStrategy: normal, platform: WINDOWS, platformName: WINDOWS, proxy: Proxy(), setWindowRect: true, strictFileInteractability: false, timeouts: {implicit: 0, pageLoad: 300000, script: 30000}, unhandledPromptBehavior: dismiss and notify, webauthn:extension:largeBlob: true, webauthn:virtualAuthenticators: true}
Session ID: 2e08e996511ef5644cfdc6b90440b36f
*** Element info: {Using=id, value=NavBarGloablQuickCreate}
	at org.openqa.selenium.remote.codec.w3c.W3CHttpResponseCodec.createException(W3CHttpResponseCodec.java:190)
	at org.openqa.selenium.remote.codec.w3c.W3CHttpResponseCodec.decode(W3CHttpResponseCodec.java:124)
	at org.openqa.selenium.remote.codec.w3c.W3CHttpResponseCodec.decode(W3CHttpResponseCodec.java:51)
	at org.openqa.selenium.remote.HttpCommandExecutor.execute(HttpCommandExecutor.java:161)
	at org.openqa.selenium.remote.service.DriverCommandExecutor.execute(DriverCommandExecutor.java:83)
	at org.openqa.selenium.remote.RemoteWebDriver.execute(RemoteWebDriver.java:577)
	at org.openqa.selenium.remote.RemoteWebDriver.findElement(RemoteWebDriver.java:328)
	at org.openqa.selenium.remote.RemoteWebDriver.findElementById(RemoteWebDriver.java:376)
	at org.openqa.selenium.By$ById.findElement(By.java:188)
	at org.openqa.selenium.remote.RemoteWebDriver.findElement(RemoteWebDriver.java:320)
	at org.openqa.selenium.support.events.EventFiringWebDriver.lambda$new$1(EventFiringWebDriver.java:106)
	at com.sun.proxy.$Proxy11.findElement(Unknown Source)
	at org.openqa.selenium.support.events.EventFiringWebDriver.findElement(EventFiringWebDriver.java:195)
	at pages.MemberFormPage.selectMembershipProviderType1(MemberFormPage.java:1094)
	at testcases.Member.TestCase_7151.createMemberTP(TestCase_7151.java:94)
	... 33 more
... Removed 38 stack frames</div></td></tr></table><p class="totop"><a href="#summary">back to summary</a></p>
<h3 id="m1">driver.Driver#executeTestcase</h3><table class="result"><tr class="param"><th>Parameter #1</th></tr><tr class="param stripe"><td>org.testng.TestRunner@5e77f0f4</td></tr><tr><th>Exception</th></tr><tr><td><div class="stacktrace">org.testng.SkipException: Skipping execution for  :TFS ID_ 7422:Create New Membership Provider with type &quot;Aggregation Affiliation&quot;
	at driver.Driver.executeTestcase(Driver.java:83)
	at java.base/java.util.ArrayList.forEach(ArrayList.java:1541)
... Removed 26 stack frames</div></td></tr></table><p class="totop"><a href="#summary">back to summary</a></p>
<h3 id="m2">driver.Driver#executeTestcase</h3><table class="result"><tr class="param"><th>Parameter #1</th></tr><tr class="param stripe"><td>org.testng.TestRunner@5e77f0f4</td></tr><tr><th>Exception</th></tr><tr><td><div class="stacktrace">org.testng.SkipException: Skipping execution for  :TFS ID_ 7491:Create New Business Partner account using member supervisor
	at driver.Driver.executeTestcase(Driver.java:83)
	at java.base/java.util.ArrayList.forEach(ArrayList.java:1541)
... Removed 26 stack frames</div></td></tr></table><p class="totop"><a href="#summary">back to summary</a></p>
<h3 id="m3">driver.Driver#executeTestcase</h3><table class="result"><tr class="param"><th>Parameter #1</th></tr><tr class="param stripe"><td>org.testng.TestRunner@5e77f0f4</td></tr><tr><th>Exception</th></tr><tr><td><div class="stacktrace">org.testng.SkipException: Skipping execution for  :TFS ID_ 7421:Create New Membership Provider with type &quot;DSH&quot;
	at driver.Driver.executeTestcase(Driver.java:83)
	at java.base/java.util.ArrayList.forEach(ArrayList.java:1541)
... Removed 26 stack frames</div></td></tr></table><p class="totop"><a href="#summary">back to summary</a></p>
<h3 id="m4">driver.Driver#executeTestcase</h3><table class="result"><tr class="param"><th>Parameter #1</th></tr><tr class="param stripe"><td>org.testng.TestRunner@5e77f0f4</td></tr><tr><th>Exception</th></tr><tr><td><div class="stacktrace">org.testng.SkipException: Skipping execution for  :TFS ID_ 7420:Create New Membership Provider with type &quot;Program&quot;
	at driver.Driver.executeTestcase(Driver.java:83)
	at java.base/java.util.ArrayList.forEach(ArrayList.java:1541)
... Removed 26 stack frames</div></td></tr></table><p class="totop"><a href="#summary">back to summary</a></p>
<h3 id="m5">driver.Driver#executeTestcase</h3><table class="result"><tr class="param"><th>Parameter #1</th></tr><tr class="param stripe"><td>org.testng.TestRunner@5e77f0f4</td></tr><tr><th>Exception</th></tr><tr><td><div class="stacktrace">org.testng.SkipException: Skipping execution for  :TFS ID_ 7423:Create New Membership Provider with type &quot;SOAR&quot;
	at driver.Driver.executeTestcase(Driver.java:83)
	at java.base/java.util.ArrayList.forEach(ArrayList.java:1541)
... Removed 26 stack frames</div></td></tr></table><p class="totop"><a href="#summary">back to summary</a></p>
<h3 id="m6">driver.Driver#executeTestcase</h3><table class="result"><tr class="param"><th>Parameter #1</th></tr><tr class="param stripe"><td>org.testng.TestRunner@5e77f0f4</td></tr><tr><th>Exception</th></tr><tr><td><div class="stacktrace">org.testng.SkipException: Skipping execution for  :TFS ID_ 7473:Change Account status to inactive for a Membership Provider with type &quot;SOAR&quot;
	at driver.Driver.executeTestcase(Driver.java:83)
	at java.base/java.util.ArrayList.forEach(ArrayList.java:1541)
... Removed 26 stack frames</div></td></tr></table><p class="totop"><a href="#summary">back to summary</a></p>
<h3 id="m7">driver.Driver#executeTestcase</h3><table class="result"><tr class="param"><th>Parameter #1</th></tr><tr class="param stripe"><td>org.testng.TestRunner@5e77f0f4</td></tr><tr><th>Exception</th></tr><tr><td><div class="stacktrace">org.testng.SkipException: Skipping execution for  :TFS ID_ 1111:Create Member with all available fields
	at driver.Driver.executeTestcase(Driver.java:83)
	at java.base/java.util.ArrayList.forEach(ArrayList.java:1541)
... Removed 26 stack frames</div></td></tr></table><p class="totop"><a href="#summary">back to summary</a></p>
<h3 id="m8">driver.Driver#executeTestcase</h3><table class="result"><tr class="param"><th>Parameter #1</th></tr><tr class="param stripe"><td>org.testng.TestRunner@5e77f0f4</td></tr><tr><th>Exception</th></tr><tr><td><div class="stacktrace">org.testng.SkipException: Skipping execution for  :TFS ID_ 4547:Verify if primary account of a contact has been changed then other associated Contact account association should not get end dated/terminated
	at driver.Driver.executeTestcase(Driver.java:83)
	at java.base/java.util.ArrayList.forEach(ArrayList.java:1541)
... Removed 26 stack frames</div></td></tr></table><p class="totop"><a href="#summary">back to summary</a></p>
<h3 id="m9">driver.Driver#executeTestcase</h3><table class="result"><tr class="param"><th>Parameter #1</th></tr><tr class="param stripe"><td>org.testng.TestRunner@5e77f0f4</td></tr><tr><th>Exception</th></tr><tr><td><div class="stacktrace">org.testng.SkipException: Skipping execution for  :TFS ID_ 7474:Change Account status to Terminated for a Membership Provider with type &quot;Aggregation Affiliation&quot;
	at driver.Driver.executeTestcase(Driver.java:83)
	at java.base/java.util.ArrayList.forEach(ArrayList.java:1541)
... Removed 26 stack frames</div></td></tr></table><p class="totop"><a href="#summary">back to summary</a></p>
<h3 id="m10">driver.Driver#executeTestcase</h3><table class="result"><tr class="param"><th>Parameter #1</th></tr><tr class="param stripe"><td>org.testng.TestRunner@5e77f0f4</td></tr><tr><th>Exception</th></tr><tr><td><div class="stacktrace">org.testng.SkipException: Skipping execution for  :TFS ID_ 7485:Verify on &quot;Update&quot; following fields in Limited Member ,&quot;Record status&quot; should get changed to Need Approval.
	at driver.Driver.executeTestcase(Driver.java:83)
	at java.base/java.util.ArrayList.forEach(ArrayList.java:1541)
... Removed 26 stack frames</div></td></tr></table><p class="totop"><a href="#summary">back to summary</a></p>
<h3 id="m11">driver.Driver#executeTestcase</h3><table class="result"><tr class="param"><th>Parameter #1</th></tr><tr class="param stripe"><td>org.testng.TestRunner@5e77f0f4</td></tr></table><p class="totop"><a href="#summary">back to summary</a></p>
<h3 id="m12">driver.Driver#executeTestcase</h3><table class="result"><tr class="param"><th>Parameter #1</th></tr><tr class="param stripe"><td>org.testng.TestRunner@5e77f0f4</td></tr></table><p class="totop"><a href="#summary">back to summary</a></p>
<h3 id="m13">driver.Driver#executeTestcase</h3><table class="result"><tr class="param"><th>Parameter #1</th></tr><tr class="param stripe"><td>org.testng.TestRunner@5e77f0f4</td></tr></table><p class="totop"><a href="#summary">back to summary</a></p>
<h3 id="m14">driver.Driver#executeTestcase</h3><table class="result"><tr class="param"><th>Parameter #1</th></tr><tr class="param stripe"><td>org.testng.TestRunner@5e77f0f4</td></tr></table><p class="totop"><a href="#summary">back to summary</a></p>
<h3 id="m15">driver.Driver#executeTestcase</h3><table class="result"><tr class="param"><th>Parameter #1</th></tr><tr class="param stripe"><td>org.testng.TestRunner@5e77f0f4</td></tr></table><p class="totop"><a href="#summary">back to summary</a></p>
<h3 id="m16">driver.Driver#executeTestcase</h3><table class="result"><tr class="param"><th>Parameter #1</th></tr><tr class="param stripe"><td>org.testng.TestRunner@5e77f0f4</td></tr></table><p class="totop"><a href="#summary">back to summary</a></p>
<h3 id="m17">driver.Driver#executeTestcase</h3><table class="result"><tr class="param"><th>Parameter #1</th></tr><tr class="param stripe"><td>org.testng.TestRunner@5e77f0f4</td></tr></table><p class="totop"><a href="#summary">back to summary</a></p>
<h3 id="m18">driver.Driver#executeTestcase</h3><table class="result"><tr class="param"><th>Parameter #1</th></tr><tr class="param stripe"><td>org.testng.TestRunner@5e77f0f4</td></tr></table><p class="totop"><a href="#summary">back to summary</a></p>
<h3 id="m19">driver.Driver#executeTestcase</h3><table class="result"><tr class="param"><th>Parameter #1</th></tr><tr class="param stripe"><td>org.testng.TestRunner@5e77f0f4</td></tr></table><p class="totop"><a href="#summary">back to summary</a></p>
<h3 id="m20">driver.Driver#executeTestcase</h3><table class="result"><tr class="param"><th>Parameter #1</th></tr><tr class="param stripe"><td>org.testng.TestRunner@5e77f0f4</td></tr></table><p class="totop"><a href="#summary">back to summary</a></p>
<h3 id="m21">driver.Driver#executeTestcase</h3><table class="result"><tr class="param"><th>Parameter #1</th></tr><tr class="param stripe"><td>org.testng.TestRunner@5e77f0f4</td></tr></table><p class="totop"><a href="#summary">back to summary</a></p>
<h3 id="m22">driver.Driver#executeTestcase</h3><table class="result"><tr class="param"><th>Parameter #1</th></tr><tr class="param stripe"><td>org.testng.TestRunner@5e77f0f4</td></tr></table><p class="totop"><a href="#summary">back to summary</a></p>
<h3 id="m23">driver.Driver#executeTestcase</h3><table class="result"><tr class="param"><th>Parameter #1</th></tr><tr class="param stripe"><td>org.testng.TestRunner@5e77f0f4</td></tr></table><p class="totop"><a href="#summary">back to summary</a></p>
<h3 id="m24">driver.Driver#executeTestcase</h3><table class="result"><tr class="param"><th>Parameter #1</th></tr><tr class="param stripe"><td>org.testng.TestRunner@5e77f0f4</td></tr></table><p class="totop"><a href="#summary">back to summary</a></p>
<h3 id="m25">driver.Driver#executeTestcase</h3><table class="result"><tr class="param"><th>Parameter #1</th></tr><tr class="param stripe"><td>org.testng.TestRunner@5e77f0f4</td></tr></table><p class="totop"><a href="#summary">back to summary</a></p>
<h3 id="m26">driver.Driver#executeTestcase</h3><table class="result"><tr class="param"><th>Parameter #1</th></tr><tr class="param stripe"><td>org.testng.TestRunner@5e77f0f4</td></tr></table><p class="totop"><a href="#summary">back to summary</a></p>
<h3 id="m27">driver.Driver#executeTestcase</h3><table class="result"><tr class="param"><th>Parameter #1</th></tr><tr class="param stripe"><td>org.testng.TestRunner@5e77f0f4</td></tr></table><p class="totop"><a href="#summary">back to summary</a></p>
<h3 id="m28">driver.Driver#executeTestcase</h3><table class="result"><tr class="param"><th>Parameter #1</th></tr><tr class="param stripe"><td>org.testng.TestRunner@5e77f0f4</td></tr></table><p class="totop"><a href="#summary">back to summary</a></p>
<h3 id="m29">driver.Driver#executeTestcase</h3><table class="result"><tr class="param"><th>Parameter #1</th></tr><tr class="param stripe"><td>org.testng.TestRunner@5e77f0f4</td></tr></table><p class="totop"><a href="#summary">back to summary</a></p>
<h3 id="m30">driver.Driver#executeTestcase</h3><table class="result"><tr class="param"><th>Parameter #1</th></tr><tr class="param stripe"><td>org.testng.TestRunner@5e77f0f4</td></tr></table><p class="totop"><a href="#summary">back to summary</a></p>
<h3 id="m31">driver.Driver#executeTestcase</h3><table class="result"><tr class="param"><th>Parameter #1</th></tr><tr class="param stripe"><td>org.testng.TestRunner@5e77f0f4</td></tr></table><p class="totop"><a href="#summary">back to summary</a></p>
<h3 id="m32">driver.Driver#executeTestcase</h3><table class="result"><tr class="param"><th>Parameter #1</th></tr><tr class="param stripe"><td>org.testng.TestRunner@5e77f0f4</td></tr></table><p class="totop"><a href="#summary">back to summary</a></p>
<h3 id="m33">driver.Driver#executeTestcase</h3><table class="result"><tr class="param"><th>Parameter #1</th></tr><tr class="param stripe"><td>org.testng.TestRunner@5e77f0f4</td></tr></table><p class="totop"><a href="#summary">back to summary</a></p>
<h3 id="m34">driver.Driver#executeTestcase</h3><table class="result"><tr class="param"><th>Parameter #1</th></tr><tr class="param stripe"><td>org.testng.TestRunner@5e77f0f4</td></tr></table><p class="totop"><a href="#summary">back to summary</a></p>
<h3 id="m35">driver.Driver#executeTestcase</h3><table class="result"><tr class="param"><th>Parameter #1</th></tr><tr class="param stripe"><td>org.testng.TestRunner@5e77f0f4</td></tr></table><p class="totop"><a href="#summary">back to summary</a></p>
<h3 id="m36">driver.Driver#executeTestcase</h3><table class="result"><tr class="param"><th>Parameter #1</th></tr><tr class="param stripe"><td>org.testng.TestRunner@5e77f0f4</td></tr></table><p class="totop"><a href="#summary">back to summary</a></p>
<h3 id="m37">driver.Driver#executeTestcase</h3><table class="result"><tr class="param"><th>Parameter #1</th></tr><tr class="param stripe"><td>org.testng.TestRunner@5e77f0f4</td></tr></table><p class="totop"><a href="#summary">back to summary</a></p>
<h3 id="m38">driver.Driver#executeTestcase</h3><table class="result"><tr class="param"><th>Parameter #1</th></tr><tr class="param stripe"><td>org.testng.TestRunner@5e77f0f4</td></tr></table><p class="totop"><a href="#summary">back to summary</a></p>
<h3 id="m39">driver.Driver#executeTestcase</h3><table class="result"><tr class="param"><th>Parameter #1</th></tr><tr class="param stripe"><td>org.testng.TestRunner@5e77f0f4</td></tr></table><p class="totop"><a href="#summary">back to summary</a></p>
<h3 id="m40">driver.Driver#executeTestcase</h3><table class="result"><tr class="param"><th>Parameter #1</th></tr><tr class="param stripe"><td>org.testng.TestRunner@5e77f0f4</td></tr></table><p class="totop"><a href="#summary">back to summary</a></p>
<h3 id="m41">driver.Driver#executeTestcase</h3><table class="result"><tr class="param"><th>Parameter #1</th></tr><tr class="param stripe"><td>org.testng.TestRunner@5e77f0f4</td></tr></table><p class="totop"><a href="#summary">back to summary</a></p>
<h3 id="m42">driver.Driver#executeTestcase</h3><table class="result"><tr class="param"><th>Parameter #1</th></tr><tr class="param stripe"><td>org.testng.TestRunner@5e77f0f4</td></tr></table><p class="totop"><a href="#summary">back to summary</a></p>
<h3 id="m43">driver.Driver#executeTestcase</h3><table class="result"><tr class="param"><th>Parameter #1</th></tr><tr class="param stripe"><td>org.testng.TestRunner@5e77f0f4</td></tr></table><p class="totop"><a href="#summary">back to summary</a></p>
<h3 id="m44">driver.Driver#executeTestcase</h3><table class="result"><tr class="param"><th>Parameter #1</th></tr><tr class="param stripe"><td>org.testng.TestRunner@5e77f0f4</td></tr></table><p class="totop"><a href="#summary">back to summary</a></p>
<h3 id="m45">driver.Driver#executeTestcase</h3><table class="result"><tr class="param"><th>Parameter #1</th></tr><tr class="param stripe"><td>org.testng.TestRunner@5e77f0f4</td></tr></table><p class="totop"><a href="#summary">back to summary</a></p>
<h3 id="m46">driver.Driver#executeTestcase</h3><table class="result"><tr class="param"><th>Parameter #1</th></tr><tr class="param stripe"><td>org.testng.TestRunner@5e77f0f4</td></tr></table><p class="totop"><a href="#summary">back to summary</a></p>
<h3 id="m47">driver.Driver#executeTestcase</h3><table class="result"><tr class="param"><th>Parameter #1</th></tr><tr class="param stripe"><td>org.testng.TestRunner@5e77f0f4</td></tr></table><p class="totop"><a href="#summary">back to summary</a></p>
<h3 id="m48">driver.Driver#executeTestcase</h3><table class="result"><tr class="param"><th>Parameter #1</th></tr><tr class="param stripe"><td>org.testng.TestRunner@5e77f0f4</td></tr></table><p class="totop"><a href="#summary">back to summary</a></p>
<h3 id="m49">driver.Driver#executeTestcase</h3><table class="result"><tr class="param"><th>Parameter #1</th></tr><tr class="param stripe"><td>org.testng.TestRunner@5e77f0f4</td></tr></table><p class="totop"><a href="#summary">back to summary</a></p>
</body>
</html>
