<!DOCTYPE html>

<html>
  <head>
  <meta charset='utf-8'>
  <title>TestNG reports</title>

    <link type="text/css" href="testng-reports1.css" rel="stylesheet" id="ultra" />
    <link type="text/css" href="testng-reports.css" rel="stylesheet" id="retro" disabled="false"/>
    <script type="text/javascript" src="jquery-3.4.1.min.js"></script>
    <script type="text/javascript" src="testng-reports.js"></script>
    <script type="text/javascript" src="https://www.google.com/jsapi"></script>
    <script type='text/javascript'>
      google.load('visualization', '1', {packages:['table']});
      google.setOnLoadCallback(drawTable);
      var suiteTableInitFunctions = new Array();
      var suiteTableData = new Array();
    </script>
    <!--
      <script type="text/javascript" src="jquery-ui/js/jquery-ui-1.8.16.custom.min.js"></script>
     -->
  </head>

  <body>
    <div class="top-banner-root">
      <span class="top-banner-title-font">Test results</span>
      <button id="button" class="button">Switch Retro Theme</button> <!-- button -->
      <br/>
      <span class="top-banner-font-1">1 suite</span>
    </div> <!-- top-banner-root -->
    <div class="navigator-root">
      <div class="navigator-suite-header">
        <span>All suites</span>
        <a href="#" title="Collapse/expand all the suites" class="collapse-all-link">
          <img src="collapseall.gif" class="collapse-all-icon">
          </img> <!-- collapse-all-icon -->
        </a> <!-- collapse-all-link -->
      </div> <!-- navigator-suite-header -->
      <div class="suite">
        <div class="rounded-window">
          <div class="suite-header light-rounded-window-top">
            <a href="#" panel-name="suite-Suite" class="navigator-link">
              <span class="suite-name border-skipped">Suite</span>
            </a> <!-- navigator-link -->
          </div> <!-- suite-header light-rounded-window-top -->
          <div class="navigator-suite-content">
            <div class="suite-section-title">
              <span>Info</span>
            </div> <!-- suite-section-title -->
            <div class="suite-section-content">
              <ul>
                <li>
                  <a href="#" panel-name="test-xml-Suite" class="navigator-link ">
                    <span>E:\schandr3\git\Dynamics-CRM-V2.3\TestNG\testng.xml</span>
                  </a> <!-- navigator-link  -->
                </li>
                <li>
                  <a href="#" panel-name="testlist-Suite" class="navigator-link ">
                    <span class="test-stats">1 test</span>
                  </a> <!-- navigator-link  -->
                </li>
                <li>
                  <a href="#" panel-name="group-Suite" class="navigator-link ">
                    <span>0 groups</span>
                  </a> <!-- navigator-link  -->
                </li>
                <li>
                  <a href="#" panel-name="times-Suite" class="navigator-link ">
                    <span>Times</span>
                  </a> <!-- navigator-link  -->
                </li>
                <li>
                  <a href="#" panel-name="reporter-Suite" class="navigator-link ">
                    <span>Reporter output</span>
                  </a> <!-- navigator-link  -->
                </li>
                <li>
                  <a href="#" panel-name="ignored-methods-Suite" class="navigator-link ">
                    <span>Ignored methods</span>
                  </a> <!-- navigator-link  -->
                </li>
                <li>
                  <a href="#" panel-name="chronological-Suite" class="navigator-link ">
                    <span>Chronological view</span>
                  </a> <!-- navigator-link  -->
                </li>
              </ul>
            </div> <!-- suite-section-content -->
            <div class="result-section">
              <div class="suite-section-title">
                <span>Results</span>
              </div> <!-- suite-section-title -->
              <div class="suite-section-content">
                <ul>
                  <li>
                    <span class="method-stats">52 methods,  38 skipped,  14 passed</span>
                  </li>
                  <li>
                    <span class="method-list-title skipped">Skipped methods</span>
                    <span class="show-or-hide-methods skipped">
                      <a href="#" panel-name="suite-Suite" class="hide-methods skipped suite-Suite"> (hide)</a> <!-- hide-methods skipped suite-Suite -->
                      <a href="#" panel-name="suite-Suite" class="show-methods skipped suite-Suite"> (show)</a> <!-- show-methods skipped suite-Suite -->
                    </span>
                    <div class="method-list-content skipped suite-Suite">
                      <span>
                        <img src="skipped.png" width="3%"/>
                        <a href="#" panel-name="suite-Suite" title="driver.Driver" class="method navigator-link" hash-for-method="executeTestcase(org.testng.TestRunner@21ca139c)">executeTestcase(org.testng.TestRunner@21ca139c)</a> <!-- method navigator-link -->
                      </span>
                      <br/>
                      <span>
                        <img src="skipped.png" width="3%"/>
                        <a href="#" panel-name="suite-Suite" title="driver.Driver" class="method navigator-link" hash-for-method="executeTestcase(org.testng.TestRunner@21ca139c)">executeTestcase(org.testng.TestRunner@21ca139c)</a> <!-- method navigator-link -->
                      </span>
                      <br/>
                      <span>
                        <img src="skipped.png" width="3%"/>
                        <a href="#" panel-name="suite-Suite" title="driver.Driver" class="method navigator-link" hash-for-method="executeTestcase(org.testng.TestRunner@21ca139c)">executeTestcase(org.testng.TestRunner@21ca139c)</a> <!-- method navigator-link -->
                      </span>
                      <br/>
                      <span>
                        <img src="skipped.png" width="3%"/>
                        <a href="#" panel-name="suite-Suite" title="driver.Driver" class="method navigator-link" hash-for-method="executeTestcase(org.testng.TestRunner@21ca139c)">executeTestcase(org.testng.TestRunner@21ca139c)</a> <!-- method navigator-link -->
                      </span>
                      <br/>
                      <span>
                        <img src="skipped.png" width="3%"/>
                        <a href="#" panel-name="suite-Suite" title="driver.Driver" class="method navigator-link" hash-for-method="executeTestcase(org.testng.TestRunner@21ca139c)">executeTestcase(org.testng.TestRunner@21ca139c)</a> <!-- method navigator-link -->
                      </span>
                      <br/>
                      <span>
                        <img src="skipped.png" width="3%"/>
                        <a href="#" panel-name="suite-Suite" title="driver.Driver" class="method navigator-link" hash-for-method="executeTestcase(org.testng.TestRunner@21ca139c)">executeTestcase(org.testng.TestRunner@21ca139c)</a> <!-- method navigator-link -->
                      </span>
                      <br/>
                      <span>
                        <img src="skipped.png" width="3%"/>
                        <a href="#" panel-name="suite-Suite" title="driver.Driver" class="method navigator-link" hash-for-method="executeTestcase(org.testng.TestRunner@21ca139c)">executeTestcase(org.testng.TestRunner@21ca139c)</a> <!-- method navigator-link -->
                      </span>
                      <br/>
                      <span>
                        <img src="skipped.png" width="3%"/>
                        <a href="#" panel-name="suite-Suite" title="driver.Driver" class="method navigator-link" hash-for-method="executeTestcase(org.testng.TestRunner@21ca139c)">executeTestcase(org.testng.TestRunner@21ca139c)</a> <!-- method navigator-link -->
                      </span>
                      <br/>
                      <span>
                        <img src="skipped.png" width="3%"/>
                        <a href="#" panel-name="suite-Suite" title="driver.Driver" class="method navigator-link" hash-for-method="executeTestcase(org.testng.TestRunner@21ca139c)">executeTestcase(org.testng.TestRunner@21ca139c)</a> <!-- method navigator-link -->
                      </span>
                      <br/>
                      <span>
                        <img src="skipped.png" width="3%"/>
                        <a href="#" panel-name="suite-Suite" title="driver.Driver" class="method navigator-link" hash-for-method="executeTestcase(org.testng.TestRunner@21ca139c)">executeTestcase(org.testng.TestRunner@21ca139c)</a> <!-- method navigator-link -->
                      </span>
                      <br/>
                      <span>
                        <img src="skipped.png" width="3%"/>
                        <a href="#" panel-name="suite-Suite" title="driver.Driver" class="method navigator-link" hash-for-method="executeTestcase(org.testng.TestRunner@21ca139c)">executeTestcase(org.testng.TestRunner@21ca139c)</a> <!-- method navigator-link -->
                      </span>
                      <br/>
                      <span>
                        <img src="skipped.png" width="3%"/>
                        <a href="#" panel-name="suite-Suite" title="driver.Driver" class="method navigator-link" hash-for-method="executeTestcase(org.testng.TestRunner@21ca139c)">executeTestcase(org.testng.TestRunner@21ca139c)</a> <!-- method navigator-link -->
                      </span>
                      <br/>
                      <span>
                        <img src="skipped.png" width="3%"/>
                        <a href="#" panel-name="suite-Suite" title="driver.Driver" class="method navigator-link" hash-for-method="executeTestcase(org.testng.TestRunner@21ca139c)">executeTestcase(org.testng.TestRunner@21ca139c)</a> <!-- method navigator-link -->
                      </span>
                      <br/>
                      <span>
                        <img src="skipped.png" width="3%"/>
                        <a href="#" panel-name="suite-Suite" title="driver.Driver" class="method navigator-link" hash-for-method="executeTestcase(org.testng.TestRunner@21ca139c)">executeTestcase(org.testng.TestRunner@21ca139c)</a> <!-- method navigator-link -->
                      </span>
                      <br/>
                      <span>
                        <img src="skipped.png" width="3%"/>
                        <a href="#" panel-name="suite-Suite" title="driver.Driver" class="method navigator-link" hash-for-method="executeTestcase(org.testng.TestRunner@21ca139c)">executeTestcase(org.testng.TestRunner@21ca139c)</a> <!-- method navigator-link -->
                      </span>
                      <br/>
                      <span>
                        <img src="skipped.png" width="3%"/>
                        <a href="#" panel-name="suite-Suite" title="driver.Driver" class="method navigator-link" hash-for-method="executeTestcase(org.testng.TestRunner@21ca139c)">executeTestcase(org.testng.TestRunner@21ca139c)</a> <!-- method navigator-link -->
                      </span>
                      <br/>
                      <span>
                        <img src="skipped.png" width="3%"/>
                        <a href="#" panel-name="suite-Suite" title="driver.Driver" class="method navigator-link" hash-for-method="executeTestcase(org.testng.TestRunner@21ca139c)">executeTestcase(org.testng.TestRunner@21ca139c)</a> <!-- method navigator-link -->
                      </span>
                      <br/>
                      <span>
                        <img src="skipped.png" width="3%"/>
                        <a href="#" panel-name="suite-Suite" title="driver.Driver" class="method navigator-link" hash-for-method="executeTestcase(org.testng.TestRunner@21ca139c)">executeTestcase(org.testng.TestRunner@21ca139c)</a> <!-- method navigator-link -->
                      </span>
                      <br/>
                      <span>
                        <img src="skipped.png" width="3%"/>
                        <a href="#" panel-name="suite-Suite" title="driver.Driver" class="method navigator-link" hash-for-method="executeTestcase(org.testng.TestRunner@21ca139c)">executeTestcase(org.testng.TestRunner@21ca139c)</a> <!-- method navigator-link -->
                      </span>
                      <br/>
                      <span>
                        <img src="skipped.png" width="3%"/>
                        <a href="#" panel-name="suite-Suite" title="driver.Driver" class="method navigator-link" hash-for-method="executeTestcase(org.testng.TestRunner@21ca139c)">executeTestcase(org.testng.TestRunner@21ca139c)</a> <!-- method navigator-link -->
                      </span>
                      <br/>
                      <span>
                        <img src="skipped.png" width="3%"/>
                        <a href="#" panel-name="suite-Suite" title="driver.Driver" class="method navigator-link" hash-for-method="executeTestcase(org.testng.TestRunner@21ca139c)">executeTestcase(org.testng.TestRunner@21ca139c)</a> <!-- method navigator-link -->
                      </span>
                      <br/>
                      <span>
                        <img src="skipped.png" width="3%"/>
                        <a href="#" panel-name="suite-Suite" title="driver.Driver" class="method navigator-link" hash-for-method="executeTestcase(org.testng.TestRunner@21ca139c)">executeTestcase(org.testng.TestRunner@21ca139c)</a> <!-- method navigator-link -->
                      </span>
                      <br/>
                      <span>
                        <img src="skipped.png" width="3%"/>
                        <a href="#" panel-name="suite-Suite" title="driver.Driver" class="method navigator-link" hash-for-method="executeTestcase(org.testng.TestRunner@21ca139c)">executeTestcase(org.testng.TestRunner@21ca139c)</a> <!-- method navigator-link -->
                      </span>
                      <br/>
                      <span>
                        <img src="skipped.png" width="3%"/>
                        <a href="#" panel-name="suite-Suite" title="driver.Driver" class="method navigator-link" hash-for-method="executeTestcase(org.testng.TestRunner@21ca139c)">executeTestcase(org.testng.TestRunner@21ca139c)</a> <!-- method navigator-link -->
                      </span>
                      <br/>
                      <span>
                        <img src="skipped.png" width="3%"/>
                        <a href="#" panel-name="suite-Suite" title="driver.Driver" class="method navigator-link" hash-for-method="executeTestcase(org.testng.TestRunner@21ca139c)">executeTestcase(org.testng.TestRunner@21ca139c)</a> <!-- method navigator-link -->
                      </span>
                      <br/>
                      <span>
                        <img src="skipped.png" width="3%"/>
                        <a href="#" panel-name="suite-Suite" title="driver.Driver" class="method navigator-link" hash-for-method="executeTestcase(org.testng.TestRunner@21ca139c)">executeTestcase(org.testng.TestRunner@21ca139c)</a> <!-- method navigator-link -->
                      </span>
                      <br/>
                      <span>
                        <img src="skipped.png" width="3%"/>
                        <a href="#" panel-name="suite-Suite" title="driver.Driver" class="method navigator-link" hash-for-method="executeTestcase(org.testng.TestRunner@21ca139c)">executeTestcase(org.testng.TestRunner@21ca139c)</a> <!-- method navigator-link -->
                      </span>
                      <br/>
                      <span>
                        <img src="skipped.png" width="3%"/>
                        <a href="#" panel-name="suite-Suite" title="driver.Driver" class="method navigator-link" hash-for-method="executeTestcase(org.testng.TestRunner@21ca139c)">executeTestcase(org.testng.TestRunner@21ca139c)</a> <!-- method navigator-link -->
                      </span>
                      <br/>
                      <span>
                        <img src="skipped.png" width="3%"/>
                        <a href="#" panel-name="suite-Suite" title="driver.Driver" class="method navigator-link" hash-for-method="executeTestcase(org.testng.TestRunner@21ca139c)">executeTestcase(org.testng.TestRunner@21ca139c)</a> <!-- method navigator-link -->
                      </span>
                      <br/>
                      <span>
                        <img src="skipped.png" width="3%"/>
                        <a href="#" panel-name="suite-Suite" title="driver.Driver" class="method navigator-link" hash-for-method="executeTestcase(org.testng.TestRunner@21ca139c)">executeTestcase(org.testng.TestRunner@21ca139c)</a> <!-- method navigator-link -->
                      </span>
                      <br/>
                      <span>
                        <img src="skipped.png" width="3%"/>
                        <a href="#" panel-name="suite-Suite" title="driver.Driver" class="method navigator-link" hash-for-method="executeTestcase(org.testng.TestRunner@21ca139c)">executeTestcase(org.testng.TestRunner@21ca139c)</a> <!-- method navigator-link -->
                      </span>
                      <br/>
                      <span>
                        <img src="skipped.png" width="3%"/>
                        <a href="#" panel-name="suite-Suite" title="driver.Driver" class="method navigator-link" hash-for-method="executeTestcase(org.testng.TestRunner@21ca139c)">executeTestcase(org.testng.TestRunner@21ca139c)</a> <!-- method navigator-link -->
                      </span>
                      <br/>
                      <span>
                        <img src="skipped.png" width="3%"/>
                        <a href="#" panel-name="suite-Suite" title="driver.Driver" class="method navigator-link" hash-for-method="executeTestcase(org.testng.TestRunner@21ca139c)">executeTestcase(org.testng.TestRunner@21ca139c)</a> <!-- method navigator-link -->
                      </span>
                      <br/>
                      <span>
                        <img src="skipped.png" width="3%"/>
                        <a href="#" panel-name="suite-Suite" title="driver.Driver" class="method navigator-link" hash-for-method="executeTestcase(org.testng.TestRunner@21ca139c)">executeTestcase(org.testng.TestRunner@21ca139c)</a> <!-- method navigator-link -->
                      </span>
                      <br/>
                      <span>
                        <img src="skipped.png" width="3%"/>
                        <a href="#" panel-name="suite-Suite" title="driver.Driver" class="method navigator-link" hash-for-method="executeTestcase(org.testng.TestRunner@21ca139c)">executeTestcase(org.testng.TestRunner@21ca139c)</a> <!-- method navigator-link -->
                      </span>
                      <br/>
                      <span>
                        <img src="skipped.png" width="3%"/>
                        <a href="#" panel-name="suite-Suite" title="driver.Driver" class="method navigator-link" hash-for-method="executeTestcase(org.testng.TestRunner@21ca139c)">executeTestcase(org.testng.TestRunner@21ca139c)</a> <!-- method navigator-link -->
                      </span>
                      <br/>
                      <span>
                        <img src="skipped.png" width="3%"/>
                        <a href="#" panel-name="suite-Suite" title="driver.Driver" class="method navigator-link" hash-for-method="executeTestcase(org.testng.TestRunner@21ca139c)">executeTestcase(org.testng.TestRunner@21ca139c)</a> <!-- method navigator-link -->
                      </span>
                      <br/>
                      <span>
                        <img src="skipped.png" width="3%"/>
                        <a href="#" panel-name="suite-Suite" title="driver.Driver" class="method navigator-link" hash-for-method="executeTestcase(org.testng.TestRunner@21ca139c)">executeTestcase(org.testng.TestRunner@21ca139c)</a> <!-- method navigator-link -->
                      </span>
                      <br/>
                    </div> <!-- method-list-content skipped suite-Suite -->
                  </li>
                  <li>
                    <span class="method-list-title passed">Passed methods</span>
                    <span class="show-or-hide-methods passed">
                      <a href="#" panel-name="suite-Suite" class="hide-methods passed suite-Suite"> (hide)</a> <!-- hide-methods passed suite-Suite -->
                      <a href="#" panel-name="suite-Suite" class="show-methods passed suite-Suite"> (show)</a> <!-- show-methods passed suite-Suite -->
                    </span>
                    <div class="method-list-content passed suite-Suite">
                      <span>
                        <img src="passed.png" width="3%"/>
                        <a href="#" panel-name="suite-Suite" title="driver.Driver" class="method navigator-link" hash-for-method="executeTestcase(org.testng.TestRunner@21ca139c)">executeTestcase(org.testng.TestRunner@21ca139c)</a> <!-- method navigator-link -->
                      </span>
                      <br/>
                      <span>
                        <img src="passed.png" width="3%"/>
                        <a href="#" panel-name="suite-Suite" title="driver.Driver" class="method navigator-link" hash-for-method="executeTestcase(org.testng.TestRunner@21ca139c)">executeTestcase(org.testng.TestRunner@21ca139c)</a> <!-- method navigator-link -->
                      </span>
                      <br/>
                      <span>
                        <img src="passed.png" width="3%"/>
                        <a href="#" panel-name="suite-Suite" title="driver.Driver" class="method navigator-link" hash-for-method="executeTestcase(org.testng.TestRunner@21ca139c)">executeTestcase(org.testng.TestRunner@21ca139c)</a> <!-- method navigator-link -->
                      </span>
                      <br/>
                      <span>
                        <img src="passed.png" width="3%"/>
                        <a href="#" panel-name="suite-Suite" title="driver.Driver" class="method navigator-link" hash-for-method="executeTestcase(org.testng.TestRunner@21ca139c)">executeTestcase(org.testng.TestRunner@21ca139c)</a> <!-- method navigator-link -->
                      </span>
                      <br/>
                      <span>
                        <img src="passed.png" width="3%"/>
                        <a href="#" panel-name="suite-Suite" title="driver.Driver" class="method navigator-link" hash-for-method="executeTestcase(org.testng.TestRunner@21ca139c)">executeTestcase(org.testng.TestRunner@21ca139c)</a> <!-- method navigator-link -->
                      </span>
                      <br/>
                      <span>
                        <img src="passed.png" width="3%"/>
                        <a href="#" panel-name="suite-Suite" title="driver.Driver" class="method navigator-link" hash-for-method="executeTestcase(org.testng.TestRunner@21ca139c)">executeTestcase(org.testng.TestRunner@21ca139c)</a> <!-- method navigator-link -->
                      </span>
                      <br/>
                      <span>
                        <img src="passed.png" width="3%"/>
                        <a href="#" panel-name="suite-Suite" title="driver.Driver" class="method navigator-link" hash-for-method="executeTestcase(org.testng.TestRunner@21ca139c)">executeTestcase(org.testng.TestRunner@21ca139c)</a> <!-- method navigator-link -->
                      </span>
                      <br/>
                      <span>
                        <img src="passed.png" width="3%"/>
                        <a href="#" panel-name="suite-Suite" title="driver.Driver" class="method navigator-link" hash-for-method="executeTestcase(org.testng.TestRunner@21ca139c)">executeTestcase(org.testng.TestRunner@21ca139c)</a> <!-- method navigator-link -->
                      </span>
                      <br/>
                      <span>
                        <img src="passed.png" width="3%"/>
                        <a href="#" panel-name="suite-Suite" title="driver.Driver" class="method navigator-link" hash-for-method="executeTestcase(org.testng.TestRunner@21ca139c)">executeTestcase(org.testng.TestRunner@21ca139c)</a> <!-- method navigator-link -->
                      </span>
                      <br/>
                      <span>
                        <img src="passed.png" width="3%"/>
                        <a href="#" panel-name="suite-Suite" title="driver.Driver" class="method navigator-link" hash-for-method="executeTestcase(org.testng.TestRunner@21ca139c)">executeTestcase(org.testng.TestRunner@21ca139c)</a> <!-- method navigator-link -->
                      </span>
                      <br/>
                      <span>
                        <img src="passed.png" width="3%"/>
                        <a href="#" panel-name="suite-Suite" title="driver.Driver" class="method navigator-link" hash-for-method="executeTestcase(org.testng.TestRunner@21ca139c)">executeTestcase(org.testng.TestRunner@21ca139c)</a> <!-- method navigator-link -->
                      </span>
                      <br/>
                      <span>
                        <img src="passed.png" width="3%"/>
                        <a href="#" panel-name="suite-Suite" title="driver.Driver" class="method navigator-link" hash-for-method="executeTestcase(org.testng.TestRunner@21ca139c)">executeTestcase(org.testng.TestRunner@21ca139c)</a> <!-- method navigator-link -->
                      </span>
                      <br/>
                      <span>
                        <img src="passed.png" width="3%"/>
                        <a href="#" panel-name="suite-Suite" title="driver.Driver" class="method navigator-link" hash-for-method="executeTestcase(org.testng.TestRunner@21ca139c)">executeTestcase(org.testng.TestRunner@21ca139c)</a> <!-- method navigator-link -->
                      </span>
                      <br/>
                      <span>
                        <img src="passed.png" width="3%"/>
                        <a href="#" panel-name="suite-Suite" title="driver.Driver" class="method navigator-link" hash-for-method="executeTestcase(org.testng.TestRunner@21ca139c)">executeTestcase(org.testng.TestRunner@21ca139c)</a> <!-- method navigator-link -->
                      </span>
                      <br/>
                    </div> <!-- method-list-content passed suite-Suite -->
                  </li>
                </ul>
              </div> <!-- suite-section-content -->
            </div> <!-- result-section -->
          </div> <!-- navigator-suite-content -->
        </div> <!-- rounded-window -->
      </div> <!-- suite -->
    </div> <!-- navigator-root -->
    <div class="wrapper">
      <div class="main-panel-root">
        <div panel-name="suite-Suite" class="panel Suite">
          <div class="suite-Suite-class-skipped">
            <div class="main-panel-header rounded-window-top">
              <img src="skipped.png"/>
              <span class="class-name">driver.Driver</span>
            </div> <!-- main-panel-header rounded-window-top -->
            <div class="main-panel-content rounded-window-bottom">
              <div class="method">
                <div class="method-content">
                  <a name="executeTestcase(org.testng.TestRunner@21ca139c)">
                  </a> <!-- executeTestcase(org.testng.TestRunner@21ca139c) -->
                  <span class="method-name">executeTestcase</span>
                  <span class="parameters">(org.testng.TestRunner@21ca139c)</span>
                  <div class="stack-trace">org.testng.SkipException: Skipping execution for  :TFS ID_7151:Create new Bill to account - New Member form and Save it as prospect first
	at driver.Driver.executeTestcase(Driver.java:83)
	at java.base/java.util.ArrayList.forEach(ArrayList.java:1541)
... Removed 27 stack frames
</div> <!-- stack-trace -->
                </div> <!-- method-content -->
              </div> <!-- method -->
              <div class="method">
                <div class="method-content">
                  <a name="executeTestcase(org.testng.TestRunner@21ca139c)">
                  </a> <!-- executeTestcase(org.testng.TestRunner@21ca139c) -->
                  <span class="method-name">executeTestcase</span>
                  <span class="parameters">(org.testng.TestRunner@21ca139c)</span>
                  <div class="stack-trace">org.testng.SkipException: Skipping execution for  :TFS ID_7313:Verify Account status is defaulted to Active on a member &amp; member entry form
	at driver.Driver.executeTestcase(Driver.java:83)
	at java.base/java.util.ArrayList.forEach(ArrayList.java:1541)
... Removed 26 stack frames
</div> <!-- stack-trace -->
                </div> <!-- method-content -->
              </div> <!-- method -->
              <div class="method">
                <div class="method-content">
                  <a name="executeTestcase(org.testng.TestRunner@21ca139c)">
                  </a> <!-- executeTestcase(org.testng.TestRunner@21ca139c) -->
                  <span class="method-name">executeTestcase</span>
                  <span class="parameters">(org.testng.TestRunner@21ca139c)</span>
                  <div class="stack-trace">org.testng.SkipException: Skipping execution for  :TFS ID_7138:Create new member - New Member form through sub account and save it as prospect first
	at driver.Driver.executeTestcase(Driver.java:83)
	at java.base/java.util.ArrayList.forEach(ArrayList.java:1541)
... Removed 27 stack frames
</div> <!-- stack-trace -->
                </div> <!-- method-content -->
              </div> <!-- method -->
              <div class="method">
                <div class="method-content">
                  <a name="executeTestcase(org.testng.TestRunner@21ca139c)">
                  </a> <!-- executeTestcase(org.testng.TestRunner@21ca139c) -->
                  <span class="method-name">executeTestcase</span>
                  <span class="parameters">(org.testng.TestRunner@21ca139c)</span>
                  <div class="stack-trace">org.testng.SkipException: Skipping execution for  :TFS ID_ 7137:Create new member - New Member form and Save it as prospect first
	at driver.Driver.executeTestcase(Driver.java:83)
	at java.base/java.util.ArrayList.forEach(ArrayList.java:1541)
... Removed 27 stack frames
</div> <!-- stack-trace -->
                </div> <!-- method-content -->
              </div> <!-- method -->
              <div class="method">
                <div class="method-content">
                  <a name="executeTestcase(org.testng.TestRunner@21ca139c)">
                  </a> <!-- executeTestcase(org.testng.TestRunner@21ca139c) -->
                  <span class="method-name">executeTestcase</span>
                  <span class="parameters">(org.testng.TestRunner@21ca139c)</span>
                  <div class="stack-trace">org.testng.SkipException: Skipping execution for  :TFS ID_7312: Add and update Primary contact to a Member account
	at driver.Driver.executeTestcase(Driver.java:83)
	at java.base/java.util.ArrayList.forEach(ArrayList.java:1541)
... Removed 26 stack frames
</div> <!-- stack-trace -->
                </div> <!-- method-content -->
              </div> <!-- method -->
              <div class="method">
                <div class="method-content">
                  <a name="executeTestcase(org.testng.TestRunner@21ca139c)">
                  </a> <!-- executeTestcase(org.testng.TestRunner@21ca139c) -->
                  <span class="method-name">executeTestcase</span>
                  <span class="parameters">(org.testng.TestRunner@21ca139c)</span>
                  <div class="stack-trace">org.testng.SkipException: Skipping execution for  :TFS ID_ 7423:Create New Membership Provider with type &quot;SOAR&quot;
	at driver.Driver.executeTestcase(Driver.java:83)
	at java.base/java.util.ArrayList.forEach(ArrayList.java:1541)
... Removed 26 stack frames
</div> <!-- stack-trace -->
                </div> <!-- method-content -->
              </div> <!-- method -->
              <div class="method">
                <div class="method-content">
                  <a name="executeTestcase(org.testng.TestRunner@21ca139c)">
                  </a> <!-- executeTestcase(org.testng.TestRunner@21ca139c) -->
                  <span class="method-name">executeTestcase</span>
                  <span class="parameters">(org.testng.TestRunner@21ca139c)</span>
                  <div class="stack-trace">org.testng.SkipException: Skipping execution for  :TFS ID_ 7155 :Publish an existing supplier using Supplier  Supervisor Login
	at driver.Driver.executeTestcase(Driver.java:83)
	at java.base/java.util.ArrayList.forEach(ArrayList.java:1541)
... Removed 26 stack frames
</div> <!-- stack-trace -->
                </div> <!-- method-content -->
              </div> <!-- method -->
              <div class="method">
                <div class="method-content">
                  <a name="executeTestcase(org.testng.TestRunner@21ca139c)">
                  </a> <!-- executeTestcase(org.testng.TestRunner@21ca139c) -->
                  <span class="method-name">executeTestcase</span>
                  <span class="parameters">(org.testng.TestRunner@21ca139c)</span>
                  <div class="stack-trace">org.testng.SkipException: Skipping execution for  :TFS ID_ 5137:Restrict when user enters blank communication record in Contact account associations
	at driver.Driver.executeTestcase(Driver.java:83)
	at java.base/java.util.ArrayList.forEach(ArrayList.java:1541)
... Removed 26 stack frames
</div> <!-- stack-trace -->
                </div> <!-- method-content -->
              </div> <!-- method -->
              <div class="method">
                <div class="method-content">
                  <a name="executeTestcase(org.testng.TestRunner@21ca139c)">
                  </a> <!-- executeTestcase(org.testng.TestRunner@21ca139c) -->
                  <span class="method-name">executeTestcase</span>
                  <span class="parameters">(org.testng.TestRunner@21ca139c)</span>
                  <div class="stack-trace">org.testng.SkipException: Skipping execution for  :TFS ID_ 4547:Verify if primary account of a contact has been changed then other associated Contact account association should not get end dated/terminated
	at driver.Driver.executeTestcase(Driver.java:83)
	at java.base/java.util.ArrayList.forEach(ArrayList.java:1541)
... Removed 26 stack frames
</div> <!-- stack-trace -->
                </div> <!-- method-content -->
              </div> <!-- method -->
              <div class="method">
                <div class="method-content">
                  <a name="executeTestcase(org.testng.TestRunner@21ca139c)">
                  </a> <!-- executeTestcase(org.testng.TestRunner@21ca139c) -->
                  <span class="method-name">executeTestcase</span>
                  <span class="parameters">(org.testng.TestRunner@21ca139c)</span>
                  <div class="stack-trace">org.testng.SkipException: Skipping execution for  :TFS ID_7146:Create new Shipto account - New Member form and Save it as prospect first
	at driver.Driver.executeTestcase(Driver.java:83)
	at java.base/java.util.ArrayList.forEach(ArrayList.java:1541)
... Removed 27 stack frames
</div> <!-- stack-trace -->
                </div> <!-- method-content -->
              </div> <!-- method -->
              <div class="method">
                <div class="method-content">
                  <a name="executeTestcase(org.testng.TestRunner@21ca139c)">
                  </a> <!-- executeTestcase(org.testng.TestRunner@21ca139c) -->
                  <span class="method-name">executeTestcase</span>
                  <span class="parameters">(org.testng.TestRunner@21ca139c)</span>
                  <div class="stack-trace">org.testng.SkipException: Skipping execution for  :TFS ID_ 7420:Create New Membership Provider with type &quot;Program&quot;
	at driver.Driver.executeTestcase(Driver.java:83)
	at java.base/java.util.ArrayList.forEach(ArrayList.java:1541)
... Removed 26 stack frames
</div> <!-- stack-trace -->
                </div> <!-- method-content -->
              </div> <!-- method -->
              <div class="method">
                <div class="method-content">
                  <a name="executeTestcase(org.testng.TestRunner@21ca139c)">
                  </a> <!-- executeTestcase(org.testng.TestRunner@21ca139c) -->
                  <span class="method-name">executeTestcase</span>
                  <span class="parameters">(org.testng.TestRunner@21ca139c)</span>
                  <div class="stack-trace">org.testng.SkipException: Skipping execution for  :TFS ID_7149:Create new Shipto account for conversion scenario - New Member form and Save it as member first
	at driver.Driver.executeTestcase(Driver.java:83)
	at java.base/java.util.ArrayList.forEach(ArrayList.java:1541)
... Removed 27 stack frames
</div> <!-- stack-trace -->
                </div> <!-- method-content -->
              </div> <!-- method -->
              <div class="method">
                <div class="method-content">
                  <a name="executeTestcase(org.testng.TestRunner@21ca139c)">
                  </a> <!-- executeTestcase(org.testng.TestRunner@21ca139c) -->
                  <span class="method-name">executeTestcase</span>
                  <span class="parameters">(org.testng.TestRunner@21ca139c)</span>
                  <div class="stack-trace">org.testng.SkipException: Skipping execution for  :TFS ID_7144:Create new Top Parent member - New Member form and Save it as Member first
	at driver.Driver.executeTestcase(Driver.java:83)
	at java.base/java.util.ArrayList.forEach(ArrayList.java:1541)
... Removed 27 stack frames
</div> <!-- stack-trace -->
                </div> <!-- method-content -->
              </div> <!-- method -->
              <div class="method">
                <div class="method-content">
                  <a name="executeTestcase(org.testng.TestRunner@21ca139c)">
                  </a> <!-- executeTestcase(org.testng.TestRunner@21ca139c) -->
                  <span class="method-name">executeTestcase</span>
                  <span class="parameters">(org.testng.TestRunner@21ca139c)</span>
                  <div class="stack-trace">org.testng.SkipException: Skipping execution for  :TFS ID_ 7157:Modify Address in an existing Supplier Account as a Supplier Supervisor and Verify Record Change Status
	at driver.Driver.executeTestcase(Driver.java:83)
	at java.base/java.util.ArrayList.forEach(ArrayList.java:1541)
... Removed 26 stack frames
</div> <!-- stack-trace -->
                </div> <!-- method-content -->
              </div> <!-- method -->
              <div class="method">
                <div class="method-content">
                  <a name="executeTestcase(org.testng.TestRunner@21ca139c)">
                  </a> <!-- executeTestcase(org.testng.TestRunner@21ca139c) -->
                  <span class="method-name">executeTestcase</span>
                  <span class="parameters">(org.testng.TestRunner@21ca139c)</span>
                  <div class="stack-trace">org.testng.SkipException: Skipping execution for  :TFS ID_ 6576:Verify Duplicate detection rule applies when Communication or Publication entered twice by the user
	at driver.Driver.executeTestcase(Driver.java:83)
	at java.base/java.util.ArrayList.forEach(ArrayList.java:1541)
... Removed 26 stack frames
</div> <!-- stack-trace -->
                </div> <!-- method-content -->
              </div> <!-- method -->
              <div class="method">
                <div class="method-content">
                  <a name="executeTestcase(org.testng.TestRunner@21ca139c)">
                  </a> <!-- executeTestcase(org.testng.TestRunner@21ca139c) -->
                  <span class="method-name">executeTestcase</span>
                  <span class="parameters">(org.testng.TestRunner@21ca139c)</span>
                  <div class="stack-trace">org.testng.SkipException: Skipping execution for  :TFS ID_ 7491:Create New Business Partner account using member supervisor
	at driver.Driver.executeTestcase(Driver.java:83)
	at java.base/java.util.ArrayList.forEach(ArrayList.java:1541)
... Removed 26 stack frames
</div> <!-- stack-trace -->
                </div> <!-- method-content -->
              </div> <!-- method -->
              <div class="method">
                <div class="method-content">
                  <a name="executeTestcase(org.testng.TestRunner@21ca139c)">
                  </a> <!-- executeTestcase(org.testng.TestRunner@21ca139c) -->
                  <span class="method-name">executeTestcase</span>
                  <span class="parameters">(org.testng.TestRunner@21ca139c)</span>
                  <div class="stack-trace">org.testng.SkipException: Skipping execution for  :TFS ID_ 5911: Add a primary contact to a supplier
	at driver.Driver.executeTestcase(Driver.java:83)
	at java.base/java.util.ArrayList.forEach(ArrayList.java:1541)
... Removed 26 stack frames
</div> <!-- stack-trace -->
                </div> <!-- method-content -->
              </div> <!-- method -->
              <div class="method">
                <div class="method-content">
                  <a name="executeTestcase(org.testng.TestRunner@21ca139c)">
                  </a> <!-- executeTestcase(org.testng.TestRunner@21ca139c) -->
                  <span class="method-name">executeTestcase</span>
                  <span class="parameters">(org.testng.TestRunner@21ca139c)</span>
                  <div class="stack-trace">org.testng.SkipException: Skipping execution for  :TFS ID_ 5136:Restrict when user enters blank job function in Contact account associations
	at driver.Driver.executeTestcase(Driver.java:83)
	at java.base/java.util.ArrayList.forEach(ArrayList.java:1541)
... Removed 26 stack frames
</div> <!-- stack-trace -->
                </div> <!-- method-content -->
              </div> <!-- method -->
              <div class="method">
                <div class="method-content">
                  <a name="executeTestcase(org.testng.TestRunner@21ca139c)">
                  </a> <!-- executeTestcase(org.testng.TestRunner@21ca139c) -->
                  <span class="method-name">executeTestcase</span>
                  <span class="parameters">(org.testng.TestRunner@21ca139c)</span>
                  <div class="stack-trace">org.testng.SkipException: Skipping execution for  :TFS ID_ 1136: Validate deactivating a contact result in updating the contact end date and inactivating the contact account association records
	at driver.Driver.executeTestcase(Driver.java:83)
	at java.base/java.util.ArrayList.forEach(ArrayList.java:1541)
... Removed 26 stack frames
</div> <!-- stack-trace -->
                </div> <!-- method-content -->
              </div> <!-- method -->
              <div class="method">
                <div class="method-content">
                  <a name="executeTestcase(org.testng.TestRunner@21ca139c)">
                  </a> <!-- executeTestcase(org.testng.TestRunner@21ca139c) -->
                  <span class="method-name">executeTestcase</span>
                  <span class="parameters">(org.testng.TestRunner@21ca139c)</span>
                  <div class="stack-trace">org.testng.SkipException: Skipping execution for  :TFS ID_ 7158:Modify Address in an existing Supplier Account as a Supplier and Verify Record Change Status
	at driver.Driver.executeTestcase(Driver.java:83)
	at java.base/java.util.ArrayList.forEach(ArrayList.java:1541)
... Removed 26 stack frames
</div> <!-- stack-trace -->
                </div> <!-- method-content -->
              </div> <!-- method -->
              <div class="method">
                <div class="method-content">
                  <a name="executeTestcase(org.testng.TestRunner@21ca139c)">
                  </a> <!-- executeTestcase(org.testng.TestRunner@21ca139c) -->
                  <span class="method-name">executeTestcase</span>
                  <span class="parameters">(org.testng.TestRunner@21ca139c)</span>
                  <div class="stack-trace">org.testng.SkipException: Skipping execution for  :TFS ID_7152: Create new Mail to account - New Member form and Save it as prospect first
	at driver.Driver.executeTestcase(Driver.java:83)
	at java.base/java.util.ArrayList.forEach(ArrayList.java:1541)
... Removed 27 stack frames
</div> <!-- stack-trace -->
                </div> <!-- method-content -->
              </div> <!-- method -->
              <div class="method">
                <div class="method-content">
                  <a name="executeTestcase(org.testng.TestRunner@21ca139c)">
                  </a> <!-- executeTestcase(org.testng.TestRunner@21ca139c) -->
                  <span class="method-name">executeTestcase</span>
                  <span class="parameters">(org.testng.TestRunner@21ca139c)</span>
                  <div class="stack-trace">org.testng.SkipException: Skipping execution for  :TFS ID_7147:Create new Shipto account - New Member form through sub account and save it as prospect first
	at driver.Driver.executeTestcase(Driver.java:83)
	at java.base/java.util.ArrayList.forEach(ArrayList.java:1541)
... Removed 27 stack frames
</div> <!-- stack-trace -->
                </div> <!-- method-content -->
              </div> <!-- method -->
              <div class="method">
                <div class="method-content">
                  <a name="executeTestcase(org.testng.TestRunner@21ca139c)">
                  </a> <!-- executeTestcase(org.testng.TestRunner@21ca139c) -->
                  <span class="method-name">executeTestcase</span>
                  <span class="parameters">(org.testng.TestRunner@21ca139c)</span>
                  <div class="stack-trace">org.testng.SkipException: Skipping execution for  :TFS ID_7142: Create new member - New Member entry form and Save it as member first
	at driver.Driver.executeTestcase(Driver.java:83)
	at java.base/java.util.ArrayList.forEach(ArrayList.java:1541)
... Removed 27 stack frames
</div> <!-- stack-trace -->
                </div> <!-- method-content -->
              </div> <!-- method -->
              <div class="method">
                <div class="method-content">
                  <a name="executeTestcase(org.testng.TestRunner@21ca139c)">
                  </a> <!-- executeTestcase(org.testng.TestRunner@21ca139c) -->
                  <span class="method-name">executeTestcase</span>
                  <span class="parameters">(org.testng.TestRunner@21ca139c)</span>
                  <div class="stack-trace">org.testng.SkipException: Skipping execution for  :TFS ID_ 5757: Supplier account can not be inactive
	at driver.Driver.executeTestcase(Driver.java:83)
	at java.base/java.util.ArrayList.forEach(ArrayList.java:1541)
... Removed 26 stack frames
</div> <!-- stack-trace -->
                </div> <!-- method-content -->
              </div> <!-- method -->
              <div class="method">
                <div class="method-content">
                  <a name="executeTestcase(org.testng.TestRunner@21ca139c)">
                  </a> <!-- executeTestcase(org.testng.TestRunner@21ca139c) -->
                  <span class="method-name">executeTestcase</span>
                  <span class="parameters">(org.testng.TestRunner@21ca139c)</span>
                  <div class="stack-trace">org.testng.SkipException: Skipping execution for  :TFS ID_7139:Create new member - New Member entry form through sub account and save it as prospect first
	at driver.Driver.executeTestcase(Driver.java:83)
	at java.base/java.util.ArrayList.forEach(ArrayList.java:1541)
... Removed 27 stack frames
</div> <!-- stack-trace -->
                </div> <!-- method-content -->
              </div> <!-- method -->
              <div class="method">
                <div class="method-content">
                  <a name="executeTestcase(org.testng.TestRunner@21ca139c)">
                  </a> <!-- executeTestcase(org.testng.TestRunner@21ca139c) -->
                  <span class="method-name">executeTestcase</span>
                  <span class="parameters">(org.testng.TestRunner@21ca139c)</span>
                  <div class="stack-trace">org.testng.SkipException: Skipping execution for  :TFS ID_ 7421:Create New Membership Provider with type &quot;DSH&quot;
	at driver.Driver.executeTestcase(Driver.java:83)
	at java.base/java.util.ArrayList.forEach(ArrayList.java:1541)
... Removed 26 stack frames
</div> <!-- stack-trace -->
                </div> <!-- method-content -->
              </div> <!-- method -->
              <div class="method">
                <div class="method-content">
                  <a name="executeTestcase(org.testng.TestRunner@21ca139c)">
                  </a> <!-- executeTestcase(org.testng.TestRunner@21ca139c) -->
                  <span class="method-name">executeTestcase</span>
                  <span class="parameters">(org.testng.TestRunner@21ca139c)</span>
                  <div class="stack-trace">org.testng.SkipException: Skipping execution for  :TFS ID_7148:Create new Shipto account - New Member entry form and Save it as prospect first
	at driver.Driver.executeTestcase(Driver.java:83)
	at java.base/java.util.ArrayList.forEach(ArrayList.java:1541)
... Removed 27 stack frames
</div> <!-- stack-trace -->
                </div> <!-- method-content -->
              </div> <!-- method -->
              <div class="method">
                <div class="method-content">
                  <a name="executeTestcase(org.testng.TestRunner@21ca139c)">
                  </a> <!-- executeTestcase(org.testng.TestRunner@21ca139c) -->
                  <span class="method-name">executeTestcase</span>
                  <span class="parameters">(org.testng.TestRunner@21ca139c)</span>
                  <div class="stack-trace">org.testng.SkipException: Skipping execution for  :TFS ID_ 4548: Verify if duplicate contact account association cannot be created for any contact
	at driver.Driver.executeTestcase(Driver.java:83)
	at java.base/java.util.ArrayList.forEach(ArrayList.java:1541)
... Removed 26 stack frames
</div> <!-- stack-trace -->
                </div> <!-- method-content -->
              </div> <!-- method -->
              <div class="method">
                <div class="method-content">
                  <a name="executeTestcase(org.testng.TestRunner@21ca139c)">
                  </a> <!-- executeTestcase(org.testng.TestRunner@21ca139c) -->
                  <span class="method-name">executeTestcase</span>
                  <span class="parameters">(org.testng.TestRunner@21ca139c)</span>
                  <div class="stack-trace">org.testng.SkipException: Skipping execution for  :TFS ID_ 7160 :Create a supplier -Ship To Location Type -Save and Publish Supplier Supervisor Login
	at driver.Driver.executeTestcase(Driver.java:83)
	at java.base/java.util.ArrayList.forEach(ArrayList.java:1541)
... Removed 26 stack frames
</div> <!-- stack-trace -->
                </div> <!-- method-content -->
              </div> <!-- method -->
              <div class="method">
                <div class="method-content">
                  <a name="executeTestcase(org.testng.TestRunner@21ca139c)">
                  </a> <!-- executeTestcase(org.testng.TestRunner@21ca139c) -->
                  <span class="method-name">executeTestcase</span>
                  <span class="parameters">(org.testng.TestRunner@21ca139c)</span>
                  <div class="stack-trace">org.testng.SkipException: Skipping execution for  :TFS ID_ 1141 : Validate Business Key
	at driver.Driver.executeTestcase(Driver.java:83)
	at java.base/java.util.ArrayList.forEach(ArrayList.java:1541)
... Removed 27 stack frames
</div> <!-- stack-trace -->
                </div> <!-- method-content -->
              </div> <!-- method -->
              <div class="method">
                <div class="method-content">
                  <a name="executeTestcase(org.testng.TestRunner@21ca139c)">
                  </a> <!-- executeTestcase(org.testng.TestRunner@21ca139c) -->
                  <span class="method-name">executeTestcase</span>
                  <span class="parameters">(org.testng.TestRunner@21ca139c)</span>
                  <div class="stack-trace">org.testng.SkipException: Skipping execution for  :TFS ID_ 1111:Create Member with all available fields
	at driver.Driver.executeTestcase(Driver.java:83)
	at java.base/java.util.ArrayList.forEach(ArrayList.java:1541)
... Removed 26 stack frames
</div> <!-- stack-trace -->
                </div> <!-- method-content -->
              </div> <!-- method -->
              <div class="method">
                <div class="method-content">
                  <a name="executeTestcase(org.testng.TestRunner@21ca139c)">
                  </a> <!-- executeTestcase(org.testng.TestRunner@21ca139c) -->
                  <span class="method-name">executeTestcase</span>
                  <span class="parameters">(org.testng.TestRunner@21ca139c)</span>
                  <div class="stack-trace">org.testng.SkipException: Skipping execution for  :TFS ID_7140: Create new member - New Member entry form and Save it as prospect first
	at driver.Driver.executeTestcase(Driver.java:83)
	at java.base/java.util.ArrayList.forEach(ArrayList.java:1541)
... Removed 27 stack frames
</div> <!-- stack-trace -->
                </div> <!-- method-content -->
              </div> <!-- method -->
              <div class="method">
                <div class="method-content">
                  <a name="executeTestcase(org.testng.TestRunner@21ca139c)">
                  </a> <!-- executeTestcase(org.testng.TestRunner@21ca139c) -->
                  <span class="method-name">executeTestcase</span>
                  <span class="parameters">(org.testng.TestRunner@21ca139c)</span>
                  <div class="stack-trace">org.testng.SkipException: Skipping execution for  :TFS ID_ 8218:Verify reactivating a terminated member
	at driver.Driver.executeTestcase(Driver.java:83)
	at java.base/java.util.ArrayList.forEach(ArrayList.java:1541)
... Removed 26 stack frames
</div> <!-- stack-trace -->
                </div> <!-- method-content -->
              </div> <!-- method -->
              <div class="method">
                <div class="method-content">
                  <a name="executeTestcase(org.testng.TestRunner@21ca139c)">
                  </a> <!-- executeTestcase(org.testng.TestRunner@21ca139c) -->
                  <span class="method-name">executeTestcase</span>
                  <span class="parameters">(org.testng.TestRunner@21ca139c)</span>
                  <div class="stack-trace">org.testng.SkipException: Skipping execution for  :TFS ID_ 7473:Change Account status to inactive for a Membership Provider with type &quot;SOAR&quot;
	at driver.Driver.executeTestcase(Driver.java:83)
	at java.base/java.util.ArrayList.forEach(ArrayList.java:1541)
... Removed 26 stack frames
</div> <!-- stack-trace -->
                </div> <!-- method-content -->
              </div> <!-- method -->
              <div class="method">
                <div class="method-content">
                  <a name="executeTestcase(org.testng.TestRunner@21ca139c)">
                  </a> <!-- executeTestcase(org.testng.TestRunner@21ca139c) -->
                  <span class="method-name">executeTestcase</span>
                  <span class="parameters">(org.testng.TestRunner@21ca139c)</span>
                  <div class="stack-trace">org.testng.SkipException: Skipping execution for  :TFS ID_ 7422:Create New Membership Provider with type &quot;Aggregation Affiliation&quot;
	at driver.Driver.executeTestcase(Driver.java:83)
	at java.base/java.util.ArrayList.forEach(ArrayList.java:1541)
... Removed 26 stack frames
</div> <!-- stack-trace -->
                </div> <!-- method-content -->
              </div> <!-- method -->
              <div class="method">
                <div class="method-content">
                  <a name="executeTestcase(org.testng.TestRunner@21ca139c)">
                  </a> <!-- executeTestcase(org.testng.TestRunner@21ca139c) -->
                  <span class="method-name">executeTestcase</span>
                  <span class="parameters">(org.testng.TestRunner@21ca139c)</span>
                  <div class="stack-trace">org.testng.SkipException: Skipping execution for  :TFS ID_ 7474:Change Account status to Terminated for a Membership Provider with type &quot;Aggregation Affiliation&quot;
	at driver.Driver.executeTestcase(Driver.java:83)
	at java.base/java.util.ArrayList.forEach(ArrayList.java:1541)
... Removed 26 stack frames
</div> <!-- stack-trace -->
                </div> <!-- method-content -->
              </div> <!-- method -->
              <div class="method">
                <div class="method-content">
                  <a name="executeTestcase(org.testng.TestRunner@21ca139c)">
                  </a> <!-- executeTestcase(org.testng.TestRunner@21ca139c) -->
                  <span class="method-name">executeTestcase</span>
                  <span class="parameters">(org.testng.TestRunner@21ca139c)</span>
                  <div class="stack-trace">org.testng.SkipException: Skipping execution for  :TFS ID_ 7485:Verify on &quot;Update&quot; following fields in Limited Member ,&quot;Record status&quot; should get changed to Need Approval.
	at driver.Driver.executeTestcase(Driver.java:83)
	at java.base/java.util.ArrayList.forEach(ArrayList.java:1541)
... Removed 26 stack frames
</div> <!-- stack-trace -->
                </div> <!-- method-content -->
              </div> <!-- method -->
              <div class="method">
                <div class="method-content">
                  <a name="executeTestcase(org.testng.TestRunner@21ca139c)">
                  </a> <!-- executeTestcase(org.testng.TestRunner@21ca139c) -->
                  <span class="method-name">executeTestcase</span>
                  <span class="parameters">(org.testng.TestRunner@21ca139c)</span>
                  <div class="stack-trace">org.testng.SkipException: Skipping execution for  :TFS ID_ 7153: Create a supplier Top Parent- Save using Supplier Login and but not able to Publish
	at driver.Driver.executeTestcase(Driver.java:83)
	at java.base/java.util.ArrayList.forEach(ArrayList.java:1541)
... Removed 26 stack frames
</div> <!-- stack-trace -->
                </div> <!-- method-content -->
              </div> <!-- method -->
            </div> <!-- main-panel-content rounded-window-bottom -->
          </div> <!-- suite-Suite-class-skipped -->
          <div class="suite-Suite-class-passed">
            <div class="main-panel-header rounded-window-top">
              <img src="passed.png"/>
              <span class="class-name">driver.Driver</span>
            </div> <!-- main-panel-header rounded-window-top -->
            <div class="main-panel-content rounded-window-bottom">
              <div class="method">
                <div class="method-content">
                  <a name="executeTestcase(org.testng.TestRunner@21ca139c)">
                  </a> <!-- executeTestcase(org.testng.TestRunner@21ca139c) -->
                  <span class="method-name">executeTestcase</span>
                  <span class="parameters">(org.testng.TestRunner@21ca139c)</span>
                </div> <!-- method-content -->
              </div> <!-- method -->
              <div class="method">
                <div class="method-content">
                  <a name="executeTestcase(org.testng.TestRunner@21ca139c)">
                  </a> <!-- executeTestcase(org.testng.TestRunner@21ca139c) -->
                  <span class="method-name">executeTestcase</span>
                  <span class="parameters">(org.testng.TestRunner@21ca139c)</span>
                </div> <!-- method-content -->
              </div> <!-- method -->
              <div class="method">
                <div class="method-content">
                  <a name="executeTestcase(org.testng.TestRunner@21ca139c)">
                  </a> <!-- executeTestcase(org.testng.TestRunner@21ca139c) -->
                  <span class="method-name">executeTestcase</span>
                  <span class="parameters">(org.testng.TestRunner@21ca139c)</span>
                </div> <!-- method-content -->
              </div> <!-- method -->
              <div class="method">
                <div class="method-content">
                  <a name="executeTestcase(org.testng.TestRunner@21ca139c)">
                  </a> <!-- executeTestcase(org.testng.TestRunner@21ca139c) -->
                  <span class="method-name">executeTestcase</span>
                  <span class="parameters">(org.testng.TestRunner@21ca139c)</span>
                </div> <!-- method-content -->
              </div> <!-- method -->
              <div class="method">
                <div class="method-content">
                  <a name="executeTestcase(org.testng.TestRunner@21ca139c)">
                  </a> <!-- executeTestcase(org.testng.TestRunner@21ca139c) -->
                  <span class="method-name">executeTestcase</span>
                  <span class="parameters">(org.testng.TestRunner@21ca139c)</span>
                </div> <!-- method-content -->
              </div> <!-- method -->
              <div class="method">
                <div class="method-content">
                  <a name="executeTestcase(org.testng.TestRunner@21ca139c)">
                  </a> <!-- executeTestcase(org.testng.TestRunner@21ca139c) -->
                  <span class="method-name">executeTestcase</span>
                  <span class="parameters">(org.testng.TestRunner@21ca139c)</span>
                </div> <!-- method-content -->
              </div> <!-- method -->
              <div class="method">
                <div class="method-content">
                  <a name="executeTestcase(org.testng.TestRunner@21ca139c)">
                  </a> <!-- executeTestcase(org.testng.TestRunner@21ca139c) -->
                  <span class="method-name">executeTestcase</span>
                  <span class="parameters">(org.testng.TestRunner@21ca139c)</span>
                </div> <!-- method-content -->
              </div> <!-- method -->
              <div class="method">
                <div class="method-content">
                  <a name="executeTestcase(org.testng.TestRunner@21ca139c)">
                  </a> <!-- executeTestcase(org.testng.TestRunner@21ca139c) -->
                  <span class="method-name">executeTestcase</span>
                  <span class="parameters">(org.testng.TestRunner@21ca139c)</span>
                </div> <!-- method-content -->
              </div> <!-- method -->
              <div class="method">
                <div class="method-content">
                  <a name="executeTestcase(org.testng.TestRunner@21ca139c)">
                  </a> <!-- executeTestcase(org.testng.TestRunner@21ca139c) -->
                  <span class="method-name">executeTestcase</span>
                  <span class="parameters">(org.testng.TestRunner@21ca139c)</span>
                </div> <!-- method-content -->
              </div> <!-- method -->
              <div class="method">
                <div class="method-content">
                  <a name="executeTestcase(org.testng.TestRunner@21ca139c)">
                  </a> <!-- executeTestcase(org.testng.TestRunner@21ca139c) -->
                  <span class="method-name">executeTestcase</span>
                  <span class="parameters">(org.testng.TestRunner@21ca139c)</span>
                </div> <!-- method-content -->
              </div> <!-- method -->
              <div class="method">
                <div class="method-content">
                  <a name="executeTestcase(org.testng.TestRunner@21ca139c)">
                  </a> <!-- executeTestcase(org.testng.TestRunner@21ca139c) -->
                  <span class="method-name">executeTestcase</span>
                  <span class="parameters">(org.testng.TestRunner@21ca139c)</span>
                </div> <!-- method-content -->
              </div> <!-- method -->
              <div class="method">
                <div class="method-content">
                  <a name="executeTestcase(org.testng.TestRunner@21ca139c)">
                  </a> <!-- executeTestcase(org.testng.TestRunner@21ca139c) -->
                  <span class="method-name">executeTestcase</span>
                  <span class="parameters">(org.testng.TestRunner@21ca139c)</span>
                </div> <!-- method-content -->
              </div> <!-- method -->
              <div class="method">
                <div class="method-content">
                  <a name="executeTestcase(org.testng.TestRunner@21ca139c)">
                  </a> <!-- executeTestcase(org.testng.TestRunner@21ca139c) -->
                  <span class="method-name">executeTestcase</span>
                  <span class="parameters">(org.testng.TestRunner@21ca139c)</span>
                </div> <!-- method-content -->
              </div> <!-- method -->
              <div class="method">
                <div class="method-content">
                  <a name="executeTestcase(org.testng.TestRunner@21ca139c)">
                  </a> <!-- executeTestcase(org.testng.TestRunner@21ca139c) -->
                  <span class="method-name">executeTestcase</span>
                  <span class="parameters">(org.testng.TestRunner@21ca139c)</span>
                </div> <!-- method-content -->
              </div> <!-- method -->
            </div> <!-- main-panel-content rounded-window-bottom -->
          </div> <!-- suite-Suite-class-passed -->
        </div> <!-- panel Suite -->
        <div panel-name="test-xml-Suite" class="panel">
          <div class="main-panel-header rounded-window-top">
            <span class="header-content">E:\schandr3\git\Dynamics-CRM-V2.3\TestNG\testng.xml</span>
          </div> <!-- main-panel-header rounded-window-top -->
          <div class="main-panel-content rounded-window-bottom">
            <pre>
&lt;?xml version=&quot;1.0&quot; encoding=&quot;UTF-8&quot;?&gt;
&lt;!DOCTYPE suite SYSTEM &quot;https://testng.org/testng-1.0.dtd&quot;&gt;
&lt;suite name=&quot;Suite&quot; guice-stage=&quot;DEVELOPMENT&quot;&gt;
  &lt;listeners&gt;
    &lt;listener class-name=&quot;events.TestAnnotation&quot;/&gt;
  &lt;/listeners&gt;
  &lt;test thread-count=&quot;5&quot; name=&quot;Results&quot;&gt;
    &lt;classes&gt;
      &lt;class name=&quot;driver.Driver&quot;/&gt;
    &lt;/classes&gt;
  &lt;/test&gt; &lt;!-- Results --&gt;
&lt;/suite&gt; &lt;!-- Suite --&gt;
            </pre>
          </div> <!-- main-panel-content rounded-window-bottom -->
        </div> <!-- panel -->
        <div panel-name="testlist-Suite" class="panel">
          <div class="main-panel-header rounded-window-top">
            <span class="header-content">Tests for Suite</span>
          </div> <!-- main-panel-header rounded-window-top -->
          <div class="main-panel-content rounded-window-bottom">
            <ul>
              <li>
                <span class="test-name">Results (1 class)</span>
              </li>
            </ul>
          </div> <!-- main-panel-content rounded-window-bottom -->
        </div> <!-- panel -->
        <div panel-name="group-Suite" class="panel">
          <div class="main-panel-header rounded-window-top">
            <span class="header-content">Groups for Suite</span>
          </div> <!-- main-panel-header rounded-window-top -->
          <div class="main-panel-content rounded-window-bottom">
          </div> <!-- main-panel-content rounded-window-bottom -->
        </div> <!-- panel -->
        <div panel-name="times-Suite" class="panel">
          <div class="main-panel-header rounded-window-top">
            <span class="header-content">Times for Suite</span>
          </div> <!-- main-panel-header rounded-window-top -->
          <div class="main-panel-content rounded-window-bottom">
            <div class="times-div">
              <script type="text/javascript">
suiteTableInitFunctions.push('tableData_Suite');
function tableData_Suite() {
var data = new google.visualization.DataTable();
data.addColumn('number', 'Number');
data.addColumn('string', 'Method');
data.addColumn('string', 'Class');
data.addColumn('number', 'Time (ms)');
data.addRows(52);
data.setCell(0, 0, 0)
data.setCell(0, 1, 'executeTestcase')
data.setCell(0, 2, 'driver.Driver')
data.setCell(0, 3, 353564);
data.setCell(1, 0, 1)
data.setCell(1, 1, 'executeTestcase')
data.setCell(1, 2, 'driver.Driver')
data.setCell(1, 3, 338381);
data.setCell(2, 0, 2)
data.setCell(2, 1, 'executeTestcase')
data.setCell(2, 2, 'driver.Driver')
data.setCell(2, 3, 297547);
data.setCell(3, 0, 3)
data.setCell(3, 1, 'executeTestcase')
data.setCell(3, 2, 'driver.Driver')
data.setCell(3, 3, 258601);
data.setCell(4, 0, 4)
data.setCell(4, 1, 'executeTestcase')
data.setCell(4, 2, 'driver.Driver')
data.setCell(4, 3, 225459);
data.setCell(5, 0, 5)
data.setCell(5, 1, 'executeTestcase')
data.setCell(5, 2, 'driver.Driver')
data.setCell(5, 3, 218953);
data.setCell(6, 0, 6)
data.setCell(6, 1, 'executeTestcase')
data.setCell(6, 2, 'driver.Driver')
data.setCell(6, 3, 217643);
data.setCell(7, 0, 7)
data.setCell(7, 1, 'executeTestcase')
data.setCell(7, 2, 'driver.Driver')
data.setCell(7, 3, 215564);
data.setCell(8, 0, 8)
data.setCell(8, 1, 'executeTestcase')
data.setCell(8, 2, 'driver.Driver')
data.setCell(8, 3, 158390);
data.setCell(9, 0, 9)
data.setCell(9, 1, 'executeTestcase')
data.setCell(9, 2, 'driver.Driver')
data.setCell(9, 3, 138459);
data.setCell(10, 0, 10)
data.setCell(10, 1, 'executeTestcase')
data.setCell(10, 2, 'driver.Driver')
data.setCell(10, 3, 130291);
data.setCell(11, 0, 11)
data.setCell(11, 1, 'executeTestcase')
data.setCell(11, 2, 'driver.Driver')
data.setCell(11, 3, 66682);
data.setCell(12, 0, 12)
data.setCell(12, 1, 'executeTestcase')
data.setCell(12, 2, 'driver.Driver')
data.setCell(12, 3, 62409);
data.setCell(13, 0, 13)
data.setCell(13, 1, 'executeTestcase')
data.setCell(13, 2, 'driver.Driver')
data.setCell(13, 3, 61757);
data.setCell(14, 0, 14)
data.setCell(14, 1, 'executeTestcase')
data.setCell(14, 2, 'driver.Driver')
data.setCell(14, 3, 18);
data.setCell(15, 0, 15)
data.setCell(15, 1, 'executeTestcase')
data.setCell(15, 2, 'driver.Driver')
data.setCell(15, 3, 16);
data.setCell(16, 0, 16)
data.setCell(16, 1, 'executeTestcase')
data.setCell(16, 2, 'driver.Driver')
data.setCell(16, 3, 5);
data.setCell(17, 0, 17)
data.setCell(17, 1, 'executeTestcase')
data.setCell(17, 2, 'driver.Driver')
data.setCell(17, 3, 5);
data.setCell(18, 0, 18)
data.setCell(18, 1, 'executeTestcase')
data.setCell(18, 2, 'driver.Driver')
data.setCell(18, 3, 5);
data.setCell(19, 0, 19)
data.setCell(19, 1, 'executeTestcase')
data.setCell(19, 2, 'driver.Driver')
data.setCell(19, 3, 4);
data.setCell(20, 0, 20)
data.setCell(20, 1, 'executeTestcase')
data.setCell(20, 2, 'driver.Driver')
data.setCell(20, 3, 4);
data.setCell(21, 0, 21)
data.setCell(21, 1, 'executeTestcase')
data.setCell(21, 2, 'driver.Driver')
data.setCell(21, 3, 4);
data.setCell(22, 0, 22)
data.setCell(22, 1, 'executeTestcase')
data.setCell(22, 2, 'driver.Driver')
data.setCell(22, 3, 4);
data.setCell(23, 0, 23)
data.setCell(23, 1, 'executeTestcase')
data.setCell(23, 2, 'driver.Driver')
data.setCell(23, 3, 4);
data.setCell(24, 0, 24)
data.setCell(24, 1, 'executeTestcase')
data.setCell(24, 2, 'driver.Driver')
data.setCell(24, 3, 3);
data.setCell(25, 0, 25)
data.setCell(25, 1, 'executeTestcase')
data.setCell(25, 2, 'driver.Driver')
data.setCell(25, 3, 3);
data.setCell(26, 0, 26)
data.setCell(26, 1, 'executeTestcase')
data.setCell(26, 2, 'driver.Driver')
data.setCell(26, 3, 3);
data.setCell(27, 0, 27)
data.setCell(27, 1, 'executeTestcase')
data.setCell(27, 2, 'driver.Driver')
data.setCell(27, 3, 3);
data.setCell(28, 0, 28)
data.setCell(28, 1, 'executeTestcase')
data.setCell(28, 2, 'driver.Driver')
data.setCell(28, 3, 3);
data.setCell(29, 0, 29)
data.setCell(29, 1, 'executeTestcase')
data.setCell(29, 2, 'driver.Driver')
data.setCell(29, 3, 3);
data.setCell(30, 0, 30)
data.setCell(30, 1, 'executeTestcase')
data.setCell(30, 2, 'driver.Driver')
data.setCell(30, 3, 3);
data.setCell(31, 0, 31)
data.setCell(31, 1, 'executeTestcase')
data.setCell(31, 2, 'driver.Driver')
data.setCell(31, 3, 3);
data.setCell(32, 0, 32)
data.setCell(32, 1, 'executeTestcase')
data.setCell(32, 2, 'driver.Driver')
data.setCell(32, 3, 3);
data.setCell(33, 0, 33)
data.setCell(33, 1, 'executeTestcase')
data.setCell(33, 2, 'driver.Driver')
data.setCell(33, 3, 3);
data.setCell(34, 0, 34)
data.setCell(34, 1, 'executeTestcase')
data.setCell(34, 2, 'driver.Driver')
data.setCell(34, 3, 3);
data.setCell(35, 0, 35)
data.setCell(35, 1, 'executeTestcase')
data.setCell(35, 2, 'driver.Driver')
data.setCell(35, 3, 3);
data.setCell(36, 0, 36)
data.setCell(36, 1, 'executeTestcase')
data.setCell(36, 2, 'driver.Driver')
data.setCell(36, 3, 3);
data.setCell(37, 0, 37)
data.setCell(37, 1, 'executeTestcase')
data.setCell(37, 2, 'driver.Driver')
data.setCell(37, 3, 3);
data.setCell(38, 0, 38)
data.setCell(38, 1, 'executeTestcase')
data.setCell(38, 2, 'driver.Driver')
data.setCell(38, 3, 3);
data.setCell(39, 0, 39)
data.setCell(39, 1, 'executeTestcase')
data.setCell(39, 2, 'driver.Driver')
data.setCell(39, 3, 3);
data.setCell(40, 0, 40)
data.setCell(40, 1, 'executeTestcase')
data.setCell(40, 2, 'driver.Driver')
data.setCell(40, 3, 2);
data.setCell(41, 0, 41)
data.setCell(41, 1, 'executeTestcase')
data.setCell(41, 2, 'driver.Driver')
data.setCell(41, 3, 2);
data.setCell(42, 0, 42)
data.setCell(42, 1, 'executeTestcase')
data.setCell(42, 2, 'driver.Driver')
data.setCell(42, 3, 2);
data.setCell(43, 0, 43)
data.setCell(43, 1, 'executeTestcase')
data.setCell(43, 2, 'driver.Driver')
data.setCell(43, 3, 2);
data.setCell(44, 0, 44)
data.setCell(44, 1, 'executeTestcase')
data.setCell(44, 2, 'driver.Driver')
data.setCell(44, 3, 2);
data.setCell(45, 0, 45)
data.setCell(45, 1, 'executeTestcase')
data.setCell(45, 2, 'driver.Driver')
data.setCell(45, 3, 2);
data.setCell(46, 0, 46)
data.setCell(46, 1, 'executeTestcase')
data.setCell(46, 2, 'driver.Driver')
data.setCell(46, 3, 2);
data.setCell(47, 0, 47)
data.setCell(47, 1, 'executeTestcase')
data.setCell(47, 2, 'driver.Driver')
data.setCell(47, 3, 2);
data.setCell(48, 0, 48)
data.setCell(48, 1, 'executeTestcase')
data.setCell(48, 2, 'driver.Driver')
data.setCell(48, 3, 2);
data.setCell(49, 0, 49)
data.setCell(49, 1, 'executeTestcase')
data.setCell(49, 2, 'driver.Driver')
data.setCell(49, 3, 2);
data.setCell(50, 0, 50)
data.setCell(50, 1, 'executeTestcase')
data.setCell(50, 2, 'driver.Driver')
data.setCell(50, 3, 2);
data.setCell(51, 0, 51)
data.setCell(51, 1, 'executeTestcase')
data.setCell(51, 2, 'driver.Driver')
data.setCell(51, 3, 2);
window.suiteTableData['Suite']= { tableData: data, tableDiv: 'times-div-Suite'}
return data;
}
              </script>
              <span class="suite-total-time">Total running time: 45 minutes</span>
              <div id="times-div-Suite">
              </div> <!-- times-div-Suite -->
            </div> <!-- times-div -->
          </div> <!-- main-panel-content rounded-window-bottom -->
        </div> <!-- panel -->
        <div panel-name="reporter-Suite" class="panel">
          <div class="main-panel-header rounded-window-top">
            <span class="header-content">Reporter output for Suite</span>
          </div> <!-- main-panel-header rounded-window-top -->
          <div class="main-panel-content rounded-window-bottom">
          </div> <!-- main-panel-content rounded-window-bottom -->
        </div> <!-- panel -->
        <div panel-name="ignored-methods-Suite" class="panel">
          <div class="main-panel-header rounded-window-top">
            <span class="header-content">0 ignored methods</span>
          </div> <!-- main-panel-header rounded-window-top -->
          <div class="main-panel-content rounded-window-bottom">
          </div> <!-- main-panel-content rounded-window-bottom -->
        </div> <!-- panel -->
        <div panel-name="chronological-Suite" class="panel">
          <div class="main-panel-header rounded-window-top">
            <span class="header-content">Methods in chronological order</span>
          </div> <!-- main-panel-header rounded-window-top -->
          <div class="main-panel-content rounded-window-bottom">
            <div class="chronological-class">
              <div class="chronological-class-name">driver.Driver</div> <!-- chronological-class-name -->
              <div class="configuration-suite before">
                <span class="method-name">setUp</span>
                <span class="method-start">0 ms</span>
              </div> <!-- configuration-suite before -->
              <div class="test-method">
                <span class="method-name">executeTestcase(org.testng.TestRunner@21ca139c)</span>
                <span class="method-start">332 ms</span>
              </div> <!-- test-method -->
              <div class="configuration-method after">
                <span class="method-name">Reports([TestResult name=executeTestcase status=SKIP method=Driver.executeTestcase(org.testng.ITestContext)[...)</span>
                <span class="method-start">354 ms</span>
              </div> <!-- configuration-method after -->
              <div class="test-method">
                <span class="method-name">executeTestcase(org.testng.TestRunner@21ca139c)</span>
                <span class="method-start">662 ms</span>
              </div> <!-- test-method -->
              <div class="configuration-method after">
                <span class="method-name">Reports([TestResult name=executeTestcase status=SKIP method=Driver.executeTestcase(org.testng.ITestContext)[...)</span>
                <span class="method-start">667 ms</span>
              </div> <!-- configuration-method after -->
              <div class="test-method">
                <span class="method-name">executeTestcase(org.testng.TestRunner@21ca139c)</span>
                <span class="method-start">792 ms</span>
              </div> <!-- test-method -->
              <div class="configuration-method after">
                <span class="method-name">Reports([TestResult name=executeTestcase status=SKIP method=Driver.executeTestcase(org.testng.ITestContext)[...)</span>
                <span class="method-start">799 ms</span>
              </div> <!-- configuration-method after -->
              <div class="test-method">
                <span class="method-name">executeTestcase(org.testng.TestRunner@21ca139c)</span>
                <span class="method-start">955 ms</span>
              </div> <!-- test-method -->
              <div class="configuration-method after">
                <span class="method-name">Reports([TestResult name=executeTestcase status=SKIP method=Driver.executeTestcase(org.testng.ITestContext)[...)</span>
                <span class="method-start">962 ms</span>
              </div> <!-- configuration-method after -->
              <div class="test-method">
                <span class="method-name">executeTestcase(org.testng.TestRunner@21ca139c)</span>
                <span class="method-start">1100 ms</span>
              </div> <!-- test-method -->
              <div class="configuration-method after">
                <span class="method-name">Reports([TestResult name=executeTestcase status=SUCCESS method=Driver.executeTestcase(org.testng.ITestContex...)</span>
                <span class="method-start">218748 ms</span>
              </div> <!-- configuration-method after -->
              <div class="test-method">
                <span class="method-name">executeTestcase(org.testng.TestRunner@21ca139c)</span>
                <span class="method-start">218840 ms</span>
              </div> <!-- test-method -->
              <div class="configuration-method after">
                <span class="method-name">Reports([TestResult name=executeTestcase status=SKIP method=Driver.executeTestcase(org.testng.ITestContext)[...)</span>
                <span class="method-start">218846 ms</span>
              </div> <!-- configuration-method after -->
              <div class="test-method">
                <span class="method-name">executeTestcase(org.testng.TestRunner@21ca139c)</span>
                <span class="method-start">218927 ms</span>
              </div> <!-- test-method -->
              <div class="configuration-method after">
                <span class="method-name">Reports([TestResult name=executeTestcase status=SUCCESS method=Driver.executeTestcase(org.testng.ITestContex...)</span>
                <span class="method-start">434494 ms</span>
              </div> <!-- configuration-method after -->
              <div class="test-method">
                <span class="method-name">executeTestcase(org.testng.TestRunner@21ca139c)</span>
                <span class="method-start">434588 ms</span>
              </div> <!-- test-method -->
              <div class="configuration-method after">
                <span class="method-name">Reports([TestResult name=executeTestcase status=SKIP method=Driver.executeTestcase(org.testng.ITestContext)[...)</span>
                <span class="method-start">434593 ms</span>
              </div> <!-- configuration-method after -->
              <div class="test-method">
                <span class="method-name">executeTestcase(org.testng.TestRunner@21ca139c)</span>
                <span class="method-start">434671 ms</span>
              </div> <!-- test-method -->
              <div class="configuration-method after">
                <span class="method-name">Reports([TestResult name=executeTestcase status=SKIP method=Driver.executeTestcase(org.testng.ITestContext)[...)</span>
                <span class="method-start">434677 ms</span>
              </div> <!-- configuration-method after -->
              <div class="test-method">
                <span class="method-name">executeTestcase(org.testng.TestRunner@21ca139c)</span>
                <span class="method-start">434767 ms</span>
              </div> <!-- test-method -->
              <div class="configuration-method after">
                <span class="method-name">Reports([TestResult name=executeTestcase status=SKIP method=Driver.executeTestcase(org.testng.ITestContext)[...)</span>
                <span class="method-start">434772 ms</span>
              </div> <!-- configuration-method after -->
              <div class="test-method">
                <span class="method-name">executeTestcase(org.testng.TestRunner@21ca139c)</span>
                <span class="method-start">434840 ms</span>
              </div> <!-- test-method -->
              <div class="configuration-method after">
                <span class="method-name">Reports([TestResult name=executeTestcase status=SKIP method=Driver.executeTestcase(org.testng.ITestContext)[...)</span>
                <span class="method-start">434844 ms</span>
              </div> <!-- configuration-method after -->
              <div class="test-method">
                <span class="method-name">executeTestcase(org.testng.TestRunner@21ca139c)</span>
                <span class="method-start">434934 ms</span>
              </div> <!-- test-method -->
              <div class="configuration-method after">
                <span class="method-name">Reports([TestResult name=executeTestcase status=SKIP method=Driver.executeTestcase(org.testng.ITestContext)[...)</span>
                <span class="method-start">434940 ms</span>
              </div> <!-- configuration-method after -->
              <div class="test-method">
                <span class="method-name">executeTestcase(org.testng.TestRunner@21ca139c)</span>
                <span class="method-start">435015 ms</span>
              </div> <!-- test-method -->
              <div class="configuration-method after">
                <span class="method-name">Reports([TestResult name=executeTestcase status=SUCCESS method=Driver.executeTestcase(org.testng.ITestContex...)</span>
                <span class="method-start">660477 ms</span>
              </div> <!-- configuration-method after -->
              <div class="test-method">
                <span class="method-name">executeTestcase(org.testng.TestRunner@21ca139c)</span>
                <span class="method-start">660543 ms</span>
              </div> <!-- test-method -->
              <div class="configuration-method after">
                <span class="method-name">Reports([TestResult name=executeTestcase status=SKIP method=Driver.executeTestcase(org.testng.ITestContext)[...)</span>
                <span class="method-start">660547 ms</span>
              </div> <!-- configuration-method after -->
              <div class="test-method">
                <span class="method-name">executeTestcase(org.testng.TestRunner@21ca139c)</span>
                <span class="method-start">660607 ms</span>
              </div> <!-- test-method -->
              <div class="configuration-method after">
                <span class="method-name">Reports([TestResult name=executeTestcase status=SKIP method=Driver.executeTestcase(org.testng.ITestContext)[...)</span>
                <span class="method-start">660610 ms</span>
              </div> <!-- configuration-method after -->
              <div class="test-method">
                <span class="method-name">executeTestcase(org.testng.TestRunner@21ca139c)</span>
                <span class="method-start">660670 ms</span>
              </div> <!-- test-method -->
              <div class="configuration-method after">
                <span class="method-name">Reports([TestResult name=executeTestcase status=SKIP method=Driver.executeTestcase(org.testng.ITestContext)[...)</span>
                <span class="method-start">660674 ms</span>
              </div> <!-- configuration-method after -->
              <div class="test-method">
                <span class="method-name">executeTestcase(org.testng.TestRunner@21ca139c)</span>
                <span class="method-start">660738 ms</span>
              </div> <!-- test-method -->
              <div class="configuration-method after">
                <span class="method-name">Reports([TestResult name=executeTestcase status=SKIP method=Driver.executeTestcase(org.testng.ITestContext)[...)</span>
                <span class="method-start">660741 ms</span>
              </div> <!-- configuration-method after -->
              <div class="test-method">
                <span class="method-name">executeTestcase(org.testng.TestRunner@21ca139c)</span>
                <span class="method-start">660814 ms</span>
              </div> <!-- test-method -->
              <div class="configuration-method after">
                <span class="method-name">Reports([TestResult name=executeTestcase status=SKIP method=Driver.executeTestcase(org.testng.ITestContext)[...)</span>
                <span class="method-start">660817 ms</span>
              </div> <!-- configuration-method after -->
              <div class="test-method">
                <span class="method-name">executeTestcase(org.testng.TestRunner@21ca139c)</span>
                <span class="method-start">660885 ms</span>
              </div> <!-- test-method -->
              <div class="configuration-method after">
                <span class="method-name">Reports([TestResult name=executeTestcase status=SKIP method=Driver.executeTestcase(org.testng.ITestContext)[...)</span>
                <span class="method-start">660902 ms</span>
              </div> <!-- configuration-method after -->
              <div class="test-method">
                <span class="method-name">executeTestcase(org.testng.TestRunner@21ca139c)</span>
                <span class="method-start">660968 ms</span>
              </div> <!-- test-method -->
              <div class="configuration-method after">
                <span class="method-name">Reports([TestResult name=executeTestcase status=SKIP method=Driver.executeTestcase(org.testng.ITestContext)[...)</span>
                <span class="method-start">660972 ms</span>
              </div> <!-- configuration-method after -->
              <div class="test-method">
                <span class="method-name">executeTestcase(org.testng.TestRunner@21ca139c)</span>
                <span class="method-start">661045 ms</span>
              </div> <!-- test-method -->
              <div class="configuration-method after">
                <span class="method-name">Reports([TestResult name=executeTestcase status=SKIP method=Driver.executeTestcase(org.testng.ITestContext)[...)</span>
                <span class="method-start">661048 ms</span>
              </div> <!-- configuration-method after -->
              <div class="test-method">
                <span class="method-name">executeTestcase(org.testng.TestRunner@21ca139c)</span>
                <span class="method-start">661107 ms</span>
              </div> <!-- test-method -->
              <div class="configuration-method after">
                <span class="method-name">Reports([TestResult name=executeTestcase status=SKIP method=Driver.executeTestcase(org.testng.ITestContext)[...)</span>
                <span class="method-start">661111 ms</span>
              </div> <!-- configuration-method after -->
              <div class="test-method">
                <span class="method-name">executeTestcase(org.testng.TestRunner@21ca139c)</span>
                <span class="method-start">661169 ms</span>
              </div> <!-- test-method -->
              <div class="configuration-method after">
                <span class="method-name">Reports([TestResult name=executeTestcase status=SKIP method=Driver.executeTestcase(org.testng.ITestContext)[...)</span>
                <span class="method-start">661172 ms</span>
              </div> <!-- configuration-method after -->
              <div class="test-method">
                <span class="method-name">executeTestcase(org.testng.TestRunner@21ca139c)</span>
                <span class="method-start">661231 ms</span>
              </div> <!-- test-method -->
              <div class="configuration-method after">
                <span class="method-name">Reports([TestResult name=executeTestcase status=SKIP method=Driver.executeTestcase(org.testng.ITestContext)[...)</span>
                <span class="method-start">661234 ms</span>
              </div> <!-- configuration-method after -->
              <div class="test-method">
                <span class="method-name">executeTestcase(org.testng.TestRunner@21ca139c)</span>
                <span class="method-start">661292 ms</span>
              </div> <!-- test-method -->
              <div class="configuration-method after">
                <span class="method-name">Reports([TestResult name=executeTestcase status=SKIP method=Driver.executeTestcase(org.testng.ITestContext)[...)</span>
                <span class="method-start">661295 ms</span>
              </div> <!-- configuration-method after -->
              <div class="test-method">
                <span class="method-name">executeTestcase(org.testng.TestRunner@21ca139c)</span>
                <span class="method-start">661353 ms</span>
              </div> <!-- test-method -->
              <div class="configuration-method after">
                <span class="method-name">Reports([TestResult name=executeTestcase status=SKIP method=Driver.executeTestcase(org.testng.ITestContext)[...)</span>
                <span class="method-start">661356 ms</span>
              </div> <!-- configuration-method after -->
              <div class="test-method">
                <span class="method-name">executeTestcase(org.testng.TestRunner@21ca139c)</span>
                <span class="method-start">661417 ms</span>
              </div> <!-- test-method -->
              <div class="configuration-method after">
                <span class="method-name">Reports([TestResult name=executeTestcase status=SKIP method=Driver.executeTestcase(org.testng.ITestContext)[...)</span>
                <span class="method-start">661420 ms</span>
              </div> <!-- configuration-method after -->
              <div class="test-method">
                <span class="method-name">executeTestcase(org.testng.TestRunner@21ca139c)</span>
                <span class="method-start">661477 ms</span>
              </div> <!-- test-method -->
              <div class="configuration-method after">
                <span class="method-name">Reports([TestResult name=executeTestcase status=SKIP method=Driver.executeTestcase(org.testng.ITestContext)[...)</span>
                <span class="method-start">661480 ms</span>
              </div> <!-- configuration-method after -->
              <div class="test-method">
                <span class="method-name">executeTestcase(org.testng.TestRunner@21ca139c)</span>
                <span class="method-start">661550 ms</span>
              </div> <!-- test-method -->
              <div class="configuration-method after">
                <span class="method-name">Reports([TestResult name=executeTestcase status=SUCCESS method=Driver.executeTestcase(org.testng.ITestContex...)</span>
                <span class="method-start">920154 ms</span>
              </div> <!-- configuration-method after -->
              <div class="test-method">
                <span class="method-name">executeTestcase(org.testng.TestRunner@21ca139c)</span>
                <span class="method-start">920221 ms</span>
              </div> <!-- test-method -->
              <div class="configuration-method after">
                <span class="method-name">Reports([TestResult name=executeTestcase status=SKIP method=Driver.executeTestcase(org.testng.ITestContext)[...)</span>
                <span class="method-start">920224 ms</span>
              </div> <!-- configuration-method after -->
              <div class="test-method">
                <span class="method-name">executeTestcase(org.testng.TestRunner@21ca139c)</span>
                <span class="method-start">920294 ms</span>
              </div> <!-- test-method -->
              <div class="configuration-method after">
                <span class="method-name">Reports([TestResult name=executeTestcase status=SKIP method=Driver.executeTestcase(org.testng.ITestContext)[...)</span>
                <span class="method-start">920297 ms</span>
              </div> <!-- configuration-method after -->
              <div class="test-method">
                <span class="method-name">executeTestcase(org.testng.TestRunner@21ca139c)</span>
                <span class="method-start">920360 ms</span>
              </div> <!-- test-method -->
              <div class="configuration-method after">
                <span class="method-name">Reports([TestResult name=executeTestcase status=SKIP method=Driver.executeTestcase(org.testng.ITestContext)[...)</span>
                <span class="method-start">920363 ms</span>
              </div> <!-- configuration-method after -->
              <div class="test-method">
                <span class="method-name">executeTestcase(org.testng.TestRunner@21ca139c)</span>
                <span class="method-start">920427 ms</span>
              </div> <!-- test-method -->
              <div class="configuration-method after">
                <span class="method-name">Reports([TestResult name=executeTestcase status=SUCCESS method=Driver.executeTestcase(org.testng.ITestContex...)</span>
                <span class="method-start">1050719 ms</span>
              </div> <!-- configuration-method after -->
              <div class="test-method">
                <span class="method-name">executeTestcase(org.testng.TestRunner@21ca139c)</span>
                <span class="method-start">1050791 ms</span>
              </div> <!-- test-method -->
              <div class="configuration-method after">
                <span class="method-name">Reports([TestResult name=executeTestcase status=SUCCESS method=Driver.executeTestcase(org.testng.ITestContex...)</span>
                <span class="method-start">1389174 ms</span>
              </div> <!-- configuration-method after -->
              <div class="test-method">
                <span class="method-name">executeTestcase(org.testng.TestRunner@21ca139c)</span>
                <span class="method-start">1389245 ms</span>
              </div> <!-- test-method -->
              <div class="configuration-method after">
                <span class="method-name">Reports([TestResult name=executeTestcase status=SKIP method=Driver.executeTestcase(org.testng.ITestContext)[...)</span>
                <span class="method-start">1389248 ms</span>
              </div> <!-- configuration-method after -->
              <div class="test-method">
                <span class="method-name">executeTestcase(org.testng.TestRunner@21ca139c)</span>
                <span class="method-start">1389312 ms</span>
              </div> <!-- test-method -->
              <div class="configuration-method after">
                <span class="method-name">Reports([TestResult name=executeTestcase status=SKIP method=Driver.executeTestcase(org.testng.ITestContext)[...)</span>
                <span class="method-start">1389315 ms</span>
              </div> <!-- configuration-method after -->
              <div class="test-method">
                <span class="method-name">executeTestcase(org.testng.TestRunner@21ca139c)</span>
                <span class="method-start">1389380 ms</span>
              </div> <!-- test-method -->
              <div class="configuration-method after">
                <span class="method-name">Reports([TestResult name=executeTestcase status=SUCCESS method=Driver.executeTestcase(org.testng.ITestContex...)</span>
                <span class="method-start">1456064 ms</span>
              </div> <!-- configuration-method after -->
              <div class="test-method">
                <span class="method-name">executeTestcase(org.testng.TestRunner@21ca139c)</span>
                <span class="method-start">1456144 ms</span>
              </div> <!-- test-method -->
              <div class="configuration-method after">
                <span class="method-name">Reports([TestResult name=executeTestcase status=SUCCESS method=Driver.executeTestcase(org.testng.ITestContex...)</span>
                <span class="method-start">1517903 ms</span>
              </div> <!-- configuration-method after -->
              <div class="test-method">
                <span class="method-name">executeTestcase(org.testng.TestRunner@21ca139c)</span>
                <span class="method-start">1517968 ms</span>
              </div> <!-- test-method -->
              <div class="configuration-method after">
                <span class="method-name">Reports([TestResult name=executeTestcase status=SKIP method=Driver.executeTestcase(org.testng.ITestContext)[...)</span>
                <span class="method-start">1517971 ms</span>
              </div> <!-- configuration-method after -->
              <div class="test-method">
                <span class="method-name">executeTestcase(org.testng.TestRunner@21ca139c)</span>
                <span class="method-start">1518037 ms</span>
              </div> <!-- test-method -->
              <div class="configuration-method after">
                <span class="method-name">Reports([TestResult name=executeTestcase status=SKIP method=Driver.executeTestcase(org.testng.ITestContext)[...)</span>
                <span class="method-start">1518040 ms</span>
              </div> <!-- configuration-method after -->
              <div class="test-method">
                <span class="method-name">executeTestcase(org.testng.TestRunner@21ca139c)</span>
                <span class="method-start">1518115 ms</span>
              </div> <!-- test-method -->
              <div class="configuration-method after">
                <span class="method-name">Reports([TestResult name=executeTestcase status=SUCCESS method=Driver.executeTestcase(org.testng.ITestContex...)</span>
                <span class="method-start">1580526 ms</span>
              </div> <!-- configuration-method after -->
              <div class="test-method">
                <span class="method-name">executeTestcase(org.testng.TestRunner@21ca139c)</span>
                <span class="method-start">1580598 ms</span>
              </div> <!-- test-method -->
              <div class="configuration-method after">
                <span class="method-name">Reports([TestResult name=executeTestcase status=SUCCESS method=Driver.executeTestcase(org.testng.ITestContex...)</span>
                <span class="method-start">1934164 ms</span>
              </div> <!-- configuration-method after -->
              <div class="test-method">
                <span class="method-name">executeTestcase(org.testng.TestRunner@21ca139c)</span>
                <span class="method-start">1934232 ms</span>
              </div> <!-- test-method -->
              <div class="configuration-method after">
                <span class="method-name">Reports([TestResult name=executeTestcase status=SUCCESS method=Driver.executeTestcase(org.testng.ITestContex...)</span>
                <span class="method-start">2231783 ms</span>
              </div> <!-- configuration-method after -->
              <div class="test-method">
                <span class="method-name">executeTestcase(org.testng.TestRunner@21ca139c)</span>
                <span class="method-start">2231859 ms</span>
              </div> <!-- test-method -->
              <div class="configuration-method after">
                <span class="method-name">Reports([TestResult name=executeTestcase status=SUCCESS method=Driver.executeTestcase(org.testng.ITestContex...)</span>
                <span class="method-start">2370320 ms</span>
              </div> <!-- configuration-method after -->
              <div class="test-method">
                <span class="method-name">executeTestcase(org.testng.TestRunner@21ca139c)</span>
                <span class="method-start">2370392 ms</span>
              </div> <!-- test-method -->
              <div class="configuration-method after">
                <span class="method-name">Reports([TestResult name=executeTestcase status=SUCCESS method=Driver.executeTestcase(org.testng.ITestContex...)</span>
                <span class="method-start">2589347 ms</span>
              </div> <!-- configuration-method after -->
              <div class="test-method">
                <span class="method-name">executeTestcase(org.testng.TestRunner@21ca139c)</span>
                <span class="method-start">2589431 ms</span>
              </div> <!-- test-method -->
              <div class="configuration-method after">
                <span class="method-name">Reports([TestResult name=executeTestcase status=SUCCESS method=Driver.executeTestcase(org.testng.ITestContex...)</span>
                <span class="method-start">2747823 ms</span>
              </div> <!-- configuration-method after -->
              <div class="test-method">
                <span class="method-name">executeTestcase(org.testng.TestRunner@21ca139c)</span>
                <span class="method-start">2747912 ms</span>
              </div> <!-- test-method -->
              <div class="configuration-method after">
                <span class="method-name">Reports([TestResult name=executeTestcase status=SKIP method=Driver.executeTestcase(org.testng.ITestContext)[...)</span>
                <span class="method-start">2747915 ms</span>
              </div> <!-- configuration-method after -->
              <div class="test-method">
                <span class="method-name">executeTestcase(org.testng.TestRunner@21ca139c)</span>
                <span class="method-start">2747983 ms</span>
              </div> <!-- test-method -->
              <div class="configuration-method after">
                <span class="method-name">Reports([TestResult name=executeTestcase status=SKIP method=Driver.executeTestcase(org.testng.ITestContext)[...)</span>
                <span class="method-start">2747987 ms</span>
              </div> <!-- configuration-method after -->
              <div class="test-method">
                <span class="method-name">executeTestcase(org.testng.TestRunner@21ca139c)</span>
                <span class="method-start">2748054 ms</span>
              </div> <!-- test-method -->
              <div class="configuration-method after">
                <span class="method-name">Reports([TestResult name=executeTestcase status=SKIP method=Driver.executeTestcase(org.testng.ITestContext)[...)</span>
                <span class="method-start">2748057 ms</span>
              </div> <!-- configuration-method after -->
              <div class="test-method">
                <span class="method-name">executeTestcase(org.testng.TestRunner@21ca139c)</span>
                <span class="method-start">2748127 ms</span>
              </div> <!-- test-method -->
              <div class="configuration-method after">
                <span class="method-name">Reports([TestResult name=executeTestcase status=SKIP method=Driver.executeTestcase(org.testng.ITestContext)[...)</span>
                <span class="method-start">2748131 ms</span>
              </div> <!-- configuration-method after -->
              <div class="test-method">
                <span class="method-name">executeTestcase(org.testng.TestRunner@21ca139c)</span>
                <span class="method-start">2748196 ms</span>
              </div> <!-- test-method -->
              <div class="configuration-method after">
                <span class="method-name">Reports([TestResult name=executeTestcase status=SKIP method=Driver.executeTestcase(org.testng.ITestContext)[...)</span>
                <span class="method-start">2748199 ms</span>
              </div> <!-- configuration-method after -->
              <div class="test-method">
                <span class="method-name">executeTestcase(org.testng.TestRunner@21ca139c)</span>
                <span class="method-start">2748264 ms</span>
              </div> <!-- test-method -->
              <div class="configuration-method after">
                <span class="method-name">Reports([TestResult name=executeTestcase status=SKIP method=Driver.executeTestcase(org.testng.ITestContext)[...)</span>
                <span class="method-start">2748267 ms</span>
              </div> <!-- configuration-method after -->
              <div class="configuration-suite after">
                <span class="method-name">tearDown</span>
                <span class="method-start">2748421 ms</span>
              </div> <!-- configuration-suite after -->
          </div> <!-- main-panel-content rounded-window-bottom -->
        </div> <!-- panel -->
      </div> <!-- main-panel-root -->
    </div> <!-- wrapper -->
  </body>
<script type="text/javascript" src="testng-reports2.js"></script>
</html>
