
<!DOCTYPE html>
<html>


<head>
	<meta charset='utf-8' /> 
	<meta name='description' content='' />
	<meta name='robots' content='noodp, noydir' />
	<meta name='viewport' content='width=device-width, initial-scale=1' />
	<meta id="timeStampFormat" name="timeStampFormat" content='MMM d, yyyy hh:mm:ss a'/>
	
	<link href='https://fonts.googleapis.com/css?family=Source+Sans+Pro:400,600' rel='stylesheet' type='text/css'>
	<link href="https://fonts.googleapis.com/icon?family=Material+Icons" rel="stylesheet">

		<link href='https://cdn.rawgit.com/anshooarora/extentreports-java/b4a58fcfd1e137bd9287244035a7c80d3d73b3af/dist/css/extent.css' type='text/css' rel='stylesheet' />
	
	<title>ExtentReports</title>

	<style type='text/css'>
	</style>
</head>

	<body class='extent standard default hide-overflow '>
		<div id='theme-selector' alt='Click to toggle theme. To enable by default, use theme configuration.' title='Click to toggle theme. To enable by default, use theme configuration.'>
			<span><i class='material-icons'>desktop_windows</i></span>
		</div>

<nav>
	<div class="nav-wrapper">
		<a href="#!" class="brand-logo blue darken-3">Extent</a>

		<!-- slideout menu -->
		<ul id='slide-out' class='side-nav fixed hide-on-med-and-down'>
			<li class='waves-effect active'><a href='#!' view='test-view' onclick="configureView(0);chartsView('test');"><i class='material-icons'>dashboard</i></a></li>
						<li class='waves-effect'><a href='#!' view='category-view' onclick="configureView(1)"><i class='material-icons'>label_outline</i></a></li>
			<li class='waves-effect'><a href='#!' view='exception-view' onclick="configureView(2)"><i class='material-icons'>bug_report</i></a></li>
			<li class='waves-effect'><a href='#!' onclick="configureView(-1);chartsView('dashboard');" view='dashboard-view'><i class='material-icons'>track_changes</i></i></a></li>
		</ul>

		<!-- report name -->
		<span class='report-name'>CRM Automation Test Results</span>
		
		<!-- report headline -->
		<span class='report-headline'></span>

		<!-- nav-right -->
		<ul id='nav-mobile' class='right hide-on-med-and-down nav-right'>
			<li>
                <a href='#!'>
                    <span class='label suite-start-time blue darken-3'>Dec 22, 2020 02:08:57 PM</span>
				</a>
			</li>
			<li>
                <a href='#!'>
                    <span class='label blue darken-3'>3.1.3</span>
				</a>
			</li>
		</ul>
	</div>
</nav>

		<!-- container -->
		<div class='container'>

<div id='test-view' class='view'>
				
	<section id='controls'>
		<div class='controls grey lighten-4'>
			<!-- test toggle -->
			<div class='chip transparent'>
				<a class='dropdown-button tests-toggle' data-activates='tests-toggle' data-constrainwidth='true' data-beloworigin='true' data-hover='true' href='#'>
					<i class='material-icons'>warning</i> Status
				</a>
				<ul id='tests-toggle' class='dropdown-content'>
											<li status='pass'><a href='#!'>Pass <i class='material-icons green-text'>check_circle</i></a></li>
						<li status='skip'><a href='#!'>Skip <i class='material-icons cyan-text'>redo</i></a></li>
					<li class='divider'></li>
					<li status='clear' clear='true'><a href='#!'>Clear Filters <i class='material-icons'>clear</i></a></li>
				</ul>
			</div>
			<!-- test toggle -->

			<!-- category toggle -->
			<div class='chip transparent'>
				<a class='dropdown-button category-toggle' data-activates='category-toggle' data-constrainwidth='false' data-beloworigin='true' data-hover='true' href='#'>
					<i class='material-icons'>local_offer</i> Category
				</a>
				<ul id='category-toggle' class='dropdown-content'>
					<li><a href='#'>Member</a></li>
					<li><a href='#'>Regression</a></li>
					<li><a href='#'>Supplier</a></li>
					<li><a href='#'>Smoke</a></li>
					<li class='divider'></li>
					<li class='clear'><a href='#!' clear='true'>Clear Filters</a></li>
				</ul>
			</div>
			<!-- category toggle -->

			<!-- clear filters -->
			<div class='chip transparent hide'>
				<a class='' id='clear-filters' alt='Clear Filters' title='Clear Filters'>
					<i class='material-icons'>close</i> Clear
				</a>
			</div>
			<!-- clear filters -->

			<!-- enable dashboard -->
			<div id='toggle-test-view-charts' class='chip transparent'>
				<a class='pink-text' id='enable-dashboard' alt='Enable Dashboard' title='Enable Dashboard'>
					<i class='material-icons'>track_changes</i> Dashboard
				</a>
			</div>
			<!-- enable dashboard -->

			<!-- search -->
			<div class='chip transparent' alt='Search Tests' title='Search Tests'>
				<a href="#" class='search-div'>
					<i class='material-icons'>search</i> Search
				</a>

				<div class='input-field left hide'>
					<input id='search-tests' type='text' class='validate browser-default' placeholder='Search Tests...'>
				</div>
				
			</div>
			<!-- search -->
		</div>
	</section>


	<div class='subview-left left'>
		
		<div class='view-summary'>
			<h5>Tests</h5>
			<ul id='test-collection' class='test-collection'>
				
				
				<li class='test displayed active  pass' status='pass' bdd='false' test-id='1'>
					<div class='test-heading'>
						<span class='test-name'>TFS ID_ 1141 : Validate Business Key</span>
						<span class='test-time'>Dec 22, 2020 02:08:58 PM</span>
						<span class='test-status right pass'>pass</span>
					</div>
					<div class='test-content hide'>
<div class='test-time-info'>
	<span class='label start-time'>Dec 22, 2020 02:08:58 PM</span>
	<span class='label end-time'>Dec 22, 2020 02:11:51 PM</span>
	<span class='label time-taken grey lighten-1 white-text'>0h 2m 52s+840ms</span>
</div>
	<div class='test-attributes'>
			<div class='category-list'>
				<span class='category label white-text'>Member</span>
				<span class='category label white-text'>Regression</span>
			</div>
	</div>
	<div class='test-steps'>
		<table class='bordered table-results'>
			<thead>
				<tr>
					<th>Status</th>
					<th>Timestamp</th>
					<th>Details</th>
				</tr>
			</thead>
			<tbody>
				<tr class='log' status='pass'>
					<td class='status pass' title='pass' alt='pass'><i class='material-icons'>check_circle</i></td>
					<td class='timestamp'>2:09:26 PM</td>
					<td class='step-details'>Sign in is clicked<img data-featherlight='E:\schandr3\eclipse-workspace\Dynamics-CRM-V1.0\TestNG/Screenshots/2020-12-22/1608626366056.png' width='10%' src='E:\schandr3\eclipse-workspace\Dynamics-CRM-V1.0\TestNG/Screenshots/2020-12-22/1608626366056.png' data-src='E:\schandr3\eclipse-workspace\Dynamics-CRM-V1.0\TestNG/Screenshots/2020-12-22/1608626366056.png'></td>
				</tr>
				<tr class='log' status='pass'>
					<td class='status pass' title='pass' alt='pass'><i class='material-icons'>check_circle</i></td>
					<td class='timestamp'>2:09:29 PM</td>
					<td class='step-details'>is clicked<img data-featherlight='E:\schandr3\eclipse-workspace\Dynamics-CRM-V1.0\TestNG/Screenshots/2020-12-22/1608626369789.png' width='10%' src='E:\schandr3\eclipse-workspace\Dynamics-CRM-V1.0\TestNG/Screenshots/2020-12-22/1608626369789.png' data-src='E:\schandr3\eclipse-workspace\Dynamics-CRM-V1.0\TestNG/Screenshots/2020-12-22/1608626369789.png'></td>
				</tr>
				<tr class='log' status='pass'>
					<td class='status pass' title='pass' alt='pass'><i class='material-icons'>check_circle</i></td>
					<td class='timestamp'>2:09:30 PM</td>
					<td class='step-details'>Accounts is clicked<img data-featherlight='E:\schandr3\eclipse-workspace\Dynamics-CRM-V1.0\TestNG/Screenshots/2020-12-22/1608626370471.png' width='10%' src='E:\schandr3\eclipse-workspace\Dynamics-CRM-V1.0\TestNG/Screenshots/2020-12-22/1608626370471.png' data-src='E:\schandr3\eclipse-workspace\Dynamics-CRM-V1.0\TestNG/Screenshots/2020-12-22/1608626370471.png'></td>
				</tr>
				<tr class='log' status='pass'>
					<td class='status pass' title='pass' alt='pass'><i class='material-icons'>check_circle</i></td>
					<td class='timestamp'>2:09:33 PM</td>
					<td class='step-details'>switch In to the Frame [[ChromeDriver: chrome on WINDOWS (96a60bebe8bfd393203e51becd25a263)] -> id: contentIFrame0]<img data-featherlight='E:\schandr3\eclipse-workspace\Dynamics-CRM-V1.0\TestNG/Screenshots/2020-12-22/1608626373933.png' width='10%' src='E:\schandr3\eclipse-workspace\Dynamics-CRM-V1.0\TestNG/Screenshots/2020-12-22/1608626373933.png' data-src='E:\schandr3\eclipse-workspace\Dynamics-CRM-V1.0\TestNG/Screenshots/2020-12-22/1608626373933.png'></td>
				</tr>
				<tr class='log' status='pass'>
					<td class='status pass' title='pass' alt='pass'><i class='material-icons'>check_circle</i></td>
					<td class='timestamp'>2:09:34 PM</td>
					<td class='step-details'>is clicked<img data-featherlight='E:\schandr3\eclipse-workspace\Dynamics-CRM-V1.0\TestNG/Screenshots/2020-12-22/1608626374548.png' width='10%' src='E:\schandr3\eclipse-workspace\Dynamics-CRM-V1.0\TestNG/Screenshots/2020-12-22/1608626374548.png' data-src='E:\schandr3\eclipse-workspace\Dynamics-CRM-V1.0\TestNG/Screenshots/2020-12-22/1608626374548.png'></td>
				</tr>
				<tr class='log' status='pass'>
					<td class='status pass' title='pass' alt='pass'><i class='material-icons'>check_circle</i></td>
					<td class='timestamp'>2:09:35 PM</td>
					<td class='step-details'>The data: 2000420865 entered successfully in the field :[[ChromeDriver: chrome on WINDOWS (96a60bebe8bfd393203e51becd25a263)] -> id: crmGrid_findCriteria]<img data-featherlight='E:\schandr3\eclipse-workspace\Dynamics-CRM-V1.0\TestNG/Screenshots/2020-12-22/1608626375326.png' width='10%' src='E:\schandr3\eclipse-workspace\Dynamics-CRM-V1.0\TestNG/Screenshots/2020-12-22/1608626375326.png' data-src='E:\schandr3\eclipse-workspace\Dynamics-CRM-V1.0\TestNG/Screenshots/2020-12-22/1608626375326.png'></td>
				</tr>
				<tr class='log' status='pass'>
					<td class='status pass' title='pass' alt='pass'><i class='material-icons'>check_circle</i></td>
					<td class='timestamp'>2:09:36 PM</td>
					<td class='step-details'>Negotiatus at Magmutual Insurance Company is clicked<img data-featherlight='E:\schandr3\eclipse-workspace\Dynamics-CRM-V1.0\TestNG/Screenshots/2020-12-22/1608626376135.png' width='10%' src='E:\schandr3\eclipse-workspace\Dynamics-CRM-V1.0\TestNG/Screenshots/2020-12-22/1608626376135.png' data-src='E:\schandr3\eclipse-workspace\Dynamics-CRM-V1.0\TestNG/Screenshots/2020-12-22/1608626376135.png'></td>
				</tr>
				<tr class='log' status='pass'>
					<td class='status pass' title='pass' alt='pass'><i class='material-icons'>check_circle</i></td>
					<td class='timestamp'>2:09:42 PM</td>
					<td class='step-details'>switch out to Default Content<img data-featherlight='E:\schandr3\eclipse-workspace\Dynamics-CRM-V1.0\TestNG/Screenshots/2020-12-22/1608626382662.png' width='10%' src='E:\schandr3\eclipse-workspace\Dynamics-CRM-V1.0\TestNG/Screenshots/2020-12-22/1608626382662.png' data-src='E:\schandr3\eclipse-workspace\Dynamics-CRM-V1.0\TestNG/Screenshots/2020-12-22/1608626382662.png'></td>
				</tr>
				<tr class='log' status='pass'>
					<td class='status pass' title='pass' alt='pass'><i class='material-icons'>check_circle</i></td>
					<td class='timestamp'>2:09:43 PM</td>
					<td class='step-details'>switch In to the Frame [[ChromeDriver: chrome on WINDOWS (96a60bebe8bfd393203e51becd25a263)] -> id: contentIFrame1]<img data-featherlight='E:\schandr3\eclipse-workspace\Dynamics-CRM-V1.0\TestNG/Screenshots/2020-12-22/1608626383136.png' width='10%' src='E:\schandr3\eclipse-workspace\Dynamics-CRM-V1.0\TestNG/Screenshots/2020-12-22/1608626383136.png' data-src='E:\schandr3\eclipse-workspace\Dynamics-CRM-V1.0\TestNG/Screenshots/2020-12-22/1608626383136.png'></td>
				</tr>
				<tr class='log' status='pass'>
					<td class='status pass' title='pass' alt='pass'><i class='material-icons'>check_circle</i></td>
					<td class='timestamp'>2:09:44 PM</td>
					<td class='step-details'>No is clicked<img data-featherlight='E:\schandr3\eclipse-workspace\Dynamics-CRM-V1.0\TestNG/Screenshots/2020-12-22/1608626384068.png' width='10%' src='E:\schandr3\eclipse-workspace\Dynamics-CRM-V1.0\TestNG/Screenshots/2020-12-22/1608626384068.png' data-src='E:\schandr3\eclipse-workspace\Dynamics-CRM-V1.0\TestNG/Screenshots/2020-12-22/1608626384068.png'></td>
				</tr>
				<tr class='log' status='pass'>
					<td class='status pass' title='pass' alt='pass'><i class='material-icons'>check_circle</i></td>
					<td class='timestamp'>2:09:44 PM</td>
					<td class='step-details'>switch out to Default Content<img data-featherlight='E:\schandr3\eclipse-workspace\Dynamics-CRM-V1.0\TestNG/Screenshots/2020-12-22/1608626384474.png' width='10%' src='E:\schandr3\eclipse-workspace\Dynamics-CRM-V1.0\TestNG/Screenshots/2020-12-22/1608626384474.png' data-src='E:\schandr3\eclipse-workspace\Dynamics-CRM-V1.0\TestNG/Screenshots/2020-12-22/1608626384474.png'></td>
				</tr>
				<tr class='log' status='pass'>
					<td class='status pass' title='pass' alt='pass'><i class='material-icons'>check_circle</i></td>
					<td class='timestamp'>2:09:45 PM</td>
					<td class='step-details'>SAVE
SAVE THIS ACCOUNT. is clicked<img data-featherlight='E:\schandr3\eclipse-workspace\Dynamics-CRM-V1.0\TestNG/Screenshots/2020-12-22/1608626385143.png' width='10%' src='E:\schandr3\eclipse-workspace\Dynamics-CRM-V1.0\TestNG/Screenshots/2020-12-22/1608626385143.png' data-src='E:\schandr3\eclipse-workspace\Dynamics-CRM-V1.0\TestNG/Screenshots/2020-12-22/1608626385143.png'></td>
				</tr>
				<tr class='log' status='pass'>
					<td class='status pass' title='pass' alt='pass'><i class='material-icons'>check_circle</i></td>
					<td class='timestamp'>2:09:53 PM</td>
					<td class='step-details'>switch out to Default Content<img data-featherlight='E:\schandr3\eclipse-workspace\Dynamics-CRM-V1.0\TestNG/Screenshots/2020-12-22/1608626393565.png' width='10%' src='E:\schandr3\eclipse-workspace\Dynamics-CRM-V1.0\TestNG/Screenshots/2020-12-22/1608626393565.png' data-src='E:\schandr3\eclipse-workspace\Dynamics-CRM-V1.0\TestNG/Screenshots/2020-12-22/1608626393565.png'></td>
				</tr>
				<tr class='log' status='pass'>
					<td class='status pass' title='pass' alt='pass'><i class='material-icons'>check_circle</i></td>
					<td class='timestamp'>2:09:54 PM</td>
					<td class='step-details'>switch In to the Frame [[ChromeDriver: chrome on WINDOWS (96a60bebe8bfd393203e51becd25a263)] -> id: InlineDialog_Iframe]<img data-featherlight='E:\schandr3\eclipse-workspace\Dynamics-CRM-V1.0\TestNG/Screenshots/2020-12-22/1608626394037.png' width='10%' src='E:\schandr3\eclipse-workspace\Dynamics-CRM-V1.0\TestNG/Screenshots/2020-12-22/1608626394037.png' data-src='E:\schandr3\eclipse-workspace\Dynamics-CRM-V1.0\TestNG/Screenshots/2020-12-22/1608626394037.png'></td>
				</tr>
				<tr class='log' status='pass'>
					<td class='status pass' title='pass' alt='pass'><i class='material-icons'>check_circle</i></td>
					<td class='timestamp'>2:09:54 PM</td>
					<td class='step-details'>Business Process Error is clicked<img data-featherlight='E:\schandr3\eclipse-workspace\Dynamics-CRM-V1.0\TestNG/Screenshots/2020-12-22/1608626394661.png' width='10%' src='E:\schandr3\eclipse-workspace\Dynamics-CRM-V1.0\TestNG/Screenshots/2020-12-22/1608626394661.png' data-src='E:\schandr3\eclipse-workspace\Dynamics-CRM-V1.0\TestNG/Screenshots/2020-12-22/1608626394661.png'></td>
				</tr>
				<tr class='log' status='pass'>
					<td class='status pass' title='pass' alt='pass'><i class='material-icons'>check_circle</i></td>
					<td class='timestamp'>2:09:58 PM</td>
					<td class='step-details'>switch out to Default Content<img data-featherlight='E:\schandr3\eclipse-workspace\Dynamics-CRM-V1.0\TestNG/Screenshots/2020-12-22/1608626398092.png' width='10%' src='E:\schandr3\eclipse-workspace\Dynamics-CRM-V1.0\TestNG/Screenshots/2020-12-22/1608626398092.png' data-src='E:\schandr3\eclipse-workspace\Dynamics-CRM-V1.0\TestNG/Screenshots/2020-12-22/1608626398092.png'></td>
				</tr>
				<tr class='log' status='pass'>
					<td class='status pass' title='pass' alt='pass'><i class='material-icons'>check_circle</i></td>
					<td class='timestamp'>2:09:58 PM</td>
					<td class='step-details'>switch In to the Frame [[ChromeDriver: chrome on WINDOWS (96a60bebe8bfd393203e51becd25a263)] -> id: InlineDialog_Iframe]<img data-featherlight='E:\schandr3\eclipse-workspace\Dynamics-CRM-V1.0\TestNG/Screenshots/2020-12-22/1608626398566.png' width='10%' src='E:\schandr3\eclipse-workspace\Dynamics-CRM-V1.0\TestNG/Screenshots/2020-12-22/1608626398566.png' data-src='E:\schandr3\eclipse-workspace\Dynamics-CRM-V1.0\TestNG/Screenshots/2020-12-22/1608626398566.png'></td>
				</tr>
				<tr class='log' status='pass'>
					<td class='status pass' title='pass' alt='pass'><i class='material-icons'>check_circle</i></td>
					<td class='timestamp'>2:09:59 PM</td>
					<td class='step-details'>OK is clicked<img data-featherlight='E:\schandr3\eclipse-workspace\Dynamics-CRM-V1.0\TestNG/Screenshots/2020-12-22/1608626399236.png' width='10%' src='E:\schandr3\eclipse-workspace\Dynamics-CRM-V1.0\TestNG/Screenshots/2020-12-22/1608626399236.png' data-src='E:\schandr3\eclipse-workspace\Dynamics-CRM-V1.0\TestNG/Screenshots/2020-12-22/1608626399236.png'></td>
				</tr>
				<tr class='log' status='pass'>
					<td class='status pass' title='pass' alt='pass'><i class='material-icons'>check_circle</i></td>
					<td class='timestamp'>2:10:02 PM</td>
					<td class='step-details'>switch out to Default Content<img data-featherlight='E:\schandr3\eclipse-workspace\Dynamics-CRM-V1.0\TestNG/Screenshots/2020-12-22/1608626402666.png' width='10%' src='E:\schandr3\eclipse-workspace\Dynamics-CRM-V1.0\TestNG/Screenshots/2020-12-22/1608626402666.png' data-src='E:\schandr3\eclipse-workspace\Dynamics-CRM-V1.0\TestNG/Screenshots/2020-12-22/1608626402666.png'></td>
				</tr>
				<tr class='log' status='pass'>
					<td class='status pass' title='pass' alt='pass'><i class='material-icons'>check_circle</i></td>
					<td class='timestamp'>2:10:03 PM</td>
					<td class='step-details'>switch In to the Frame [[ChromeDriver: chrome on WINDOWS (96a60bebe8bfd393203e51becd25a263)] -> id: contentIFrame1]<img data-featherlight='E:\schandr3\eclipse-workspace\Dynamics-CRM-V1.0\TestNG/Screenshots/2020-12-22/1608626403103.png' width='10%' src='E:\schandr3\eclipse-workspace\Dynamics-CRM-V1.0\TestNG/Screenshots/2020-12-22/1608626403103.png' data-src='E:\schandr3\eclipse-workspace\Dynamics-CRM-V1.0\TestNG/Screenshots/2020-12-22/1608626403103.png'></td>
				</tr>
				<tr class='log' status='pass'>
					<td class='status pass' title='pass' alt='pass'><i class='material-icons'>check_circle</i></td>
					<td class='timestamp'>2:10:03 PM</td>
					<td class='step-details'>Yes is clicked 3<img data-featherlight='E:\schandr3\eclipse-workspace\Dynamics-CRM-V1.0\TestNG/Screenshots/2020-12-22/1608626403915.png' width='10%' src='E:\schandr3\eclipse-workspace\Dynamics-CRM-V1.0\TestNG/Screenshots/2020-12-22/1608626403915.png' data-src='E:\schandr3\eclipse-workspace\Dynamics-CRM-V1.0\TestNG/Screenshots/2020-12-22/1608626403915.png'></td>
				</tr>
				<tr class='log' status='pass'>
					<td class='status pass' title='pass' alt='pass'><i class='material-icons'>check_circle</i></td>
					<td class='timestamp'>2:10:04 PM</td>
					<td class='step-details'>No is clicked<img data-featherlight='E:\schandr3\eclipse-workspace\Dynamics-CRM-V1.0\TestNG/Screenshots/2020-12-22/1608626404638.png' width='10%' src='E:\schandr3\eclipse-workspace\Dynamics-CRM-V1.0\TestNG/Screenshots/2020-12-22/1608626404638.png' data-src='E:\schandr3\eclipse-workspace\Dynamics-CRM-V1.0\TestNG/Screenshots/2020-12-22/1608626404638.png'></td>
				</tr>
				<tr class='log' status='pass'>
					<td class='status pass' title='pass' alt='pass'><i class='material-icons'>check_circle</i></td>
					<td class='timestamp'>2:10:05 PM</td>
					<td class='step-details'>switch out to Default Content<img data-featherlight='E:\schandr3\eclipse-workspace\Dynamics-CRM-V1.0\TestNG/Screenshots/2020-12-22/1608626405071.png' width='10%' src='E:\schandr3\eclipse-workspace\Dynamics-CRM-V1.0\TestNG/Screenshots/2020-12-22/1608626405071.png' data-src='E:\schandr3\eclipse-workspace\Dynamics-CRM-V1.0\TestNG/Screenshots/2020-12-22/1608626405071.png'></td>
				</tr>
				<tr class='log' status='pass'>
					<td class='status pass' title='pass' alt='pass'><i class='material-icons'>check_circle</i></td>
					<td class='timestamp'>2:10:05 PM</td>
					<td class='step-details'>SAVE
SAVE THIS ACCOUNT. is clicked<img data-featherlight='E:\schandr3\eclipse-workspace\Dynamics-CRM-V1.0\TestNG/Screenshots/2020-12-22/1608626405752.png' width='10%' src='E:\schandr3\eclipse-workspace\Dynamics-CRM-V1.0\TestNG/Screenshots/2020-12-22/1608626405752.png' data-src='E:\schandr3\eclipse-workspace\Dynamics-CRM-V1.0\TestNG/Screenshots/2020-12-22/1608626405752.png'></td>
				</tr>
				<tr class='log' status='pass'>
					<td class='status pass' title='pass' alt='pass'><i class='material-icons'>check_circle</i></td>
					<td class='timestamp'>2:10:14 PM</td>
					<td class='step-details'>switch out to Default Content<img data-featherlight='E:\schandr3\eclipse-workspace\Dynamics-CRM-V1.0\TestNG/Screenshots/2020-12-22/1608626414161.png' width='10%' src='E:\schandr3\eclipse-workspace\Dynamics-CRM-V1.0\TestNG/Screenshots/2020-12-22/1608626414161.png' data-src='E:\schandr3\eclipse-workspace\Dynamics-CRM-V1.0\TestNG/Screenshots/2020-12-22/1608626414161.png'></td>
				</tr>
				<tr class='log' status='pass'>
					<td class='status pass' title='pass' alt='pass'><i class='material-icons'>check_circle</i></td>
					<td class='timestamp'>2:10:14 PM</td>
					<td class='step-details'>switch In to the Frame [[ChromeDriver: chrome on WINDOWS (96a60bebe8bfd393203e51becd25a263)] -> id: InlineDialog_Iframe]<img data-featherlight='E:\schandr3\eclipse-workspace\Dynamics-CRM-V1.0\TestNG/Screenshots/2020-12-22/1608626414607.png' width='10%' src='E:\schandr3\eclipse-workspace\Dynamics-CRM-V1.0\TestNG/Screenshots/2020-12-22/1608626414607.png' data-src='E:\schandr3\eclipse-workspace\Dynamics-CRM-V1.0\TestNG/Screenshots/2020-12-22/1608626414607.png'></td>
				</tr>
				<tr class='log' status='pass'>
					<td class='status pass' title='pass' alt='pass'><i class='material-icons'>check_circle</i></td>
					<td class='timestamp'>2:10:15 PM</td>
					<td class='step-details'>OK is clicked<img data-featherlight='E:\schandr3\eclipse-workspace\Dynamics-CRM-V1.0\TestNG/Screenshots/2020-12-22/1608626415241.png' width='10%' src='E:\schandr3\eclipse-workspace\Dynamics-CRM-V1.0\TestNG/Screenshots/2020-12-22/1608626415241.png' data-src='E:\schandr3\eclipse-workspace\Dynamics-CRM-V1.0\TestNG/Screenshots/2020-12-22/1608626415241.png'></td>
				</tr>
				<tr class='log' status='pass'>
					<td class='status pass' title='pass' alt='pass'><i class='material-icons'>check_circle</i></td>
					<td class='timestamp'>2:10:18 PM</td>
					<td class='step-details'>switch out to Default Content<img data-featherlight='E:\schandr3\eclipse-workspace\Dynamics-CRM-V1.0\TestNG/Screenshots/2020-12-22/1608626418670.png' width='10%' src='E:\schandr3\eclipse-workspace\Dynamics-CRM-V1.0\TestNG/Screenshots/2020-12-22/1608626418670.png' data-src='E:\schandr3\eclipse-workspace\Dynamics-CRM-V1.0\TestNG/Screenshots/2020-12-22/1608626418670.png'></td>
				</tr>
				<tr class='log' status='pass'>
					<td class='status pass' title='pass' alt='pass'><i class='material-icons'>check_circle</i></td>
					<td class='timestamp'>2:10:19 PM</td>
					<td class='step-details'>switch In to the Frame [[ChromeDriver: chrome on WINDOWS (96a60bebe8bfd393203e51becd25a263)] -> id: contentIFrame1]<img data-featherlight='E:\schandr3\eclipse-workspace\Dynamics-CRM-V1.0\TestNG/Screenshots/2020-12-22/1608626419132.png' width='10%' src='E:\schandr3\eclipse-workspace\Dynamics-CRM-V1.0\TestNG/Screenshots/2020-12-22/1608626419132.png' data-src='E:\schandr3\eclipse-workspace\Dynamics-CRM-V1.0\TestNG/Screenshots/2020-12-22/1608626419132.png'></td>
				</tr>
				<tr class='log' status='pass'>
					<td class='status pass' title='pass' alt='pass'><i class='material-icons'>check_circle</i></td>
					<td class='timestamp'>2:10:19 PM</td>
					<td class='step-details'>Yes is clicked<img data-featherlight='E:\schandr3\eclipse-workspace\Dynamics-CRM-V1.0\TestNG/Screenshots/2020-12-22/1608626419952.png' width='10%' src='E:\schandr3\eclipse-workspace\Dynamics-CRM-V1.0\TestNG/Screenshots/2020-12-22/1608626419952.png' data-src='E:\schandr3\eclipse-workspace\Dynamics-CRM-V1.0\TestNG/Screenshots/2020-12-22/1608626419952.png'></td>
				</tr>
				<tr class='log' status='pass'>
					<td class='status pass' title='pass' alt='pass'><i class='material-icons'>check_circle</i></td>
					<td class='timestamp'>2:10:20 PM</td>
					<td class='step-details'>switch out to Default Content<img data-featherlight='E:\schandr3\eclipse-workspace\Dynamics-CRM-V1.0\TestNG/Screenshots/2020-12-22/1608626420375.png' width='10%' src='E:\schandr3\eclipse-workspace\Dynamics-CRM-V1.0\TestNG/Screenshots/2020-12-22/1608626420375.png' data-src='E:\schandr3\eclipse-workspace\Dynamics-CRM-V1.0\TestNG/Screenshots/2020-12-22/1608626420375.png'></td>
				</tr>
				<tr class='log' status='pass'>
					<td class='status pass' title='pass' alt='pass'><i class='material-icons'>check_circle</i></td>
					<td class='timestamp'>2:10:20 PM</td>
					<td class='step-details'>SAVE
SAVE THIS ACCOUNT. is clicked<img data-featherlight='E:\schandr3\eclipse-workspace\Dynamics-CRM-V1.0\TestNG/Screenshots/2020-12-22/1608626420992.png' width='10%' src='E:\schandr3\eclipse-workspace\Dynamics-CRM-V1.0\TestNG/Screenshots/2020-12-22/1608626420992.png' data-src='E:\schandr3\eclipse-workspace\Dynamics-CRM-V1.0\TestNG/Screenshots/2020-12-22/1608626420992.png'></td>
				</tr>
				<tr class='log' status='pass'>
					<td class='status pass' title='pass' alt='pass'><i class='material-icons'>check_circle</i></td>
					<td class='timestamp'>2:10:30 PM</td>
					<td class='step-details'>is clicked<img data-featherlight='E:\schandr3\eclipse-workspace\Dynamics-CRM-V1.0\TestNG/Screenshots/2020-12-22/1608626430045.png' width='10%' src='E:\schandr3\eclipse-workspace\Dynamics-CRM-V1.0\TestNG/Screenshots/2020-12-22/1608626430045.png' data-src='E:\schandr3\eclipse-workspace\Dynamics-CRM-V1.0\TestNG/Screenshots/2020-12-22/1608626430045.png'></td>
				</tr>
				<tr class='log' status='pass'>
					<td class='status pass' title='pass' alt='pass'><i class='material-icons'>check_circle</i></td>
					<td class='timestamp'>2:10:33 PM</td>
					<td class='step-details'>switch out to Default Content<img data-featherlight='E:\schandr3\eclipse-workspace\Dynamics-CRM-V1.0\TestNG/Screenshots/2020-12-22/1608626433454.png' width='10%' src='E:\schandr3\eclipse-workspace\Dynamics-CRM-V1.0\TestNG/Screenshots/2020-12-22/1608626433454.png' data-src='E:\schandr3\eclipse-workspace\Dynamics-CRM-V1.0\TestNG/Screenshots/2020-12-22/1608626433454.png'></td>
				</tr>
				<tr class='log' status='pass'>
					<td class='status pass' title='pass' alt='pass'><i class='material-icons'>check_circle</i></td>
					<td class='timestamp'>2:10:33 PM</td>
					<td class='step-details'>switch In to the Frame [[ChromeDriver: chrome on WINDOWS (96a60bebe8bfd393203e51becd25a263)] -> id: contentIFrame0]<img data-featherlight='E:\schandr3\eclipse-workspace\Dynamics-CRM-V1.0\TestNG/Screenshots/2020-12-22/1608626433900.png' width='10%' src='E:\schandr3\eclipse-workspace\Dynamics-CRM-V1.0\TestNG/Screenshots/2020-12-22/1608626433900.png' data-src='E:\schandr3\eclipse-workspace\Dynamics-CRM-V1.0\TestNG/Screenshots/2020-12-22/1608626433900.png'></td>
				</tr>
				<tr class='log' status='pass'>
					<td class='status pass' title='pass' alt='pass'><i class='material-icons'>check_circle</i></td>
					<td class='timestamp'>2:10:34 PM</td>
					<td class='step-details'>is clicked<img data-featherlight='E:\schandr3\eclipse-workspace\Dynamics-CRM-V1.0\TestNG/Screenshots/2020-12-22/1608626434524.png' width='10%' src='E:\schandr3\eclipse-workspace\Dynamics-CRM-V1.0\TestNG/Screenshots/2020-12-22/1608626434524.png' data-src='E:\schandr3\eclipse-workspace\Dynamics-CRM-V1.0\TestNG/Screenshots/2020-12-22/1608626434524.png'></td>
				</tr>
				<tr class='log' status='pass'>
					<td class='status pass' title='pass' alt='pass'><i class='material-icons'>check_circle</i></td>
					<td class='timestamp'>2:10:35 PM</td>
					<td class='step-details'>The data: 2000391336 entered successfully in the field :[[ChromeDriver: chrome on WINDOWS (96a60bebe8bfd393203e51becd25a263)] -> id: crmGrid_findCriteria]<img data-featherlight='E:\schandr3\eclipse-workspace\Dynamics-CRM-V1.0\TestNG/Screenshots/2020-12-22/1608626435127.png' width='10%' src='E:\schandr3\eclipse-workspace\Dynamics-CRM-V1.0\TestNG/Screenshots/2020-12-22/1608626435127.png' data-src='E:\schandr3\eclipse-workspace\Dynamics-CRM-V1.0\TestNG/Screenshots/2020-12-22/1608626435127.png'></td>
				</tr>
				<tr class='log' status='pass'>
					<td class='status pass' title='pass' alt='pass'><i class='material-icons'>check_circle</i></td>
					<td class='timestamp'>2:10:36 PM</td>
					<td class='step-details'>Negotiatus is clicked<img data-featherlight='E:\schandr3\eclipse-workspace\Dynamics-CRM-V1.0\TestNG/Screenshots/2020-12-22/1608626436750.png' width='10%' src='E:\schandr3\eclipse-workspace\Dynamics-CRM-V1.0\TestNG/Screenshots/2020-12-22/1608626436750.png' data-src='E:\schandr3\eclipse-workspace\Dynamics-CRM-V1.0\TestNG/Screenshots/2020-12-22/1608626436750.png'></td>
				</tr>
				<tr class='log' status='pass'>
					<td class='status pass' title='pass' alt='pass'><i class='material-icons'>check_circle</i></td>
					<td class='timestamp'>2:10:43 PM</td>
					<td class='step-details'>switch out to Default Content<img data-featherlight='E:\schandr3\eclipse-workspace\Dynamics-CRM-V1.0\TestNG/Screenshots/2020-12-22/1608626443171.png' width='10%' src='E:\schandr3\eclipse-workspace\Dynamics-CRM-V1.0\TestNG/Screenshots/2020-12-22/1608626443171.png' data-src='E:\schandr3\eclipse-workspace\Dynamics-CRM-V1.0\TestNG/Screenshots/2020-12-22/1608626443171.png'></td>
				</tr>
				<tr class='log' status='pass'>
					<td class='status pass' title='pass' alt='pass'><i class='material-icons'>check_circle</i></td>
					<td class='timestamp'>2:10:43 PM</td>
					<td class='step-details'>switch In to the Frame [[ChromeDriver: chrome on WINDOWS (96a60bebe8bfd393203e51becd25a263)] -> id: contentIFrame1]<img data-featherlight='E:\schandr3\eclipse-workspace\Dynamics-CRM-V1.0\TestNG/Screenshots/2020-12-22/1608626443614.png' width='10%' src='E:\schandr3\eclipse-workspace\Dynamics-CRM-V1.0\TestNG/Screenshots/2020-12-22/1608626443614.png' data-src='E:\schandr3\eclipse-workspace\Dynamics-CRM-V1.0\TestNG/Screenshots/2020-12-22/1608626443614.png'></td>
				</tr>
				<tr class='log' status='pass'>
					<td class='status pass' title='pass' alt='pass'><i class='material-icons'>check_circle</i></td>
					<td class='timestamp'>2:10:44 PM</td>
					<td class='step-details'>No is clicked 3<img data-featherlight='E:\schandr3\eclipse-workspace\Dynamics-CRM-V1.0\TestNG/Screenshots/2020-12-22/1608626444540.png' width='10%' src='E:\schandr3\eclipse-workspace\Dynamics-CRM-V1.0\TestNG/Screenshots/2020-12-22/1608626444540.png' data-src='E:\schandr3\eclipse-workspace\Dynamics-CRM-V1.0\TestNG/Screenshots/2020-12-22/1608626444540.png'></td>
				</tr>
				<tr class='log' status='pass'>
					<td class='status pass' title='pass' alt='pass'><i class='material-icons'>check_circle</i></td>
					<td class='timestamp'>2:10:45 PM</td>
					<td class='step-details'>Yes is clicked<img data-featherlight='E:\schandr3\eclipse-workspace\Dynamics-CRM-V1.0\TestNG/Screenshots/2020-12-22/1608626445302.png' width='10%' src='E:\schandr3\eclipse-workspace\Dynamics-CRM-V1.0\TestNG/Screenshots/2020-12-22/1608626445302.png' data-src='E:\schandr3\eclipse-workspace\Dynamics-CRM-V1.0\TestNG/Screenshots/2020-12-22/1608626445302.png'></td>
				</tr>
				<tr class='log' status='pass'>
					<td class='status pass' title='pass' alt='pass'><i class='material-icons'>check_circle</i></td>
					<td class='timestamp'>2:10:45 PM</td>
					<td class='step-details'>switch out to Default Content<img data-featherlight='E:\schandr3\eclipse-workspace\Dynamics-CRM-V1.0\TestNG/Screenshots/2020-12-22/1608626445697.png' width='10%' src='E:\schandr3\eclipse-workspace\Dynamics-CRM-V1.0\TestNG/Screenshots/2020-12-22/1608626445697.png' data-src='E:\schandr3\eclipse-workspace\Dynamics-CRM-V1.0\TestNG/Screenshots/2020-12-22/1608626445697.png'></td>
				</tr>
				<tr class='log' status='pass'>
					<td class='status pass' title='pass' alt='pass'><i class='material-icons'>check_circle</i></td>
					<td class='timestamp'>2:10:46 PM</td>
					<td class='step-details'>SAVE
SAVE THIS ACCOUNT. is clicked<img data-featherlight='E:\schandr3\eclipse-workspace\Dynamics-CRM-V1.0\TestNG/Screenshots/2020-12-22/1608626446359.png' width='10%' src='E:\schandr3\eclipse-workspace\Dynamics-CRM-V1.0\TestNG/Screenshots/2020-12-22/1608626446359.png' data-src='E:\schandr3\eclipse-workspace\Dynamics-CRM-V1.0\TestNG/Screenshots/2020-12-22/1608626446359.png'></td>
				</tr>
				<tr class='log' status='pass'>
					<td class='status pass' title='pass' alt='pass'><i class='material-icons'>check_circle</i></td>
					<td class='timestamp'>2:10:55 PM</td>
					<td class='step-details'>is clicked<img data-featherlight='E:\schandr3\eclipse-workspace\Dynamics-CRM-V1.0\TestNG/Screenshots/2020-12-22/1608626455205.png' width='10%' src='E:\schandr3\eclipse-workspace\Dynamics-CRM-V1.0\TestNG/Screenshots/2020-12-22/1608626455205.png' data-src='E:\schandr3\eclipse-workspace\Dynamics-CRM-V1.0\TestNG/Screenshots/2020-12-22/1608626455205.png'></td>
				</tr>
				<tr class='log' status='pass'>
					<td class='status pass' title='pass' alt='pass'><i class='material-icons'>check_circle</i></td>
					<td class='timestamp'>2:10:59 PM</td>
					<td class='step-details'>NEW
CREATE A NEW ACCOUNT RECORD. is clicked<img data-featherlight='E:\schandr3\eclipse-workspace\Dynamics-CRM-V1.0\TestNG/Screenshots/2020-12-22/1608626459509.png' width='10%' src='E:\schandr3\eclipse-workspace\Dynamics-CRM-V1.0\TestNG/Screenshots/2020-12-22/1608626459509.png' data-src='E:\schandr3\eclipse-workspace\Dynamics-CRM-V1.0\TestNG/Screenshots/2020-12-22/1608626459509.png'></td>
				</tr>
				<tr class='log' status='pass'>
					<td class='status pass' title='pass' alt='pass'><i class='material-icons'>check_circle</i></td>
					<td class='timestamp'>2:11:00 PM</td>
					<td class='step-details'>switch In to the Frame [[ChromeDriver: chrome on WINDOWS (96a60bebe8bfd393203e51becd25a263)] -> id: contentIFrame1]<img data-featherlight='E:\schandr3\eclipse-workspace\Dynamics-CRM-V1.0\TestNG/Screenshots/2020-12-22/1608626460437.png' width='10%' src='E:\schandr3\eclipse-workspace\Dynamics-CRM-V1.0\TestNG/Screenshots/2020-12-22/1608626460437.png' data-src='E:\schandr3\eclipse-workspace\Dynamics-CRM-V1.0\TestNG/Screenshots/2020-12-22/1608626460437.png'></td>
				</tr>
				<tr class='log' status='pass'>
					<td class='status pass' title='pass' alt='pass'><i class='material-icons'>check_circle</i></td>
					<td class='timestamp'>2:11:01 PM</td>
					<td class='step-details'>ACCOUNT : MEMBER FORM is clicked<img data-featherlight='E:\schandr3\eclipse-workspace\Dynamics-CRM-V1.0\TestNG/Screenshots/2020-12-22/1608626461615.png' width='10%' src='E:\schandr3\eclipse-workspace\Dynamics-CRM-V1.0\TestNG/Screenshots/2020-12-22/1608626461615.png' data-src='E:\schandr3\eclipse-workspace\Dynamics-CRM-V1.0\TestNG/Screenshots/2020-12-22/1608626461615.png'></td>
				</tr>
				<tr class='log' status='pass'>
					<td class='status pass' title='pass' alt='pass'><i class='material-icons'>check_circle</i></td>
					<td class='timestamp'>2:11:02 PM</td>
					<td class='step-details'>Member Form is clicked<img data-featherlight='E:\schandr3\eclipse-workspace\Dynamics-CRM-V1.0\TestNG/Screenshots/2020-12-22/1608626462415.png' width='10%' src='E:\schandr3\eclipse-workspace\Dynamics-CRM-V1.0\TestNG/Screenshots/2020-12-22/1608626462415.png' data-src='E:\schandr3\eclipse-workspace\Dynamics-CRM-V1.0\TestNG/Screenshots/2020-12-22/1608626462415.png'></td>
				</tr>
				<tr class='log' status='pass'>
					<td class='status pass' title='pass' alt='pass'><i class='material-icons'>check_circle</i></td>
					<td class='timestamp'>2:11:03 PM</td>
					<td class='step-details'>is clicked<img data-featherlight='E:\schandr3\eclipse-workspace\Dynamics-CRM-V1.0\TestNG/Screenshots/2020-12-22/1608626463262.png' width='10%' src='E:\schandr3\eclipse-workspace\Dynamics-CRM-V1.0\TestNG/Screenshots/2020-12-22/1608626463262.png' data-src='E:\schandr3\eclipse-workspace\Dynamics-CRM-V1.0\TestNG/Screenshots/2020-12-22/1608626463262.png'></td>
				</tr>
				<tr class='log' status='pass'>
					<td class='status pass' title='pass' alt='pass'><i class='material-icons'>check_circle</i></td>
					<td class='timestamp'>2:11:04 PM</td>
					<td class='step-details'>is clicked<img data-featherlight='E:\schandr3\eclipse-workspace\Dynamics-CRM-V1.0\TestNG/Screenshots/2020-12-22/1608626464363.png' width='10%' src='E:\schandr3\eclipse-workspace\Dynamics-CRM-V1.0\TestNG/Screenshots/2020-12-22/1608626464363.png' data-src='E:\schandr3\eclipse-workspace\Dynamics-CRM-V1.0\TestNG/Screenshots/2020-12-22/1608626464363.png'></td>
				</tr>
				<tr class='log' status='pass'>
					<td class='status pass' title='pass' alt='pass'><i class='material-icons'>check_circle</i></td>
					<td class='timestamp'>2:11:05 PM</td>
					<td class='step-details'>is clicked<img data-featherlight='E:\schandr3\eclipse-workspace\Dynamics-CRM-V1.0\TestNG/Screenshots/2020-12-22/1608626465126.png' width='10%' src='E:\schandr3\eclipse-workspace\Dynamics-CRM-V1.0\TestNG/Screenshots/2020-12-22/1608626465126.png' data-src='E:\schandr3\eclipse-workspace\Dynamics-CRM-V1.0\TestNG/Screenshots/2020-12-22/1608626465126.png'></td>
				</tr>
				<tr class='log' status='pass'>
					<td class='status pass' title='pass' alt='pass'><i class='material-icons'>check_circle</i></td>
					<td class='timestamp'>2:11:06 PM</td>
					<td class='step-details'>Business Classification is clicked 3<img data-featherlight='E:\schandr3\eclipse-workspace\Dynamics-CRM-V1.0\TestNG/Screenshots/2020-12-22/1608626466174.png' width='10%' src='E:\schandr3\eclipse-workspace\Dynamics-CRM-V1.0\TestNG/Screenshots/2020-12-22/1608626466174.png' data-src='E:\schandr3\eclipse-workspace\Dynamics-CRM-V1.0\TestNG/Screenshots/2020-12-22/1608626466174.png'></td>
				</tr>
				<tr class='log' status='pass'>
					<td class='status pass' title='pass' alt='pass'><i class='material-icons'>check_circle</i></td>
					<td class='timestamp'>2:11:07 PM</td>
					<td class='step-details'>is clicked<img data-featherlight='E:\schandr3\eclipse-workspace\Dynamics-CRM-V1.0\TestNG/Screenshots/2020-12-22/1608626466995.png' width='10%' src='E:\schandr3\eclipse-workspace\Dynamics-CRM-V1.0\TestNG/Screenshots/2020-12-22/1608626466995.png' data-src='E:\schandr3\eclipse-workspace\Dynamics-CRM-V1.0\TestNG/Screenshots/2020-12-22/1608626466995.png'></td>
				</tr>
				<tr class='log' status='pass'>
					<td class='status pass' title='pass' alt='pass'><i class='material-icons'>check_circle</i></td>
					<td class='timestamp'>2:11:07 PM</td>
					<td class='step-details'>The data: Acute entered successfully in  :[[ChromeDriver: chrome on WINDOWS (96a60bebe8bfd393203e51becd25a263)] -> id: ix_businessclassification_ledit]<img data-featherlight='E:\schandr3\eclipse-workspace\Dynamics-CRM-V1.0\TestNG/Screenshots/2020-12-22/1608626467916.png' width='10%' src='E:\schandr3\eclipse-workspace\Dynamics-CRM-V1.0\TestNG/Screenshots/2020-12-22/1608626467916.png' data-src='E:\schandr3\eclipse-workspace\Dynamics-CRM-V1.0\TestNG/Screenshots/2020-12-22/1608626467916.png'></td>
				</tr>
				<tr class='log' status='pass'>
					<td class='status pass' title='pass' alt='pass'><i class='material-icons'>check_circle</i></td>
					<td class='timestamp'>2:11:11 PM</td>
					<td class='step-details'>Class of Trade is clicked 3<img data-featherlight='E:\schandr3\eclipse-workspace\Dynamics-CRM-V1.0\TestNG/Screenshots/2020-12-22/1608626471819.png' width='10%' src='E:\schandr3\eclipse-workspace\Dynamics-CRM-V1.0\TestNG/Screenshots/2020-12-22/1608626471819.png' data-src='E:\schandr3\eclipse-workspace\Dynamics-CRM-V1.0\TestNG/Screenshots/2020-12-22/1608626471819.png'></td>
				</tr>
				<tr class='log' status='pass'>
					<td class='status pass' title='pass' alt='pass'><i class='material-icons'>check_circle</i></td>
					<td class='timestamp'>2:11:12 PM</td>
					<td class='step-details'>Class of Trade is clicked<img data-featherlight='E:\schandr3\eclipse-workspace\Dynamics-CRM-V1.0\TestNG/Screenshots/2020-12-22/1608626472554.png' width='10%' src='E:\schandr3\eclipse-workspace\Dynamics-CRM-V1.0\TestNG/Screenshots/2020-12-22/1608626472554.png' data-src='E:\schandr3\eclipse-workspace\Dynamics-CRM-V1.0\TestNG/Screenshots/2020-12-22/1608626472554.png'></td>
				</tr>
				<tr class='log' status='pass'>
					<td class='status pass' title='pass' alt='pass'><i class='material-icons'>check_circle</i></td>
					<td class='timestamp'>2:11:13 PM</td>
					<td class='step-details'>Active is displayed<img data-featherlight='E:\schandr3\eclipse-workspace\Dynamics-CRM-V1.0\TestNG/Screenshots/2020-12-22/1608626473246.png' width='10%' src='E:\schandr3\eclipse-workspace\Dynamics-CRM-V1.0\TestNG/Screenshots/2020-12-22/1608626473246.png' data-src='E:\schandr3\eclipse-workspace\Dynamics-CRM-V1.0\TestNG/Screenshots/2020-12-22/1608626473246.png'></td>
				</tr>
				<tr class='log' status='pass'>
					<td class='status pass' title='pass' alt='pass'><i class='material-icons'>check_circle</i></td>
					<td class='timestamp'>2:11:13 PM</td>
					<td class='step-details'>Active is displayed<img data-featherlight='E:\schandr3\eclipse-workspace\Dynamics-CRM-V1.0\TestNG/Screenshots/2020-12-22/1608626473647.png' width='10%' src='E:\schandr3\eclipse-workspace\Dynamics-CRM-V1.0\TestNG/Screenshots/2020-12-22/1608626473647.png' data-src='E:\schandr3\eclipse-workspace\Dynamics-CRM-V1.0\TestNG/Screenshots/2020-12-22/1608626473647.png'></td>
				</tr>
				<tr class='log' status='pass'>
					<td class='status pass' title='pass' alt='pass'><i class='material-icons'>check_circle</i></td>
					<td class='timestamp'>2:11:14 PM</td>
					<td class='step-details'>The text :Active matches with the value :Active<img data-featherlight='E:\schandr3\eclipse-workspace\Dynamics-CRM-V1.0\TestNG/Screenshots/2020-12-22/1608626474029.png' width='10%' src='E:\schandr3\eclipse-workspace\Dynamics-CRM-V1.0\TestNG/Screenshots/2020-12-22/1608626474029.png' data-src='E:\schandr3\eclipse-workspace\Dynamics-CRM-V1.0\TestNG/Screenshots/2020-12-22/1608626474029.png'></td>
				</tr>
				<tr class='log' status='pass'>
					<td class='status pass' title='pass' alt='pass'><i class='material-icons'>check_circle</i></td>
					<td class='timestamp'>2:11:15 PM</td>
					<td class='step-details'>is clicked<img data-featherlight='E:\schandr3\eclipse-workspace\Dynamics-CRM-V1.0\TestNG/Screenshots/2020-12-22/1608626475072.png' width='10%' src='E:\schandr3\eclipse-workspace\Dynamics-CRM-V1.0\TestNG/Screenshots/2020-12-22/1608626475072.png' data-src='E:\schandr3\eclipse-workspace\Dynamics-CRM-V1.0\TestNG/Screenshots/2020-12-22/1608626475072.png'></td>
				</tr>
				<tr class='log' status='pass'>
					<td class='status pass' title='pass' alt='pass'><i class='material-icons'>check_circle</i></td>
					<td class='timestamp'>2:11:16 PM</td>
					<td class='step-details'>is clicked<img data-featherlight='E:\schandr3\eclipse-workspace\Dynamics-CRM-V1.0\TestNG/Screenshots/2020-12-22/1608626476234.png' width='10%' src='E:\schandr3\eclipse-workspace\Dynamics-CRM-V1.0\TestNG/Screenshots/2020-12-22/1608626476234.png' data-src='E:\schandr3\eclipse-workspace\Dynamics-CRM-V1.0\TestNG/Screenshots/2020-12-22/1608626476234.png'></td>
				</tr>
				<tr class='log' status='pass'>
					<td class='status pass' title='pass' alt='pass'><i class='material-icons'>check_circle</i></td>
					<td class='timestamp'>2:11:16 PM</td>
					<td class='step-details'>[[ChromeDriver: chrome on WINDOWS (96a60bebe8bfd393203e51becd25a263)] -> id: ix_participationtype_i] is selected with text Standard<img data-featherlight='E:\schandr3\eclipse-workspace\Dynamics-CRM-V1.0\TestNG/Screenshots/2020-12-22/1608626476908.png' width='10%' src='E:\schandr3\eclipse-workspace\Dynamics-CRM-V1.0\TestNG/Screenshots/2020-12-22/1608626476908.png' data-src='E:\schandr3\eclipse-workspace\Dynamics-CRM-V1.0\TestNG/Screenshots/2020-12-22/1608626476908.png'></td>
				</tr>
				<tr class='log' status='pass'>
					<td class='status pass' title='pass' alt='pass'><i class='material-icons'>check_circle</i></td>
					<td class='timestamp'>2:11:17 PM</td>
					<td class='step-details'>switch out to Default Content<img data-featherlight='E:\schandr3\eclipse-workspace\Dynamics-CRM-V1.0\TestNG/Screenshots/2020-12-22/1608626477320.png' width='10%' src='E:\schandr3\eclipse-workspace\Dynamics-CRM-V1.0\TestNG/Screenshots/2020-12-22/1608626477320.png' data-src='E:\schandr3\eclipse-workspace\Dynamics-CRM-V1.0\TestNG/Screenshots/2020-12-22/1608626477320.png'></td>
				</tr>
				<tr class='log' status='pass'>
					<td class='status pass' title='pass' alt='pass'><i class='material-icons'>check_circle</i></td>
					<td class='timestamp'>2:11:17 PM</td>
					<td class='step-details'>switch In to the Frame [[ChromeDriver: chrome on WINDOWS (96a60bebe8bfd393203e51becd25a263)] -> id: contentIFrame1]<img data-featherlight='E:\schandr3\eclipse-workspace\Dynamics-CRM-V1.0\TestNG/Screenshots/2020-12-22/1608626477744.png' width='10%' src='E:\schandr3\eclipse-workspace\Dynamics-CRM-V1.0\TestNG/Screenshots/2020-12-22/1608626477744.png' data-src='E:\schandr3\eclipse-workspace\Dynamics-CRM-V1.0\TestNG/Screenshots/2020-12-22/1608626477744.png'></td>
				</tr>
				<tr class='log' status='pass'>
					<td class='status pass' title='pass' alt='pass'><i class='material-icons'>check_circle</i></td>
					<td class='timestamp'>2:11:18 PM</td>
					<td class='step-details'>No is clicked<img data-featherlight='E:\schandr3\eclipse-workspace\Dynamics-CRM-V1.0\TestNG/Screenshots/2020-12-22/1608626478591.png' width='10%' src='E:\schandr3\eclipse-workspace\Dynamics-CRM-V1.0\TestNG/Screenshots/2020-12-22/1608626478591.png' data-src='E:\schandr3\eclipse-workspace\Dynamics-CRM-V1.0\TestNG/Screenshots/2020-12-22/1608626478591.png'></td>
				</tr>
				<tr class='log' status='pass'>
					<td class='status pass' title='pass' alt='pass'><i class='material-icons'>check_circle</i></td>
					<td class='timestamp'>2:11:18 PM</td>
					<td class='step-details'>switch out to Default Content<img data-featherlight='E:\schandr3\eclipse-workspace\Dynamics-CRM-V1.0\TestNG/Screenshots/2020-12-22/1608626478990.png' width='10%' src='E:\schandr3\eclipse-workspace\Dynamics-CRM-V1.0\TestNG/Screenshots/2020-12-22/1608626478990.png' data-src='E:\schandr3\eclipse-workspace\Dynamics-CRM-V1.0\TestNG/Screenshots/2020-12-22/1608626478990.png'></td>
				</tr>
				<tr class='log' status='pass'>
					<td class='status pass' title='pass' alt='pass'><i class='material-icons'>check_circle</i></td>
					<td class='timestamp'>2:11:19 PM</td>
					<td class='step-details'>SAVE
SAVE THIS ACCOUNT. is clicked<img data-featherlight='E:\schandr3\eclipse-workspace\Dynamics-CRM-V1.0\TestNG/Screenshots/2020-12-22/1608626479671.png' width='10%' src='E:\schandr3\eclipse-workspace\Dynamics-CRM-V1.0\TestNG/Screenshots/2020-12-22/1608626479671.png' data-src='E:\schandr3\eclipse-workspace\Dynamics-CRM-V1.0\TestNG/Screenshots/2020-12-22/1608626479671.png'></td>
				</tr>
				<tr class='log' status='pass'>
					<td class='status pass' title='pass' alt='pass'><i class='material-icons'>check_circle</i></td>
					<td class='timestamp'>2:11:28 PM</td>
					<td class='step-details'>switch out to Default Content<img data-featherlight='E:\schandr3\eclipse-workspace\Dynamics-CRM-V1.0\TestNG/Screenshots/2020-12-22/1608626488069.png' width='10%' src='E:\schandr3\eclipse-workspace\Dynamics-CRM-V1.0\TestNG/Screenshots/2020-12-22/1608626488069.png' data-src='E:\schandr3\eclipse-workspace\Dynamics-CRM-V1.0\TestNG/Screenshots/2020-12-22/1608626488069.png'></td>
				</tr>
				<tr class='log' status='pass'>
					<td class='status pass' title='pass' alt='pass'><i class='material-icons'>check_circle</i></td>
					<td class='timestamp'>2:11:28 PM</td>
					<td class='step-details'>switch In to the Frame [[ChromeDriver: chrome on WINDOWS (96a60bebe8bfd393203e51becd25a263)] -> id: contentIFrame1]<img data-featherlight='E:\schandr3\eclipse-workspace\Dynamics-CRM-V1.0\TestNG/Screenshots/2020-12-22/1608626488530.png' width='10%' src='E:\schandr3\eclipse-workspace\Dynamics-CRM-V1.0\TestNG/Screenshots/2020-12-22/1608626488530.png' data-src='E:\schandr3\eclipse-workspace\Dynamics-CRM-V1.0\TestNG/Screenshots/2020-12-22/1608626488530.png'></td>
				</tr>
				<tr class='log' status='pass'>
					<td class='status pass' title='pass' alt='pass'><i class='material-icons'>check_circle</i></td>
					<td class='timestamp'>2:11:29 PM</td>
					<td class='step-details'>Yes is clicked<img data-featherlight='E:\schandr3\eclipse-workspace\Dynamics-CRM-V1.0\TestNG/Screenshots/2020-12-22/1608626489320.png' width='10%' src='E:\schandr3\eclipse-workspace\Dynamics-CRM-V1.0\TestNG/Screenshots/2020-12-22/1608626489320.png' data-src='E:\schandr3\eclipse-workspace\Dynamics-CRM-V1.0\TestNG/Screenshots/2020-12-22/1608626489320.png'></td>
				</tr>
				<tr class='log' status='pass'>
					<td class='status pass' title='pass' alt='pass'><i class='material-icons'>check_circle</i></td>
					<td class='timestamp'>2:11:29 PM</td>
					<td class='step-details'>switch out to Default Content<img data-featherlight='E:\schandr3\eclipse-workspace\Dynamics-CRM-V1.0\TestNG/Screenshots/2020-12-22/1608626489747.png' width='10%' src='E:\schandr3\eclipse-workspace\Dynamics-CRM-V1.0\TestNG/Screenshots/2020-12-22/1608626489747.png' data-src='E:\schandr3\eclipse-workspace\Dynamics-CRM-V1.0\TestNG/Screenshots/2020-12-22/1608626489747.png'></td>
				</tr>
				<tr class='log' status='pass'>
					<td class='status pass' title='pass' alt='pass'><i class='material-icons'>check_circle</i></td>
					<td class='timestamp'>2:11:30 PM</td>
					<td class='step-details'>SAVE
SAVE THIS ACCOUNT. is clicked<img data-featherlight='E:\schandr3\eclipse-workspace\Dynamics-CRM-V1.0\TestNG/Screenshots/2020-12-22/1608626490467.png' width='10%' src='E:\schandr3\eclipse-workspace\Dynamics-CRM-V1.0\TestNG/Screenshots/2020-12-22/1608626490467.png' data-src='E:\schandr3\eclipse-workspace\Dynamics-CRM-V1.0\TestNG/Screenshots/2020-12-22/1608626490467.png'></td>
				</tr>
				<tr class='log' status='pass'>
					<td class='status pass' title='pass' alt='pass'><i class='material-icons'>check_circle</i></td>
					<td class='timestamp'>2:11:38 PM</td>
					<td class='step-details'>switch out to Default Content<img data-featherlight='E:\schandr3\eclipse-workspace\Dynamics-CRM-V1.0\TestNG/Screenshots/2020-12-22/1608626498871.png' width='10%' src='E:\schandr3\eclipse-workspace\Dynamics-CRM-V1.0\TestNG/Screenshots/2020-12-22/1608626498871.png' data-src='E:\schandr3\eclipse-workspace\Dynamics-CRM-V1.0\TestNG/Screenshots/2020-12-22/1608626498871.png'></td>
				</tr>
				<tr class='log' status='pass'>
					<td class='status pass' title='pass' alt='pass'><i class='material-icons'>check_circle</i></td>
					<td class='timestamp'>2:11:39 PM</td>
					<td class='step-details'>switch In to the Frame [[ChromeDriver: chrome on WINDOWS (96a60bebe8bfd393203e51becd25a263)] -> id: contentIFrame1]<img data-featherlight='E:\schandr3\eclipse-workspace\Dynamics-CRM-V1.0\TestNG/Screenshots/2020-12-22/1608626499308.png' width='10%' src='E:\schandr3\eclipse-workspace\Dynamics-CRM-V1.0\TestNG/Screenshots/2020-12-22/1608626499308.png' data-src='E:\schandr3\eclipse-workspace\Dynamics-CRM-V1.0\TestNG/Screenshots/2020-12-22/1608626499308.png'></td>
				</tr>
				<tr class='log' status='pass'>
					<td class='status pass' title='pass' alt='pass'><i class='material-icons'>check_circle</i></td>
					<td class='timestamp'>2:11:40 PM</td>
					<td class='step-details'>No is clicked<img data-featherlight='E:\schandr3\eclipse-workspace\Dynamics-CRM-V1.0\TestNG/Screenshots/2020-12-22/1608626500061.png' width='10%' src='E:\schandr3\eclipse-workspace\Dynamics-CRM-V1.0\TestNG/Screenshots/2020-12-22/1608626500061.png' data-src='E:\schandr3\eclipse-workspace\Dynamics-CRM-V1.0\TestNG/Screenshots/2020-12-22/1608626500061.png'></td>
				</tr>
				<tr class='log' status='pass'>
					<td class='status pass' title='pass' alt='pass'><i class='material-icons'>check_circle</i></td>
					<td class='timestamp'>2:11:40 PM</td>
					<td class='step-details'>switch out to Default Content<img data-featherlight='E:\schandr3\eclipse-workspace\Dynamics-CRM-V1.0\TestNG/Screenshots/2020-12-22/1608626500462.png' width='10%' src='E:\schandr3\eclipse-workspace\Dynamics-CRM-V1.0\TestNG/Screenshots/2020-12-22/1608626500462.png' data-src='E:\schandr3\eclipse-workspace\Dynamics-CRM-V1.0\TestNG/Screenshots/2020-12-22/1608626500462.png'></td>
				</tr>
				<tr class='log' status='pass'>
					<td class='status pass' title='pass' alt='pass'><i class='material-icons'>check_circle</i></td>
					<td class='timestamp'>2:11:41 PM</td>
					<td class='step-details'>SAVE
SAVE THIS ACCOUNT. is clicked<img data-featherlight='E:\schandr3\eclipse-workspace\Dynamics-CRM-V1.0\TestNG/Screenshots/2020-12-22/1608626501142.png' width='10%' src='E:\schandr3\eclipse-workspace\Dynamics-CRM-V1.0\TestNG/Screenshots/2020-12-22/1608626501142.png' data-src='E:\schandr3\eclipse-workspace\Dynamics-CRM-V1.0\TestNG/Screenshots/2020-12-22/1608626501142.png'></td>
				</tr>
				<tr class='log' status='pass'>
					<td class='status pass' title='pass' alt='pass'><i class='material-icons'>check_circle</i></td>
					<td class='timestamp'>2:11:49 PM</td>
					<td class='step-details'>switch In to the Frame [[ChromeDriver: chrome on WINDOWS (96a60bebe8bfd393203e51becd25a263)] -> id: contentIFrame1]<img data-featherlight='E:\schandr3\eclipse-workspace\Dynamics-CRM-V1.0\TestNG/Screenshots/2020-12-22/1608626509596.png' width='10%' src='E:\schandr3\eclipse-workspace\Dynamics-CRM-V1.0\TestNG/Screenshots/2020-12-22/1608626509596.png' data-src='E:\schandr3\eclipse-workspace\Dynamics-CRM-V1.0\TestNG/Screenshots/2020-12-22/1608626509596.png'></td>
				</tr>
				<tr class='log' status='pass'>
					<td class='status pass' title='pass' alt='pass'><i class='material-icons'>check_circle</i></td>
					<td class='timestamp'>2:11:50 PM</td>
					<td class='step-details'>BKAcc07637 is displayed<img data-featherlight='E:\schandr3\eclipse-workspace\Dynamics-CRM-V1.0\TestNG/Screenshots/2020-12-22/1608626510070.png' width='10%' src='E:\schandr3\eclipse-workspace\Dynamics-CRM-V1.0\TestNG/Screenshots/2020-12-22/1608626510070.png' data-src='E:\schandr3\eclipse-workspace\Dynamics-CRM-V1.0\TestNG/Screenshots/2020-12-22/1608626510070.png'></td>
				</tr>
				<tr class='log' status='pass'>
					<td class='status pass' title='pass' alt='pass'><i class='material-icons'>check_circle</i></td>
					<td class='timestamp'>2:11:51 PM</td>
					<td class='step-details'><span class='label white-text green'>TFS ID_ 1141 : Validate Business Key PASSED</span></td>
				</tr>
			</tbody>
		</table>
	</div>
					</div>
				</li>
				
				
				<li class='test displayed active  skip' status='skip' bdd='false' test-id='2'>
					<div class='test-heading'>
						<span class='test-name'>TFS ID_ 1148 : Validate Address Changes</span>
						<span class='test-time'>Dec 22, 2020 02:11:51 PM</span>
						<span class='test-status right skip'>skip</span>
					</div>
					<div class='test-content hide'>
<div class='test-time-info'>
	<span class='label start-time'>Dec 22, 2020 02:11:51 PM</span>
	<span class='label end-time'>Dec 22, 2020 02:11:51 PM</span>
	<span class='label time-taken grey lighten-1 white-text'>0h 0m 0s+59ms</span>
</div>
	<div class='test-attributes'>
			<div class='category-list'>
				<span class='category label white-text'>Member</span>
				<span class='category label white-text'>Regression</span>
			</div>
	</div>
	<div class='test-steps'>
		<table class='bordered table-results'>
			<thead>
				<tr>
					<th>Status</th>
					<th>Timestamp</th>
					<th>Details</th>
				</tr>
			</thead>
			<tbody>
				<tr class='log' status='skip'>
					<td class='status skip' title='skip' alt='skip'><i class='material-icons'>redo</i></td>
					<td class='timestamp'>2:11:51 PM</td>
					<td class='step-details'><span class='label white-text orange'>TFS ID_ 1148 : Validate Address Changes SKIPPED</span></td>
				</tr>
				<tr class='log' status='skip'>
					<td class='status skip' title='skip' alt='skip'><i class='material-icons'>redo</i></td>
					<td class='timestamp'>2:11:51 PM</td>
					<td class='step-details'><pre>org.testng.SkipException: Skipping execution for  :TFS ID_ 1148 : Validate Address Changes
	at driver.Driver.executeTestcase(Driver.java:75)
	at java.base/jdk.internal.reflect.NativeMethodAccessorImpl.invoke0(Native Method)
	at java.base/jdk.internal.reflect.NativeMethodAccessorImpl.invoke(NativeMethodAccessorImpl.java:62)
	at java.base/jdk.internal.reflect.DelegatingMethodAccessorImpl.invoke(DelegatingMethodAccessorImpl.java:43)
	at java.base/java.lang.reflect.Method.invoke(Method.java:566)
	at org.testng.internal.MethodInvocationHelper.invokeMethod(MethodInvocationHelper.java:132)
	at org.testng.internal.TestInvoker.invokeMethod(TestInvoker.java:599)
	at org.testng.internal.TestInvoker.invokeTestMethod(TestInvoker.java:174)
	at org.testng.internal.MethodRunner.runInSequence(MethodRunner.java:46)
	at org.testng.internal.TestInvoker$MethodInvocationAgent.invoke(TestInvoker.java:822)
	at org.testng.internal.TestInvoker.invokeTestMethods(TestInvoker.java:147)
	at org.testng.internal.TestMethodWorker.invokeTestMethods(TestMethodWorker.java:146)
	at org.testng.internal.TestMethodWorker.run(TestMethodWorker.java:128)
	at java.base/java.util.ArrayList.forEach(ArrayList.java:1540)
	at org.testng.TestRunner.privateRun(TestRunner.java:764)
	at org.testng.TestRunner.run(TestRunner.java:585)
	at org.testng.SuiteRunner.runTest(SuiteRunner.java:384)
	at org.testng.SuiteRunner.runSequentially(SuiteRunner.java:378)
	at org.testng.SuiteRunner.privateRun(SuiteRunner.java:337)
	at org.testng.SuiteRunner.run(SuiteRunner.java:286)
	at org.testng.SuiteRunnerWorker.runSuite(SuiteRunnerWorker.java:53)
	at org.testng.SuiteRunnerWorker.run(SuiteRunnerWorker.java:96)
	at org.testng.TestNG.runSuitesSequentially(TestNG.java:1218)
	at org.testng.TestNG.runSuitesLocally(TestNG.java:1140)
	at org.testng.TestNG.runSuites(TestNG.java:1069)
	at org.testng.TestNG.run(TestNG.java:1037)
	at org.testng.remote.AbstractRemoteTestNG.run(AbstractRemoteTestNG.java:115)
	at org.testng.remote.RemoteTestNG.initAndRun(RemoteTestNG.java:251)
	at org.testng.remote.RemoteTestNG.main(RemoteTestNG.java:77)
</pre></td>
				</tr>
			</tbody>
		</table>
	</div>
					</div>
				</li>
				
				
				<li class='test displayed active  skip' status='skip' bdd='false' test-id='3'>
					<div class='test-heading'>
						<span class='test-name'>TFS ID_ 1152 : Validate Convert Acct Entity Code to Ship-to Acct</span>
						<span class='test-time'>Dec 22, 2020 02:11:51 PM</span>
						<span class='test-status right skip'>skip</span>
					</div>
					<div class='test-content hide'>
<div class='test-time-info'>
	<span class='label start-time'>Dec 22, 2020 02:11:51 PM</span>
	<span class='label end-time'>Dec 22, 2020 02:11:51 PM</span>
	<span class='label time-taken grey lighten-1 white-text'>0h 0m 0s+63ms</span>
</div>
	<div class='test-attributes'>
			<div class='category-list'>
				<span class='category label white-text'>Member</span>
				<span class='category label white-text'>Regression</span>
			</div>
	</div>
	<div class='test-steps'>
		<table class='bordered table-results'>
			<thead>
				<tr>
					<th>Status</th>
					<th>Timestamp</th>
					<th>Details</th>
				</tr>
			</thead>
			<tbody>
				<tr class='log' status='skip'>
					<td class='status skip' title='skip' alt='skip'><i class='material-icons'>redo</i></td>
					<td class='timestamp'>2:11:51 PM</td>
					<td class='step-details'><span class='label white-text orange'>TFS ID_ 1152 : Validate Convert Acct Entity Code to Ship-to Acct SKIPPED</span></td>
				</tr>
				<tr class='log' status='skip'>
					<td class='status skip' title='skip' alt='skip'><i class='material-icons'>redo</i></td>
					<td class='timestamp'>2:11:51 PM</td>
					<td class='step-details'><pre>org.testng.SkipException: Skipping execution for  :TFS ID_ 1152 : Validate Convert Acct Entity Code to Ship-to Acct
	at driver.Driver.executeTestcase(Driver.java:75)
	at java.base/jdk.internal.reflect.NativeMethodAccessorImpl.invoke0(Native Method)
	at java.base/jdk.internal.reflect.NativeMethodAccessorImpl.invoke(NativeMethodAccessorImpl.java:62)
	at java.base/jdk.internal.reflect.DelegatingMethodAccessorImpl.invoke(DelegatingMethodAccessorImpl.java:43)
	at java.base/java.lang.reflect.Method.invoke(Method.java:566)
	at org.testng.internal.MethodInvocationHelper.invokeMethod(MethodInvocationHelper.java:132)
	at org.testng.internal.TestInvoker.invokeMethod(TestInvoker.java:599)
	at org.testng.internal.TestInvoker.invokeTestMethod(TestInvoker.java:174)
	at org.testng.internal.MethodRunner.runInSequence(MethodRunner.java:46)
	at org.testng.internal.TestInvoker$MethodInvocationAgent.invoke(TestInvoker.java:822)
	at org.testng.internal.TestInvoker.invokeTestMethods(TestInvoker.java:147)
	at org.testng.internal.TestMethodWorker.invokeTestMethods(TestMethodWorker.java:146)
	at org.testng.internal.TestMethodWorker.run(TestMethodWorker.java:128)
	at java.base/java.util.ArrayList.forEach(ArrayList.java:1540)
	at org.testng.TestRunner.privateRun(TestRunner.java:764)
	at org.testng.TestRunner.run(TestRunner.java:585)
	at org.testng.SuiteRunner.runTest(SuiteRunner.java:384)
	at org.testng.SuiteRunner.runSequentially(SuiteRunner.java:378)
	at org.testng.SuiteRunner.privateRun(SuiteRunner.java:337)
	at org.testng.SuiteRunner.run(SuiteRunner.java:286)
	at org.testng.SuiteRunnerWorker.runSuite(SuiteRunnerWorker.java:53)
	at org.testng.SuiteRunnerWorker.run(SuiteRunnerWorker.java:96)
	at org.testng.TestNG.runSuitesSequentially(TestNG.java:1218)
	at org.testng.TestNG.runSuitesLocally(TestNG.java:1140)
	at org.testng.TestNG.runSuites(TestNG.java:1069)
	at org.testng.TestNG.run(TestNG.java:1037)
	at org.testng.remote.AbstractRemoteTestNG.run(AbstractRemoteTestNG.java:115)
	at org.testng.remote.RemoteTestNG.initAndRun(RemoteTestNG.java:251)
	at org.testng.remote.RemoteTestNG.main(RemoteTestNG.java:77)
</pre></td>
				</tr>
			</tbody>
		</table>
	</div>
					</div>
				</li>
				
				
				<li class='test displayed active  skip' status='skip' bdd='false' test-id='4'>
					<div class='test-heading'>
						<span class='test-name'>TFS ID_ 1241 : Validate that a Non-GPO can only be changed to Member</span>
						<span class='test-time'>Dec 22, 2020 02:11:51 PM</span>
						<span class='test-status right skip'>skip</span>
					</div>
					<div class='test-content hide'>
<div class='test-time-info'>
	<span class='label start-time'>Dec 22, 2020 02:11:51 PM</span>
	<span class='label end-time'>Dec 22, 2020 02:11:51 PM</span>
	<span class='label time-taken grey lighten-1 white-text'>0h 0m 0s+54ms</span>
</div>
	<div class='test-attributes'>
			<div class='category-list'>
				<span class='category label white-text'>Member</span>
				<span class='category label white-text'>Regression</span>
			</div>
	</div>
	<div class='test-steps'>
		<table class='bordered table-results'>
			<thead>
				<tr>
					<th>Status</th>
					<th>Timestamp</th>
					<th>Details</th>
				</tr>
			</thead>
			<tbody>
				<tr class='log' status='skip'>
					<td class='status skip' title='skip' alt='skip'><i class='material-icons'>redo</i></td>
					<td class='timestamp'>2:11:51 PM</td>
					<td class='step-details'><span class='label white-text orange'>TFS ID_ 1241 : Validate that a Non-GPO can only be changed to Member SKIPPED</span></td>
				</tr>
				<tr class='log' status='skip'>
					<td class='status skip' title='skip' alt='skip'><i class='material-icons'>redo</i></td>
					<td class='timestamp'>2:11:51 PM</td>
					<td class='step-details'><pre>org.testng.SkipException: Skipping execution for  :TFS ID_ 1241 : Validate that a Non-GPO can only be changed to Member
	at driver.Driver.executeTestcase(Driver.java:75)
	at java.base/jdk.internal.reflect.NativeMethodAccessorImpl.invoke0(Native Method)
	at java.base/jdk.internal.reflect.NativeMethodAccessorImpl.invoke(NativeMethodAccessorImpl.java:62)
	at java.base/jdk.internal.reflect.DelegatingMethodAccessorImpl.invoke(DelegatingMethodAccessorImpl.java:43)
	at java.base/java.lang.reflect.Method.invoke(Method.java:566)
	at org.testng.internal.MethodInvocationHelper.invokeMethod(MethodInvocationHelper.java:132)
	at org.testng.internal.TestInvoker.invokeMethod(TestInvoker.java:599)
	at org.testng.internal.TestInvoker.invokeTestMethod(TestInvoker.java:174)
	at org.testng.internal.MethodRunner.runInSequence(MethodRunner.java:46)
	at org.testng.internal.TestInvoker$MethodInvocationAgent.invoke(TestInvoker.java:822)
	at org.testng.internal.TestInvoker.invokeTestMethods(TestInvoker.java:147)
	at org.testng.internal.TestMethodWorker.invokeTestMethods(TestMethodWorker.java:146)
	at org.testng.internal.TestMethodWorker.run(TestMethodWorker.java:128)
	at java.base/java.util.ArrayList.forEach(ArrayList.java:1540)
	at org.testng.TestRunner.privateRun(TestRunner.java:764)
	at org.testng.TestRunner.run(TestRunner.java:585)
	at org.testng.SuiteRunner.runTest(SuiteRunner.java:384)
	at org.testng.SuiteRunner.runSequentially(SuiteRunner.java:378)
	at org.testng.SuiteRunner.privateRun(SuiteRunner.java:337)
	at org.testng.SuiteRunner.run(SuiteRunner.java:286)
	at org.testng.SuiteRunnerWorker.runSuite(SuiteRunnerWorker.java:53)
	at org.testng.SuiteRunnerWorker.run(SuiteRunnerWorker.java:96)
	at org.testng.TestNG.runSuitesSequentially(TestNG.java:1218)
	at org.testng.TestNG.runSuitesLocally(TestNG.java:1140)
	at org.testng.TestNG.runSuites(TestNG.java:1069)
	at org.testng.TestNG.run(TestNG.java:1037)
	at org.testng.remote.AbstractRemoteTestNG.run(AbstractRemoteTestNG.java:115)
	at org.testng.remote.RemoteTestNG.initAndRun(RemoteTestNG.java:251)
	at org.testng.remote.RemoteTestNG.main(RemoteTestNG.java:77)
</pre></td>
				</tr>
			</tbody>
		</table>
	</div>
					</div>
				</li>
				
				
				<li class='test displayed active  skip' status='skip' bdd='false' test-id='5'>
					<div class='test-heading'>
						<span class='test-name'>TFS ID_ 5475 : Create a new GPO Member</span>
						<span class='test-time'>Dec 22, 2020 02:11:51 PM</span>
						<span class='test-status right skip'>skip</span>
					</div>
					<div class='test-content hide'>
<div class='test-time-info'>
	<span class='label start-time'>Dec 22, 2020 02:11:51 PM</span>
	<span class='label end-time'>Dec 22, 2020 02:11:51 PM</span>
	<span class='label time-taken grey lighten-1 white-text'>0h 0m 0s+50ms</span>
</div>
	<div class='test-attributes'>
			<div class='category-list'>
				<span class='category label white-text'>Member</span>
				<span class='category label white-text'>Regression</span>
			</div>
	</div>
	<div class='test-steps'>
		<table class='bordered table-results'>
			<thead>
				<tr>
					<th>Status</th>
					<th>Timestamp</th>
					<th>Details</th>
				</tr>
			</thead>
			<tbody>
				<tr class='log' status='skip'>
					<td class='status skip' title='skip' alt='skip'><i class='material-icons'>redo</i></td>
					<td class='timestamp'>2:11:51 PM</td>
					<td class='step-details'><span class='label white-text orange'>TFS ID_ 5475 : Create a new GPO Member SKIPPED</span></td>
				</tr>
				<tr class='log' status='skip'>
					<td class='status skip' title='skip' alt='skip'><i class='material-icons'>redo</i></td>
					<td class='timestamp'>2:11:51 PM</td>
					<td class='step-details'><pre>org.testng.SkipException: Skipping execution for  :TFS ID_ 5475 : Create a new GPO Member
	at driver.Driver.executeTestcase(Driver.java:75)
	at java.base/jdk.internal.reflect.NativeMethodAccessorImpl.invoke0(Native Method)
	at java.base/jdk.internal.reflect.NativeMethodAccessorImpl.invoke(NativeMethodAccessorImpl.java:62)
	at java.base/jdk.internal.reflect.DelegatingMethodAccessorImpl.invoke(DelegatingMethodAccessorImpl.java:43)
	at java.base/java.lang.reflect.Method.invoke(Method.java:566)
	at org.testng.internal.MethodInvocationHelper.invokeMethod(MethodInvocationHelper.java:132)
	at org.testng.internal.TestInvoker.invokeMethod(TestInvoker.java:599)
	at org.testng.internal.TestInvoker.invokeTestMethod(TestInvoker.java:174)
	at org.testng.internal.MethodRunner.runInSequence(MethodRunner.java:46)
	at org.testng.internal.TestInvoker$MethodInvocationAgent.invoke(TestInvoker.java:822)
	at org.testng.internal.TestInvoker.invokeTestMethods(TestInvoker.java:147)
	at org.testng.internal.TestMethodWorker.invokeTestMethods(TestMethodWorker.java:146)
	at org.testng.internal.TestMethodWorker.run(TestMethodWorker.java:128)
	at java.base/java.util.ArrayList.forEach(ArrayList.java:1540)
	at org.testng.TestRunner.privateRun(TestRunner.java:764)
	at org.testng.TestRunner.run(TestRunner.java:585)
	at org.testng.SuiteRunner.runTest(SuiteRunner.java:384)
	at org.testng.SuiteRunner.runSequentially(SuiteRunner.java:378)
	at org.testng.SuiteRunner.privateRun(SuiteRunner.java:337)
	at org.testng.SuiteRunner.run(SuiteRunner.java:286)
	at org.testng.SuiteRunnerWorker.runSuite(SuiteRunnerWorker.java:53)
	at org.testng.SuiteRunnerWorker.run(SuiteRunnerWorker.java:96)
	at org.testng.TestNG.runSuitesSequentially(TestNG.java:1218)
	at org.testng.TestNG.runSuitesLocally(TestNG.java:1140)
	at org.testng.TestNG.runSuites(TestNG.java:1069)
	at org.testng.TestNG.run(TestNG.java:1037)
	at org.testng.remote.AbstractRemoteTestNG.run(AbstractRemoteTestNG.java:115)
	at org.testng.remote.RemoteTestNG.initAndRun(RemoteTestNG.java:251)
	at org.testng.remote.RemoteTestNG.main(RemoteTestNG.java:77)
</pre></td>
				</tr>
			</tbody>
		</table>
	</div>
					</div>
				</li>
				
				
				<li class='test displayed active  skip' status='skip' bdd='false' test-id='6'>
					<div class='test-heading'>
						<span class='test-name'>TFS ID_ 5476 : Modify existing GPO Member</span>
						<span class='test-time'>Dec 22, 2020 02:11:51 PM</span>
						<span class='test-status right skip'>skip</span>
					</div>
					<div class='test-content hide'>
<div class='test-time-info'>
	<span class='label start-time'>Dec 22, 2020 02:11:51 PM</span>
	<span class='label end-time'>Dec 22, 2020 02:11:51 PM</span>
	<span class='label time-taken grey lighten-1 white-text'>0h 0m 0s+47ms</span>
</div>
	<div class='test-attributes'>
			<div class='category-list'>
				<span class='category label white-text'>Member</span>
				<span class='category label white-text'>Regression</span>
			</div>
	</div>
	<div class='test-steps'>
		<table class='bordered table-results'>
			<thead>
				<tr>
					<th>Status</th>
					<th>Timestamp</th>
					<th>Details</th>
				</tr>
			</thead>
			<tbody>
				<tr class='log' status='skip'>
					<td class='status skip' title='skip' alt='skip'><i class='material-icons'>redo</i></td>
					<td class='timestamp'>2:11:51 PM</td>
					<td class='step-details'><span class='label white-text orange'>TFS ID_ 5476 : Modify existing GPO Member SKIPPED</span></td>
				</tr>
				<tr class='log' status='skip'>
					<td class='status skip' title='skip' alt='skip'><i class='material-icons'>redo</i></td>
					<td class='timestamp'>2:11:51 PM</td>
					<td class='step-details'><pre>org.testng.SkipException: Skipping execution for  :TFS ID_ 5476 : Modify existing GPO Member
	at driver.Driver.executeTestcase(Driver.java:75)
	at java.base/jdk.internal.reflect.NativeMethodAccessorImpl.invoke0(Native Method)
	at java.base/jdk.internal.reflect.NativeMethodAccessorImpl.invoke(NativeMethodAccessorImpl.java:62)
	at java.base/jdk.internal.reflect.DelegatingMethodAccessorImpl.invoke(DelegatingMethodAccessorImpl.java:43)
	at java.base/java.lang.reflect.Method.invoke(Method.java:566)
	at org.testng.internal.MethodInvocationHelper.invokeMethod(MethodInvocationHelper.java:132)
	at org.testng.internal.TestInvoker.invokeMethod(TestInvoker.java:599)
	at org.testng.internal.TestInvoker.invokeTestMethod(TestInvoker.java:174)
	at org.testng.internal.MethodRunner.runInSequence(MethodRunner.java:46)
	at org.testng.internal.TestInvoker$MethodInvocationAgent.invoke(TestInvoker.java:822)
	at org.testng.internal.TestInvoker.invokeTestMethods(TestInvoker.java:147)
	at org.testng.internal.TestMethodWorker.invokeTestMethods(TestMethodWorker.java:146)
	at org.testng.internal.TestMethodWorker.run(TestMethodWorker.java:128)
	at java.base/java.util.ArrayList.forEach(ArrayList.java:1540)
	at org.testng.TestRunner.privateRun(TestRunner.java:764)
	at org.testng.TestRunner.run(TestRunner.java:585)
	at org.testng.SuiteRunner.runTest(SuiteRunner.java:384)
	at org.testng.SuiteRunner.runSequentially(SuiteRunner.java:378)
	at org.testng.SuiteRunner.privateRun(SuiteRunner.java:337)
	at org.testng.SuiteRunner.run(SuiteRunner.java:286)
	at org.testng.SuiteRunnerWorker.runSuite(SuiteRunnerWorker.java:53)
	at org.testng.SuiteRunnerWorker.run(SuiteRunnerWorker.java:96)
	at org.testng.TestNG.runSuitesSequentially(TestNG.java:1218)
	at org.testng.TestNG.runSuitesLocally(TestNG.java:1140)
	at org.testng.TestNG.runSuites(TestNG.java:1069)
	at org.testng.TestNG.run(TestNG.java:1037)
	at org.testng.remote.AbstractRemoteTestNG.run(AbstractRemoteTestNG.java:115)
	at org.testng.remote.RemoteTestNG.initAndRun(RemoteTestNG.java:251)
	at org.testng.remote.RemoteTestNG.main(RemoteTestNG.java:77)
</pre></td>
				</tr>
			</tbody>
		</table>
	</div>
					</div>
				</li>
				
				
				<li class='test displayed active  skip' status='skip' bdd='false' test-id='7'>
					<div class='test-heading'>
						<span class='test-name'>TFS ID_ 5486 : Create a new Non-GPO Member</span>
						<span class='test-time'>Dec 22, 2020 02:11:51 PM</span>
						<span class='test-status right skip'>skip</span>
					</div>
					<div class='test-content hide'>
<div class='test-time-info'>
	<span class='label start-time'>Dec 22, 2020 02:11:51 PM</span>
	<span class='label end-time'>Dec 22, 2020 02:11:51 PM</span>
	<span class='label time-taken grey lighten-1 white-text'>0h 0m 0s+41ms</span>
</div>
	<div class='test-attributes'>
			<div class='category-list'>
				<span class='category label white-text'>Member</span>
				<span class='category label white-text'>Regression</span>
			</div>
	</div>
	<div class='test-steps'>
		<table class='bordered table-results'>
			<thead>
				<tr>
					<th>Status</th>
					<th>Timestamp</th>
					<th>Details</th>
				</tr>
			</thead>
			<tbody>
				<tr class='log' status='skip'>
					<td class='status skip' title='skip' alt='skip'><i class='material-icons'>redo</i></td>
					<td class='timestamp'>2:11:51 PM</td>
					<td class='step-details'><span class='label white-text orange'>TFS ID_ 5486 : Create a new Non-GPO Member SKIPPED</span></td>
				</tr>
				<tr class='log' status='skip'>
					<td class='status skip' title='skip' alt='skip'><i class='material-icons'>redo</i></td>
					<td class='timestamp'>2:11:51 PM</td>
					<td class='step-details'><pre>org.testng.SkipException: Skipping execution for  :TFS ID_ 5486 : Create a new Non-GPO Member
	at driver.Driver.executeTestcase(Driver.java:75)
	at java.base/jdk.internal.reflect.NativeMethodAccessorImpl.invoke0(Native Method)
	at java.base/jdk.internal.reflect.NativeMethodAccessorImpl.invoke(NativeMethodAccessorImpl.java:62)
	at java.base/jdk.internal.reflect.DelegatingMethodAccessorImpl.invoke(DelegatingMethodAccessorImpl.java:43)
	at java.base/java.lang.reflect.Method.invoke(Method.java:566)
	at org.testng.internal.MethodInvocationHelper.invokeMethod(MethodInvocationHelper.java:132)
	at org.testng.internal.TestInvoker.invokeMethod(TestInvoker.java:599)
	at org.testng.internal.TestInvoker.invokeTestMethod(TestInvoker.java:174)
	at org.testng.internal.MethodRunner.runInSequence(MethodRunner.java:46)
	at org.testng.internal.TestInvoker$MethodInvocationAgent.invoke(TestInvoker.java:822)
	at org.testng.internal.TestInvoker.invokeTestMethods(TestInvoker.java:147)
	at org.testng.internal.TestMethodWorker.invokeTestMethods(TestMethodWorker.java:146)
	at org.testng.internal.TestMethodWorker.run(TestMethodWorker.java:128)
	at java.base/java.util.ArrayList.forEach(ArrayList.java:1540)
	at org.testng.TestRunner.privateRun(TestRunner.java:764)
	at org.testng.TestRunner.run(TestRunner.java:585)
	at org.testng.SuiteRunner.runTest(SuiteRunner.java:384)
	at org.testng.SuiteRunner.runSequentially(SuiteRunner.java:378)
	at org.testng.SuiteRunner.privateRun(SuiteRunner.java:337)
	at org.testng.SuiteRunner.run(SuiteRunner.java:286)
	at org.testng.SuiteRunnerWorker.runSuite(SuiteRunnerWorker.java:53)
	at org.testng.SuiteRunnerWorker.run(SuiteRunnerWorker.java:96)
	at org.testng.TestNG.runSuitesSequentially(TestNG.java:1218)
	at org.testng.TestNG.runSuitesLocally(TestNG.java:1140)
	at org.testng.TestNG.runSuites(TestNG.java:1069)
	at org.testng.TestNG.run(TestNG.java:1037)
	at org.testng.remote.AbstractRemoteTestNG.run(AbstractRemoteTestNG.java:115)
	at org.testng.remote.RemoteTestNG.initAndRun(RemoteTestNG.java:251)
	at org.testng.remote.RemoteTestNG.main(RemoteTestNG.java:77)
</pre></td>
				</tr>
			</tbody>
		</table>
	</div>
					</div>
				</li>
				
				
				<li class='test displayed active  skip' status='skip' bdd='false' test-id='8'>
					<div class='test-heading'>
						<span class='test-name'>TFS ID_ 5828 : Terminate existing GPO Member</span>
						<span class='test-time'>Dec 22, 2020 02:11:51 PM</span>
						<span class='test-status right skip'>skip</span>
					</div>
					<div class='test-content hide'>
<div class='test-time-info'>
	<span class='label start-time'>Dec 22, 2020 02:11:51 PM</span>
	<span class='label end-time'>Dec 22, 2020 02:11:51 PM</span>
	<span class='label time-taken grey lighten-1 white-text'>0h 0m 0s+59ms</span>
</div>
	<div class='test-attributes'>
			<div class='category-list'>
				<span class='category label white-text'>Member</span>
				<span class='category label white-text'>Regression</span>
			</div>
	</div>
	<div class='test-steps'>
		<table class='bordered table-results'>
			<thead>
				<tr>
					<th>Status</th>
					<th>Timestamp</th>
					<th>Details</th>
				</tr>
			</thead>
			<tbody>
				<tr class='log' status='skip'>
					<td class='status skip' title='skip' alt='skip'><i class='material-icons'>redo</i></td>
					<td class='timestamp'>2:11:51 PM</td>
					<td class='step-details'><span class='label white-text orange'>TFS ID_ 5828 : Terminate existing GPO Member SKIPPED</span></td>
				</tr>
				<tr class='log' status='skip'>
					<td class='status skip' title='skip' alt='skip'><i class='material-icons'>redo</i></td>
					<td class='timestamp'>2:11:51 PM</td>
					<td class='step-details'><pre>org.testng.SkipException: Skipping execution for  :TFS ID_ 5828 : Terminate existing GPO Member
	at driver.Driver.executeTestcase(Driver.java:75)
	at java.base/jdk.internal.reflect.NativeMethodAccessorImpl.invoke0(Native Method)
	at java.base/jdk.internal.reflect.NativeMethodAccessorImpl.invoke(NativeMethodAccessorImpl.java:62)
	at java.base/jdk.internal.reflect.DelegatingMethodAccessorImpl.invoke(DelegatingMethodAccessorImpl.java:43)
	at java.base/java.lang.reflect.Method.invoke(Method.java:566)
	at org.testng.internal.MethodInvocationHelper.invokeMethod(MethodInvocationHelper.java:132)
	at org.testng.internal.TestInvoker.invokeMethod(TestInvoker.java:599)
	at org.testng.internal.TestInvoker.invokeTestMethod(TestInvoker.java:174)
	at org.testng.internal.MethodRunner.runInSequence(MethodRunner.java:46)
	at org.testng.internal.TestInvoker$MethodInvocationAgent.invoke(TestInvoker.java:822)
	at org.testng.internal.TestInvoker.invokeTestMethods(TestInvoker.java:147)
	at org.testng.internal.TestMethodWorker.invokeTestMethods(TestMethodWorker.java:146)
	at org.testng.internal.TestMethodWorker.run(TestMethodWorker.java:128)
	at java.base/java.util.ArrayList.forEach(ArrayList.java:1540)
	at org.testng.TestRunner.privateRun(TestRunner.java:764)
	at org.testng.TestRunner.run(TestRunner.java:585)
	at org.testng.SuiteRunner.runTest(SuiteRunner.java:384)
	at org.testng.SuiteRunner.runSequentially(SuiteRunner.java:378)
	at org.testng.SuiteRunner.privateRun(SuiteRunner.java:337)
	at org.testng.SuiteRunner.run(SuiteRunner.java:286)
	at org.testng.SuiteRunnerWorker.runSuite(SuiteRunnerWorker.java:53)
	at org.testng.SuiteRunnerWorker.run(SuiteRunnerWorker.java:96)
	at org.testng.TestNG.runSuitesSequentially(TestNG.java:1218)
	at org.testng.TestNG.runSuitesLocally(TestNG.java:1140)
	at org.testng.TestNG.runSuites(TestNG.java:1069)
	at org.testng.TestNG.run(TestNG.java:1037)
	at org.testng.remote.AbstractRemoteTestNG.run(AbstractRemoteTestNG.java:115)
	at org.testng.remote.RemoteTestNG.initAndRun(RemoteTestNG.java:251)
	at org.testng.remote.RemoteTestNG.main(RemoteTestNG.java:77)
</pre></td>
				</tr>
			</tbody>
		</table>
	</div>
					</div>
				</li>
				
				
				<li class='test displayed active  skip' status='skip' bdd='false' test-id='9'>
					<div class='test-heading'>
						<span class='test-name'>TFS ID_ 5921 : Create a supplier top parent</span>
						<span class='test-time'>Dec 22, 2020 02:11:51 PM</span>
						<span class='test-status right skip'>skip</span>
					</div>
					<div class='test-content hide'>
<div class='test-time-info'>
	<span class='label start-time'>Dec 22, 2020 02:11:51 PM</span>
	<span class='label end-time'>Dec 22, 2020 02:11:51 PM</span>
	<span class='label time-taken grey lighten-1 white-text'>0h 0m 0s+41ms</span>
</div>
	<div class='test-attributes'>
			<div class='category-list'>
				<span class='category label white-text'>Supplier</span>
				<span class='category label white-text'>Regression</span>
			</div>
	</div>
	<div class='test-steps'>
		<table class='bordered table-results'>
			<thead>
				<tr>
					<th>Status</th>
					<th>Timestamp</th>
					<th>Details</th>
				</tr>
			</thead>
			<tbody>
				<tr class='log' status='skip'>
					<td class='status skip' title='skip' alt='skip'><i class='material-icons'>redo</i></td>
					<td class='timestamp'>2:11:51 PM</td>
					<td class='step-details'><span class='label white-text orange'>TFS ID_ 5921 : Create a supplier top parent SKIPPED</span></td>
				</tr>
				<tr class='log' status='skip'>
					<td class='status skip' title='skip' alt='skip'><i class='material-icons'>redo</i></td>
					<td class='timestamp'>2:11:51 PM</td>
					<td class='step-details'><pre>org.testng.SkipException: Skipping execution for  :TFS ID_ 5921 : Create a supplier top parent
	at driver.Driver.executeTestcase(Driver.java:75)
	at java.base/jdk.internal.reflect.NativeMethodAccessorImpl.invoke0(Native Method)
	at java.base/jdk.internal.reflect.NativeMethodAccessorImpl.invoke(NativeMethodAccessorImpl.java:62)
	at java.base/jdk.internal.reflect.DelegatingMethodAccessorImpl.invoke(DelegatingMethodAccessorImpl.java:43)
	at java.base/java.lang.reflect.Method.invoke(Method.java:566)
	at org.testng.internal.MethodInvocationHelper.invokeMethod(MethodInvocationHelper.java:132)
	at org.testng.internal.TestInvoker.invokeMethod(TestInvoker.java:599)
	at org.testng.internal.TestInvoker.invokeTestMethod(TestInvoker.java:174)
	at org.testng.internal.MethodRunner.runInSequence(MethodRunner.java:46)
	at org.testng.internal.TestInvoker$MethodInvocationAgent.invoke(TestInvoker.java:822)
	at org.testng.internal.TestInvoker.invokeTestMethods(TestInvoker.java:147)
	at org.testng.internal.TestMethodWorker.invokeTestMethods(TestMethodWorker.java:146)
	at org.testng.internal.TestMethodWorker.run(TestMethodWorker.java:128)
	at java.base/java.util.ArrayList.forEach(ArrayList.java:1540)
	at org.testng.TestRunner.privateRun(TestRunner.java:764)
	at org.testng.TestRunner.run(TestRunner.java:585)
	at org.testng.SuiteRunner.runTest(SuiteRunner.java:384)
	at org.testng.SuiteRunner.runSequentially(SuiteRunner.java:378)
	at org.testng.SuiteRunner.privateRun(SuiteRunner.java:337)
	at org.testng.SuiteRunner.run(SuiteRunner.java:286)
	at org.testng.SuiteRunnerWorker.runSuite(SuiteRunnerWorker.java:53)
	at org.testng.SuiteRunnerWorker.run(SuiteRunnerWorker.java:96)
	at org.testng.TestNG.runSuitesSequentially(TestNG.java:1218)
	at org.testng.TestNG.runSuitesLocally(TestNG.java:1140)
	at org.testng.TestNG.runSuites(TestNG.java:1069)
	at org.testng.TestNG.run(TestNG.java:1037)
	at org.testng.remote.AbstractRemoteTestNG.run(AbstractRemoteTestNG.java:115)
	at org.testng.remote.RemoteTestNG.initAndRun(RemoteTestNG.java:251)
	at org.testng.remote.RemoteTestNG.main(RemoteTestNG.java:77)
</pre></td>
				</tr>
			</tbody>
		</table>
	</div>
					</div>
				</li>
				
				
				<li class='test displayed active  skip' status='skip' bdd='false' test-id='10'>
					<div class='test-heading'>
						<span class='test-name'>TFS ID_ 7137:Create new member - New Member form and Save it as prospect first</span>
						<span class='test-time'>Dec 22, 2020 02:11:51 PM</span>
						<span class='test-status right skip'>skip</span>
					</div>
					<div class='test-content hide'>
<div class='test-time-info'>
	<span class='label start-time'>Dec 22, 2020 02:11:51 PM</span>
	<span class='label end-time'>Dec 22, 2020 02:11:51 PM</span>
	<span class='label time-taken grey lighten-1 white-text'>0h 0m 0s+37ms</span>
</div>
	<div class='test-attributes'>
			<div class='category-list'>
				<span class='category label white-text'>Member</span>
				<span class='category label white-text'>Smoke</span>
			</div>
	</div>
	<div class='test-steps'>
		<table class='bordered table-results'>
			<thead>
				<tr>
					<th>Status</th>
					<th>Timestamp</th>
					<th>Details</th>
				</tr>
			</thead>
			<tbody>
				<tr class='log' status='skip'>
					<td class='status skip' title='skip' alt='skip'><i class='material-icons'>redo</i></td>
					<td class='timestamp'>2:11:51 PM</td>
					<td class='step-details'><span class='label white-text orange'>TFS ID_ 7137:Create new member - New Member form and Save it as prospect first SKIPPED</span></td>
				</tr>
				<tr class='log' status='skip'>
					<td class='status skip' title='skip' alt='skip'><i class='material-icons'>redo</i></td>
					<td class='timestamp'>2:11:51 PM</td>
					<td class='step-details'><pre>org.testng.SkipException: Skipping execution for  :TFS ID_ 7137:Create new member - New Member form and Save it as prospect first
	at driver.Driver.executeTestcase(Driver.java:75)
	at java.base/jdk.internal.reflect.NativeMethodAccessorImpl.invoke0(Native Method)
	at java.base/jdk.internal.reflect.NativeMethodAccessorImpl.invoke(NativeMethodAccessorImpl.java:62)
	at java.base/jdk.internal.reflect.DelegatingMethodAccessorImpl.invoke(DelegatingMethodAccessorImpl.java:43)
	at java.base/java.lang.reflect.Method.invoke(Method.java:566)
	at org.testng.internal.MethodInvocationHelper.invokeMethod(MethodInvocationHelper.java:132)
	at org.testng.internal.TestInvoker.invokeMethod(TestInvoker.java:599)
	at org.testng.internal.TestInvoker.invokeTestMethod(TestInvoker.java:174)
	at org.testng.internal.MethodRunner.runInSequence(MethodRunner.java:46)
	at org.testng.internal.TestInvoker$MethodInvocationAgent.invoke(TestInvoker.java:822)
	at org.testng.internal.TestInvoker.invokeTestMethods(TestInvoker.java:147)
	at org.testng.internal.TestMethodWorker.invokeTestMethods(TestMethodWorker.java:146)
	at org.testng.internal.TestMethodWorker.run(TestMethodWorker.java:128)
	at java.base/java.util.ArrayList.forEach(ArrayList.java:1540)
	at org.testng.TestRunner.privateRun(TestRunner.java:764)
	at org.testng.TestRunner.run(TestRunner.java:585)
	at org.testng.SuiteRunner.runTest(SuiteRunner.java:384)
	at org.testng.SuiteRunner.runSequentially(SuiteRunner.java:378)
	at org.testng.SuiteRunner.privateRun(SuiteRunner.java:337)
	at org.testng.SuiteRunner.run(SuiteRunner.java:286)
	at org.testng.SuiteRunnerWorker.runSuite(SuiteRunnerWorker.java:53)
	at org.testng.SuiteRunnerWorker.run(SuiteRunnerWorker.java:96)
	at org.testng.TestNG.runSuitesSequentially(TestNG.java:1218)
	at org.testng.TestNG.runSuitesLocally(TestNG.java:1140)
	at org.testng.TestNG.runSuites(TestNG.java:1069)
	at org.testng.TestNG.run(TestNG.java:1037)
	at org.testng.remote.AbstractRemoteTestNG.run(AbstractRemoteTestNG.java:115)
	at org.testng.remote.RemoteTestNG.initAndRun(RemoteTestNG.java:251)
	at org.testng.remote.RemoteTestNG.main(RemoteTestNG.java:77)
</pre></td>
				</tr>
			</tbody>
		</table>
	</div>
					</div>
				</li>
				
				
				<li class='test displayed active  skip' status='skip' bdd='false' test-id='11'>
					<div class='test-heading'>
						<span class='test-name'>TFS ID_7138:Create new member - New Member form through sub account and save it as prospect first</span>
						<span class='test-time'>Dec 22, 2020 02:11:51 PM</span>
						<span class='test-status right skip'>skip</span>
					</div>
					<div class='test-content hide'>
<div class='test-time-info'>
	<span class='label start-time'>Dec 22, 2020 02:11:51 PM</span>
	<span class='label end-time'>Dec 22, 2020 02:11:51 PM</span>
	<span class='label time-taken grey lighten-1 white-text'>0h 0m 0s+39ms</span>
</div>
	<div class='test-attributes'>
			<div class='category-list'>
				<span class='category label white-text'>Member</span>
				<span class='category label white-text'>Smoke</span>
			</div>
	</div>
	<div class='test-steps'>
		<table class='bordered table-results'>
			<thead>
				<tr>
					<th>Status</th>
					<th>Timestamp</th>
					<th>Details</th>
				</tr>
			</thead>
			<tbody>
				<tr class='log' status='skip'>
					<td class='status skip' title='skip' alt='skip'><i class='material-icons'>redo</i></td>
					<td class='timestamp'>2:11:51 PM</td>
					<td class='step-details'><span class='label white-text orange'>TFS ID_7138:Create new member - New Member form through sub account and save it as prospect first SKIPPED</span></td>
				</tr>
				<tr class='log' status='skip'>
					<td class='status skip' title='skip' alt='skip'><i class='material-icons'>redo</i></td>
					<td class='timestamp'>2:11:51 PM</td>
					<td class='step-details'><pre>org.testng.SkipException: Skipping execution for  :TFS ID_7138:Create new member - New Member form through sub account and save it as prospect first
	at driver.Driver.executeTestcase(Driver.java:75)
	at java.base/jdk.internal.reflect.NativeMethodAccessorImpl.invoke0(Native Method)
	at java.base/jdk.internal.reflect.NativeMethodAccessorImpl.invoke(NativeMethodAccessorImpl.java:62)
	at java.base/jdk.internal.reflect.DelegatingMethodAccessorImpl.invoke(DelegatingMethodAccessorImpl.java:43)
	at java.base/java.lang.reflect.Method.invoke(Method.java:566)
	at org.testng.internal.MethodInvocationHelper.invokeMethod(MethodInvocationHelper.java:132)
	at org.testng.internal.TestInvoker.invokeMethod(TestInvoker.java:599)
	at org.testng.internal.TestInvoker.invokeTestMethod(TestInvoker.java:174)
	at org.testng.internal.MethodRunner.runInSequence(MethodRunner.java:46)
	at org.testng.internal.TestInvoker$MethodInvocationAgent.invoke(TestInvoker.java:822)
	at org.testng.internal.TestInvoker.invokeTestMethods(TestInvoker.java:147)
	at org.testng.internal.TestMethodWorker.invokeTestMethods(TestMethodWorker.java:146)
	at org.testng.internal.TestMethodWorker.run(TestMethodWorker.java:128)
	at java.base/java.util.ArrayList.forEach(ArrayList.java:1540)
	at org.testng.TestRunner.privateRun(TestRunner.java:764)
	at org.testng.TestRunner.run(TestRunner.java:585)
	at org.testng.SuiteRunner.runTest(SuiteRunner.java:384)
	at org.testng.SuiteRunner.runSequentially(SuiteRunner.java:378)
	at org.testng.SuiteRunner.privateRun(SuiteRunner.java:337)
	at org.testng.SuiteRunner.run(SuiteRunner.java:286)
	at org.testng.SuiteRunnerWorker.runSuite(SuiteRunnerWorker.java:53)
	at org.testng.SuiteRunnerWorker.run(SuiteRunnerWorker.java:96)
	at org.testng.TestNG.runSuitesSequentially(TestNG.java:1218)
	at org.testng.TestNG.runSuitesLocally(TestNG.java:1140)
	at org.testng.TestNG.runSuites(TestNG.java:1069)
	at org.testng.TestNG.run(TestNG.java:1037)
	at org.testng.remote.AbstractRemoteTestNG.run(AbstractRemoteTestNG.java:115)
	at org.testng.remote.RemoteTestNG.initAndRun(RemoteTestNG.java:251)
	at org.testng.remote.RemoteTestNG.main(RemoteTestNG.java:77)
</pre></td>
				</tr>
			</tbody>
		</table>
	</div>
					</div>
				</li>
				
				
				<li class='test displayed active  skip' status='skip' bdd='false' test-id='12'>
					<div class='test-heading'>
						<span class='test-name'>TFS ID_7139:Create new member - New Member entry form through sub account and save it as prospect first</span>
						<span class='test-time'>Dec 22, 2020 02:11:51 PM</span>
						<span class='test-status right skip'>skip</span>
					</div>
					<div class='test-content hide'>
<div class='test-time-info'>
	<span class='label start-time'>Dec 22, 2020 02:11:51 PM</span>
	<span class='label end-time'>Dec 22, 2020 02:11:51 PM</span>
	<span class='label time-taken grey lighten-1 white-text'>0h 0m 0s+42ms</span>
</div>
	<div class='test-attributes'>
			<div class='category-list'>
				<span class='category label white-text'>Member</span>
				<span class='category label white-text'>Smoke</span>
			</div>
	</div>
	<div class='test-steps'>
		<table class='bordered table-results'>
			<thead>
				<tr>
					<th>Status</th>
					<th>Timestamp</th>
					<th>Details</th>
				</tr>
			</thead>
			<tbody>
				<tr class='log' status='skip'>
					<td class='status skip' title='skip' alt='skip'><i class='material-icons'>redo</i></td>
					<td class='timestamp'>2:11:51 PM</td>
					<td class='step-details'><span class='label white-text orange'>TFS ID_7139:Create new member - New Member entry form through sub account and save it as prospect first SKIPPED</span></td>
				</tr>
				<tr class='log' status='skip'>
					<td class='status skip' title='skip' alt='skip'><i class='material-icons'>redo</i></td>
					<td class='timestamp'>2:11:51 PM</td>
					<td class='step-details'><pre>org.testng.SkipException: Skipping execution for  :TFS ID_7139:Create new member - New Member entry form through sub account and save it as prospect first
	at driver.Driver.executeTestcase(Driver.java:75)
	at java.base/jdk.internal.reflect.NativeMethodAccessorImpl.invoke0(Native Method)
	at java.base/jdk.internal.reflect.NativeMethodAccessorImpl.invoke(NativeMethodAccessorImpl.java:62)
	at java.base/jdk.internal.reflect.DelegatingMethodAccessorImpl.invoke(DelegatingMethodAccessorImpl.java:43)
	at java.base/java.lang.reflect.Method.invoke(Method.java:566)
	at org.testng.internal.MethodInvocationHelper.invokeMethod(MethodInvocationHelper.java:132)
	at org.testng.internal.TestInvoker.invokeMethod(TestInvoker.java:599)
	at org.testng.internal.TestInvoker.invokeTestMethod(TestInvoker.java:174)
	at org.testng.internal.MethodRunner.runInSequence(MethodRunner.java:46)
	at org.testng.internal.TestInvoker$MethodInvocationAgent.invoke(TestInvoker.java:822)
	at org.testng.internal.TestInvoker.invokeTestMethods(TestInvoker.java:147)
	at org.testng.internal.TestMethodWorker.invokeTestMethods(TestMethodWorker.java:146)
	at org.testng.internal.TestMethodWorker.run(TestMethodWorker.java:128)
	at java.base/java.util.ArrayList.forEach(ArrayList.java:1540)
	at org.testng.TestRunner.privateRun(TestRunner.java:764)
	at org.testng.TestRunner.run(TestRunner.java:585)
	at org.testng.SuiteRunner.runTest(SuiteRunner.java:384)
	at org.testng.SuiteRunner.runSequentially(SuiteRunner.java:378)
	at org.testng.SuiteRunner.privateRun(SuiteRunner.java:337)
	at org.testng.SuiteRunner.run(SuiteRunner.java:286)
	at org.testng.SuiteRunnerWorker.runSuite(SuiteRunnerWorker.java:53)
	at org.testng.SuiteRunnerWorker.run(SuiteRunnerWorker.java:96)
	at org.testng.TestNG.runSuitesSequentially(TestNG.java:1218)
	at org.testng.TestNG.runSuitesLocally(TestNG.java:1140)
	at org.testng.TestNG.runSuites(TestNG.java:1069)
	at org.testng.TestNG.run(TestNG.java:1037)
	at org.testng.remote.AbstractRemoteTestNG.run(AbstractRemoteTestNG.java:115)
	at org.testng.remote.RemoteTestNG.initAndRun(RemoteTestNG.java:251)
	at org.testng.remote.RemoteTestNG.main(RemoteTestNG.java:77)
</pre></td>
				</tr>
			</tbody>
		</table>
	</div>
					</div>
				</li>
				
				
				<li class='test displayed active  skip' status='skip' bdd='false' test-id='13'>
					<div class='test-heading'>
						<span class='test-name'>TFS ID_7140: Create new member - New Member entry form and Save it as prospect first</span>
						<span class='test-time'>Dec 22, 2020 02:11:51 PM</span>
						<span class='test-status right skip'>skip</span>
					</div>
					<div class='test-content hide'>
<div class='test-time-info'>
	<span class='label start-time'>Dec 22, 2020 02:11:51 PM</span>
	<span class='label end-time'>Dec 22, 2020 02:11:51 PM</span>
	<span class='label time-taken grey lighten-1 white-text'>0h 0m 0s+47ms</span>
</div>
	<div class='test-attributes'>
			<div class='category-list'>
				<span class='category label white-text'>Member</span>
				<span class='category label white-text'>Smoke</span>
			</div>
	</div>
	<div class='test-steps'>
		<table class='bordered table-results'>
			<thead>
				<tr>
					<th>Status</th>
					<th>Timestamp</th>
					<th>Details</th>
				</tr>
			</thead>
			<tbody>
				<tr class='log' status='skip'>
					<td class='status skip' title='skip' alt='skip'><i class='material-icons'>redo</i></td>
					<td class='timestamp'>2:11:51 PM</td>
					<td class='step-details'><span class='label white-text orange'>TFS ID_7140: Create new member - New Member entry form and Save it as prospect first SKIPPED</span></td>
				</tr>
				<tr class='log' status='skip'>
					<td class='status skip' title='skip' alt='skip'><i class='material-icons'>redo</i></td>
					<td class='timestamp'>2:11:51 PM</td>
					<td class='step-details'><pre>org.testng.SkipException: Skipping execution for  :TFS ID_7140: Create new member - New Member entry form and Save it as prospect first
	at driver.Driver.executeTestcase(Driver.java:75)
	at java.base/jdk.internal.reflect.NativeMethodAccessorImpl.invoke0(Native Method)
	at java.base/jdk.internal.reflect.NativeMethodAccessorImpl.invoke(NativeMethodAccessorImpl.java:62)
	at java.base/jdk.internal.reflect.DelegatingMethodAccessorImpl.invoke(DelegatingMethodAccessorImpl.java:43)
	at java.base/java.lang.reflect.Method.invoke(Method.java:566)
	at org.testng.internal.MethodInvocationHelper.invokeMethod(MethodInvocationHelper.java:132)
	at org.testng.internal.TestInvoker.invokeMethod(TestInvoker.java:599)
	at org.testng.internal.TestInvoker.invokeTestMethod(TestInvoker.java:174)
	at org.testng.internal.MethodRunner.runInSequence(MethodRunner.java:46)
	at org.testng.internal.TestInvoker$MethodInvocationAgent.invoke(TestInvoker.java:822)
	at org.testng.internal.TestInvoker.invokeTestMethods(TestInvoker.java:147)
	at org.testng.internal.TestMethodWorker.invokeTestMethods(TestMethodWorker.java:146)
	at org.testng.internal.TestMethodWorker.run(TestMethodWorker.java:128)
	at java.base/java.util.ArrayList.forEach(ArrayList.java:1540)
	at org.testng.TestRunner.privateRun(TestRunner.java:764)
	at org.testng.TestRunner.run(TestRunner.java:585)
	at org.testng.SuiteRunner.runTest(SuiteRunner.java:384)
	at org.testng.SuiteRunner.runSequentially(SuiteRunner.java:378)
	at org.testng.SuiteRunner.privateRun(SuiteRunner.java:337)
	at org.testng.SuiteRunner.run(SuiteRunner.java:286)
	at org.testng.SuiteRunnerWorker.runSuite(SuiteRunnerWorker.java:53)
	at org.testng.SuiteRunnerWorker.run(SuiteRunnerWorker.java:96)
	at org.testng.TestNG.runSuitesSequentially(TestNG.java:1218)
	at org.testng.TestNG.runSuitesLocally(TestNG.java:1140)
	at org.testng.TestNG.runSuites(TestNG.java:1069)
	at org.testng.TestNG.run(TestNG.java:1037)
	at org.testng.remote.AbstractRemoteTestNG.run(AbstractRemoteTestNG.java:115)
	at org.testng.remote.RemoteTestNG.initAndRun(RemoteTestNG.java:251)
	at org.testng.remote.RemoteTestNG.main(RemoteTestNG.java:77)
</pre></td>
				</tr>
			</tbody>
		</table>
	</div>
					</div>
				</li>
			</ul>
		</div>
	</div>
	<!-- subview left -->

	<div class='subview-right left'>
		<div class='view-summary'>
			<h5 class='test-name'></h5>

			<div id='step-filters' class="right">
				<span class="blue-text" status="info" alt="info" title="info"><i class="material-icons">info_outline</i></span>
				<span class="green-text" status="pass" alt="pass" title="pass"><i class="material-icons">check_circle</i></span>
				<span class="red-text" status="fail" alt="fail" title="fail"><i class="material-icons">cancel</i></span>
				<span class="red-text text-darken-4" status="fatal" alt="fatal" title="fatal"><i class="material-icons">cancel</i></span>
				<span class="pink-text text-lighten-1" status="error" alt="error" title="error"><i class="material-icons">error</i></span>
				<span class="orange-text" alt="warning" status="warning" title="warning"><i class="material-icons">warning</i></span>
				<span class="teal-text" status="skip" alt="skip" title="skip"><i class="material-icons">redo</i></span>
				<span status="clear" alt="Clear filters" title="Clear filters"><i class="material-icons">clear</i></span>
			</div>
		</div>
	</div>
	<!-- subview right -->


<div id='test-view-charts' class='subview-full'>
	<div id='charts-row' class='row nm-v nm-h'>
		<div class='col s12 m6 l6 np-h'>
			<div class='card-panel nm-v'>
				<div class='left panel-name'>Tests</div>
				<div class='chart-box'>
					<canvas id='parent-analysis' width='100' height='80'></canvas>
				</div>
				<div class='block text-small'>
					<span class='tooltipped' data-position='top' data-tooltip='7.692%'><span class='strong'>1</span> test(s) passed</span>
				</div>
				<div class='block text-small'>
					<span class='strong tooltipped' data-position='top' data-tooltip='0%'>0</span> test(s) failed, <span class='strong tooltipped' data-position='top' data-tooltip='92.308%'>12</span> others
				</div>
			</div>
		</div>
		
		<div class='col s12 m6 l6 np-h'>
			<div class='card-panel nm-v'>
				<div class='left panel-name'>Steps</div>
				<div class='chart-box'>
					<canvas id='child-analysis' width='100' height='80'></canvas>
				</div>
				<div class='block text-small'>
					<span class='tooltipped' data-position='top' data-tooltip='77.143%'><span class='strong'>81</span> step(s) passed</span>
				</div>
				<div class='block text-small'>
					<span class='strong tooltipped' data-position='top' data-tooltip='0%'>0</span> step(s) failed, <span class='strong tooltipped' data-position='top' data-tooltip='22.857%'>24</span> others
				</div>
			</div>
		</div>
		
	</div>
</div>
</div>
<!-- test view -->
<div id='category-view' class='view hide'>

	<section id='controls'>
		<div class='controls grey lighten-4'>
			<!-- search -->
			<div class='chip transparent' alt='Search Tests' title='Search Tests'>
				<a href="#" class='search-div'>
					<i class='material-icons'>search</i> Search
				</a>
				
				<div class='input-field left hide'>
					<input id='search-tests' type='text' class='validate browser-default' placeholder='Search Tests...'>
				</div>
				
			</div>
			<!-- search -->
		</div>
	</section>

	<div class='subview-left left'>
		
		<div class='view-summary'>
			<h5>Categories</h3>
			<ul id='category-collection' class='category-collection'>
				
				<li class='category displayed active'>
					<div class='category-heading'>
						<span class='category-name'>Member</span>
						<span class='category-status right'>
							<span class='label pass'>1</span>
							<span class='label others'>11</span>
						</span>
					</div>
					<div class='category-content hide'>
						<div class='category-status-counts'>
							<span class='label green accent-4 white-text'>Passed: 1</span>
							
							<span class='label yellow darken-2 white-text'>Others: 11</span>
						</div>
					
						<div class='category-tests'>
							<table class='bordered table-results'>
								<thead>
									<tr>
										<th>Timestamp</th>
										<th>TestName</th>
										<th>Status</th>
									</tr>
								</thead>
								<tbody>
									<tr>
										<td>Dec 22, 2020 02:08:58 PM</td>
										<td class='linked' test-id='1'>TFS ID_ 1141 : Validate Business Key</td>
										<td><span class='test-status pass'>pass</span></td>
									</tr>
									<tr>
										<td>Dec 22, 2020 02:11:51 PM</td>
										<td class='linked' test-id='2'>TFS ID_ 1148 : Validate Address Changes</td>
										<td><span class='test-status skip'>skip</span></td>
									</tr>
									<tr>
										<td>Dec 22, 2020 02:11:51 PM</td>
										<td class='linked' test-id='3'>TFS ID_ 1152 : Validate Convert Acct Entity Code to Ship-to Acct</td>
										<td><span class='test-status skip'>skip</span></td>
									</tr>
									<tr>
										<td>Dec 22, 2020 02:11:51 PM</td>
										<td class='linked' test-id='4'>TFS ID_ 1241 : Validate that a Non-GPO can only be changed to Member</td>
										<td><span class='test-status skip'>skip</span></td>
									</tr>
									<tr>
										<td>Dec 22, 2020 02:11:51 PM</td>
										<td class='linked' test-id='5'>TFS ID_ 5475 : Create a new GPO Member</td>
										<td><span class='test-status skip'>skip</span></td>
									</tr>
									<tr>
										<td>Dec 22, 2020 02:11:51 PM</td>
										<td class='linked' test-id='6'>TFS ID_ 5476 : Modify existing GPO Member</td>
										<td><span class='test-status skip'>skip</span></td>
									</tr>
									<tr>
										<td>Dec 22, 2020 02:11:51 PM</td>
										<td class='linked' test-id='7'>TFS ID_ 5486 : Create a new Non-GPO Member</td>
										<td><span class='test-status skip'>skip</span></td>
									</tr>
									<tr>
										<td>Dec 22, 2020 02:11:51 PM</td>
										<td class='linked' test-id='8'>TFS ID_ 5828 : Terminate existing GPO Member</td>
										<td><span class='test-status skip'>skip</span></td>
									</tr>
									<tr>
										<td>Dec 22, 2020 02:11:51 PM</td>
										<td class='linked' test-id='10'>TFS ID_ 7137:Create new member - New Member form and Save it as prospect first</td>
										<td><span class='test-status skip'>skip</span></td>
									</tr>
									<tr>
										<td>Dec 22, 2020 02:11:51 PM</td>
										<td class='linked' test-id='11'>TFS ID_7138:Create new member - New Member form through sub account and save it as prospect first</td>
										<td><span class='test-status skip'>skip</span></td>
									</tr>
									<tr>
										<td>Dec 22, 2020 02:11:51 PM</td>
										<td class='linked' test-id='12'>TFS ID_7139:Create new member - New Member entry form through sub account and save it as prospect first</td>
										<td><span class='test-status skip'>skip</span></td>
									</tr>
									<tr>
										<td>Dec 22, 2020 02:11:51 PM</td>
										<td class='linked' test-id='13'>TFS ID_7140: Create new member - New Member entry form and Save it as prospect first</td>
										<td><span class='test-status skip'>skip</span></td>
									</tr>
								</tbody>
							</table>
						</div>
					</div>
				</li>
				<li class='category displayed active'>
					<div class='category-heading'>
						<span class='category-name'>Regression</span>
						<span class='category-status right'>
							<span class='label pass'>1</span>
							<span class='label others'>8</span>
						</span>
					</div>
					<div class='category-content hide'>
						<div class='category-status-counts'>
							<span class='label green accent-4 white-text'>Passed: 1</span>
							
							<span class='label yellow darken-2 white-text'>Others: 8</span>
						</div>
					
						<div class='category-tests'>
							<table class='bordered table-results'>
								<thead>
									<tr>
										<th>Timestamp</th>
										<th>TestName</th>
										<th>Status</th>
									</tr>
								</thead>
								<tbody>
									<tr>
										<td>Dec 22, 2020 02:08:58 PM</td>
										<td class='linked' test-id='1'>TFS ID_ 1141 : Validate Business Key</td>
										<td><span class='test-status pass'>pass</span></td>
									</tr>
									<tr>
										<td>Dec 22, 2020 02:11:51 PM</td>
										<td class='linked' test-id='2'>TFS ID_ 1148 : Validate Address Changes</td>
										<td><span class='test-status skip'>skip</span></td>
									</tr>
									<tr>
										<td>Dec 22, 2020 02:11:51 PM</td>
										<td class='linked' test-id='3'>TFS ID_ 1152 : Validate Convert Acct Entity Code to Ship-to Acct</td>
										<td><span class='test-status skip'>skip</span></td>
									</tr>
									<tr>
										<td>Dec 22, 2020 02:11:51 PM</td>
										<td class='linked' test-id='4'>TFS ID_ 1241 : Validate that a Non-GPO can only be changed to Member</td>
										<td><span class='test-status skip'>skip</span></td>
									</tr>
									<tr>
										<td>Dec 22, 2020 02:11:51 PM</td>
										<td class='linked' test-id='5'>TFS ID_ 5475 : Create a new GPO Member</td>
										<td><span class='test-status skip'>skip</span></td>
									</tr>
									<tr>
										<td>Dec 22, 2020 02:11:51 PM</td>
										<td class='linked' test-id='6'>TFS ID_ 5476 : Modify existing GPO Member</td>
										<td><span class='test-status skip'>skip</span></td>
									</tr>
									<tr>
										<td>Dec 22, 2020 02:11:51 PM</td>
										<td class='linked' test-id='7'>TFS ID_ 5486 : Create a new Non-GPO Member</td>
										<td><span class='test-status skip'>skip</span></td>
									</tr>
									<tr>
										<td>Dec 22, 2020 02:11:51 PM</td>
										<td class='linked' test-id='8'>TFS ID_ 5828 : Terminate existing GPO Member</td>
										<td><span class='test-status skip'>skip</span></td>
									</tr>
									<tr>
										<td>Dec 22, 2020 02:11:51 PM</td>
										<td class='linked' test-id='9'>TFS ID_ 5921 : Create a supplier top parent</td>
										<td><span class='test-status skip'>skip</span></td>
									</tr>
								</tbody>
							</table>
						</div>
					</div>
				</li>
				<li class='category displayed active'>
					<div class='category-heading'>
						<span class='category-name'>Supplier</span>
						<span class='category-status right'>
							<span class='label others'>1</span>
						</span>
					</div>
					<div class='category-content hide'>
						<div class='category-status-counts'>
							
							
							<span class='label yellow darken-2 white-text'>Others: 1</span>
						</div>
					
						<div class='category-tests'>
							<table class='bordered table-results'>
								<thead>
									<tr>
										<th>Timestamp</th>
										<th>TestName</th>
										<th>Status</th>
									</tr>
								</thead>
								<tbody>
									<tr>
										<td>Dec 22, 2020 02:11:51 PM</td>
										<td class='linked' test-id='9'>TFS ID_ 5921 : Create a supplier top parent</td>
										<td><span class='test-status skip'>skip</span></td>
									</tr>
								</tbody>
							</table>
						</div>
					</div>
				</li>
				<li class='category displayed active'>
					<div class='category-heading'>
						<span class='category-name'>Smoke</span>
						<span class='category-status right'>
							<span class='label others'>4</span>
						</span>
					</div>
					<div class='category-content hide'>
						<div class='category-status-counts'>
							
							
							<span class='label yellow darken-2 white-text'>Others: 4</span>
						</div>
					
						<div class='category-tests'>
							<table class='bordered table-results'>
								<thead>
									<tr>
										<th>Timestamp</th>
										<th>TestName</th>
										<th>Status</th>
									</tr>
								</thead>
								<tbody>
									<tr>
										<td>Dec 22, 2020 02:11:51 PM</td>
										<td class='linked' test-id='10'>TFS ID_ 7137:Create new member - New Member form and Save it as prospect first</td>
										<td><span class='test-status skip'>skip</span></td>
									</tr>
									<tr>
										<td>Dec 22, 2020 02:11:51 PM</td>
										<td class='linked' test-id='11'>TFS ID_7138:Create new member - New Member form through sub account and save it as prospect first</td>
										<td><span class='test-status skip'>skip</span></td>
									</tr>
									<tr>
										<td>Dec 22, 2020 02:11:51 PM</td>
										<td class='linked' test-id='12'>TFS ID_7139:Create new member - New Member entry form through sub account and save it as prospect first</td>
										<td><span class='test-status skip'>skip</span></td>
									</tr>
									<tr>
										<td>Dec 22, 2020 02:11:51 PM</td>
										<td class='linked' test-id='13'>TFS ID_7140: Create new member - New Member entry form and Save it as prospect first</td>
										<td><span class='test-status skip'>skip</span></td>
									</tr>
								</tbody>
							</table>
						</div>
					</div>
				</li>

			</ul>
		</div>
	</div>

	<div class='subview-right left'>
		<div class='view-summary'>
			<h5 class='category-name'></h5>
		</div>
	</div>
</div>
<!-- category view -->
<div id='exception-view' class='view hide'>

    <section id='controls'>
        <div class='controls grey lighten-4'>
            <!-- search -->
            <div class='chip transparent' alt='Search Tests' title='Search Tests'>
                <a href="#" class='search-div'>
                    <i class='material-icons'>search</i> Search
                </a>

                <div class='input-field left hide'>
                    <input id='search-tests' type='text' class='validate browser-default' placeholder='Search Tests...'>
                </div>

            </div>
            <!-- search -->
        </div>
    </section>

    <div class='subview-left left'>

        <div class='view-summary'>
            <h5>Exceptions</h3>
                <ul id='exception-collection' class='exception-collection'>

                        <li class='exception displayed active'>
                            <div class='exception-heading'>
                                <span class='exception-name'>org.testng.SkipException</span>
                                <span class='exception-count right'><span class='label red lighten-1 white-text'>12</span></span>
                            </div>
                            <div class='exception-content hide'>
                                <div class='exception-tests'>
                                    <table class='bordered table-results'>
                                        <thead>
                                        <tr>
                                            <th>Timestamp</th>
                                            <th>TestName</th>
                                            <th>Status</th>
                                        </tr>
                                        </thead>
                                        <tbody>
                                                    <tr>
                                                        <td>Dec 22, 2020 02:11:51 PM</td>
                                                        <td class='linked' test-id='2'>TFS ID_ 1148 : Validate Address Changes</td>
                                                        <td><pre><pre>org.testng.SkipException: Skipping execution for  :TFS ID_ 1148 : Validate Address Changes
	at driver.Driver.executeTestcase(Driver.java:75)
	at java.base/jdk.internal.reflect.NativeMethodAccessorImpl.invoke0(Native Method)
	at java.base/jdk.internal.reflect.NativeMethodAccessorImpl.invoke(NativeMethodAccessorImpl.java:62)
	at java.base/jdk.internal.reflect.DelegatingMethodAccessorImpl.invoke(DelegatingMethodAccessorImpl.java:43)
	at java.base/java.lang.reflect.Method.invoke(Method.java:566)
	at org.testng.internal.MethodInvocationHelper.invokeMethod(MethodInvocationHelper.java:132)
	at org.testng.internal.TestInvoker.invokeMethod(TestInvoker.java:599)
	at org.testng.internal.TestInvoker.invokeTestMethod(TestInvoker.java:174)
	at org.testng.internal.MethodRunner.runInSequence(MethodRunner.java:46)
	at org.testng.internal.TestInvoker$MethodInvocationAgent.invoke(TestInvoker.java:822)
	at org.testng.internal.TestInvoker.invokeTestMethods(TestInvoker.java:147)
	at org.testng.internal.TestMethodWorker.invokeTestMethods(TestMethodWorker.java:146)
	at org.testng.internal.TestMethodWorker.run(TestMethodWorker.java:128)
	at java.base/java.util.ArrayList.forEach(ArrayList.java:1540)
	at org.testng.TestRunner.privateRun(TestRunner.java:764)
	at org.testng.TestRunner.run(TestRunner.java:585)
	at org.testng.SuiteRunner.runTest(SuiteRunner.java:384)
	at org.testng.SuiteRunner.runSequentially(SuiteRunner.java:378)
	at org.testng.SuiteRunner.privateRun(SuiteRunner.java:337)
	at org.testng.SuiteRunner.run(SuiteRunner.java:286)
	at org.testng.SuiteRunnerWorker.runSuite(SuiteRunnerWorker.java:53)
	at org.testng.SuiteRunnerWorker.run(SuiteRunnerWorker.java:96)
	at org.testng.TestNG.runSuitesSequentially(TestNG.java:1218)
	at org.testng.TestNG.runSuitesLocally(TestNG.java:1140)
	at org.testng.TestNG.runSuites(TestNG.java:1069)
	at org.testng.TestNG.run(TestNG.java:1037)
	at org.testng.remote.AbstractRemoteTestNG.run(AbstractRemoteTestNG.java:115)
	at org.testng.remote.RemoteTestNG.initAndRun(RemoteTestNG.java:251)
	at org.testng.remote.RemoteTestNG.main(RemoteTestNG.java:77)
</pre></pre></td>
                                                    </tr>
                                                    <tr>
                                                        <td>Dec 22, 2020 02:11:51 PM</td>
                                                        <td class='linked' test-id='3'>TFS ID_ 1152 : Validate Convert Acct Entity Code to Ship-to Acct</td>
                                                        <td><pre><pre>org.testng.SkipException: Skipping execution for  :TFS ID_ 1152 : Validate Convert Acct Entity Code to Ship-to Acct
	at driver.Driver.executeTestcase(Driver.java:75)
	at java.base/jdk.internal.reflect.NativeMethodAccessorImpl.invoke0(Native Method)
	at java.base/jdk.internal.reflect.NativeMethodAccessorImpl.invoke(NativeMethodAccessorImpl.java:62)
	at java.base/jdk.internal.reflect.DelegatingMethodAccessorImpl.invoke(DelegatingMethodAccessorImpl.java:43)
	at java.base/java.lang.reflect.Method.invoke(Method.java:566)
	at org.testng.internal.MethodInvocationHelper.invokeMethod(MethodInvocationHelper.java:132)
	at org.testng.internal.TestInvoker.invokeMethod(TestInvoker.java:599)
	at org.testng.internal.TestInvoker.invokeTestMethod(TestInvoker.java:174)
	at org.testng.internal.MethodRunner.runInSequence(MethodRunner.java:46)
	at org.testng.internal.TestInvoker$MethodInvocationAgent.invoke(TestInvoker.java:822)
	at org.testng.internal.TestInvoker.invokeTestMethods(TestInvoker.java:147)
	at org.testng.internal.TestMethodWorker.invokeTestMethods(TestMethodWorker.java:146)
	at org.testng.internal.TestMethodWorker.run(TestMethodWorker.java:128)
	at java.base/java.util.ArrayList.forEach(ArrayList.java:1540)
	at org.testng.TestRunner.privateRun(TestRunner.java:764)
	at org.testng.TestRunner.run(TestRunner.java:585)
	at org.testng.SuiteRunner.runTest(SuiteRunner.java:384)
	at org.testng.SuiteRunner.runSequentially(SuiteRunner.java:378)
	at org.testng.SuiteRunner.privateRun(SuiteRunner.java:337)
	at org.testng.SuiteRunner.run(SuiteRunner.java:286)
	at org.testng.SuiteRunnerWorker.runSuite(SuiteRunnerWorker.java:53)
	at org.testng.SuiteRunnerWorker.run(SuiteRunnerWorker.java:96)
	at org.testng.TestNG.runSuitesSequentially(TestNG.java:1218)
	at org.testng.TestNG.runSuitesLocally(TestNG.java:1140)
	at org.testng.TestNG.runSuites(TestNG.java:1069)
	at org.testng.TestNG.run(TestNG.java:1037)
	at org.testng.remote.AbstractRemoteTestNG.run(AbstractRemoteTestNG.java:115)
	at org.testng.remote.RemoteTestNG.initAndRun(RemoteTestNG.java:251)
	at org.testng.remote.RemoteTestNG.main(RemoteTestNG.java:77)
</pre></pre></td>
                                                    </tr>
                                                    <tr>
                                                        <td>Dec 22, 2020 02:11:51 PM</td>
                                                        <td class='linked' test-id='4'>TFS ID_ 1241 : Validate that a Non-GPO can only be changed to Member</td>
                                                        <td><pre><pre>org.testng.SkipException: Skipping execution for  :TFS ID_ 1241 : Validate that a Non-GPO can only be changed to Member
	at driver.Driver.executeTestcase(Driver.java:75)
	at java.base/jdk.internal.reflect.NativeMethodAccessorImpl.invoke0(Native Method)
	at java.base/jdk.internal.reflect.NativeMethodAccessorImpl.invoke(NativeMethodAccessorImpl.java:62)
	at java.base/jdk.internal.reflect.DelegatingMethodAccessorImpl.invoke(DelegatingMethodAccessorImpl.java:43)
	at java.base/java.lang.reflect.Method.invoke(Method.java:566)
	at org.testng.internal.MethodInvocationHelper.invokeMethod(MethodInvocationHelper.java:132)
	at org.testng.internal.TestInvoker.invokeMethod(TestInvoker.java:599)
	at org.testng.internal.TestInvoker.invokeTestMethod(TestInvoker.java:174)
	at org.testng.internal.MethodRunner.runInSequence(MethodRunner.java:46)
	at org.testng.internal.TestInvoker$MethodInvocationAgent.invoke(TestInvoker.java:822)
	at org.testng.internal.TestInvoker.invokeTestMethods(TestInvoker.java:147)
	at org.testng.internal.TestMethodWorker.invokeTestMethods(TestMethodWorker.java:146)
	at org.testng.internal.TestMethodWorker.run(TestMethodWorker.java:128)
	at java.base/java.util.ArrayList.forEach(ArrayList.java:1540)
	at org.testng.TestRunner.privateRun(TestRunner.java:764)
	at org.testng.TestRunner.run(TestRunner.java:585)
	at org.testng.SuiteRunner.runTest(SuiteRunner.java:384)
	at org.testng.SuiteRunner.runSequentially(SuiteRunner.java:378)
	at org.testng.SuiteRunner.privateRun(SuiteRunner.java:337)
	at org.testng.SuiteRunner.run(SuiteRunner.java:286)
	at org.testng.SuiteRunnerWorker.runSuite(SuiteRunnerWorker.java:53)
	at org.testng.SuiteRunnerWorker.run(SuiteRunnerWorker.java:96)
	at org.testng.TestNG.runSuitesSequentially(TestNG.java:1218)
	at org.testng.TestNG.runSuitesLocally(TestNG.java:1140)
	at org.testng.TestNG.runSuites(TestNG.java:1069)
	at org.testng.TestNG.run(TestNG.java:1037)
	at org.testng.remote.AbstractRemoteTestNG.run(AbstractRemoteTestNG.java:115)
	at org.testng.remote.RemoteTestNG.initAndRun(RemoteTestNG.java:251)
	at org.testng.remote.RemoteTestNG.main(RemoteTestNG.java:77)
</pre></pre></td>
                                                    </tr>
                                                    <tr>
                                                        <td>Dec 22, 2020 02:11:51 PM</td>
                                                        <td class='linked' test-id='5'>TFS ID_ 5475 : Create a new GPO Member</td>
                                                        <td><pre><pre>org.testng.SkipException: Skipping execution for  :TFS ID_ 5475 : Create a new GPO Member
	at driver.Driver.executeTestcase(Driver.java:75)
	at java.base/jdk.internal.reflect.NativeMethodAccessorImpl.invoke0(Native Method)
	at java.base/jdk.internal.reflect.NativeMethodAccessorImpl.invoke(NativeMethodAccessorImpl.java:62)
	at java.base/jdk.internal.reflect.DelegatingMethodAccessorImpl.invoke(DelegatingMethodAccessorImpl.java:43)
	at java.base/java.lang.reflect.Method.invoke(Method.java:566)
	at org.testng.internal.MethodInvocationHelper.invokeMethod(MethodInvocationHelper.java:132)
	at org.testng.internal.TestInvoker.invokeMethod(TestInvoker.java:599)
	at org.testng.internal.TestInvoker.invokeTestMethod(TestInvoker.java:174)
	at org.testng.internal.MethodRunner.runInSequence(MethodRunner.java:46)
	at org.testng.internal.TestInvoker$MethodInvocationAgent.invoke(TestInvoker.java:822)
	at org.testng.internal.TestInvoker.invokeTestMethods(TestInvoker.java:147)
	at org.testng.internal.TestMethodWorker.invokeTestMethods(TestMethodWorker.java:146)
	at org.testng.internal.TestMethodWorker.run(TestMethodWorker.java:128)
	at java.base/java.util.ArrayList.forEach(ArrayList.java:1540)
	at org.testng.TestRunner.privateRun(TestRunner.java:764)
	at org.testng.TestRunner.run(TestRunner.java:585)
	at org.testng.SuiteRunner.runTest(SuiteRunner.java:384)
	at org.testng.SuiteRunner.runSequentially(SuiteRunner.java:378)
	at org.testng.SuiteRunner.privateRun(SuiteRunner.java:337)
	at org.testng.SuiteRunner.run(SuiteRunner.java:286)
	at org.testng.SuiteRunnerWorker.runSuite(SuiteRunnerWorker.java:53)
	at org.testng.SuiteRunnerWorker.run(SuiteRunnerWorker.java:96)
	at org.testng.TestNG.runSuitesSequentially(TestNG.java:1218)
	at org.testng.TestNG.runSuitesLocally(TestNG.java:1140)
	at org.testng.TestNG.runSuites(TestNG.java:1069)
	at org.testng.TestNG.run(TestNG.java:1037)
	at org.testng.remote.AbstractRemoteTestNG.run(AbstractRemoteTestNG.java:115)
	at org.testng.remote.RemoteTestNG.initAndRun(RemoteTestNG.java:251)
	at org.testng.remote.RemoteTestNG.main(RemoteTestNG.java:77)
</pre></pre></td>
                                                    </tr>
                                                    <tr>
                                                        <td>Dec 22, 2020 02:11:51 PM</td>
                                                        <td class='linked' test-id='6'>TFS ID_ 5476 : Modify existing GPO Member</td>
                                                        <td><pre><pre>org.testng.SkipException: Skipping execution for  :TFS ID_ 5476 : Modify existing GPO Member
	at driver.Driver.executeTestcase(Driver.java:75)
	at java.base/jdk.internal.reflect.NativeMethodAccessorImpl.invoke0(Native Method)
	at java.base/jdk.internal.reflect.NativeMethodAccessorImpl.invoke(NativeMethodAccessorImpl.java:62)
	at java.base/jdk.internal.reflect.DelegatingMethodAccessorImpl.invoke(DelegatingMethodAccessorImpl.java:43)
	at java.base/java.lang.reflect.Method.invoke(Method.java:566)
	at org.testng.internal.MethodInvocationHelper.invokeMethod(MethodInvocationHelper.java:132)
	at org.testng.internal.TestInvoker.invokeMethod(TestInvoker.java:599)
	at org.testng.internal.TestInvoker.invokeTestMethod(TestInvoker.java:174)
	at org.testng.internal.MethodRunner.runInSequence(MethodRunner.java:46)
	at org.testng.internal.TestInvoker$MethodInvocationAgent.invoke(TestInvoker.java:822)
	at org.testng.internal.TestInvoker.invokeTestMethods(TestInvoker.java:147)
	at org.testng.internal.TestMethodWorker.invokeTestMethods(TestMethodWorker.java:146)
	at org.testng.internal.TestMethodWorker.run(TestMethodWorker.java:128)
	at java.base/java.util.ArrayList.forEach(ArrayList.java:1540)
	at org.testng.TestRunner.privateRun(TestRunner.java:764)
	at org.testng.TestRunner.run(TestRunner.java:585)
	at org.testng.SuiteRunner.runTest(SuiteRunner.java:384)
	at org.testng.SuiteRunner.runSequentially(SuiteRunner.java:378)
	at org.testng.SuiteRunner.privateRun(SuiteRunner.java:337)
	at org.testng.SuiteRunner.run(SuiteRunner.java:286)
	at org.testng.SuiteRunnerWorker.runSuite(SuiteRunnerWorker.java:53)
	at org.testng.SuiteRunnerWorker.run(SuiteRunnerWorker.java:96)
	at org.testng.TestNG.runSuitesSequentially(TestNG.java:1218)
	at org.testng.TestNG.runSuitesLocally(TestNG.java:1140)
	at org.testng.TestNG.runSuites(TestNG.java:1069)
	at org.testng.TestNG.run(TestNG.java:1037)
	at org.testng.remote.AbstractRemoteTestNG.run(AbstractRemoteTestNG.java:115)
	at org.testng.remote.RemoteTestNG.initAndRun(RemoteTestNG.java:251)
	at org.testng.remote.RemoteTestNG.main(RemoteTestNG.java:77)
</pre></pre></td>
                                                    </tr>
                                                    <tr>
                                                        <td>Dec 22, 2020 02:11:51 PM</td>
                                                        <td class='linked' test-id='7'>TFS ID_ 5486 : Create a new Non-GPO Member</td>
                                                        <td><pre><pre>org.testng.SkipException: Skipping execution for  :TFS ID_ 5486 : Create a new Non-GPO Member
	at driver.Driver.executeTestcase(Driver.java:75)
	at java.base/jdk.internal.reflect.NativeMethodAccessorImpl.invoke0(Native Method)
	at java.base/jdk.internal.reflect.NativeMethodAccessorImpl.invoke(NativeMethodAccessorImpl.java:62)
	at java.base/jdk.internal.reflect.DelegatingMethodAccessorImpl.invoke(DelegatingMethodAccessorImpl.java:43)
	at java.base/java.lang.reflect.Method.invoke(Method.java:566)
	at org.testng.internal.MethodInvocationHelper.invokeMethod(MethodInvocationHelper.java:132)
	at org.testng.internal.TestInvoker.invokeMethod(TestInvoker.java:599)
	at org.testng.internal.TestInvoker.invokeTestMethod(TestInvoker.java:174)
	at org.testng.internal.MethodRunner.runInSequence(MethodRunner.java:46)
	at org.testng.internal.TestInvoker$MethodInvocationAgent.invoke(TestInvoker.java:822)
	at org.testng.internal.TestInvoker.invokeTestMethods(TestInvoker.java:147)
	at org.testng.internal.TestMethodWorker.invokeTestMethods(TestMethodWorker.java:146)
	at org.testng.internal.TestMethodWorker.run(TestMethodWorker.java:128)
	at java.base/java.util.ArrayList.forEach(ArrayList.java:1540)
	at org.testng.TestRunner.privateRun(TestRunner.java:764)
	at org.testng.TestRunner.run(TestRunner.java:585)
	at org.testng.SuiteRunner.runTest(SuiteRunner.java:384)
	at org.testng.SuiteRunner.runSequentially(SuiteRunner.java:378)
	at org.testng.SuiteRunner.privateRun(SuiteRunner.java:337)
	at org.testng.SuiteRunner.run(SuiteRunner.java:286)
	at org.testng.SuiteRunnerWorker.runSuite(SuiteRunnerWorker.java:53)
	at org.testng.SuiteRunnerWorker.run(SuiteRunnerWorker.java:96)
	at org.testng.TestNG.runSuitesSequentially(TestNG.java:1218)
	at org.testng.TestNG.runSuitesLocally(TestNG.java:1140)
	at org.testng.TestNG.runSuites(TestNG.java:1069)
	at org.testng.TestNG.run(TestNG.java:1037)
	at org.testng.remote.AbstractRemoteTestNG.run(AbstractRemoteTestNG.java:115)
	at org.testng.remote.RemoteTestNG.initAndRun(RemoteTestNG.java:251)
	at org.testng.remote.RemoteTestNG.main(RemoteTestNG.java:77)
</pre></pre></td>
                                                    </tr>
                                                    <tr>
                                                        <td>Dec 22, 2020 02:11:51 PM</td>
                                                        <td class='linked' test-id='8'>TFS ID_ 5828 : Terminate existing GPO Member</td>
                                                        <td><pre><pre>org.testng.SkipException: Skipping execution for  :TFS ID_ 5828 : Terminate existing GPO Member
	at driver.Driver.executeTestcase(Driver.java:75)
	at java.base/jdk.internal.reflect.NativeMethodAccessorImpl.invoke0(Native Method)
	at java.base/jdk.internal.reflect.NativeMethodAccessorImpl.invoke(NativeMethodAccessorImpl.java:62)
	at java.base/jdk.internal.reflect.DelegatingMethodAccessorImpl.invoke(DelegatingMethodAccessorImpl.java:43)
	at java.base/java.lang.reflect.Method.invoke(Method.java:566)
	at org.testng.internal.MethodInvocationHelper.invokeMethod(MethodInvocationHelper.java:132)
	at org.testng.internal.TestInvoker.invokeMethod(TestInvoker.java:599)
	at org.testng.internal.TestInvoker.invokeTestMethod(TestInvoker.java:174)
	at org.testng.internal.MethodRunner.runInSequence(MethodRunner.java:46)
	at org.testng.internal.TestInvoker$MethodInvocationAgent.invoke(TestInvoker.java:822)
	at org.testng.internal.TestInvoker.invokeTestMethods(TestInvoker.java:147)
	at org.testng.internal.TestMethodWorker.invokeTestMethods(TestMethodWorker.java:146)
	at org.testng.internal.TestMethodWorker.run(TestMethodWorker.java:128)
	at java.base/java.util.ArrayList.forEach(ArrayList.java:1540)
	at org.testng.TestRunner.privateRun(TestRunner.java:764)
	at org.testng.TestRunner.run(TestRunner.java:585)
	at org.testng.SuiteRunner.runTest(SuiteRunner.java:384)
	at org.testng.SuiteRunner.runSequentially(SuiteRunner.java:378)
	at org.testng.SuiteRunner.privateRun(SuiteRunner.java:337)
	at org.testng.SuiteRunner.run(SuiteRunner.java:286)
	at org.testng.SuiteRunnerWorker.runSuite(SuiteRunnerWorker.java:53)
	at org.testng.SuiteRunnerWorker.run(SuiteRunnerWorker.java:96)
	at org.testng.TestNG.runSuitesSequentially(TestNG.java:1218)
	at org.testng.TestNG.runSuitesLocally(TestNG.java:1140)
	at org.testng.TestNG.runSuites(TestNG.java:1069)
	at org.testng.TestNG.run(TestNG.java:1037)
	at org.testng.remote.AbstractRemoteTestNG.run(AbstractRemoteTestNG.java:115)
	at org.testng.remote.RemoteTestNG.initAndRun(RemoteTestNG.java:251)
	at org.testng.remote.RemoteTestNG.main(RemoteTestNG.java:77)
</pre></pre></td>
                                                    </tr>
                                                    <tr>
                                                        <td>Dec 22, 2020 02:11:51 PM</td>
                                                        <td class='linked' test-id='9'>TFS ID_ 5921 : Create a supplier top parent</td>
                                                        <td><pre><pre>org.testng.SkipException: Skipping execution for  :TFS ID_ 5921 : Create a supplier top parent
	at driver.Driver.executeTestcase(Driver.java:75)
	at java.base/jdk.internal.reflect.NativeMethodAccessorImpl.invoke0(Native Method)
	at java.base/jdk.internal.reflect.NativeMethodAccessorImpl.invoke(NativeMethodAccessorImpl.java:62)
	at java.base/jdk.internal.reflect.DelegatingMethodAccessorImpl.invoke(DelegatingMethodAccessorImpl.java:43)
	at java.base/java.lang.reflect.Method.invoke(Method.java:566)
	at org.testng.internal.MethodInvocationHelper.invokeMethod(MethodInvocationHelper.java:132)
	at org.testng.internal.TestInvoker.invokeMethod(TestInvoker.java:599)
	at org.testng.internal.TestInvoker.invokeTestMethod(TestInvoker.java:174)
	at org.testng.internal.MethodRunner.runInSequence(MethodRunner.java:46)
	at org.testng.internal.TestInvoker$MethodInvocationAgent.invoke(TestInvoker.java:822)
	at org.testng.internal.TestInvoker.invokeTestMethods(TestInvoker.java:147)
	at org.testng.internal.TestMethodWorker.invokeTestMethods(TestMethodWorker.java:146)
	at org.testng.internal.TestMethodWorker.run(TestMethodWorker.java:128)
	at java.base/java.util.ArrayList.forEach(ArrayList.java:1540)
	at org.testng.TestRunner.privateRun(TestRunner.java:764)
	at org.testng.TestRunner.run(TestRunner.java:585)
	at org.testng.SuiteRunner.runTest(SuiteRunner.java:384)
	at org.testng.SuiteRunner.runSequentially(SuiteRunner.java:378)
	at org.testng.SuiteRunner.privateRun(SuiteRunner.java:337)
	at org.testng.SuiteRunner.run(SuiteRunner.java:286)
	at org.testng.SuiteRunnerWorker.runSuite(SuiteRunnerWorker.java:53)
	at org.testng.SuiteRunnerWorker.run(SuiteRunnerWorker.java:96)
	at org.testng.TestNG.runSuitesSequentially(TestNG.java:1218)
	at org.testng.TestNG.runSuitesLocally(TestNG.java:1140)
	at org.testng.TestNG.runSuites(TestNG.java:1069)
	at org.testng.TestNG.run(TestNG.java:1037)
	at org.testng.remote.AbstractRemoteTestNG.run(AbstractRemoteTestNG.java:115)
	at org.testng.remote.RemoteTestNG.initAndRun(RemoteTestNG.java:251)
	at org.testng.remote.RemoteTestNG.main(RemoteTestNG.java:77)
</pre></pre></td>
                                                    </tr>
                                                    <tr>
                                                        <td>Dec 22, 2020 02:11:51 PM</td>
                                                        <td class='linked' test-id='10'>TFS ID_ 7137:Create new member - New Member form and Save it as prospect first</td>
                                                        <td><pre><pre>org.testng.SkipException: Skipping execution for  :TFS ID_ 7137:Create new member - New Member form and Save it as prospect first
	at driver.Driver.executeTestcase(Driver.java:75)
	at java.base/jdk.internal.reflect.NativeMethodAccessorImpl.invoke0(Native Method)
	at java.base/jdk.internal.reflect.NativeMethodAccessorImpl.invoke(NativeMethodAccessorImpl.java:62)
	at java.base/jdk.internal.reflect.DelegatingMethodAccessorImpl.invoke(DelegatingMethodAccessorImpl.java:43)
	at java.base/java.lang.reflect.Method.invoke(Method.java:566)
	at org.testng.internal.MethodInvocationHelper.invokeMethod(MethodInvocationHelper.java:132)
	at org.testng.internal.TestInvoker.invokeMethod(TestInvoker.java:599)
	at org.testng.internal.TestInvoker.invokeTestMethod(TestInvoker.java:174)
	at org.testng.internal.MethodRunner.runInSequence(MethodRunner.java:46)
	at org.testng.internal.TestInvoker$MethodInvocationAgent.invoke(TestInvoker.java:822)
	at org.testng.internal.TestInvoker.invokeTestMethods(TestInvoker.java:147)
	at org.testng.internal.TestMethodWorker.invokeTestMethods(TestMethodWorker.java:146)
	at org.testng.internal.TestMethodWorker.run(TestMethodWorker.java:128)
	at java.base/java.util.ArrayList.forEach(ArrayList.java:1540)
	at org.testng.TestRunner.privateRun(TestRunner.java:764)
	at org.testng.TestRunner.run(TestRunner.java:585)
	at org.testng.SuiteRunner.runTest(SuiteRunner.java:384)
	at org.testng.SuiteRunner.runSequentially(SuiteRunner.java:378)
	at org.testng.SuiteRunner.privateRun(SuiteRunner.java:337)
	at org.testng.SuiteRunner.run(SuiteRunner.java:286)
	at org.testng.SuiteRunnerWorker.runSuite(SuiteRunnerWorker.java:53)
	at org.testng.SuiteRunnerWorker.run(SuiteRunnerWorker.java:96)
	at org.testng.TestNG.runSuitesSequentially(TestNG.java:1218)
	at org.testng.TestNG.runSuitesLocally(TestNG.java:1140)
	at org.testng.TestNG.runSuites(TestNG.java:1069)
	at org.testng.TestNG.run(TestNG.java:1037)
	at org.testng.remote.AbstractRemoteTestNG.run(AbstractRemoteTestNG.java:115)
	at org.testng.remote.RemoteTestNG.initAndRun(RemoteTestNG.java:251)
	at org.testng.remote.RemoteTestNG.main(RemoteTestNG.java:77)
</pre></pre></td>
                                                    </tr>
                                                    <tr>
                                                        <td>Dec 22, 2020 02:11:51 PM</td>
                                                        <td class='linked' test-id='11'>TFS ID_7138:Create new member - New Member form through sub account and save it as prospect first</td>
                                                        <td><pre><pre>org.testng.SkipException: Skipping execution for  :TFS ID_7138:Create new member - New Member form through sub account and save it as prospect first
	at driver.Driver.executeTestcase(Driver.java:75)
	at java.base/jdk.internal.reflect.NativeMethodAccessorImpl.invoke0(Native Method)
	at java.base/jdk.internal.reflect.NativeMethodAccessorImpl.invoke(NativeMethodAccessorImpl.java:62)
	at java.base/jdk.internal.reflect.DelegatingMethodAccessorImpl.invoke(DelegatingMethodAccessorImpl.java:43)
	at java.base/java.lang.reflect.Method.invoke(Method.java:566)
	at org.testng.internal.MethodInvocationHelper.invokeMethod(MethodInvocationHelper.java:132)
	at org.testng.internal.TestInvoker.invokeMethod(TestInvoker.java:599)
	at org.testng.internal.TestInvoker.invokeTestMethod(TestInvoker.java:174)
	at org.testng.internal.MethodRunner.runInSequence(MethodRunner.java:46)
	at org.testng.internal.TestInvoker$MethodInvocationAgent.invoke(TestInvoker.java:822)
	at org.testng.internal.TestInvoker.invokeTestMethods(TestInvoker.java:147)
	at org.testng.internal.TestMethodWorker.invokeTestMethods(TestMethodWorker.java:146)
	at org.testng.internal.TestMethodWorker.run(TestMethodWorker.java:128)
	at java.base/java.util.ArrayList.forEach(ArrayList.java:1540)
	at org.testng.TestRunner.privateRun(TestRunner.java:764)
	at org.testng.TestRunner.run(TestRunner.java:585)
	at org.testng.SuiteRunner.runTest(SuiteRunner.java:384)
	at org.testng.SuiteRunner.runSequentially(SuiteRunner.java:378)
	at org.testng.SuiteRunner.privateRun(SuiteRunner.java:337)
	at org.testng.SuiteRunner.run(SuiteRunner.java:286)
	at org.testng.SuiteRunnerWorker.runSuite(SuiteRunnerWorker.java:53)
	at org.testng.SuiteRunnerWorker.run(SuiteRunnerWorker.java:96)
	at org.testng.TestNG.runSuitesSequentially(TestNG.java:1218)
	at org.testng.TestNG.runSuitesLocally(TestNG.java:1140)
	at org.testng.TestNG.runSuites(TestNG.java:1069)
	at org.testng.TestNG.run(TestNG.java:1037)
	at org.testng.remote.AbstractRemoteTestNG.run(AbstractRemoteTestNG.java:115)
	at org.testng.remote.RemoteTestNG.initAndRun(RemoteTestNG.java:251)
	at org.testng.remote.RemoteTestNG.main(RemoteTestNG.java:77)
</pre></pre></td>
                                                    </tr>
                                                    <tr>
                                                        <td>Dec 22, 2020 02:11:51 PM</td>
                                                        <td class='linked' test-id='12'>TFS ID_7139:Create new member - New Member entry form through sub account and save it as prospect first</td>
                                                        <td><pre><pre>org.testng.SkipException: Skipping execution for  :TFS ID_7139:Create new member - New Member entry form through sub account and save it as prospect first
	at driver.Driver.executeTestcase(Driver.java:75)
	at java.base/jdk.internal.reflect.NativeMethodAccessorImpl.invoke0(Native Method)
	at java.base/jdk.internal.reflect.NativeMethodAccessorImpl.invoke(NativeMethodAccessorImpl.java:62)
	at java.base/jdk.internal.reflect.DelegatingMethodAccessorImpl.invoke(DelegatingMethodAccessorImpl.java:43)
	at java.base/java.lang.reflect.Method.invoke(Method.java:566)
	at org.testng.internal.MethodInvocationHelper.invokeMethod(MethodInvocationHelper.java:132)
	at org.testng.internal.TestInvoker.invokeMethod(TestInvoker.java:599)
	at org.testng.internal.TestInvoker.invokeTestMethod(TestInvoker.java:174)
	at org.testng.internal.MethodRunner.runInSequence(MethodRunner.java:46)
	at org.testng.internal.TestInvoker$MethodInvocationAgent.invoke(TestInvoker.java:822)
	at org.testng.internal.TestInvoker.invokeTestMethods(TestInvoker.java:147)
	at org.testng.internal.TestMethodWorker.invokeTestMethods(TestMethodWorker.java:146)
	at org.testng.internal.TestMethodWorker.run(TestMethodWorker.java:128)
	at java.base/java.util.ArrayList.forEach(ArrayList.java:1540)
	at org.testng.TestRunner.privateRun(TestRunner.java:764)
	at org.testng.TestRunner.run(TestRunner.java:585)
	at org.testng.SuiteRunner.runTest(SuiteRunner.java:384)
	at org.testng.SuiteRunner.runSequentially(SuiteRunner.java:378)
	at org.testng.SuiteRunner.privateRun(SuiteRunner.java:337)
	at org.testng.SuiteRunner.run(SuiteRunner.java:286)
	at org.testng.SuiteRunnerWorker.runSuite(SuiteRunnerWorker.java:53)
	at org.testng.SuiteRunnerWorker.run(SuiteRunnerWorker.java:96)
	at org.testng.TestNG.runSuitesSequentially(TestNG.java:1218)
	at org.testng.TestNG.runSuitesLocally(TestNG.java:1140)
	at org.testng.TestNG.runSuites(TestNG.java:1069)
	at org.testng.TestNG.run(TestNG.java:1037)
	at org.testng.remote.AbstractRemoteTestNG.run(AbstractRemoteTestNG.java:115)
	at org.testng.remote.RemoteTestNG.initAndRun(RemoteTestNG.java:251)
	at org.testng.remote.RemoteTestNG.main(RemoteTestNG.java:77)
</pre></pre></td>
                                                    </tr>
                                                    <tr>
                                                        <td>Dec 22, 2020 02:11:51 PM</td>
                                                        <td class='linked' test-id='13'>TFS ID_7140: Create new member - New Member entry form and Save it as prospect first</td>
                                                        <td><pre><pre>org.testng.SkipException: Skipping execution for  :TFS ID_7140: Create new member - New Member entry form and Save it as prospect first
	at driver.Driver.executeTestcase(Driver.java:75)
	at java.base/jdk.internal.reflect.NativeMethodAccessorImpl.invoke0(Native Method)
	at java.base/jdk.internal.reflect.NativeMethodAccessorImpl.invoke(NativeMethodAccessorImpl.java:62)
	at java.base/jdk.internal.reflect.DelegatingMethodAccessorImpl.invoke(DelegatingMethodAccessorImpl.java:43)
	at java.base/java.lang.reflect.Method.invoke(Method.java:566)
	at org.testng.internal.MethodInvocationHelper.invokeMethod(MethodInvocationHelper.java:132)
	at org.testng.internal.TestInvoker.invokeMethod(TestInvoker.java:599)
	at org.testng.internal.TestInvoker.invokeTestMethod(TestInvoker.java:174)
	at org.testng.internal.MethodRunner.runInSequence(MethodRunner.java:46)
	at org.testng.internal.TestInvoker$MethodInvocationAgent.invoke(TestInvoker.java:822)
	at org.testng.internal.TestInvoker.invokeTestMethods(TestInvoker.java:147)
	at org.testng.internal.TestMethodWorker.invokeTestMethods(TestMethodWorker.java:146)
	at org.testng.internal.TestMethodWorker.run(TestMethodWorker.java:128)
	at java.base/java.util.ArrayList.forEach(ArrayList.java:1540)
	at org.testng.TestRunner.privateRun(TestRunner.java:764)
	at org.testng.TestRunner.run(TestRunner.java:585)
	at org.testng.SuiteRunner.runTest(SuiteRunner.java:384)
	at org.testng.SuiteRunner.runSequentially(SuiteRunner.java:378)
	at org.testng.SuiteRunner.privateRun(SuiteRunner.java:337)
	at org.testng.SuiteRunner.run(SuiteRunner.java:286)
	at org.testng.SuiteRunnerWorker.runSuite(SuiteRunnerWorker.java:53)
	at org.testng.SuiteRunnerWorker.run(SuiteRunnerWorker.java:96)
	at org.testng.TestNG.runSuitesSequentially(TestNG.java:1218)
	at org.testng.TestNG.runSuitesLocally(TestNG.java:1140)
	at org.testng.TestNG.runSuites(TestNG.java:1069)
	at org.testng.TestNG.run(TestNG.java:1037)
	at org.testng.remote.AbstractRemoteTestNG.run(AbstractRemoteTestNG.java:115)
	at org.testng.remote.RemoteTestNG.initAndRun(RemoteTestNG.java:251)
	at org.testng.remote.RemoteTestNG.main(RemoteTestNG.java:77)
</pre></pre></td>
                                                    </tr>
                                        </tbody>
                                    </table>
                                </div>
                            </div>
                        </li>
                </ul>
        </div>
    </div>

    <div class='subview-right left'>
        <div class='view-summary'>
            <h5 class='exception-name'></h5>
        </div>
    </div>
</div>
<!-- exception view -->
<div id='dashboard-view' class='view hide'>
	<div class='card-panel transparent np-v'>
		<h5>Dashboard</h5>

		<div class='row'>
			<div class='col s2'>
				<div class='card-panel r'>
					Tests
					<div class='panel-lead'>13</div>
				</div>
			</div>
			<div class='col s2'>
				<div class='card-panel r'>
					Steps
					<div class='panel-lead'>105</div>
				</div>
			</div>
			<div class='col s2'>
				<div class='card-panel r'>
					Start
					<div class='panel-lead'>Dec 22, 2020 02:08:57 PM</div>
				</div>
			</div>
			<div class='col s2'>
				<div class='card-panel r'>
			 		End
			 		<div class='panel-lead'>Dec 22, 2020 02:11:51 PM</div>
				</div>
			</div>
			<div class='col s2'>
				<div class='card-panel r'>
					Time Taken
					<div class='panel-lead'>0h 2m 53s+700ms</div>
				</div>
			</div>
			<div class='col s4'>
				<div class='card-panel dashboard-environment'>
					<span class='right label cyan white-text'>Environment</span><p>&nbsp;</p>
					
					<table>
						<tr>
							<th>Name</th>
							<th>Value</th>
						</tr>
							<tr>
								<td>OS</td>
								<td>Windows</td>
							</tr>
							<tr>
								<td>Environment</td>
								<td>QA</td>
							</tr>
					</table>
				</div>
			</div>
			<div class='col s6'>
				<div class='card-panel dashboard-categories'>
					<span class='right label cyan white-text'>Categories</span><p>&nbsp;</p>
					
					<table>
						<tr>
							<th>Name</th>
							<th>Passed</th>
							<th>Failed</th>
							<th>Others</th>
							<th>Passed %</th>
						</tr>
						<tr>
							<td>Member</td>
							<td>1</td>
							<td>0</td>
							<td>11</td>
							<td>
									8.333%
							</td>
						</tr>
						<tr>
							<td>Regression</td>
							<td>1</td>
							<td>0</td>
							<td>8</td>
							<td>
									11.111%
							</td>
						</tr>
						<tr>
							<td>Supplier</td>
							<td>0</td>
							<td>0</td>
							<td>1</td>
							<td>
									0%
							</td>
						</tr>
						<tr>
							<td>Smoke</td>
							<td>0</td>
							<td>0</td>
							<td>4</td>
							<td>
									0%
							</td>
						</tr>
					</table>
				</div>
			</div>
		</div>
	</div>
</div>
<!-- dashboard view -->
<!-- testrunner-logs view -->
		</div>
		<!-- container -->

		<script>
			var statusGroup = {
				passParent: 1,
				failParent: 0,
				fatalParent: 0,
				errorParent: 0,
				warningParent: 0,
				skipParent: 12,
				exceptionsParent: 12,
				
				passChild: 81,
				failChild: 0,
				fatalChild: 0,
				errorChild: 0,
				warningChild: 0,
				skipChild: 24,
				infoChild: 0,
				exceptionsChild: 24,
				
				passGrandChild: 0,
				failGrandChild: 0,
				fatalGrandChild: 0,
				errorGrandChild: 0,
				warningGrandChild: 0,
				skipGrandChild: 0,
				infoGrandChild: 0,
				exceptionsGrandChild: 0,
			};
		</script>
		
			<script src='https://cdn.rawgit.com/anshooarora/extentreports-java/fca20fb7653aade98810546ab96a2a4360e3e712/dist/js/extent.js' type='text/javascript'></script>
		
		
 		<script type='text/javascript'>
 		</script>
	</body>
	
</html>
