<!DOCTYPE html>

<html>
  <head>
  <meta charset='utf-8'>
  <title>TestNG reports</title>

    <link type="text/css" href="testng-reports1.css" rel="stylesheet" id="ultra" />
    <link type="text/css" href="testng-reports.css" rel="stylesheet" id="retro" disabled="false"/>
    <script type="text/javascript" src="jquery-3.4.1.min.js"></script>
    <script type="text/javascript" src="testng-reports.js"></script>
    <script type="text/javascript" src="https://www.google.com/jsapi"></script>
    <script type='text/javascript'>
      google.load('visualization', '1', {packages:['table']});
      google.setOnLoadCallback(drawTable);
      var suiteTableInitFunctions = new Array();
      var suiteTableData = new Array();
    </script>
    <!--
      <script type="text/javascript" src="jquery-ui/js/jquery-ui-1.8.16.custom.min.js"></script>
     -->
  </head>

  <body>
    <div class="top-banner-root">
      <span class="top-banner-title-font">Test results</span>
      <button class="button" id="button">Switch Retro Theme</button> <!-- button -->
      <br/>
      <span class="top-banner-font-1">1 suite, 7 failed tests</span>
    </div> <!-- top-banner-root -->
    <div class="navigator-root">
      <div class="navigator-suite-header">
        <span>All suites</span>
        <a href="#" class="collapse-all-link" title="Collapse/expand all the suites">
          <img class="collapse-all-icon" src="collapseall.gif">
          </img> <!-- collapse-all-icon -->
        </a> <!-- collapse-all-link -->
      </div> <!-- navigator-suite-header -->
      <div class="suite">
        <div class="rounded-window">
          <div class="suite-header light-rounded-window-top">
            <a href="#" class="navigator-link" panel-name="suite-Suite">
              <span class="suite-name border-failed">Suite</span>
            </a> <!-- navigator-link -->
          </div> <!-- suite-header light-rounded-window-top -->
          <div class="navigator-suite-content">
            <div class="suite-section-title">
              <span>Info</span>
            </div> <!-- suite-section-title -->
            <div class="suite-section-content">
              <ul>
                <li>
                  <a href="#" class="navigator-link " panel-name="test-xml-Suite">
                    <span>E:\fahmed2\eclipse-workspace\2\Dynamics-CRM-V2.0\TestNG\testng.xml</span>
                  </a> <!-- navigator-link  -->
                </li>
                <li>
                  <a href="#" class="navigator-link " panel-name="testlist-Suite">
                    <span class="test-stats">1 test</span>
                  </a> <!-- navigator-link  -->
                </li>
                <li>
                  <a href="#" class="navigator-link " panel-name="group-Suite">
                    <span>0 groups</span>
                  </a> <!-- navigator-link  -->
                </li>
                <li>
                  <a href="#" class="navigator-link " panel-name="times-Suite">
                    <span>Times</span>
                  </a> <!-- navigator-link  -->
                </li>
                <li>
                  <a href="#" class="navigator-link " panel-name="reporter-Suite">
                    <span>Reporter output</span>
                  </a> <!-- navigator-link  -->
                </li>
                <li>
                  <a href="#" class="navigator-link " panel-name="ignored-methods-Suite">
                    <span>Ignored methods</span>
                  </a> <!-- navigator-link  -->
                </li>
                <li>
                  <a href="#" class="navigator-link " panel-name="chronological-Suite">
                    <span>Chronological view</span>
                  </a> <!-- navigator-link  -->
                </li>
              </ul>
            </div> <!-- suite-section-content -->
            <div class="result-section">
              <div class="suite-section-title">
                <span>Results</span>
              </div> <!-- suite-section-title -->
              <div class="suite-section-content">
                <ul>
                  <li>
                    <span class="method-stats">25 methods, 7 failed,  12 skipped,  6 passed</span>
                  </li>
                  <li>
                    <span class="method-list-title failed">Failed methods</span>
                    <span class="show-or-hide-methods failed">
                      <a href="#" panel-name="suite-Suite" class="hide-methods failed suite-Suite"> (hide)</a> <!-- hide-methods failed suite-Suite -->
                      <a href="#" panel-name="suite-Suite" class="show-methods failed suite-Suite"> (show)</a> <!-- show-methods failed suite-Suite -->
                    </span>
                    <div class="method-list-content failed suite-Suite">
                      <span>
                        <img width="3%" src="failed.png"/>
                        <a href="#" class="method navigator-link" panel-name="suite-Suite" title="driver.Driver" hash-for-method="executeTestcase(org.testng.TestRunner@456d6c1e)">executeTestcase(org.testng.TestRunner@456d6c1e)</a> <!-- method navigator-link -->
                      </span>
                      <br/>
                      <span>
                        <img width="3%" src="failed.png"/>
                        <a href="#" class="method navigator-link" panel-name="suite-Suite" title="driver.Driver" hash-for-method="executeTestcase(org.testng.TestRunner@456d6c1e)">executeTestcase(org.testng.TestRunner@456d6c1e)</a> <!-- method navigator-link -->
                      </span>
                      <br/>
                      <span>
                        <img width="3%" src="failed.png"/>
                        <a href="#" class="method navigator-link" panel-name="suite-Suite" title="driver.Driver" hash-for-method="executeTestcase(org.testng.TestRunner@456d6c1e)">executeTestcase(org.testng.TestRunner@456d6c1e)</a> <!-- method navigator-link -->
                      </span>
                      <br/>
                      <span>
                        <img width="3%" src="failed.png"/>
                        <a href="#" class="method navigator-link" panel-name="suite-Suite" title="driver.Driver" hash-for-method="executeTestcase(org.testng.TestRunner@456d6c1e)">executeTestcase(org.testng.TestRunner@456d6c1e)</a> <!-- method navigator-link -->
                      </span>
                      <br/>
                      <span>
                        <img width="3%" src="failed.png"/>
                        <a href="#" class="method navigator-link" panel-name="suite-Suite" title="driver.Driver" hash-for-method="executeTestcase(org.testng.TestRunner@456d6c1e)">executeTestcase(org.testng.TestRunner@456d6c1e)</a> <!-- method navigator-link -->
                      </span>
                      <br/>
                      <span>
                        <img width="3%" src="failed.png"/>
                        <a href="#" class="method navigator-link" panel-name="suite-Suite" title="driver.Driver" hash-for-method="executeTestcase(org.testng.TestRunner@456d6c1e)">executeTestcase(org.testng.TestRunner@456d6c1e)</a> <!-- method navigator-link -->
                      </span>
                      <br/>
                      <span>
                        <img width="3%" src="failed.png"/>
                        <a href="#" class="method navigator-link" panel-name="suite-Suite" title="driver.Driver" hash-for-method="executeTestcase(org.testng.TestRunner@456d6c1e)">executeTestcase(org.testng.TestRunner@456d6c1e)</a> <!-- method navigator-link -->
                      </span>
                      <br/>
                    </div> <!-- method-list-content failed suite-Suite -->
                  </li>
                  <li>
                    <span class="method-list-title skipped">Skipped methods</span>
                    <span class="show-or-hide-methods skipped">
                      <a href="#" panel-name="suite-Suite" class="hide-methods skipped suite-Suite"> (hide)</a> <!-- hide-methods skipped suite-Suite -->
                      <a href="#" panel-name="suite-Suite" class="show-methods skipped suite-Suite"> (show)</a> <!-- show-methods skipped suite-Suite -->
                    </span>
                    <div class="method-list-content skipped suite-Suite">
                      <span>
                        <img width="3%" src="skipped.png"/>
                        <a href="#" class="method navigator-link" panel-name="suite-Suite" title="driver.Driver" hash-for-method="executeTestcase(org.testng.TestRunner@456d6c1e)">executeTestcase(org.testng.TestRunner@456d6c1e)</a> <!-- method navigator-link -->
                      </span>
                      <br/>
                      <span>
                        <img width="3%" src="skipped.png"/>
                        <a href="#" class="method navigator-link" panel-name="suite-Suite" title="driver.Driver" hash-for-method="executeTestcase(org.testng.TestRunner@456d6c1e)">executeTestcase(org.testng.TestRunner@456d6c1e)</a> <!-- method navigator-link -->
                      </span>
                      <br/>
                      <span>
                        <img width="3%" src="skipped.png"/>
                        <a href="#" class="method navigator-link" panel-name="suite-Suite" title="driver.Driver" hash-for-method="executeTestcase(org.testng.TestRunner@456d6c1e)">executeTestcase(org.testng.TestRunner@456d6c1e)</a> <!-- method navigator-link -->
                      </span>
                      <br/>
                      <span>
                        <img width="3%" src="skipped.png"/>
                        <a href="#" class="method navigator-link" panel-name="suite-Suite" title="driver.Driver" hash-for-method="executeTestcase(org.testng.TestRunner@456d6c1e)">executeTestcase(org.testng.TestRunner@456d6c1e)</a> <!-- method navigator-link -->
                      </span>
                      <br/>
                      <span>
                        <img width="3%" src="skipped.png"/>
                        <a href="#" class="method navigator-link" panel-name="suite-Suite" title="driver.Driver" hash-for-method="executeTestcase(org.testng.TestRunner@456d6c1e)">executeTestcase(org.testng.TestRunner@456d6c1e)</a> <!-- method navigator-link -->
                      </span>
                      <br/>
                      <span>
                        <img width="3%" src="skipped.png"/>
                        <a href="#" class="method navigator-link" panel-name="suite-Suite" title="driver.Driver" hash-for-method="executeTestcase(org.testng.TestRunner@456d6c1e)">executeTestcase(org.testng.TestRunner@456d6c1e)</a> <!-- method navigator-link -->
                      </span>
                      <br/>
                      <span>
                        <img width="3%" src="skipped.png"/>
                        <a href="#" class="method navigator-link" panel-name="suite-Suite" title="driver.Driver" hash-for-method="executeTestcase(org.testng.TestRunner@456d6c1e)">executeTestcase(org.testng.TestRunner@456d6c1e)</a> <!-- method navigator-link -->
                      </span>
                      <br/>
                      <span>
                        <img width="3%" src="skipped.png"/>
                        <a href="#" class="method navigator-link" panel-name="suite-Suite" title="driver.Driver" hash-for-method="executeTestcase(org.testng.TestRunner@456d6c1e)">executeTestcase(org.testng.TestRunner@456d6c1e)</a> <!-- method navigator-link -->
                      </span>
                      <br/>
                      <span>
                        <img width="3%" src="skipped.png"/>
                        <a href="#" class="method navigator-link" panel-name="suite-Suite" title="driver.Driver" hash-for-method="executeTestcase(org.testng.TestRunner@456d6c1e)">executeTestcase(org.testng.TestRunner@456d6c1e)</a> <!-- method navigator-link -->
                      </span>
                      <br/>
                      <span>
                        <img width="3%" src="skipped.png"/>
                        <a href="#" class="method navigator-link" panel-name="suite-Suite" title="driver.Driver" hash-for-method="executeTestcase(org.testng.TestRunner@456d6c1e)">executeTestcase(org.testng.TestRunner@456d6c1e)</a> <!-- method navigator-link -->
                      </span>
                      <br/>
                      <span>
                        <img width="3%" src="skipped.png"/>
                        <a href="#" class="method navigator-link" panel-name="suite-Suite" title="driver.Driver" hash-for-method="executeTestcase(org.testng.TestRunner@456d6c1e)">executeTestcase(org.testng.TestRunner@456d6c1e)</a> <!-- method navigator-link -->
                      </span>
                      <br/>
                      <span>
                        <img width="3%" src="skipped.png"/>
                        <a href="#" class="method navigator-link" panel-name="suite-Suite" title="driver.Driver" hash-for-method="executeTestcase(org.testng.TestRunner@456d6c1e)">executeTestcase(org.testng.TestRunner@456d6c1e)</a> <!-- method navigator-link -->
                      </span>
                      <br/>
                    </div> <!-- method-list-content skipped suite-Suite -->
                  </li>
                  <li>
                    <span class="method-list-title passed">Passed methods</span>
                    <span class="show-or-hide-methods passed">
                      <a href="#" panel-name="suite-Suite" class="hide-methods passed suite-Suite"> (hide)</a> <!-- hide-methods passed suite-Suite -->
                      <a href="#" panel-name="suite-Suite" class="show-methods passed suite-Suite"> (show)</a> <!-- show-methods passed suite-Suite -->
                    </span>
                    <div class="method-list-content passed suite-Suite">
                      <span>
                        <img width="3%" src="passed.png"/>
                        <a href="#" class="method navigator-link" panel-name="suite-Suite" title="driver.Driver" hash-for-method="executeTestcase(org.testng.TestRunner@456d6c1e)">executeTestcase(org.testng.TestRunner@456d6c1e)</a> <!-- method navigator-link -->
                      </span>
                      <br/>
                      <span>
                        <img width="3%" src="passed.png"/>
                        <a href="#" class="method navigator-link" panel-name="suite-Suite" title="driver.Driver" hash-for-method="executeTestcase(org.testng.TestRunner@456d6c1e)">executeTestcase(org.testng.TestRunner@456d6c1e)</a> <!-- method navigator-link -->
                      </span>
                      <br/>
                      <span>
                        <img width="3%" src="passed.png"/>
                        <a href="#" class="method navigator-link" panel-name="suite-Suite" title="driver.Driver" hash-for-method="executeTestcase(org.testng.TestRunner@456d6c1e)">executeTestcase(org.testng.TestRunner@456d6c1e)</a> <!-- method navigator-link -->
                      </span>
                      <br/>
                      <span>
                        <img width="3%" src="passed.png"/>
                        <a href="#" class="method navigator-link" panel-name="suite-Suite" title="driver.Driver" hash-for-method="executeTestcase(org.testng.TestRunner@456d6c1e)">executeTestcase(org.testng.TestRunner@456d6c1e)</a> <!-- method navigator-link -->
                      </span>
                      <br/>
                      <span>
                        <img width="3%" src="passed.png"/>
                        <a href="#" class="method navigator-link" panel-name="suite-Suite" title="driver.Driver" hash-for-method="executeTestcase(org.testng.TestRunner@456d6c1e)">executeTestcase(org.testng.TestRunner@456d6c1e)</a> <!-- method navigator-link -->
                      </span>
                      <br/>
                      <span>
                        <img width="3%" src="passed.png"/>
                        <a href="#" class="method navigator-link" panel-name="suite-Suite" title="driver.Driver" hash-for-method="executeTestcase(org.testng.TestRunner@456d6c1e)">executeTestcase(org.testng.TestRunner@456d6c1e)</a> <!-- method navigator-link -->
                      </span>
                      <br/>
                    </div> <!-- method-list-content passed suite-Suite -->
                  </li>
                </ul>
              </div> <!-- suite-section-content -->
            </div> <!-- result-section -->
          </div> <!-- navigator-suite-content -->
        </div> <!-- rounded-window -->
      </div> <!-- suite -->
    </div> <!-- navigator-root -->
    <div class="wrapper">
      <div class="main-panel-root">
        <div panel-name="suite-Suite" class="panel Suite">
          <div class="suite-Suite-class-failed">
            <div class="main-panel-header rounded-window-top">
              <img src="failed.png"/>
              <span class="class-name">driver.Driver</span>
            </div> <!-- main-panel-header rounded-window-top -->
            <div class="main-panel-content rounded-window-bottom">
              <div class="method">
                <div class="method-content">
                  <a name="executeTestcase(org.testng.TestRunner@456d6c1e)">
                  </a> <!-- executeTestcase(org.testng.TestRunner@456d6c1e) -->
                  <span class="method-name">executeTestcase</span>
                  <span class="parameters">(org.testng.TestRunner@456d6c1e)</span>
                  <div class="stack-trace">java.lang.reflect.InvocationTargetException
	at driver.Driver.executeTestcase(Driver.java:70)
	at java.util.ArrayList.forEach(Unknown Source)
Caused by: org.openqa.selenium.ElementNotInteractableException: element not interactable: Element is not currently visible and may not be manipulated
  (Session info: chrome=87.0.4280.88)
Build info: version: &apos;4.0.0-alpha-1&apos;, revision: &apos;d1d3728cae&apos;, time: &apos;2019-04-24T13:42:21&apos;
System info: host: &apos;Z3GAVSP1PU0041&apos;, ip: &apos;10.99.37.191&apos;, os.name: &apos;Windows 10&apos;, os.arch: &apos;amd64&apos;, os.version: &apos;10.0&apos;, java.version: &apos;1.8.0_231&apos;
Driver info: org.openqa.selenium.chrome.ChromeDriver
Capabilities {acceptInsecureCerts: false, browserName: chrome, browserVersion: 87.0.4280.88, chrome: {chromedriverVersion: 86.0.4240.22 (398b0743353ff..., userDataDir: E:\fahmed2\AppData\Local\Te...}, goog:chromeOptions: {debuggerAddress: localhost:59273}, javascriptEnabled: true, networkConnectionEnabled: false, pageLoadStrategy: normal, platform: WINDOWS, platformName: WINDOWS, proxy: Proxy(), setWindowRect: true, strictFileInteractability: false, timeouts: {implicit: 0, pageLoad: 300000, script: 30000}, unhandledPromptBehavior: dismiss and notify, webauthn:virtualAuthenticators: true}
Session ID: ded622830855a32a64aadaa0a3d079c5
	at org.openqa.selenium.remote.codec.w3c.W3CHttpResponseCodec.createException(W3CHttpResponseCodec.java:190)
	at org.openqa.selenium.remote.codec.w3c.W3CHttpResponseCodec.decode(W3CHttpResponseCodec.java:124)
	at org.openqa.selenium.remote.codec.w3c.W3CHttpResponseCodec.decode(W3CHttpResponseCodec.java:51)
	at org.openqa.selenium.remote.HttpCommandExecutor.execute(HttpCommandExecutor.java:161)
	at org.openqa.selenium.remote.service.DriverCommandExecutor.execute(DriverCommandExecutor.java:83)
	at org.openqa.selenium.remote.RemoteWebDriver.execute(RemoteWebDriver.java:577)
	at org.openqa.selenium.remote.RemoteWebElement.execute(RemoteWebElement.java:308)
	at org.openqa.selenium.remote.RemoteWebElement.click(RemoteWebElement.java:83)
	at org.openqa.selenium.support.events.EventFiringWebDriver$EventFiringWebElement.lambda$new$0(EventFiringWebDriver.java:405)
	at com.sun.proxy.$Proxy9.click(Unknown Source)
	at org.openqa.selenium.support.events.EventFiringWebDriver$EventFiringWebElement.click(EventFiringWebDriver.java:418)
	at org.openqa.selenium.support.ui.Select.setSelected(Select.java:312)
	at org.openqa.selenium.support.ui.Select.setSelectedByIndex(Select.java:294)
	at org.openqa.selenium.support.ui.Select.selectByIndex(Select.java:173)
	at services.WebDriverServiceImpl.selectDropDownUsingIndex(WebDriverServiceImpl.java:276)
	at pages.SupplierFormPage.recordStatusDraft(SupplierFormPage.java:266)
	at testcases.Supplier.TestCase_7157.modifyAddressAsSupplierSupervisor(TestCase_7157.java:25)
	... 32 more
... Removed 37 stack frames
</div> <!-- stack-trace -->
                </div> <!-- method-content -->
              </div> <!-- method -->
              <div class="method">
                <div class="method-content">
                  <a name="executeTestcase(org.testng.TestRunner@456d6c1e)">
                  </a> <!-- executeTestcase(org.testng.TestRunner@456d6c1e) -->
                  <span class="method-name">executeTestcase</span>
                  <span class="parameters">(org.testng.TestRunner@456d6c1e)</span>
                  <div class="stack-trace">java.lang.reflect.InvocationTargetException
	at driver.Driver.executeTestcase(Driver.java:70)
	at java.util.ArrayList.forEach(Unknown Source)
Caused by: org.openqa.selenium.NoSuchWindowException: no such window: target window already closed
from unknown error: web view not found
  (Session info: chrome=87.0.4280.88)
Build info: version: &apos;4.0.0-alpha-1&apos;, revision: &apos;d1d3728cae&apos;, time: &apos;2019-04-24T13:42:21&apos;
System info: host: &apos;Z3GAVSP1PU0041&apos;, ip: &apos;10.99.37.191&apos;, os.name: &apos;Windows 10&apos;, os.arch: &apos;amd64&apos;, os.version: &apos;10.0&apos;, java.version: &apos;1.8.0_231&apos;
Driver info: org.openqa.selenium.chrome.ChromeDriver
Capabilities {acceptInsecureCerts: false, browserName: chrome, browserVersion: 87.0.4280.88, chrome: {chromedriverVersion: 86.0.4240.22 (398b0743353ff..., userDataDir: E:\fahmed2\AppData\Local\Te...}, goog:chromeOptions: {debuggerAddress: localhost:58697}, javascriptEnabled: true, networkConnectionEnabled: false, pageLoadStrategy: normal, platform: WINDOWS, platformName: WINDOWS, proxy: Proxy(), setWindowRect: true, strictFileInteractability: false, timeouts: {implicit: 0, pageLoad: 300000, script: 30000}, unhandledPromptBehavior: dismiss and notify, webauthn:virtualAuthenticators: true}
Session ID: 30e561e3e4a3a8832a98d82437ad0410
	at org.openqa.selenium.remote.codec.w3c.W3CHttpResponseCodec.createException(W3CHttpResponseCodec.java:190)
	at org.openqa.selenium.remote.codec.w3c.W3CHttpResponseCodec.decode(W3CHttpResponseCodec.java:124)
	at org.openqa.selenium.remote.codec.w3c.W3CHttpResponseCodec.decode(W3CHttpResponseCodec.java:51)
	at org.openqa.selenium.remote.HttpCommandExecutor.execute(HttpCommandExecutor.java:161)
	at org.openqa.selenium.remote.service.DriverCommandExecutor.execute(DriverCommandExecutor.java:83)
	at org.openqa.selenium.remote.RemoteWebDriver.execute(RemoteWebDriver.java:577)
	at org.openqa.selenium.remote.RemoteWebDriver.execute(RemoteWebDriver.java:634)
	at org.openqa.selenium.remote.RemoteWebDriver.execute(RemoteWebDriver.java:638)
	at org.openqa.selenium.remote.RemoteWebDriver.getScreenshotAs(RemoteWebDriver.java:298)
	at org.openqa.selenium.support.events.EventFiringWebDriver.lambda$new$1(EventFiringWebDriver.java:106)
	at com.sun.proxy.$Proxy8.getScreenshotAs(Unknown Source)
	at org.openqa.selenium.support.events.EventFiringWebDriver.getScreenshotAs(EventFiringWebDriver.java:303)
	at services.WebDriverServiceImpl.getScreenshot(WebDriverServiceImpl.java:54)
	at services.WebDriverServiceImpl.screenshotCapture(WebDriverServiceImpl.java:64)
	at services.WebDriverServiceImpl.switchToFrame(WebDriverServiceImpl.java:430)
	at pages.NewAccountPage.chooseSupplierForm(NewAccountPage.java:9)
	at testcases.Supplier.TestCase_7153.createSupplierTPAsSupplier(TestCase_7153.java:20)
	... 33 more
... Removed 38 stack frames
</div> <!-- stack-trace -->
                </div> <!-- method-content -->
              </div> <!-- method -->
              <div class="method">
                <div class="method-content">
                  <a name="executeTestcase(org.testng.TestRunner@456d6c1e)">
                  </a> <!-- executeTestcase(org.testng.TestRunner@456d6c1e) -->
                  <span class="method-name">executeTestcase</span>
                  <span class="parameters">(org.testng.TestRunner@456d6c1e)</span>
                  <div class="stack-trace">java.lang.reflect.InvocationTargetException
	at driver.Driver.executeTestcase(Driver.java:70)
	at java.util.ArrayList.forEach(Unknown Source)
Caused by: org.openqa.selenium.ElementNotInteractableException: element not interactable
  (Session info: chrome=87.0.4280.88)
Build info: version: &apos;4.0.0-alpha-1&apos;, revision: &apos;d1d3728cae&apos;, time: &apos;2019-04-24T13:42:21&apos;
System info: host: &apos;Z3GAVSP1PU0041&apos;, ip: &apos;10.99.37.191&apos;, os.name: &apos;Windows 10&apos;, os.arch: &apos;amd64&apos;, os.version: &apos;10.0&apos;, java.version: &apos;1.8.0_231&apos;
Driver info: org.openqa.selenium.chrome.ChromeDriver
Capabilities {acceptInsecureCerts: false, browserName: chrome, browserVersion: 87.0.4280.88, chrome: {chromedriverVersion: 86.0.4240.22 (398b0743353ff..., userDataDir: E:\fahmed2\AppData\Local\Te...}, goog:chromeOptions: {debuggerAddress: localhost:58888}, javascriptEnabled: true, networkConnectionEnabled: false, pageLoadStrategy: normal, platform: WINDOWS, platformName: WINDOWS, proxy: Proxy(), setWindowRect: true, strictFileInteractability: false, timeouts: {implicit: 0, pageLoad: 300000, script: 30000}, unhandledPromptBehavior: dismiss and notify, webauthn:virtualAuthenticators: true}
Session ID: 83b4e1fed25a2771e2c34cdbca893e70
	at org.openqa.selenium.remote.codec.w3c.W3CHttpResponseCodec.createException(W3CHttpResponseCodec.java:190)
	at org.openqa.selenium.remote.codec.w3c.W3CHttpResponseCodec.decode(W3CHttpResponseCodec.java:124)
	at org.openqa.selenium.remote.codec.w3c.W3CHttpResponseCodec.decode(W3CHttpResponseCodec.java:51)
	at org.openqa.selenium.remote.HttpCommandExecutor.execute(HttpCommandExecutor.java:161)
	at org.openqa.selenium.remote.service.DriverCommandExecutor.execute(DriverCommandExecutor.java:83)
	at org.openqa.selenium.remote.RemoteWebDriver.execute(RemoteWebDriver.java:577)
	at org.openqa.selenium.remote.RemoteWebElement.execute(RemoteWebElement.java:308)
	at org.openqa.selenium.remote.RemoteWebElement.sendKeys(RemoteWebElement.java:107)
	at org.openqa.selenium.support.events.EventFiringWebDriver$EventFiringWebElement.lambda$new$0(EventFiringWebDriver.java:405)
	at com.sun.proxy.$Proxy9.sendKeys(Unknown Source)
	at org.openqa.selenium.support.events.EventFiringWebDriver$EventFiringWebElement.sendKeys(EventFiringWebDriver.java:430)
	at services.WebDriverServiceImpl.type(WebDriverServiceImpl.java:102)
	at pages.SupplierFormPage.pickTPRD(SupplierFormPage.java:173)
	at testcases.Supplier.TestCase_7155.publishExistingSupplierAsSupplier(TestCase_7155.java:25)
	... 32 more
... Removed 37 stack frames
</div> <!-- stack-trace -->
                </div> <!-- method-content -->
              </div> <!-- method -->
              <div class="method">
                <div class="method-content">
                  <a name="executeTestcase(org.testng.TestRunner@456d6c1e)">
                  </a> <!-- executeTestcase(org.testng.TestRunner@456d6c1e) -->
                  <span class="method-name">executeTestcase</span>
                  <span class="parameters">(org.testng.TestRunner@456d6c1e)</span>
                  <div class="stack-trace">java.lang.reflect.InvocationTargetException
	at driver.Driver.executeTestcase(Driver.java:70)
	at java.util.ArrayList.forEach(Unknown Source)
Caused by: org.openqa.selenium.ElementNotInteractableException: element not interactable: Element is not currently visible and may not be manipulated
  (Session info: chrome=87.0.4280.88)
Build info: version: &apos;4.0.0-alpha-1&apos;, revision: &apos;d1d3728cae&apos;, time: &apos;2019-04-24T13:42:21&apos;
System info: host: &apos;Z3GAVSP1PU0041&apos;, ip: &apos;10.99.37.191&apos;, os.name: &apos;Windows 10&apos;, os.arch: &apos;amd64&apos;, os.version: &apos;10.0&apos;, java.version: &apos;1.8.0_231&apos;
Driver info: org.openqa.selenium.chrome.ChromeDriver
Capabilities {acceptInsecureCerts: false, browserName: chrome, browserVersion: 87.0.4280.88, chrome: {chromedriverVersion: 86.0.4240.22 (398b0743353ff..., userDataDir: E:\fahmed2\AppData\Local\Te...}, goog:chromeOptions: {debuggerAddress: localhost:59214}, javascriptEnabled: true, networkConnectionEnabled: false, pageLoadStrategy: normal, platform: WINDOWS, platformName: WINDOWS, proxy: Proxy(), setWindowRect: true, strictFileInteractability: false, timeouts: {implicit: 0, pageLoad: 300000, script: 30000}, unhandledPromptBehavior: dismiss and notify, webauthn:virtualAuthenticators: true}
Session ID: 4e41421f2a21435f4cf87f7655ffca8d
	at org.openqa.selenium.remote.codec.w3c.W3CHttpResponseCodec.createException(W3CHttpResponseCodec.java:190)
	at org.openqa.selenium.remote.codec.w3c.W3CHttpResponseCodec.decode(W3CHttpResponseCodec.java:124)
	at org.openqa.selenium.remote.codec.w3c.W3CHttpResponseCodec.decode(W3CHttpResponseCodec.java:51)
	at org.openqa.selenium.remote.HttpCommandExecutor.execute(HttpCommandExecutor.java:161)
	at org.openqa.selenium.remote.service.DriverCommandExecutor.execute(DriverCommandExecutor.java:83)
	at org.openqa.selenium.remote.RemoteWebDriver.execute(RemoteWebDriver.java:577)
	at org.openqa.selenium.remote.RemoteWebElement.execute(RemoteWebElement.java:308)
	at org.openqa.selenium.remote.RemoteWebElement.click(RemoteWebElement.java:83)
	at org.openqa.selenium.support.events.EventFiringWebDriver$EventFiringWebElement.lambda$new$0(EventFiringWebDriver.java:405)
	at com.sun.proxy.$Proxy9.click(Unknown Source)
	at org.openqa.selenium.support.events.EventFiringWebDriver$EventFiringWebElement.click(EventFiringWebDriver.java:418)
	at org.openqa.selenium.support.ui.Select.setSelected(Select.java:312)
	at org.openqa.selenium.support.ui.Select.setSelectedByIndex(Select.java:294)
	at org.openqa.selenium.support.ui.Select.selectByIndex(Select.java:173)
	at services.WebDriverServiceImpl.selectDropDownUsingIndex(WebDriverServiceImpl.java:276)
	at pages.SupplierFormPage.recordStatusDraft(SupplierFormPage.java:266)
	at testcases.Supplier.TestCase_7162.convertMainToShipToUsingSupplierSupervisor(TestCase_7162.java:26)
	... 32 more
... Removed 37 stack frames
</div> <!-- stack-trace -->
                </div> <!-- method-content -->
              </div> <!-- method -->
              <div class="method">
                <div class="method-content">
                  <a name="executeTestcase(org.testng.TestRunner@456d6c1e)">
                  </a> <!-- executeTestcase(org.testng.TestRunner@456d6c1e) -->
                  <span class="method-name">executeTestcase</span>
                  <span class="parameters">(org.testng.TestRunner@456d6c1e)</span>
                  <div class="stack-trace">java.lang.reflect.InvocationTargetException
	at driver.Driver.executeTestcase(Driver.java:70)
	at java.util.ArrayList.forEach(Unknown Source)
Caused by: org.openqa.selenium.ElementNotInteractableException: element not interactable: Element is not currently visible and may not be manipulated
  (Session info: chrome=87.0.4280.88)
Build info: version: &apos;4.0.0-alpha-1&apos;, revision: &apos;d1d3728cae&apos;, time: &apos;2019-04-24T13:42:21&apos;
System info: host: &apos;Z3GAVSP1PU0041&apos;, ip: &apos;10.99.37.191&apos;, os.name: &apos;Windows 10&apos;, os.arch: &apos;amd64&apos;, os.version: &apos;10.0&apos;, java.version: &apos;1.8.0_231&apos;
Driver info: org.openqa.selenium.chrome.ChromeDriver
Capabilities {acceptInsecureCerts: false, browserName: chrome, browserVersion: 87.0.4280.88, chrome: {chromedriverVersion: 86.0.4240.22 (398b0743353ff..., userDataDir: E:\fahmed2\AppData\Local\Te...}, goog:chromeOptions: {debuggerAddress: localhost:59617}, javascriptEnabled: true, networkConnectionEnabled: false, pageLoadStrategy: normal, platform: WINDOWS, platformName: WINDOWS, proxy: Proxy(), setWindowRect: true, strictFileInteractability: false, timeouts: {implicit: 0, pageLoad: 300000, script: 30000}, unhandledPromptBehavior: dismiss and notify, webauthn:virtualAuthenticators: true}
Session ID: fa17a79e5b99ebb0f3496cde65fefff0
	at org.openqa.selenium.remote.codec.w3c.W3CHttpResponseCodec.createException(W3CHttpResponseCodec.java:190)
	at org.openqa.selenium.remote.codec.w3c.W3CHttpResponseCodec.decode(W3CHttpResponseCodec.java:124)
	at org.openqa.selenium.remote.codec.w3c.W3CHttpResponseCodec.decode(W3CHttpResponseCodec.java:51)
	at org.openqa.selenium.remote.HttpCommandExecutor.execute(HttpCommandExecutor.java:161)
	at org.openqa.selenium.remote.service.DriverCommandExecutor.execute(DriverCommandExecutor.java:83)
	at org.openqa.selenium.remote.RemoteWebDriver.execute(RemoteWebDriver.java:577)
	at org.openqa.selenium.remote.RemoteWebElement.execute(RemoteWebElement.java:308)
	at org.openqa.selenium.remote.RemoteWebElement.click(RemoteWebElement.java:83)
	at org.openqa.selenium.support.events.EventFiringWebDriver$EventFiringWebElement.lambda$new$0(EventFiringWebDriver.java:405)
	at com.sun.proxy.$Proxy9.click(Unknown Source)
	at org.openqa.selenium.support.events.EventFiringWebDriver$EventFiringWebElement.click(EventFiringWebDriver.java:418)
	at org.openqa.selenium.support.ui.Select.setSelected(Select.java:312)
	at org.openqa.selenium.support.ui.Select.setSelectedByIndex(Select.java:294)
	at org.openqa.selenium.support.ui.Select.selectByIndex(Select.java:173)
	at services.WebDriverServiceImpl.selectDropDownUsingIndex(WebDriverServiceImpl.java:276)
	at pages.SupplierFormPage.recordStatusDraft(SupplierFormPage.java:266)
	at testcases.Supplier.TestCase_7156.modifyAddressAsSupplierSupervisor(TestCase_7156.java:25)
	... 32 more
... Removed 37 stack frames
</div> <!-- stack-trace -->
                </div> <!-- method-content -->
              </div> <!-- method -->
              <div class="method">
                <div class="method-content">
                  <a name="executeTestcase(org.testng.TestRunner@456d6c1e)">
                  </a> <!-- executeTestcase(org.testng.TestRunner@456d6c1e) -->
                  <span class="method-name">executeTestcase</span>
                  <span class="parameters">(org.testng.TestRunner@456d6c1e)</span>
                  <div class="stack-trace">java.lang.reflect.InvocationTargetException
	at driver.Driver.executeTestcase(Driver.java:70)
	at java.util.ArrayList.forEach(Unknown Source)
Caused by: org.openqa.selenium.ElementNotInteractableException: element not interactable: Element is not currently visible and may not be manipulated
  (Session info: chrome=87.0.4280.88)
Build info: version: &apos;4.0.0-alpha-1&apos;, revision: &apos;d1d3728cae&apos;, time: &apos;2019-04-24T13:42:21&apos;
System info: host: &apos;Z3GAVSP1PU0041&apos;, ip: &apos;10.99.37.191&apos;, os.name: &apos;Windows 10&apos;, os.arch: &apos;amd64&apos;, os.version: &apos;10.0&apos;, java.version: &apos;1.8.0_231&apos;
Driver info: org.openqa.selenium.chrome.ChromeDriver
Capabilities {acceptInsecureCerts: false, browserName: chrome, browserVersion: 87.0.4280.88, chrome: {chromedriverVersion: 86.0.4240.22 (398b0743353ff..., userDataDir: E:\fahmed2\AppData\Local\Te...}, goog:chromeOptions: {debuggerAddress: localhost:59158}, javascriptEnabled: true, networkConnectionEnabled: false, pageLoadStrategy: normal, platform: WINDOWS, platformName: WINDOWS, proxy: Proxy(), setWindowRect: true, strictFileInteractability: false, timeouts: {implicit: 0, pageLoad: 300000, script: 30000}, unhandledPromptBehavior: dismiss and notify, webauthn:virtualAuthenticators: true}
Session ID: 895db53f3e429ccb6cdab3c5c0a9fe0e
	at org.openqa.selenium.remote.codec.w3c.W3CHttpResponseCodec.createException(W3CHttpResponseCodec.java:190)
	at org.openqa.selenium.remote.codec.w3c.W3CHttpResponseCodec.decode(W3CHttpResponseCodec.java:124)
	at org.openqa.selenium.remote.codec.w3c.W3CHttpResponseCodec.decode(W3CHttpResponseCodec.java:51)
	at org.openqa.selenium.remote.HttpCommandExecutor.execute(HttpCommandExecutor.java:161)
	at org.openqa.selenium.remote.service.DriverCommandExecutor.execute(DriverCommandExecutor.java:83)
	at org.openqa.selenium.remote.RemoteWebDriver.execute(RemoteWebDriver.java:577)
	at org.openqa.selenium.remote.RemoteWebElement.execute(RemoteWebElement.java:308)
	at org.openqa.selenium.remote.RemoteWebElement.click(RemoteWebElement.java:83)
	at org.openqa.selenium.support.events.EventFiringWebDriver$EventFiringWebElement.lambda$new$0(EventFiringWebDriver.java:405)
	at com.sun.proxy.$Proxy9.click(Unknown Source)
	at org.openqa.selenium.support.events.EventFiringWebDriver$EventFiringWebElement.click(EventFiringWebDriver.java:418)
	at org.openqa.selenium.support.ui.Select.setSelected(Select.java:312)
	at org.openqa.selenium.support.ui.Select.setSelectedByIndex(Select.java:294)
	at org.openqa.selenium.support.ui.Select.selectByIndex(Select.java:173)
	at services.WebDriverServiceImpl.selectDropDownUsingIndex(WebDriverServiceImpl.java:276)
	at pages.SupplierFormPage.recordStatusDraft(SupplierFormPage.java:266)
	at testcases.Supplier.TestCase_7161.convertShipToToMainUsingSupplierSupervisor(TestCase_7161.java:24)
	... 32 more
... Removed 37 stack frames
</div> <!-- stack-trace -->
                </div> <!-- method-content -->
              </div> <!-- method -->
              <div class="method">
                <div class="method-content">
                  <a name="executeTestcase(org.testng.TestRunner@456d6c1e)">
                  </a> <!-- executeTestcase(org.testng.TestRunner@456d6c1e) -->
                  <span class="method-name">executeTestcase</span>
                  <span class="parameters">(org.testng.TestRunner@456d6c1e)</span>
                  <div class="stack-trace">java.lang.reflect.InvocationTargetException
	at driver.Driver.executeTestcase(Driver.java:70)
	at java.util.ArrayList.forEach(Unknown Source)
Caused by: org.openqa.selenium.NoSuchElementException: no such element: Unable to locate element: {&quot;method&quot;:&quot;css selector&quot;,&quot;selector&quot;:&quot;#contentIFrame1&quot;}
  (Session info: chrome=87.0.4280.88)
For documentation on this error, please visit: https://www.seleniumhq.org/exceptions/no_such_element.html
Build info: version: &apos;4.0.0-alpha-1&apos;, revision: &apos;d1d3728cae&apos;, time: &apos;2019-04-24T13:42:21&apos;
System info: host: &apos;Z3GAVSP1PU0041&apos;, ip: &apos;10.99.37.191&apos;, os.name: &apos;Windows 10&apos;, os.arch: &apos;amd64&apos;, os.version: &apos;10.0&apos;, java.version: &apos;1.8.0_231&apos;
Driver info: org.openqa.selenium.chrome.ChromeDriver
Capabilities {acceptInsecureCerts: false, browserName: chrome, browserVersion: 87.0.4280.88, chrome: {chromedriverVersion: 86.0.4240.22 (398b0743353ff..., userDataDir: E:\fahmed2\AppData\Local\Te...}, goog:chromeOptions: {debuggerAddress: localhost:59097}, javascriptEnabled: true, networkConnectionEnabled: false, pageLoadStrategy: normal, platform: WINDOWS, platformName: WINDOWS, proxy: Proxy(), setWindowRect: true, strictFileInteractability: false, timeouts: {implicit: 0, pageLoad: 300000, script: 30000}, unhandledPromptBehavior: dismiss and notify, webauthn:virtualAuthenticators: true}
Session ID: a265199ceaa2c0ae8f26082b2615c5db
*** Element info: {Using=id, value=contentIFrame1}
	at org.openqa.selenium.remote.codec.w3c.W3CHttpResponseCodec.createException(W3CHttpResponseCodec.java:190)
	at org.openqa.selenium.remote.codec.w3c.W3CHttpResponseCodec.decode(W3CHttpResponseCodec.java:124)
	at org.openqa.selenium.remote.codec.w3c.W3CHttpResponseCodec.decode(W3CHttpResponseCodec.java:51)
	at org.openqa.selenium.remote.HttpCommandExecutor.execute(HttpCommandExecutor.java:161)
	at org.openqa.selenium.remote.service.DriverCommandExecutor.execute(DriverCommandExecutor.java:83)
	at org.openqa.selenium.remote.RemoteWebDriver.execute(RemoteWebDriver.java:577)
	at org.openqa.selenium.remote.RemoteWebDriver.findElement(RemoteWebDriver.java:328)
	at org.openqa.selenium.remote.RemoteWebDriver.findElementById(RemoteWebDriver.java:376)
	at org.openqa.selenium.By$ById.findElement(By.java:188)
	at org.openqa.selenium.remote.RemoteWebDriver.findElement(RemoteWebDriver.java:320)
	at org.openqa.selenium.support.events.EventFiringWebDriver.lambda$new$1(EventFiringWebDriver.java:106)
	at com.sun.proxy.$Proxy8.findElement(Unknown Source)
	at org.openqa.selenium.support.events.EventFiringWebDriver.findElement(EventFiringWebDriver.java:195)
	at pages.SupplierFormPage.storeLocationType(SupplierFormPage.java:200)
	at testcases.Supplier.TestCase_7160.createShipToAsSupplierSupervisor(TestCase_7160.java:30)
	... 32 more
... Removed 37 stack frames
</div> <!-- stack-trace -->
                </div> <!-- method-content -->
              </div> <!-- method -->
            </div> <!-- main-panel-content rounded-window-bottom -->
          </div> <!-- suite-Suite-class-failed -->
          <div class="suite-Suite-class-skipped">
            <div class="main-panel-header rounded-window-top">
              <img src="skipped.png"/>
              <span class="class-name">driver.Driver</span>
            </div> <!-- main-panel-header rounded-window-top -->
            <div class="main-panel-content rounded-window-bottom">
              <div class="method">
                <div class="method-content">
                  <a name="executeTestcase(org.testng.TestRunner@456d6c1e)">
                  </a> <!-- executeTestcase(org.testng.TestRunner@456d6c1e) -->
                  <span class="method-name">executeTestcase</span>
                  <span class="parameters">(org.testng.TestRunner@456d6c1e)</span>
                  <div class="stack-trace">org.testng.SkipException: TFS ID_ 1148 : Validate Address Changesis not chosen for execution
	at driver.Driver.executeTestcase(Driver.java:76)
	at java.util.ArrayList.forEach(Unknown Source)
... Removed 27 stack frames
</div> <!-- stack-trace -->
                </div> <!-- method-content -->
              </div> <!-- method -->
              <div class="method">
                <div class="method-content">
                  <a name="executeTestcase(org.testng.TestRunner@456d6c1e)">
                  </a> <!-- executeTestcase(org.testng.TestRunner@456d6c1e) -->
                  <span class="method-name">executeTestcase</span>
                  <span class="parameters">(org.testng.TestRunner@456d6c1e)</span>
                  <div class="stack-trace">org.testng.SkipException: TFS ID_7138:Create new member - New Member form through sub account and save it as prospect firstis not chosen for execution
	at driver.Driver.executeTestcase(Driver.java:76)
	at java.util.ArrayList.forEach(Unknown Source)
... Removed 27 stack frames
</div> <!-- stack-trace -->
                </div> <!-- method-content -->
              </div> <!-- method -->
              <div class="method">
                <div class="method-content">
                  <a name="executeTestcase(org.testng.TestRunner@456d6c1e)">
                  </a> <!-- executeTestcase(org.testng.TestRunner@456d6c1e) -->
                  <span class="method-name">executeTestcase</span>
                  <span class="parameters">(org.testng.TestRunner@456d6c1e)</span>
                  <div class="stack-trace">org.testng.SkipException: TFS ID_ 5475 : Create a new GPO Memberis not chosen for execution
	at driver.Driver.executeTestcase(Driver.java:76)
	at java.util.ArrayList.forEach(Unknown Source)
... Removed 27 stack frames
</div> <!-- stack-trace -->
                </div> <!-- method-content -->
              </div> <!-- method -->
              <div class="method">
                <div class="method-content">
                  <a name="executeTestcase(org.testng.TestRunner@456d6c1e)">
                  </a> <!-- executeTestcase(org.testng.TestRunner@456d6c1e) -->
                  <span class="method-name">executeTestcase</span>
                  <span class="parameters">(org.testng.TestRunner@456d6c1e)</span>
                  <div class="stack-trace">org.testng.SkipException: TFS ID_7139:Create new member - New Member entry form through sub account and save it as prospect firstis not chosen for execution
	at driver.Driver.executeTestcase(Driver.java:76)
	at java.util.ArrayList.forEach(Unknown Source)
... Removed 27 stack frames
</div> <!-- stack-trace -->
                </div> <!-- method-content -->
              </div> <!-- method -->
              <div class="method">
                <div class="method-content">
                  <a name="executeTestcase(org.testng.TestRunner@456d6c1e)">
                  </a> <!-- executeTestcase(org.testng.TestRunner@456d6c1e) -->
                  <span class="method-name">executeTestcase</span>
                  <span class="parameters">(org.testng.TestRunner@456d6c1e)</span>
                  <div class="stack-trace">org.testng.SkipException: TFS ID_ 1141 : Validate Business Keyis not chosen for execution
	at driver.Driver.executeTestcase(Driver.java:76)
	at java.util.ArrayList.forEach(Unknown Source)
... Removed 27 stack frames
</div> <!-- stack-trace -->
                </div> <!-- method-content -->
              </div> <!-- method -->
              <div class="method">
                <div class="method-content">
                  <a name="executeTestcase(org.testng.TestRunner@456d6c1e)">
                  </a> <!-- executeTestcase(org.testng.TestRunner@456d6c1e) -->
                  <span class="method-name">executeTestcase</span>
                  <span class="parameters">(org.testng.TestRunner@456d6c1e)</span>
                  <div class="stack-trace">org.testng.SkipException: TFS ID_ 1152 : Validate Convert Acct Entity Code to Ship-to Acctis not chosen for execution
	at driver.Driver.executeTestcase(Driver.java:76)
	at java.util.ArrayList.forEach(Unknown Source)
... Removed 27 stack frames
</div> <!-- stack-trace -->
                </div> <!-- method-content -->
              </div> <!-- method -->
              <div class="method">
                <div class="method-content">
                  <a name="executeTestcase(org.testng.TestRunner@456d6c1e)">
                  </a> <!-- executeTestcase(org.testng.TestRunner@456d6c1e) -->
                  <span class="method-name">executeTestcase</span>
                  <span class="parameters">(org.testng.TestRunner@456d6c1e)</span>
                  <div class="stack-trace">org.testng.SkipException: TFS ID_7140: Create new member - New Member entry form and Save it as prospect firstis not chosen for execution
	at driver.Driver.executeTestcase(Driver.java:76)
	at java.util.ArrayList.forEach(Unknown Source)
... Removed 27 stack frames
</div> <!-- stack-trace -->
                </div> <!-- method-content -->
              </div> <!-- method -->
              <div class="method">
                <div class="method-content">
                  <a name="executeTestcase(org.testng.TestRunner@456d6c1e)">
                  </a> <!-- executeTestcase(org.testng.TestRunner@456d6c1e) -->
                  <span class="method-name">executeTestcase</span>
                  <span class="parameters">(org.testng.TestRunner@456d6c1e)</span>
                  <div class="stack-trace">org.testng.SkipException: TFS ID_ 1241 : Validate that a Non-GPO can only be changed to Memberis not chosen for execution
	at driver.Driver.executeTestcase(Driver.java:76)
	at java.util.ArrayList.forEach(Unknown Source)
... Removed 27 stack frames
</div> <!-- stack-trace -->
                </div> <!-- method-content -->
              </div> <!-- method -->
              <div class="method">
                <div class="method-content">
                  <a name="executeTestcase(org.testng.TestRunner@456d6c1e)">
                  </a> <!-- executeTestcase(org.testng.TestRunner@456d6c1e) -->
                  <span class="method-name">executeTestcase</span>
                  <span class="parameters">(org.testng.TestRunner@456d6c1e)</span>
                  <div class="stack-trace">org.testng.SkipException: TFS ID_ 7137:Create new member - New Member form and Save it as prospect firstis not chosen for execution
	at driver.Driver.executeTestcase(Driver.java:76)
	at java.util.ArrayList.forEach(Unknown Source)
... Removed 27 stack frames
</div> <!-- stack-trace -->
                </div> <!-- method-content -->
              </div> <!-- method -->
              <div class="method">
                <div class="method-content">
                  <a name="executeTestcase(org.testng.TestRunner@456d6c1e)">
                  </a> <!-- executeTestcase(org.testng.TestRunner@456d6c1e) -->
                  <span class="method-name">executeTestcase</span>
                  <span class="parameters">(org.testng.TestRunner@456d6c1e)</span>
                  <div class="stack-trace">org.testng.SkipException: TFS ID_ 5486 : Create a new Non-GPO Memberis not chosen for execution
	at driver.Driver.executeTestcase(Driver.java:76)
	at java.util.ArrayList.forEach(Unknown Source)
... Removed 27 stack frames
</div> <!-- stack-trace -->
                </div> <!-- method-content -->
              </div> <!-- method -->
              <div class="method">
                <div class="method-content">
                  <a name="executeTestcase(org.testng.TestRunner@456d6c1e)">
                  </a> <!-- executeTestcase(org.testng.TestRunner@456d6c1e) -->
                  <span class="method-name">executeTestcase</span>
                  <span class="parameters">(org.testng.TestRunner@456d6c1e)</span>
                  <div class="stack-trace">org.testng.SkipException: TFS ID_ 5828 : Terminate existing GPO Memberis not chosen for execution
	at driver.Driver.executeTestcase(Driver.java:76)
	at java.util.ArrayList.forEach(Unknown Source)
... Removed 27 stack frames
</div> <!-- stack-trace -->
                </div> <!-- method-content -->
              </div> <!-- method -->
              <div class="method">
                <div class="method-content">
                  <a name="executeTestcase(org.testng.TestRunner@456d6c1e)">
                  </a> <!-- executeTestcase(org.testng.TestRunner@456d6c1e) -->
                  <span class="method-name">executeTestcase</span>
                  <span class="parameters">(org.testng.TestRunner@456d6c1e)</span>
                  <div class="stack-trace">org.testng.SkipException: TFS ID_ 5476 : Modify existing GPO Memberis not chosen for execution
	at driver.Driver.executeTestcase(Driver.java:76)
	at java.util.ArrayList.forEach(Unknown Source)
... Removed 27 stack frames
</div> <!-- stack-trace -->
                </div> <!-- method-content -->
              </div> <!-- method -->
            </div> <!-- main-panel-content rounded-window-bottom -->
          </div> <!-- suite-Suite-class-skipped -->
          <div class="suite-Suite-class-passed">
            <div class="main-panel-header rounded-window-top">
              <img src="passed.png"/>
              <span class="class-name">driver.Driver</span>
            </div> <!-- main-panel-header rounded-window-top -->
            <div class="main-panel-content rounded-window-bottom">
              <div class="method">
                <div class="method-content">
                  <a name="executeTestcase(org.testng.TestRunner@456d6c1e)">
                  </a> <!-- executeTestcase(org.testng.TestRunner@456d6c1e) -->
                  <span class="method-name">executeTestcase</span>
                  <span class="parameters">(org.testng.TestRunner@456d6c1e)</span>
                </div> <!-- method-content -->
              </div> <!-- method -->
              <div class="method">
                <div class="method-content">
                  <a name="executeTestcase(org.testng.TestRunner@456d6c1e)">
                  </a> <!-- executeTestcase(org.testng.TestRunner@456d6c1e) -->
                  <span class="method-name">executeTestcase</span>
                  <span class="parameters">(org.testng.TestRunner@456d6c1e)</span>
                </div> <!-- method-content -->
              </div> <!-- method -->
              <div class="method">
                <div class="method-content">
                  <a name="executeTestcase(org.testng.TestRunner@456d6c1e)">
                  </a> <!-- executeTestcase(org.testng.TestRunner@456d6c1e) -->
                  <span class="method-name">executeTestcase</span>
                  <span class="parameters">(org.testng.TestRunner@456d6c1e)</span>
                </div> <!-- method-content -->
              </div> <!-- method -->
              <div class="method">
                <div class="method-content">
                  <a name="executeTestcase(org.testng.TestRunner@456d6c1e)">
                  </a> <!-- executeTestcase(org.testng.TestRunner@456d6c1e) -->
                  <span class="method-name">executeTestcase</span>
                  <span class="parameters">(org.testng.TestRunner@456d6c1e)</span>
                </div> <!-- method-content -->
              </div> <!-- method -->
              <div class="method">
                <div class="method-content">
                  <a name="executeTestcase(org.testng.TestRunner@456d6c1e)">
                  </a> <!-- executeTestcase(org.testng.TestRunner@456d6c1e) -->
                  <span class="method-name">executeTestcase</span>
                  <span class="parameters">(org.testng.TestRunner@456d6c1e)</span>
                </div> <!-- method-content -->
              </div> <!-- method -->
              <div class="method">
                <div class="method-content">
                  <a name="executeTestcase(org.testng.TestRunner@456d6c1e)">
                  </a> <!-- executeTestcase(org.testng.TestRunner@456d6c1e) -->
                  <span class="method-name">executeTestcase</span>
                  <span class="parameters">(org.testng.TestRunner@456d6c1e)</span>
                </div> <!-- method-content -->
              </div> <!-- method -->
            </div> <!-- main-panel-content rounded-window-bottom -->
          </div> <!-- suite-Suite-class-passed -->
        </div> <!-- panel Suite -->
        <div panel-name="test-xml-Suite" class="panel">
          <div class="main-panel-header rounded-window-top">
            <span class="header-content">E:\fahmed2\eclipse-workspace\2\Dynamics-CRM-V2.0\TestNG\testng.xml</span>
          </div> <!-- main-panel-header rounded-window-top -->
          <div class="main-panel-content rounded-window-bottom">
            <pre>
&lt;?xml version=&quot;1.0&quot; encoding=&quot;UTF-8&quot;?&gt;
&lt;!DOCTYPE suite SYSTEM &quot;https://testng.org/testng-1.0.dtd&quot;&gt;
&lt;suite guice-stage=&quot;DEVELOPMENT&quot; name=&quot;Suite&quot;&gt;
  &lt;listeners&gt;
    &lt;listener class-name=&quot;events.TestAnnotation&quot;/&gt;
  &lt;/listeners&gt;
  &lt;test thread-count=&quot;5&quot; name=&quot;Results&quot;&gt;
    &lt;classes&gt;
      &lt;class name=&quot;driver.Driver&quot;/&gt;
    &lt;/classes&gt;
  &lt;/test&gt; &lt;!-- Results --&gt;
&lt;/suite&gt; &lt;!-- Suite --&gt;
            </pre>
          </div> <!-- main-panel-content rounded-window-bottom -->
        </div> <!-- panel -->
        <div panel-name="testlist-Suite" class="panel">
          <div class="main-panel-header rounded-window-top">
            <span class="header-content">Tests for Suite</span>
          </div> <!-- main-panel-header rounded-window-top -->
          <div class="main-panel-content rounded-window-bottom">
            <ul>
              <li>
                <span class="test-name">Results (1 class)</span>
              </li>
            </ul>
          </div> <!-- main-panel-content rounded-window-bottom -->
        </div> <!-- panel -->
        <div panel-name="group-Suite" class="panel">
          <div class="main-panel-header rounded-window-top">
            <span class="header-content">Groups for Suite</span>
          </div> <!-- main-panel-header rounded-window-top -->
          <div class="main-panel-content rounded-window-bottom">
          </div> <!-- main-panel-content rounded-window-bottom -->
        </div> <!-- panel -->
        <div panel-name="times-Suite" class="panel">
          <div class="main-panel-header rounded-window-top">
            <span class="header-content">Times for Suite</span>
          </div> <!-- main-panel-header rounded-window-top -->
          <div class="main-panel-content rounded-window-bottom">
            <div class="times-div">
              <script type="text/javascript">
suiteTableInitFunctions.push('tableData_Suite');
function tableData_Suite() {
var data = new google.visualization.DataTable();
data.addColumn('number', 'Number');
data.addColumn('string', 'Method');
data.addColumn('string', 'Class');
data.addColumn('number', 'Time (ms)');
data.addRows(25);
data.setCell(0, 0, 0)
data.setCell(0, 1, 'executeTestcase')
data.setCell(0, 2, 'driver.Driver')
data.setCell(0, 3, 87180);
data.setCell(1, 0, 1)
data.setCell(1, 1, 'executeTestcase')
data.setCell(1, 2, 'driver.Driver')
data.setCell(1, 3, 82367);
data.setCell(2, 0, 2)
data.setCell(2, 1, 'executeTestcase')
data.setCell(2, 2, 'driver.Driver')
data.setCell(2, 3, 81394);
data.setCell(3, 0, 3)
data.setCell(3, 1, 'executeTestcase')
data.setCell(3, 2, 'driver.Driver')
data.setCell(3, 3, 80238);
data.setCell(4, 0, 4)
data.setCell(4, 1, 'executeTestcase')
data.setCell(4, 2, 'driver.Driver')
data.setCell(4, 3, 78478);
data.setCell(5, 0, 5)
data.setCell(5, 1, 'executeTestcase')
data.setCell(5, 2, 'driver.Driver')
data.setCell(5, 3, 74560);
data.setCell(6, 0, 6)
data.setCell(6, 1, 'executeTestcase')
data.setCell(6, 2, 'driver.Driver')
data.setCell(6, 3, 71306);
data.setCell(7, 0, 7)
data.setCell(7, 1, 'executeTestcase')
data.setCell(7, 2, 'driver.Driver')
data.setCell(7, 3, 69617);
data.setCell(8, 0, 8)
data.setCell(8, 1, 'executeTestcase')
data.setCell(8, 2, 'driver.Driver')
data.setCell(8, 3, 65184);
data.setCell(9, 0, 9)
data.setCell(9, 1, 'executeTestcase')
data.setCell(9, 2, 'driver.Driver')
data.setCell(9, 3, 65143);
data.setCell(10, 0, 10)
data.setCell(10, 1, 'executeTestcase')
data.setCell(10, 2, 'driver.Driver')
data.setCell(10, 3, 64340);
data.setCell(11, 0, 11)
data.setCell(11, 1, 'executeTestcase')
data.setCell(11, 2, 'driver.Driver')
data.setCell(11, 3, 62116);
data.setCell(12, 0, 12)
data.setCell(12, 1, 'executeTestcase')
data.setCell(12, 2, 'driver.Driver')
data.setCell(12, 3, 35955);
data.setCell(13, 0, 13)
data.setCell(13, 1, 'executeTestcase')
data.setCell(13, 2, 'driver.Driver')
data.setCell(13, 3, 72);
data.setCell(14, 0, 14)
data.setCell(14, 1, 'executeTestcase')
data.setCell(14, 2, 'driver.Driver')
data.setCell(14, 3, 29);
data.setCell(15, 0, 15)
data.setCell(15, 1, 'executeTestcase')
data.setCell(15, 2, 'driver.Driver')
data.setCell(15, 3, 6);
data.setCell(16, 0, 16)
data.setCell(16, 1, 'executeTestcase')
data.setCell(16, 2, 'driver.Driver')
data.setCell(16, 3, 5);
data.setCell(17, 0, 17)
data.setCell(17, 1, 'executeTestcase')
data.setCell(17, 2, 'driver.Driver')
data.setCell(17, 3, 4);
data.setCell(18, 0, 18)
data.setCell(18, 1, 'executeTestcase')
data.setCell(18, 2, 'driver.Driver')
data.setCell(18, 3, 4);
data.setCell(19, 0, 19)
data.setCell(19, 1, 'executeTestcase')
data.setCell(19, 2, 'driver.Driver')
data.setCell(19, 3, 4);
data.setCell(20, 0, 20)
data.setCell(20, 1, 'executeTestcase')
data.setCell(20, 2, 'driver.Driver')
data.setCell(20, 3, 4);
data.setCell(21, 0, 21)
data.setCell(21, 1, 'executeTestcase')
data.setCell(21, 2, 'driver.Driver')
data.setCell(21, 3, 4);
data.setCell(22, 0, 22)
data.setCell(22, 1, 'executeTestcase')
data.setCell(22, 2, 'driver.Driver')
data.setCell(22, 3, 4);
data.setCell(23, 0, 23)
data.setCell(23, 1, 'executeTestcase')
data.setCell(23, 2, 'driver.Driver')
data.setCell(23, 3, 4);
data.setCell(24, 0, 24)
data.setCell(24, 1, 'executeTestcase')
data.setCell(24, 2, 'driver.Driver')
data.setCell(24, 3, 3);
window.suiteTableData['Suite']= { tableData: data, tableDiv: 'times-div-Suite'}
return data;
}
              </script>
              <span class="suite-total-time">Total running time: 15 minutes</span>
              <div id="times-div-Suite">
              </div> <!-- times-div-Suite -->
            </div> <!-- times-div -->
          </div> <!-- main-panel-content rounded-window-bottom -->
        </div> <!-- panel -->
        <div panel-name="reporter-Suite" class="panel">
          <div class="main-panel-header rounded-window-top">
            <span class="header-content">Reporter output for Suite</span>
          </div> <!-- main-panel-header rounded-window-top -->
          <div class="main-panel-content rounded-window-bottom">
          </div> <!-- main-panel-content rounded-window-bottom -->
        </div> <!-- panel -->
        <div panel-name="ignored-methods-Suite" class="panel">
          <div class="main-panel-header rounded-window-top">
            <span class="header-content">0 ignored methods</span>
          </div> <!-- main-panel-header rounded-window-top -->
          <div class="main-panel-content rounded-window-bottom">
          </div> <!-- main-panel-content rounded-window-bottom -->
        </div> <!-- panel -->
        <div panel-name="chronological-Suite" class="panel">
          <div class="main-panel-header rounded-window-top">
            <span class="header-content">Methods in chronological order</span>
          </div> <!-- main-panel-header rounded-window-top -->
          <div class="main-panel-content rounded-window-bottom">
            <div class="chronological-class">
              <div class="chronological-class-name">driver.Driver</div> <!-- chronological-class-name -->
              <div class="configuration-suite before">
                <span class="method-name">setUp</span>
                <span class="method-start">0 ms</span>
              </div> <!-- configuration-suite before -->
              <div class="test-method">
                <span class="method-name">executeTestcase(org.testng.TestRunner@456d6c1e)</span>
                <span class="method-start">269 ms</span>
              </div> <!-- test-method -->
              <div class="configuration-method after">
                <span class="method-name">Reports([TestResult name=executeTestcase status=SKIP method=Driver.executeTestcase(org.testng.ITestContext)[...)</span>
                <span class="method-start">343 ms</span>
              </div> <!-- configuration-method after -->
              <div class="test-method">
                <span class="method-name">executeTestcase(org.testng.TestRunner@456d6c1e)</span>
                <span class="method-start">579 ms</span>
              </div> <!-- test-method -->
              <div class="configuration-method after">
                <span class="method-name">Reports([TestResult name=executeTestcase status=SKIP method=Driver.executeTestcase(org.testng.ITestContext)[...)</span>
                <span class="method-start">615 ms</span>
              </div> <!-- configuration-method after -->
              <div class="test-method">
                <span class="method-name">executeTestcase(org.testng.TestRunner@456d6c1e)</span>
                <span class="method-start">731 ms</span>
              </div> <!-- test-method -->
              <div class="configuration-method after">
                <span class="method-name">Reports([TestResult name=executeTestcase status=SKIP method=Driver.executeTestcase(org.testng.ITestContext)[...)</span>
                <span class="method-start">779 ms</span>
              </div> <!-- configuration-method after -->
              <div class="test-method">
                <span class="method-name">executeTestcase(org.testng.TestRunner@456d6c1e)</span>
                <span class="method-start">872 ms</span>
              </div> <!-- test-method -->
              <div class="configuration-method after">
                <span class="method-name">Reports([TestResult name=executeTestcase status=SKIP method=Driver.executeTestcase(org.testng.ITestContext)[...)</span>
                <span class="method-start">901 ms</span>
              </div> <!-- configuration-method after -->
              <div class="test-method">
                <span class="method-name">executeTestcase(org.testng.TestRunner@456d6c1e)</span>
                <span class="method-start">986 ms</span>
              </div> <!-- test-method -->
              <div class="configuration-method after">
                <span class="method-name">Reports([TestResult name=executeTestcase status=SKIP method=Driver.executeTestcase(org.testng.ITestContext)[...)</span>
                <span class="method-start">1017 ms</span>
              </div> <!-- configuration-method after -->
              <div class="test-method">
                <span class="method-name">executeTestcase(org.testng.TestRunner@456d6c1e)</span>
                <span class="method-start">1081 ms</span>
              </div> <!-- test-method -->
              <div class="configuration-method after">
                <span class="method-name">Reports([TestResult name=executeTestcase status=SKIP method=Driver.executeTestcase(org.testng.ITestContext)[...)</span>
                <span class="method-start">1107 ms</span>
              </div> <!-- configuration-method after -->
              <div class="test-method">
                <span class="method-name">executeTestcase(org.testng.TestRunner@456d6c1e)</span>
                <span class="method-start">1176 ms</span>
              </div> <!-- test-method -->
              <div class="configuration-method after">
                <span class="method-name">Reports([TestResult name=executeTestcase status=SKIP method=Driver.executeTestcase(org.testng.ITestContext)[...)</span>
                <span class="method-start">1202 ms</span>
              </div> <!-- configuration-method after -->
              <div class="test-method">
                <span class="method-name">executeTestcase(org.testng.TestRunner@456d6c1e)</span>
                <span class="method-start">1273 ms</span>
              </div> <!-- test-method -->
              <div class="configuration-method after">
                <span class="method-name">Reports([TestResult name=executeTestcase status=SKIP method=Driver.executeTestcase(org.testng.ITestContext)[...)</span>
                <span class="method-start">1370 ms</span>
              </div> <!-- configuration-method after -->
              <div class="test-method">
                <span class="method-name">executeTestcase(org.testng.TestRunner@456d6c1e)</span>
                <span class="method-start">1425 ms</span>
              </div> <!-- test-method -->
              <div class="configuration-method after">
                <span class="method-name">Reports([TestResult name=executeTestcase status=SUCCESS method=Driver.executeTestcase(org.testng.ITestContex...)</span>
                <span class="method-start">76016 ms</span>
              </div> <!-- configuration-method after -->
              <div class="test-method">
                <span class="method-name">executeTestcase(org.testng.TestRunner@456d6c1e)</span>
                <span class="method-start">76082 ms</span>
              </div> <!-- test-method -->
              <div class="configuration-method after">
                <span class="method-name">Reports([TestResult name=executeTestcase status=SKIP method=Driver.executeTestcase(org.testng.ITestContext)[...)</span>
                <span class="method-start">76115 ms</span>
              </div> <!-- configuration-method after -->
              <div class="test-method">
                <span class="method-name">executeTestcase(org.testng.TestRunner@456d6c1e)</span>
                <span class="method-start">76182 ms</span>
              </div> <!-- test-method -->
              <div class="configuration-method after">
                <span class="method-name">Reports([TestResult name=executeTestcase status=SKIP method=Driver.executeTestcase(org.testng.ITestContext)[...)</span>
                <span class="method-start">76213 ms</span>
              </div> <!-- configuration-method after -->
              <div class="test-method">
                <span class="method-name">executeTestcase(org.testng.TestRunner@456d6c1e)</span>
                <span class="method-start">76283 ms</span>
              </div> <!-- test-method -->
              <div class="configuration-method after">
                <span class="method-name">Reports([TestResult name=executeTestcase status=SKIP method=Driver.executeTestcase(org.testng.ITestContext)[...)</span>
                <span class="method-start">76317 ms</span>
              </div> <!-- configuration-method after -->
              <div class="test-method">
                <span class="method-name">executeTestcase(org.testng.TestRunner@456d6c1e)</span>
                <span class="method-start">76388 ms</span>
              </div> <!-- test-method -->
              <div class="configuration-method after">
                <span class="method-name">Reports([TestResult name=executeTestcase status=SKIP method=Driver.executeTestcase(org.testng.ITestContext)[...)</span>
                <span class="method-start">76432 ms</span>
              </div> <!-- configuration-method after -->
              <div class="test-method">
                <span class="method-name">executeTestcase(org.testng.TestRunner@456d6c1e)</span>
                <span class="method-start">76498 ms</span>
              </div> <!-- test-method -->
              <div class="configuration-method after">
                <span class="method-name">Reports([TestResult name=executeTestcase status=SUCCESS method=Driver.executeTestcase(org.testng.ITestContex...)</span>
                <span class="method-start">158886 ms</span>
              </div> <!-- configuration-method after -->
              <div class="test-method">
                <span class="method-name">executeTestcase(org.testng.TestRunner@456d6c1e)</span>
                <span class="method-start">158946 ms</span>
              </div> <!-- test-method -->
              <div class="configuration-method after">
                <span class="method-name">Reports([TestResult name=executeTestcase status=SUCCESS method=Driver.executeTestcase(org.testng.ITestContex...)</span>
                <span class="method-start">240370 ms</span>
              </div> <!-- configuration-method after -->
              <div class="test-method">
                <img src="failed.png">
                </img>
                <span class="method-name">executeTestcase(org.testng.TestRunner@456d6c1e)</span>
                <span class="method-start">240431 ms</span>
              </div> <!-- test-method -->
              <div class="configuration-method after">
                <span class="method-name">Reports([TestResult name=executeTestcase status=FAILURE method=Driver.executeTestcase(org.testng.ITestContex...)</span>
                <span class="method-start">276428 ms</span>
              </div> <!-- configuration-method after -->
              <div class="test-method">
                <span class="method-name">executeTestcase(org.testng.TestRunner@456d6c1e)</span>
                <span class="method-start">276526 ms</span>
              </div> <!-- test-method -->
              <div class="configuration-method after">
                <span class="method-name">Reports([TestResult name=executeTestcase status=SUCCESS method=Driver.executeTestcase(org.testng.ITestContex...)</span>
                <span class="method-start">347857 ms</span>
              </div> <!-- configuration-method after -->
              <div class="test-method">
                <span class="method-name">executeTestcase(org.testng.TestRunner@456d6c1e)</span>
                <span class="method-start">347911 ms</span>
              </div> <!-- test-method -->
              <div class="configuration-method after">
                <span class="method-name">Reports([TestResult name=executeTestcase status=SUCCESS method=Driver.executeTestcase(org.testng.ITestContex...)</span>
                <span class="method-start">426411 ms</span>
              </div> <!-- configuration-method after -->
              <div class="test-method">
                <img src="failed.png">
                </img>
                <span class="method-name">executeTestcase(org.testng.TestRunner@456d6c1e)</span>
                <span class="method-start">426461 ms</span>
              </div> <!-- test-method -->
              <div class="configuration-method after">
                <span class="method-name">Reports([TestResult name=executeTestcase status=FAILURE method=Driver.executeTestcase(org.testng.ITestContex...)</span>
                <span class="method-start">506720 ms</span>
              </div> <!-- configuration-method after -->
              <div class="test-method">
                <img src="failed.png">
                </img>
                <span class="method-name">executeTestcase(org.testng.TestRunner@456d6c1e)</span>
                <span class="method-start">506775 ms</span>
              </div> <!-- test-method -->
              <div class="configuration-method after">
                <span class="method-name">Reports([TestResult name=executeTestcase status=FAILURE method=Driver.executeTestcase(org.testng.ITestContex...)</span>
                <span class="method-start">593984 ms</span>
              </div> <!-- configuration-method after -->
              <div class="test-method">
                <img src="failed.png">
                </img>
                <span class="method-name">executeTestcase(org.testng.TestRunner@456d6c1e)</span>
                <span class="method-start">594057 ms</span>
              </div> <!-- test-method -->
              <div class="configuration-method after">
                <span class="method-name">Reports([TestResult name=executeTestcase status=FAILURE method=Driver.executeTestcase(org.testng.ITestContex...)</span>
                <span class="method-start">656194 ms</span>
              </div> <!-- configuration-method after -->
              <div class="test-method">
                <img src="failed.png">
                </img>
                <span class="method-name">executeTestcase(org.testng.TestRunner@456d6c1e)</span>
                <span class="method-start">656246 ms</span>
              </div> <!-- test-method -->
              <div class="configuration-method after">
                <span class="method-name">Reports([TestResult name=executeTestcase status=FAILURE method=Driver.executeTestcase(org.testng.ITestContex...)</span>
                <span class="method-start">720608 ms</span>
              </div> <!-- configuration-method after -->
              <div class="test-method">
                <img src="failed.png">
                </img>
                <span class="method-name">executeTestcase(org.testng.TestRunner@456d6c1e)</span>
                <span class="method-start">720659 ms</span>
              </div> <!-- test-method -->
              <div class="configuration-method after">
                <span class="method-name">Reports([TestResult name=executeTestcase status=FAILURE method=Driver.executeTestcase(org.testng.ITestContex...)</span>
                <span class="method-start">785866 ms</span>
              </div> <!-- configuration-method after -->
              <div class="test-method">
                <span class="method-name">executeTestcase(org.testng.TestRunner@456d6c1e)</span>
                <span class="method-start">785921 ms</span>
              </div> <!-- test-method -->
              <div class="configuration-method after">
                <span class="method-name">Reports([TestResult name=executeTestcase status=SUCCESS method=Driver.executeTestcase(org.testng.ITestContex...)</span>
                <span class="method-start">855566 ms</span>
              </div> <!-- configuration-method after -->
              <div class="test-method">
                <img src="failed.png">
                </img>
                <span class="method-name">executeTestcase(org.testng.TestRunner@456d6c1e)</span>
                <span class="method-start">855617 ms</span>
              </div> <!-- test-method -->
              <div class="configuration-method after">
                <span class="method-name">Reports([TestResult name=executeTestcase status=FAILURE method=Driver.executeTestcase(org.testng.ITestContex...)</span>
                <span class="method-start">920781 ms</span>
              </div> <!-- configuration-method after -->
              <div class="configuration-suite after">
                <span class="method-name">tearDown</span>
                <span class="method-start">920880 ms</span>
              </div> <!-- configuration-suite after -->
          </div> <!-- main-panel-content rounded-window-bottom -->
        </div> <!-- panel -->
      </div> <!-- main-panel-root -->
    </div> <!-- wrapper -->
  </body>
<script type="text/javascript" src="testng-reports2.js"></script>
</html>
