<html>
<head>
<title>TestNG:  Results</title>
<link href="../testng.css" rel="stylesheet" type="text/css" />
<link href="../my-testng.css" rel="stylesheet" type="text/css" />

<style type="text/css">
.log { display: none;} 
.stack-trace { display: none;} 
</style>
<script type="text/javascript">
<!--
function flip(e) {
  current = e.style.display;
  if (current == 'block') {
    e.style.display = 'none';
    return 0;
  }
  else {
    e.style.display = 'block';
    return 1;
  }
}

function toggleBox(szDivId, elem, msg1, msg2)
{
  var res = -1;  if (document.getElementById) {
    res = flip(document.getElementById(szDivId));
  }
  else if (document.all) {
    // this is the way old msie versions work
    res = flip(document.all[szDivId]);
  }
  if(elem) {
    if(res == 0) elem.innerHTML = msg1; else elem.innerHTML = msg2;
  }

}

function toggleAllBoxes() {
  if (document.getElementsByTagName) {
    d = document.getElementsByTagName('div');
    for (i = 0; i < d.length; i++) {
      if (d[i].className == 'log') {
        flip(d[i]);
      }
    }
  }
}

// -->
</script>

</head>
<body>
<h2 align='center'>Results</h2><table border='1' align="center">
<tr>
<td>Tests passed/Failed/Skipped:</td><td>39/1/10</td>
</tr><tr>
<td>Started on:</td><td>Mon Apr 05 12:33:23 IST 2021</td>
</tr>
<tr><td>Total time:</td><td>6255 seconds (6255816 ms)</td>
</tr><tr>
<td>Included groups:</td><td></td>
</tr><tr>
<td>Excluded groups:</td><td></td>
</tr>
</table><p/>
<small><i>(Hover the method name to see the test class name)</i></small><p/>
<table width='100%' border='1' class='invocation-failed'>
<tr><td colspan='4' align='center'><b>FAILED TESTS</b></td></tr>
<tr><td><b>Test method</b></td>
<td width="30%"><b>Exception</b></td>
<td width="10%"><b>Time (seconds)</b></td>
<td><b>Instance</b></td>
</tr>
<tr>
<td title='driver.Driver.executeTestcase()'><b>executeTestcase</b><br>Test class: driver.Driver<br>Parameters: org.testng.TestRunner@5e77f0f4</td>
<td><div><pre>java.lang.reflect.InvocationTargetException
	at driver.Driver.executeTestcase(Driver.java:78)
	at java.base/java.util.ArrayList.forEach(ArrayList.java:1541)
Caused by: org.openqa.selenium.NoSuchElementException: no such element: Unable to locate element: {&quot;method&quot;:&quot;css selector&quot;,&quot;selector&quot;:&quot;#NavBarGloablQuickCreate&quot;}
  (Session info: chrome=89.0.4389.114)
For documentation on this error, please visit: https://www.seleniumhq.org/exceptions/no_such_element.html
Build info: version: &apos;4.0.0-alpha-1&apos;, revision: &apos;d1d3728cae&apos;, time: &apos;2019-04-24T13:42:21&apos;
System info: host: &apos;Z3P4PUGAVS0029&apos;, ip: &apos;10.99.36.246&apos;, os.name: &apos;Windows 10&apos;, os.arch: &apos;amd64&apos;, os.version: &apos;10.0&apos;, java.version: &apos;11.0.9&apos;
Driver info: org.openqa.selenium.chrome.ChromeDriver
Capabilities {acceptInsecureCerts: false, browserName: chrome, browserVersion: 89.0.4389.114, chrome: {chromedriverVersion: 88.0.4324.96 (68dba2d8a0b14..., userDataDir: E:\schandr3\AppData\Local\T...}, goog:chromeOptions: {debuggerAddress: localhost:64087}, javascriptEnabled: true, networkConnectionEnabled: false, pageLoadStrategy: normal, platform: WINDOWS, platformName: WINDOWS, proxy: Proxy(), setWindowRect: true, strictFileInteractability: false, timeouts: {implicit: 0, pageLoad: 300000, script: 30000}, unhandledPromptBehavior: dismiss and notify, webauthn:extension:largeBlob: true, webauthn:virtualAuthenticators: true}
Session ID: 2e08e996511ef5644cfdc6b90440b36f
*** Element info: {Using=id, value=NavBarGloablQuickCreate}
	at org.openqa.selenium.remote.codec.w3c.W3CHttpResponseCodec.createException(W3CHttpResponseCodec.java:190)
	at org.openqa.selenium.remote.codec.w3c.W3CHttpResponseCodec.decode(W3CHttpResponseCodec.java:124)
	at org.openqa.selenium.remote.codec.w3c.W3CHttpResponseCodec.decode(W3CHttpResponseCodec.java:51)
	at org.openqa.selenium.remote.HttpCommandExecutor.execute(HttpCommandExecutor.java:161)
	at org.openqa.selenium.remote.service.DriverCommandExecutor.execute(DriverCommandExecutor.java:83)
	at org.openqa.selenium.remote.RemoteWebDriver.execute(RemoteWebDriver.java:577)
	at org.openqa.selenium.remote.RemoteWebDriver.findElement(RemoteWebDriver.java:328)
	at org.openqa.selenium.remote.RemoteWebDriver.findElementById(RemoteWebDriver.java:376)
	at org.openqa.selenium.By$ById.findElement(By.java:188)
	at org.openqa.selenium.remote.RemoteWebDriver.findElement(RemoteWebDriver.java:320)
	at org.openqa.selenium.support.events.EventFiringWebDriver.lambda$new$1(EventFiringWebDriver.java:106)
	at com.sun.proxy.$Proxy11.findElement(Unknown Source)
	at org.openqa.selenium.support.events.EventFiringWebDriver.findElement(EventFiringWebDriver.java:195)
	at pages.MemberFormPage.selectMembershipProviderType1(MemberFormPage.java:1094)
	at testcases.Member.TestCase_7151.createMemberTP(TestCase_7151.java:94)
	... 33 more
... Removed 38 stack frames</pre></div><a href='#' onClick='toggleBox("stack-trace562886144", this, "Click to show all stack frames", "Click to hide stack frames")'>Click to show all stack frames</a>
<div class='stack-trace' id='stack-trace562886144'><pre>java.lang.reflect.InvocationTargetException
	at java.base/jdk.internal.reflect.NativeMethodAccessorImpl.invoke0(Native Method)
	at java.base/jdk.internal.reflect.NativeMethodAccessorImpl.invoke(NativeMethodAccessorImpl.java:62)
	at java.base/jdk.internal.reflect.DelegatingMethodAccessorImpl.invoke(DelegatingMethodAccessorImpl.java:43)
	at java.base/java.lang.reflect.Method.invoke(Method.java:566)
	at driver.Driver.executeTestcase(Driver.java:78)
	at java.base/jdk.internal.reflect.NativeMethodAccessorImpl.invoke0(Native Method)
	at java.base/jdk.internal.reflect.NativeMethodAccessorImpl.invoke(NativeMethodAccessorImpl.java:62)
	at java.base/jdk.internal.reflect.DelegatingMethodAccessorImpl.invoke(DelegatingMethodAccessorImpl.java:43)
	at java.base/java.lang.reflect.Method.invoke(Method.java:566)
	at org.testng.internal.MethodInvocationHelper.invokeMethod(MethodInvocationHelper.java:132)
	at org.testng.internal.TestInvoker.invokeMethod(TestInvoker.java:599)
	at org.testng.internal.TestInvoker.invokeTestMethod(TestInvoker.java:174)
	at org.testng.internal.MethodRunner.runInSequence(MethodRunner.java:46)
	at org.testng.internal.TestInvoker$MethodInvocationAgent.invoke(TestInvoker.java:822)
	at org.testng.internal.TestInvoker.invokeTestMethods(TestInvoker.java:147)
	at org.testng.internal.TestMethodWorker.invokeTestMethods(TestMethodWorker.java:146)
	at org.testng.internal.TestMethodWorker.run(TestMethodWorker.java:128)
	at java.base/java.util.ArrayList.forEach(ArrayList.java:1541)
	at org.testng.TestRunner.privateRun(TestRunner.java:764)
	at org.testng.TestRunner.run(TestRunner.java:585)
	at org.testng.SuiteRunner.runTest(SuiteRunner.java:384)
	at org.testng.SuiteRunner.runSequentially(SuiteRunner.java:378)
	at org.testng.SuiteRunner.privateRun(SuiteRunner.java:337)
	at org.testng.SuiteRunner.run(SuiteRunner.java:286)
	at org.testng.SuiteRunnerWorker.runSuite(SuiteRunnerWorker.java:53)
	at org.testng.SuiteRunnerWorker.run(SuiteRunnerWorker.java:96)
	at org.testng.TestNG.runSuitesSequentially(TestNG.java:1218)
	at org.testng.TestNG.runSuitesLocally(TestNG.java:1140)
	at org.testng.TestNG.runSuites(TestNG.java:1069)
	at org.testng.TestNG.run(TestNG.java:1037)
	at org.testng.remote.AbstractRemoteTestNG.run(AbstractRemoteTestNG.java:115)
	at org.testng.remote.RemoteTestNG.initAndRun(RemoteTestNG.java:251)
	at org.testng.remote.RemoteTestNG.main(RemoteTestNG.java:77)
Caused by: org.openqa.selenium.NoSuchElementException: no such element: Unable to locate element: {&quot;method&quot;:&quot;css selector&quot;,&quot;selector&quot;:&quot;#NavBarGloablQuickCreate&quot;}
  (Session info: chrome=89.0.4389.114)
For documentation on this error, please visit: https://www.seleniumhq.org/exceptions/no_such_element.html
Build info: version: &apos;4.0.0-alpha-1&apos;, revision: &apos;d1d3728cae&apos;, time: &apos;2019-04-24T13:42:21&apos;
System info: host: &apos;Z3P4PUGAVS0029&apos;, ip: &apos;10.99.36.246&apos;, os.name: &apos;Windows 10&apos;, os.arch: &apos;amd64&apos;, os.version: &apos;10.0&apos;, java.version: &apos;11.0.9&apos;
Driver info: org.openqa.selenium.chrome.ChromeDriver
Capabilities {acceptInsecureCerts: false, browserName: chrome, browserVersion: 89.0.4389.114, chrome: {chromedriverVersion: 88.0.4324.96 (68dba2d8a0b14..., userDataDir: E:\schandr3\AppData\Local\T...}, goog:chromeOptions: {debuggerAddress: localhost:64087}, javascriptEnabled: true, networkConnectionEnabled: false, pageLoadStrategy: normal, platform: WINDOWS, platformName: WINDOWS, proxy: Proxy(), setWindowRect: true, strictFileInteractability: false, timeouts: {implicit: 0, pageLoad: 300000, script: 30000}, unhandledPromptBehavior: dismiss and notify, webauthn:extension:largeBlob: true, webauthn:virtualAuthenticators: true}
Session ID: 2e08e996511ef5644cfdc6b90440b36f
*** Element info: {Using=id, value=NavBarGloablQuickCreate}
	at java.base/jdk.internal.reflect.NativeConstructorAccessorImpl.newInstance0(Native Method)
	at java.base/jdk.internal.reflect.NativeConstructorAccessorImpl.newInstance(NativeConstructorAccessorImpl.java:62)
	at java.base/jdk.internal.reflect.DelegatingConstructorAccessorImpl.newInstance(DelegatingConstructorAccessorImpl.java:45)
	at java.base/java.lang.reflect.Constructor.newInstance(Constructor.java:490)
	at org.openqa.selenium.remote.codec.w3c.W3CHttpResponseCodec.createException(W3CHttpResponseCodec.java:190)
	at org.openqa.selenium.remote.codec.w3c.W3CHttpResponseCodec.decode(W3CHttpResponseCodec.java:124)
	at org.openqa.selenium.remote.codec.w3c.W3CHttpResponseCodec.decode(W3CHttpResponseCodec.java:51)
	at org.openqa.selenium.remote.HttpCommandExecutor.execute(HttpCommandExecutor.java:161)
	at org.openqa.selenium.remote.service.DriverCommandExecutor.execute(DriverCommandExecutor.java:83)
	at org.openqa.selenium.remote.RemoteWebDriver.execute(RemoteWebDriver.java:577)
	at org.openqa.selenium.remote.RemoteWebDriver.findElement(RemoteWebDriver.java:328)
	at org.openqa.selenium.remote.RemoteWebDriver.findElementById(RemoteWebDriver.java:376)
	at org.openqa.selenium.By$ById.findElement(By.java:188)
	at org.openqa.selenium.remote.RemoteWebDriver.findElement(RemoteWebDriver.java:320)
	at jdk.internal.reflect.GeneratedMethodAccessor2.invoke(Unknown Source)
	at java.base/jdk.internal.reflect.DelegatingMethodAccessorImpl.invoke(DelegatingMethodAccessorImpl.java:43)
	at java.base/java.lang.reflect.Method.invoke(Method.java:566)
	at org.openqa.selenium.support.events.EventFiringWebDriver.lambda$new$1(EventFiringWebDriver.java:106)
	at com.sun.proxy.$Proxy11.findElement(Unknown Source)
	at org.openqa.selenium.support.events.EventFiringWebDriver.findElement(EventFiringWebDriver.java:195)
	at pages.MemberFormPage.selectMembershipProviderType1(MemberFormPage.java:1094)
	at testcases.Member.TestCase_7151.createMemberTP(TestCase_7151.java:94)
	... 33 more
</pre></div></td>
<td>166</td>
<td>driver.Driver@62e6b5c8</td></tr>
</table><p>
<table width='100%' border='1' class='invocation-passed'>
<tr><td colspan='4' align='center'><b>PASSED TESTS</b></td></tr>
<tr><td><b>Test method</b></td>
<td width="30%"><b>Exception</b></td>
<td width="10%"><b>Time (seconds)</b></td>
<td><b>Instance</b></td>
</tr>
<tr>
<td title='driver.Driver.executeTestcase()'><b>executeTestcase</b><br>Test class: driver.Driver<br>Parameters: org.testng.TestRunner@5e77f0f4</td>
<td></td>
<td>204</td>
<td>driver.Driver@62e6b5c8</td></tr>
<tr>
<td title='driver.Driver.executeTestcase()'><b>executeTestcase</b><br>Test class: driver.Driver<br>Parameters: org.testng.TestRunner@5e77f0f4</td>
<td></td>
<td>230</td>
<td>driver.Driver@62e6b5c8</td></tr>
<tr>
<td title='driver.Driver.executeTestcase()'><b>executeTestcase</b><br>Test class: driver.Driver<br>Parameters: org.testng.TestRunner@5e77f0f4</td>
<td></td>
<td>221</td>
<td>driver.Driver@62e6b5c8</td></tr>
<tr>
<td title='driver.Driver.executeTestcase()'><b>executeTestcase</b><br>Test class: driver.Driver<br>Parameters: org.testng.TestRunner@5e77f0f4</td>
<td></td>
<td>212</td>
<td>driver.Driver@62e6b5c8</td></tr>
<tr>
<td title='driver.Driver.executeTestcase()'><b>executeTestcase</b><br>Test class: driver.Driver<br>Parameters: org.testng.TestRunner@5e77f0f4</td>
<td></td>
<td>204</td>
<td>driver.Driver@62e6b5c8</td></tr>
<tr>
<td title='driver.Driver.executeTestcase()'><b>executeTestcase</b><br>Test class: driver.Driver<br>Parameters: org.testng.TestRunner@5e77f0f4</td>
<td></td>
<td>203</td>
<td>driver.Driver@62e6b5c8</td></tr>
<tr>
<td title='driver.Driver.executeTestcase()'><b>executeTestcase</b><br>Test class: driver.Driver<br>Parameters: org.testng.TestRunner@5e77f0f4</td>
<td></td>
<td>226</td>
<td>driver.Driver@62e6b5c8</td></tr>
<tr>
<td title='driver.Driver.executeTestcase()'><b>executeTestcase</b><br>Test class: driver.Driver<br>Parameters: org.testng.TestRunner@5e77f0f4</td>
<td></td>
<td>219</td>
<td>driver.Driver@62e6b5c8</td></tr>
<tr>
<td title='driver.Driver.executeTestcase()'><b>executeTestcase</b><br>Test class: driver.Driver<br>Parameters: org.testng.TestRunner@5e77f0f4</td>
<td></td>
<td>183</td>
<td>driver.Driver@62e6b5c8</td></tr>
<tr>
<td title='driver.Driver.executeTestcase()'><b>executeTestcase</b><br>Test class: driver.Driver<br>Parameters: org.testng.TestRunner@5e77f0f4</td>
<td></td>
<td>215</td>
<td>driver.Driver@62e6b5c8</td></tr>
<tr>
<td title='driver.Driver.executeTestcase()'><b>executeTestcase</b><br>Test class: driver.Driver<br>Parameters: org.testng.TestRunner@5e77f0f4</td>
<td></td>
<td>183</td>
<td>driver.Driver@62e6b5c8</td></tr>
<tr>
<td title='driver.Driver.executeTestcase()'><b>executeTestcase</b><br>Test class: driver.Driver<br>Parameters: org.testng.TestRunner@5e77f0f4</td>
<td></td>
<td>170</td>
<td>driver.Driver@62e6b5c8</td></tr>
<tr>
<td title='driver.Driver.executeTestcase()'><b>executeTestcase</b><br>Test class: driver.Driver<br>Parameters: org.testng.TestRunner@5e77f0f4</td>
<td></td>
<td>250</td>
<td>driver.Driver@62e6b5c8</td></tr>
<tr>
<td title='driver.Driver.executeTestcase()'><b>executeTestcase</b><br>Test class: driver.Driver<br>Parameters: org.testng.TestRunner@5e77f0f4</td>
<td></td>
<td>178</td>
<td>driver.Driver@62e6b5c8</td></tr>
<tr>
<td title='driver.Driver.executeTestcase()'><b>executeTestcase</b><br>Test class: driver.Driver<br>Parameters: org.testng.TestRunner@5e77f0f4</td>
<td></td>
<td>170</td>
<td>driver.Driver@62e6b5c8</td></tr>
<tr>
<td title='driver.Driver.executeTestcase()'><b>executeTestcase</b><br>Test class: driver.Driver<br>Parameters: org.testng.TestRunner@5e77f0f4</td>
<td></td>
<td>229</td>
<td>driver.Driver@62e6b5c8</td></tr>
<tr>
<td title='driver.Driver.executeTestcase()'><b>executeTestcase</b><br>Test class: driver.Driver<br>Parameters: org.testng.TestRunner@5e77f0f4</td>
<td></td>
<td>70</td>
<td>driver.Driver@62e6b5c8</td></tr>
<tr>
<td title='driver.Driver.executeTestcase()'><b>executeTestcase</b><br>Test class: driver.Driver<br>Parameters: org.testng.TestRunner@5e77f0f4</td>
<td></td>
<td>92</td>
<td>driver.Driver@62e6b5c8</td></tr>
<tr>
<td title='driver.Driver.executeTestcase()'><b>executeTestcase</b><br>Test class: driver.Driver<br>Parameters: org.testng.TestRunner@5e77f0f4</td>
<td></td>
<td>101</td>
<td>driver.Driver@62e6b5c8</td></tr>
<tr>
<td title='driver.Driver.executeTestcase()'><b>executeTestcase</b><br>Test class: driver.Driver<br>Parameters: org.testng.TestRunner@5e77f0f4</td>
<td></td>
<td>96</td>
<td>driver.Driver@62e6b5c8</td></tr>
<tr>
<td title='driver.Driver.executeTestcase()'><b>executeTestcase</b><br>Test class: driver.Driver<br>Parameters: org.testng.TestRunner@5e77f0f4</td>
<td></td>
<td>86</td>
<td>driver.Driver@62e6b5c8</td></tr>
<tr>
<td title='driver.Driver.executeTestcase()'><b>executeTestcase</b><br>Test class: driver.Driver<br>Parameters: org.testng.TestRunner@5e77f0f4</td>
<td></td>
<td>92</td>
<td>driver.Driver@62e6b5c8</td></tr>
<tr>
<td title='driver.Driver.executeTestcase()'><b>executeTestcase</b><br>Test class: driver.Driver<br>Parameters: org.testng.TestRunner@5e77f0f4</td>
<td></td>
<td>96</td>
<td>driver.Driver@62e6b5c8</td></tr>
<tr>
<td title='driver.Driver.executeTestcase()'><b>executeTestcase</b><br>Test class: driver.Driver<br>Parameters: org.testng.TestRunner@5e77f0f4</td>
<td></td>
<td>69</td>
<td>driver.Driver@62e6b5c8</td></tr>
<tr>
<td title='driver.Driver.executeTestcase()'><b>executeTestcase</b><br>Test class: driver.Driver<br>Parameters: org.testng.TestRunner@5e77f0f4</td>
<td></td>
<td>102</td>
<td>driver.Driver@62e6b5c8</td></tr>
<tr>
<td title='driver.Driver.executeTestcase()'><b>executeTestcase</b><br>Test class: driver.Driver<br>Parameters: org.testng.TestRunner@5e77f0f4</td>
<td></td>
<td>89</td>
<td>driver.Driver@62e6b5c8</td></tr>
<tr>
<td title='driver.Driver.executeTestcase()'><b>executeTestcase</b><br>Test class: driver.Driver<br>Parameters: org.testng.TestRunner@5e77f0f4</td>
<td></td>
<td>88</td>
<td>driver.Driver@62e6b5c8</td></tr>
<tr>
<td title='driver.Driver.executeTestcase()'><b>executeTestcase</b><br>Test class: driver.Driver<br>Parameters: org.testng.TestRunner@5e77f0f4</td>
<td></td>
<td>89</td>
<td>driver.Driver@62e6b5c8</td></tr>
<tr>
<td title='driver.Driver.executeTestcase()'><b>executeTestcase</b><br>Test class: driver.Driver<br>Parameters: org.testng.TestRunner@5e77f0f4</td>
<td></td>
<td>81</td>
<td>driver.Driver@62e6b5c8</td></tr>
<tr>
<td title='driver.Driver.executeTestcase()'><b>executeTestcase</b><br>Test class: driver.Driver<br>Parameters: org.testng.TestRunner@5e77f0f4</td>
<td></td>
<td>90</td>
<td>driver.Driver@62e6b5c8</td></tr>
<tr>
<td title='driver.Driver.executeTestcase()'><b>executeTestcase</b><br>Test class: driver.Driver<br>Parameters: org.testng.TestRunner@5e77f0f4</td>
<td></td>
<td>123</td>
<td>driver.Driver@62e6b5c8</td></tr>
<tr>
<td title='driver.Driver.executeTestcase()'><b>executeTestcase</b><br>Test class: driver.Driver<br>Parameters: org.testng.TestRunner@5e77f0f4</td>
<td></td>
<td>174</td>
<td>driver.Driver@62e6b5c8</td></tr>
<tr>
<td title='driver.Driver.executeTestcase()'><b>executeTestcase</b><br>Test class: driver.Driver<br>Parameters: org.testng.TestRunner@5e77f0f4</td>
<td></td>
<td>250</td>
<td>driver.Driver@62e6b5c8</td></tr>
<tr>
<td title='driver.Driver.executeTestcase()'><b>executeTestcase</b><br>Test class: driver.Driver<br>Parameters: org.testng.TestRunner@5e77f0f4</td>
<td></td>
<td>188</td>
<td>driver.Driver@62e6b5c8</td></tr>
<tr>
<td title='driver.Driver.executeTestcase()'><b>executeTestcase</b><br>Test class: driver.Driver<br>Parameters: org.testng.TestRunner@5e77f0f4</td>
<td></td>
<td>149</td>
<td>driver.Driver@62e6b5c8</td></tr>
<tr>
<td title='driver.Driver.executeTestcase()'><b>executeTestcase</b><br>Test class: driver.Driver<br>Parameters: org.testng.TestRunner@5e77f0f4</td>
<td></td>
<td>245</td>
<td>driver.Driver@62e6b5c8</td></tr>
<tr>
<td title='driver.Driver.executeTestcase()'><b>executeTestcase</b><br>Test class: driver.Driver<br>Parameters: org.testng.TestRunner@5e77f0f4</td>
<td></td>
<td>88</td>
<td>driver.Driver@62e6b5c8</td></tr>
<tr>
<td title='driver.Driver.executeTestcase()'><b>executeTestcase</b><br>Test class: driver.Driver<br>Parameters: org.testng.TestRunner@5e77f0f4</td>
<td></td>
<td>84</td>
<td>driver.Driver@62e6b5c8</td></tr>
<tr>
<td title='driver.Driver.executeTestcase()'><b>executeTestcase</b><br>Test class: driver.Driver<br>Parameters: org.testng.TestRunner@5e77f0f4</td>
<td></td>
<td>228</td>
<td>driver.Driver@62e6b5c8</td></tr>
</table><p>
<table width='100%' border='1' class='invocation-skipped'>
<tr><td colspan='4' align='center'><b>SKIPPED TESTS</b></td></tr>
<tr><td><b>Test method</b></td>
<td width="30%"><b>Exception</b></td>
<td width="10%"><b>Time (seconds)</b></td>
<td><b>Instance</b></td>
</tr>
<tr>
<td title='driver.Driver.executeTestcase()'><b>executeTestcase</b><br>Test class: driver.Driver<br>Parameters: org.testng.TestRunner@5e77f0f4</td>
<td><div><pre>org.testng.SkipException: Skipping execution for  :TFS ID_ 1111:Create Member with all available fields
	at driver.Driver.executeTestcase(Driver.java:83)
	at java.base/java.util.ArrayList.forEach(ArrayList.java:1541)
... Removed 26 stack frames</pre></div><a href='#' onClick='toggleBox("stack-trace1429644301", this, "Click to show all stack frames", "Click to hide stack frames")'>Click to show all stack frames</a>
<div class='stack-trace' id='stack-trace1429644301'><pre>org.testng.SkipException: Skipping execution for  :TFS ID_ 1111:Create Member with all available fields
	at driver.Driver.executeTestcase(Driver.java:83)
	at jdk.internal.reflect.GeneratedMethodAccessor31.invoke(Unknown Source)
	at java.base/jdk.internal.reflect.DelegatingMethodAccessorImpl.invoke(DelegatingMethodAccessorImpl.java:43)
	at java.base/java.lang.reflect.Method.invoke(Method.java:566)
	at org.testng.internal.MethodInvocationHelper.invokeMethod(MethodInvocationHelper.java:132)
	at org.testng.internal.TestInvoker.invokeMethod(TestInvoker.java:599)
	at org.testng.internal.TestInvoker.invokeTestMethod(TestInvoker.java:174)
	at org.testng.internal.MethodRunner.runInSequence(MethodRunner.java:46)
	at org.testng.internal.TestInvoker$MethodInvocationAgent.invoke(TestInvoker.java:822)
	at org.testng.internal.TestInvoker.invokeTestMethods(TestInvoker.java:147)
	at org.testng.internal.TestMethodWorker.invokeTestMethods(TestMethodWorker.java:146)
	at org.testng.internal.TestMethodWorker.run(TestMethodWorker.java:128)
	at java.base/java.util.ArrayList.forEach(ArrayList.java:1541)
	at org.testng.TestRunner.privateRun(TestRunner.java:764)
	at org.testng.TestRunner.run(TestRunner.java:585)
	at org.testng.SuiteRunner.runTest(SuiteRunner.java:384)
	at org.testng.SuiteRunner.runSequentially(SuiteRunner.java:378)
	at org.testng.SuiteRunner.privateRun(SuiteRunner.java:337)
	at org.testng.SuiteRunner.run(SuiteRunner.java:286)
	at org.testng.SuiteRunnerWorker.runSuite(SuiteRunnerWorker.java:53)
	at org.testng.SuiteRunnerWorker.run(SuiteRunnerWorker.java:96)
	at org.testng.TestNG.runSuitesSequentially(TestNG.java:1218)
	at org.testng.TestNG.runSuitesLocally(TestNG.java:1140)
	at org.testng.TestNG.runSuites(TestNG.java:1069)
	at org.testng.TestNG.run(TestNG.java:1037)
	at org.testng.remote.AbstractRemoteTestNG.run(AbstractRemoteTestNG.java:115)
	at org.testng.remote.RemoteTestNG.initAndRun(RemoteTestNG.java:251)
	at org.testng.remote.RemoteTestNG.main(RemoteTestNG.java:77)
</pre></div></td>
<td>0</td>
<td>driver.Driver@62e6b5c8</td></tr>
<tr>
<td title='driver.Driver.executeTestcase()'><b>executeTestcase</b><br>Test class: driver.Driver<br>Parameters: org.testng.TestRunner@5e77f0f4</td>
<td><div><pre>org.testng.SkipException: Skipping execution for  :TFS ID_ 7420:Create New Membership Provider with type &quot;Program&quot;
	at driver.Driver.executeTestcase(Driver.java:83)
	at java.base/java.util.ArrayList.forEach(ArrayList.java:1541)
... Removed 26 stack frames</pre></div><a href='#' onClick='toggleBox("stack-trace1059320070", this, "Click to show all stack frames", "Click to hide stack frames")'>Click to show all stack frames</a>
<div class='stack-trace' id='stack-trace1059320070'><pre>org.testng.SkipException: Skipping execution for  :TFS ID_ 7420:Create New Membership Provider with type &quot;Program&quot;
	at driver.Driver.executeTestcase(Driver.java:83)
	at jdk.internal.reflect.GeneratedMethodAccessor31.invoke(Unknown Source)
	at java.base/jdk.internal.reflect.DelegatingMethodAccessorImpl.invoke(DelegatingMethodAccessorImpl.java:43)
	at java.base/java.lang.reflect.Method.invoke(Method.java:566)
	at org.testng.internal.MethodInvocationHelper.invokeMethod(MethodInvocationHelper.java:132)
	at org.testng.internal.TestInvoker.invokeMethod(TestInvoker.java:599)
	at org.testng.internal.TestInvoker.invokeTestMethod(TestInvoker.java:174)
	at org.testng.internal.MethodRunner.runInSequence(MethodRunner.java:46)
	at org.testng.internal.TestInvoker$MethodInvocationAgent.invoke(TestInvoker.java:822)
	at org.testng.internal.TestInvoker.invokeTestMethods(TestInvoker.java:147)
	at org.testng.internal.TestMethodWorker.invokeTestMethods(TestMethodWorker.java:146)
	at org.testng.internal.TestMethodWorker.run(TestMethodWorker.java:128)
	at java.base/java.util.ArrayList.forEach(ArrayList.java:1541)
	at org.testng.TestRunner.privateRun(TestRunner.java:764)
	at org.testng.TestRunner.run(TestRunner.java:585)
	at org.testng.SuiteRunner.runTest(SuiteRunner.java:384)
	at org.testng.SuiteRunner.runSequentially(SuiteRunner.java:378)
	at org.testng.SuiteRunner.privateRun(SuiteRunner.java:337)
	at org.testng.SuiteRunner.run(SuiteRunner.java:286)
	at org.testng.SuiteRunnerWorker.runSuite(SuiteRunnerWorker.java:53)
	at org.testng.SuiteRunnerWorker.run(SuiteRunnerWorker.java:96)
	at org.testng.TestNG.runSuitesSequentially(TestNG.java:1218)
	at org.testng.TestNG.runSuitesLocally(TestNG.java:1140)
	at org.testng.TestNG.runSuites(TestNG.java:1069)
	at org.testng.TestNG.run(TestNG.java:1037)
	at org.testng.remote.AbstractRemoteTestNG.run(AbstractRemoteTestNG.java:115)
	at org.testng.remote.RemoteTestNG.initAndRun(RemoteTestNG.java:251)
	at org.testng.remote.RemoteTestNG.main(RemoteTestNG.java:77)
</pre></div></td>
<td>0</td>
<td>driver.Driver@62e6b5c8</td></tr>
<tr>
<td title='driver.Driver.executeTestcase()'><b>executeTestcase</b><br>Test class: driver.Driver<br>Parameters: org.testng.TestRunner@5e77f0f4</td>
<td><div><pre>org.testng.SkipException: Skipping execution for  :TFS ID_ 7421:Create New Membership Provider with type &quot;DSH&quot;
	at driver.Driver.executeTestcase(Driver.java:83)
	at java.base/java.util.ArrayList.forEach(ArrayList.java:1541)
... Removed 26 stack frames</pre></div><a href='#' onClick='toggleBox("stack-trace1139922739", this, "Click to show all stack frames", "Click to hide stack frames")'>Click to show all stack frames</a>
<div class='stack-trace' id='stack-trace1139922739'><pre>org.testng.SkipException: Skipping execution for  :TFS ID_ 7421:Create New Membership Provider with type &quot;DSH&quot;
	at driver.Driver.executeTestcase(Driver.java:83)
	at jdk.internal.reflect.GeneratedMethodAccessor31.invoke(Unknown Source)
	at java.base/jdk.internal.reflect.DelegatingMethodAccessorImpl.invoke(DelegatingMethodAccessorImpl.java:43)
	at java.base/java.lang.reflect.Method.invoke(Method.java:566)
	at org.testng.internal.MethodInvocationHelper.invokeMethod(MethodInvocationHelper.java:132)
	at org.testng.internal.TestInvoker.invokeMethod(TestInvoker.java:599)
	at org.testng.internal.TestInvoker.invokeTestMethod(TestInvoker.java:174)
	at org.testng.internal.MethodRunner.runInSequence(MethodRunner.java:46)
	at org.testng.internal.TestInvoker$MethodInvocationAgent.invoke(TestInvoker.java:822)
	at org.testng.internal.TestInvoker.invokeTestMethods(TestInvoker.java:147)
	at org.testng.internal.TestMethodWorker.invokeTestMethods(TestMethodWorker.java:146)
	at org.testng.internal.TestMethodWorker.run(TestMethodWorker.java:128)
	at java.base/java.util.ArrayList.forEach(ArrayList.java:1541)
	at org.testng.TestRunner.privateRun(TestRunner.java:764)
	at org.testng.TestRunner.run(TestRunner.java:585)
	at org.testng.SuiteRunner.runTest(SuiteRunner.java:384)
	at org.testng.SuiteRunner.runSequentially(SuiteRunner.java:378)
	at org.testng.SuiteRunner.privateRun(SuiteRunner.java:337)
	at org.testng.SuiteRunner.run(SuiteRunner.java:286)
	at org.testng.SuiteRunnerWorker.runSuite(SuiteRunnerWorker.java:53)
	at org.testng.SuiteRunnerWorker.run(SuiteRunnerWorker.java:96)
	at org.testng.TestNG.runSuitesSequentially(TestNG.java:1218)
	at org.testng.TestNG.runSuitesLocally(TestNG.java:1140)
	at org.testng.TestNG.runSuites(TestNG.java:1069)
	at org.testng.TestNG.run(TestNG.java:1037)
	at org.testng.remote.AbstractRemoteTestNG.run(AbstractRemoteTestNG.java:115)
	at org.testng.remote.RemoteTestNG.initAndRun(RemoteTestNG.java:251)
	at org.testng.remote.RemoteTestNG.main(RemoteTestNG.java:77)
</pre></div></td>
<td>0</td>
<td>driver.Driver@62e6b5c8</td></tr>
<tr>
<td title='driver.Driver.executeTestcase()'><b>executeTestcase</b><br>Test class: driver.Driver<br>Parameters: org.testng.TestRunner@5e77f0f4</td>
<td><div><pre>org.testng.SkipException: Skipping execution for  :TFS ID_ 7422:Create New Membership Provider with type &quot;Aggregation Affiliation&quot;
	at driver.Driver.executeTestcase(Driver.java:83)
	at java.base/java.util.ArrayList.forEach(ArrayList.java:1541)
... Removed 26 stack frames</pre></div><a href='#' onClick='toggleBox("stack-trace565962987", this, "Click to show all stack frames", "Click to hide stack frames")'>Click to show all stack frames</a>
<div class='stack-trace' id='stack-trace565962987'><pre>org.testng.SkipException: Skipping execution for  :TFS ID_ 7422:Create New Membership Provider with type &quot;Aggregation Affiliation&quot;
	at driver.Driver.executeTestcase(Driver.java:83)
	at jdk.internal.reflect.GeneratedMethodAccessor31.invoke(Unknown Source)
	at java.base/jdk.internal.reflect.DelegatingMethodAccessorImpl.invoke(DelegatingMethodAccessorImpl.java:43)
	at java.base/java.lang.reflect.Method.invoke(Method.java:566)
	at org.testng.internal.MethodInvocationHelper.invokeMethod(MethodInvocationHelper.java:132)
	at org.testng.internal.TestInvoker.invokeMethod(TestInvoker.java:599)
	at org.testng.internal.TestInvoker.invokeTestMethod(TestInvoker.java:174)
	at org.testng.internal.MethodRunner.runInSequence(MethodRunner.java:46)
	at org.testng.internal.TestInvoker$MethodInvocationAgent.invoke(TestInvoker.java:822)
	at org.testng.internal.TestInvoker.invokeTestMethods(TestInvoker.java:147)
	at org.testng.internal.TestMethodWorker.invokeTestMethods(TestMethodWorker.java:146)
	at org.testng.internal.TestMethodWorker.run(TestMethodWorker.java:128)
	at java.base/java.util.ArrayList.forEach(ArrayList.java:1541)
	at org.testng.TestRunner.privateRun(TestRunner.java:764)
	at org.testng.TestRunner.run(TestRunner.java:585)
	at org.testng.SuiteRunner.runTest(SuiteRunner.java:384)
	at org.testng.SuiteRunner.runSequentially(SuiteRunner.java:378)
	at org.testng.SuiteRunner.privateRun(SuiteRunner.java:337)
	at org.testng.SuiteRunner.run(SuiteRunner.java:286)
	at org.testng.SuiteRunnerWorker.runSuite(SuiteRunnerWorker.java:53)
	at org.testng.SuiteRunnerWorker.run(SuiteRunnerWorker.java:96)
	at org.testng.TestNG.runSuitesSequentially(TestNG.java:1218)
	at org.testng.TestNG.runSuitesLocally(TestNG.java:1140)
	at org.testng.TestNG.runSuites(TestNG.java:1069)
	at org.testng.TestNG.run(TestNG.java:1037)
	at org.testng.remote.AbstractRemoteTestNG.run(AbstractRemoteTestNG.java:115)
	at org.testng.remote.RemoteTestNG.initAndRun(RemoteTestNG.java:251)
	at org.testng.remote.RemoteTestNG.main(RemoteTestNG.java:77)
</pre></div></td>
<td>0</td>
<td>driver.Driver@62e6b5c8</td></tr>
<tr>
<td title='driver.Driver.executeTestcase()'><b>executeTestcase</b><br>Test class: driver.Driver<br>Parameters: org.testng.TestRunner@5e77f0f4</td>
<td><div><pre>org.testng.SkipException: Skipping execution for  :TFS ID_ 7423:Create New Membership Provider with type &quot;SOAR&quot;
	at driver.Driver.executeTestcase(Driver.java:83)
	at java.base/java.util.ArrayList.forEach(ArrayList.java:1541)
... Removed 26 stack frames</pre></div><a href='#' onClick='toggleBox("stack-trace995854925", this, "Click to show all stack frames", "Click to hide stack frames")'>Click to show all stack frames</a>
<div class='stack-trace' id='stack-trace995854925'><pre>org.testng.SkipException: Skipping execution for  :TFS ID_ 7423:Create New Membership Provider with type &quot;SOAR&quot;
	at driver.Driver.executeTestcase(Driver.java:83)
	at jdk.internal.reflect.GeneratedMethodAccessor31.invoke(Unknown Source)
	at java.base/jdk.internal.reflect.DelegatingMethodAccessorImpl.invoke(DelegatingMethodAccessorImpl.java:43)
	at java.base/java.lang.reflect.Method.invoke(Method.java:566)
	at org.testng.internal.MethodInvocationHelper.invokeMethod(MethodInvocationHelper.java:132)
	at org.testng.internal.TestInvoker.invokeMethod(TestInvoker.java:599)
	at org.testng.internal.TestInvoker.invokeTestMethod(TestInvoker.java:174)
	at org.testng.internal.MethodRunner.runInSequence(MethodRunner.java:46)
	at org.testng.internal.TestInvoker$MethodInvocationAgent.invoke(TestInvoker.java:822)
	at org.testng.internal.TestInvoker.invokeTestMethods(TestInvoker.java:147)
	at org.testng.internal.TestMethodWorker.invokeTestMethods(TestMethodWorker.java:146)
	at org.testng.internal.TestMethodWorker.run(TestMethodWorker.java:128)
	at java.base/java.util.ArrayList.forEach(ArrayList.java:1541)
	at org.testng.TestRunner.privateRun(TestRunner.java:764)
	at org.testng.TestRunner.run(TestRunner.java:585)
	at org.testng.SuiteRunner.runTest(SuiteRunner.java:384)
	at org.testng.SuiteRunner.runSequentially(SuiteRunner.java:378)
	at org.testng.SuiteRunner.privateRun(SuiteRunner.java:337)
	at org.testng.SuiteRunner.run(SuiteRunner.java:286)
	at org.testng.SuiteRunnerWorker.runSuite(SuiteRunnerWorker.java:53)
	at org.testng.SuiteRunnerWorker.run(SuiteRunnerWorker.java:96)
	at org.testng.TestNG.runSuitesSequentially(TestNG.java:1218)
	at org.testng.TestNG.runSuitesLocally(TestNG.java:1140)
	at org.testng.TestNG.runSuites(TestNG.java:1069)
	at org.testng.TestNG.run(TestNG.java:1037)
	at org.testng.remote.AbstractRemoteTestNG.run(AbstractRemoteTestNG.java:115)
	at org.testng.remote.RemoteTestNG.initAndRun(RemoteTestNG.java:251)
	at org.testng.remote.RemoteTestNG.main(RemoteTestNG.java:77)
</pre></div></td>
<td>0</td>
<td>driver.Driver@62e6b5c8</td></tr>
<tr>
<td title='driver.Driver.executeTestcase()'><b>executeTestcase</b><br>Test class: driver.Driver<br>Parameters: org.testng.TestRunner@5e77f0f4</td>
<td><div><pre>org.testng.SkipException: Skipping execution for  :TFS ID_ 7473:Change Account status to inactive for a Membership Provider with type &quot;SOAR&quot;
	at driver.Driver.executeTestcase(Driver.java:83)
	at java.base/java.util.ArrayList.forEach(ArrayList.java:1541)
... Removed 26 stack frames</pre></div><a href='#' onClick='toggleBox("stack-trace1815166391", this, "Click to show all stack frames", "Click to hide stack frames")'>Click to show all stack frames</a>
<div class='stack-trace' id='stack-trace1815166391'><pre>org.testng.SkipException: Skipping execution for  :TFS ID_ 7473:Change Account status to inactive for a Membership Provider with type &quot;SOAR&quot;
	at driver.Driver.executeTestcase(Driver.java:83)
	at jdk.internal.reflect.GeneratedMethodAccessor31.invoke(Unknown Source)
	at java.base/jdk.internal.reflect.DelegatingMethodAccessorImpl.invoke(DelegatingMethodAccessorImpl.java:43)
	at java.base/java.lang.reflect.Method.invoke(Method.java:566)
	at org.testng.internal.MethodInvocationHelper.invokeMethod(MethodInvocationHelper.java:132)
	at org.testng.internal.TestInvoker.invokeMethod(TestInvoker.java:599)
	at org.testng.internal.TestInvoker.invokeTestMethod(TestInvoker.java:174)
	at org.testng.internal.MethodRunner.runInSequence(MethodRunner.java:46)
	at org.testng.internal.TestInvoker$MethodInvocationAgent.invoke(TestInvoker.java:822)
	at org.testng.internal.TestInvoker.invokeTestMethods(TestInvoker.java:147)
	at org.testng.internal.TestMethodWorker.invokeTestMethods(TestMethodWorker.java:146)
	at org.testng.internal.TestMethodWorker.run(TestMethodWorker.java:128)
	at java.base/java.util.ArrayList.forEach(ArrayList.java:1541)
	at org.testng.TestRunner.privateRun(TestRunner.java:764)
	at org.testng.TestRunner.run(TestRunner.java:585)
	at org.testng.SuiteRunner.runTest(SuiteRunner.java:384)
	at org.testng.SuiteRunner.runSequentially(SuiteRunner.java:378)
	at org.testng.SuiteRunner.privateRun(SuiteRunner.java:337)
	at org.testng.SuiteRunner.run(SuiteRunner.java:286)
	at org.testng.SuiteRunnerWorker.runSuite(SuiteRunnerWorker.java:53)
	at org.testng.SuiteRunnerWorker.run(SuiteRunnerWorker.java:96)
	at org.testng.TestNG.runSuitesSequentially(TestNG.java:1218)
	at org.testng.TestNG.runSuitesLocally(TestNG.java:1140)
	at org.testng.TestNG.runSuites(TestNG.java:1069)
	at org.testng.TestNG.run(TestNG.java:1037)
	at org.testng.remote.AbstractRemoteTestNG.run(AbstractRemoteTestNG.java:115)
	at org.testng.remote.RemoteTestNG.initAndRun(RemoteTestNG.java:251)
	at org.testng.remote.RemoteTestNG.main(RemoteTestNG.java:77)
</pre></div></td>
<td>0</td>
<td>driver.Driver@62e6b5c8</td></tr>
<tr>
<td title='driver.Driver.executeTestcase()'><b>executeTestcase</b><br>Test class: driver.Driver<br>Parameters: org.testng.TestRunner@5e77f0f4</td>
<td><div><pre>org.testng.SkipException: Skipping execution for  :TFS ID_ 7474:Change Account status to Terminated for a Membership Provider with type &quot;Aggregation Affiliation&quot;
	at driver.Driver.executeTestcase(Driver.java:83)
	at java.base/java.util.ArrayList.forEach(ArrayList.java:1541)
... Removed 26 stack frames</pre></div><a href='#' onClick='toggleBox("stack-trace857345652", this, "Click to show all stack frames", "Click to hide stack frames")'>Click to show all stack frames</a>
<div class='stack-trace' id='stack-trace857345652'><pre>org.testng.SkipException: Skipping execution for  :TFS ID_ 7474:Change Account status to Terminated for a Membership Provider with type &quot;Aggregation Affiliation&quot;
	at driver.Driver.executeTestcase(Driver.java:83)
	at jdk.internal.reflect.GeneratedMethodAccessor31.invoke(Unknown Source)
	at java.base/jdk.internal.reflect.DelegatingMethodAccessorImpl.invoke(DelegatingMethodAccessorImpl.java:43)
	at java.base/java.lang.reflect.Method.invoke(Method.java:566)
	at org.testng.internal.MethodInvocationHelper.invokeMethod(MethodInvocationHelper.java:132)
	at org.testng.internal.TestInvoker.invokeMethod(TestInvoker.java:599)
	at org.testng.internal.TestInvoker.invokeTestMethod(TestInvoker.java:174)
	at org.testng.internal.MethodRunner.runInSequence(MethodRunner.java:46)
	at org.testng.internal.TestInvoker$MethodInvocationAgent.invoke(TestInvoker.java:822)
	at org.testng.internal.TestInvoker.invokeTestMethods(TestInvoker.java:147)
	at org.testng.internal.TestMethodWorker.invokeTestMethods(TestMethodWorker.java:146)
	at org.testng.internal.TestMethodWorker.run(TestMethodWorker.java:128)
	at java.base/java.util.ArrayList.forEach(ArrayList.java:1541)
	at org.testng.TestRunner.privateRun(TestRunner.java:764)
	at org.testng.TestRunner.run(TestRunner.java:585)
	at org.testng.SuiteRunner.runTest(SuiteRunner.java:384)
	at org.testng.SuiteRunner.runSequentially(SuiteRunner.java:378)
	at org.testng.SuiteRunner.privateRun(SuiteRunner.java:337)
	at org.testng.SuiteRunner.run(SuiteRunner.java:286)
	at org.testng.SuiteRunnerWorker.runSuite(SuiteRunnerWorker.java:53)
	at org.testng.SuiteRunnerWorker.run(SuiteRunnerWorker.java:96)
	at org.testng.TestNG.runSuitesSequentially(TestNG.java:1218)
	at org.testng.TestNG.runSuitesLocally(TestNG.java:1140)
	at org.testng.TestNG.runSuites(TestNG.java:1069)
	at org.testng.TestNG.run(TestNG.java:1037)
	at org.testng.remote.AbstractRemoteTestNG.run(AbstractRemoteTestNG.java:115)
	at org.testng.remote.RemoteTestNG.initAndRun(RemoteTestNG.java:251)
	at org.testng.remote.RemoteTestNG.main(RemoteTestNG.java:77)
</pre></div></td>
<td>0</td>
<td>driver.Driver@62e6b5c8</td></tr>
<tr>
<td title='driver.Driver.executeTestcase()'><b>executeTestcase</b><br>Test class: driver.Driver<br>Parameters: org.testng.TestRunner@5e77f0f4</td>
<td><div><pre>org.testng.SkipException: Skipping execution for  :TFS ID_ 7491:Create New Business Partner account using member supervisor
	at driver.Driver.executeTestcase(Driver.java:83)
	at java.base/java.util.ArrayList.forEach(ArrayList.java:1541)
... Removed 26 stack frames</pre></div><a href='#' onClick='toggleBox("stack-trace1970951034", this, "Click to show all stack frames", "Click to hide stack frames")'>Click to show all stack frames</a>
<div class='stack-trace' id='stack-trace1970951034'><pre>org.testng.SkipException: Skipping execution for  :TFS ID_ 7491:Create New Business Partner account using member supervisor
	at driver.Driver.executeTestcase(Driver.java:83)
	at jdk.internal.reflect.GeneratedMethodAccessor31.invoke(Unknown Source)
	at java.base/jdk.internal.reflect.DelegatingMethodAccessorImpl.invoke(DelegatingMethodAccessorImpl.java:43)
	at java.base/java.lang.reflect.Method.invoke(Method.java:566)
	at org.testng.internal.MethodInvocationHelper.invokeMethod(MethodInvocationHelper.java:132)
	at org.testng.internal.TestInvoker.invokeMethod(TestInvoker.java:599)
	at org.testng.internal.TestInvoker.invokeTestMethod(TestInvoker.java:174)
	at org.testng.internal.MethodRunner.runInSequence(MethodRunner.java:46)
	at org.testng.internal.TestInvoker$MethodInvocationAgent.invoke(TestInvoker.java:822)
	at org.testng.internal.TestInvoker.invokeTestMethods(TestInvoker.java:147)
	at org.testng.internal.TestMethodWorker.invokeTestMethods(TestMethodWorker.java:146)
	at org.testng.internal.TestMethodWorker.run(TestMethodWorker.java:128)
	at java.base/java.util.ArrayList.forEach(ArrayList.java:1541)
	at org.testng.TestRunner.privateRun(TestRunner.java:764)
	at org.testng.TestRunner.run(TestRunner.java:585)
	at org.testng.SuiteRunner.runTest(SuiteRunner.java:384)
	at org.testng.SuiteRunner.runSequentially(SuiteRunner.java:378)
	at org.testng.SuiteRunner.privateRun(SuiteRunner.java:337)
	at org.testng.SuiteRunner.run(SuiteRunner.java:286)
	at org.testng.SuiteRunnerWorker.runSuite(SuiteRunnerWorker.java:53)
	at org.testng.SuiteRunnerWorker.run(SuiteRunnerWorker.java:96)
	at org.testng.TestNG.runSuitesSequentially(TestNG.java:1218)
	at org.testng.TestNG.runSuitesLocally(TestNG.java:1140)
	at org.testng.TestNG.runSuites(TestNG.java:1069)
	at org.testng.TestNG.run(TestNG.java:1037)
	at org.testng.remote.AbstractRemoteTestNG.run(AbstractRemoteTestNG.java:115)
	at org.testng.remote.RemoteTestNG.initAndRun(RemoteTestNG.java:251)
	at org.testng.remote.RemoteTestNG.main(RemoteTestNG.java:77)
</pre></div></td>
<td>0</td>
<td>driver.Driver@62e6b5c8</td></tr>
<tr>
<td title='driver.Driver.executeTestcase()'><b>executeTestcase</b><br>Test class: driver.Driver<br>Parameters: org.testng.TestRunner@5e77f0f4</td>
<td><div><pre>org.testng.SkipException: Skipping execution for  :TFS ID_ 7485:Verify on &quot;Update&quot; following fields in Limited Member ,&quot;Record status&quot; should get changed to Need Approval.
	at driver.Driver.executeTestcase(Driver.java:83)
	at java.base/java.util.ArrayList.forEach(ArrayList.java:1541)
... Removed 26 stack frames</pre></div><a href='#' onClick='toggleBox("stack-trace1418746526", this, "Click to show all stack frames", "Click to hide stack frames")'>Click to show all stack frames</a>
<div class='stack-trace' id='stack-trace1418746526'><pre>org.testng.SkipException: Skipping execution for  :TFS ID_ 7485:Verify on &quot;Update&quot; following fields in Limited Member ,&quot;Record status&quot; should get changed to Need Approval.
	at driver.Driver.executeTestcase(Driver.java:83)
	at jdk.internal.reflect.GeneratedMethodAccessor31.invoke(Unknown Source)
	at java.base/jdk.internal.reflect.DelegatingMethodAccessorImpl.invoke(DelegatingMethodAccessorImpl.java:43)
	at java.base/java.lang.reflect.Method.invoke(Method.java:566)
	at org.testng.internal.MethodInvocationHelper.invokeMethod(MethodInvocationHelper.java:132)
	at org.testng.internal.TestInvoker.invokeMethod(TestInvoker.java:599)
	at org.testng.internal.TestInvoker.invokeTestMethod(TestInvoker.java:174)
	at org.testng.internal.MethodRunner.runInSequence(MethodRunner.java:46)
	at org.testng.internal.TestInvoker$MethodInvocationAgent.invoke(TestInvoker.java:822)
	at org.testng.internal.TestInvoker.invokeTestMethods(TestInvoker.java:147)
	at org.testng.internal.TestMethodWorker.invokeTestMethods(TestMethodWorker.java:146)
	at org.testng.internal.TestMethodWorker.run(TestMethodWorker.java:128)
	at java.base/java.util.ArrayList.forEach(ArrayList.java:1541)
	at org.testng.TestRunner.privateRun(TestRunner.java:764)
	at org.testng.TestRunner.run(TestRunner.java:585)
	at org.testng.SuiteRunner.runTest(SuiteRunner.java:384)
	at org.testng.SuiteRunner.runSequentially(SuiteRunner.java:378)
	at org.testng.SuiteRunner.privateRun(SuiteRunner.java:337)
	at org.testng.SuiteRunner.run(SuiteRunner.java:286)
	at org.testng.SuiteRunnerWorker.runSuite(SuiteRunnerWorker.java:53)
	at org.testng.SuiteRunnerWorker.run(SuiteRunnerWorker.java:96)
	at org.testng.TestNG.runSuitesSequentially(TestNG.java:1218)
	at org.testng.TestNG.runSuitesLocally(TestNG.java:1140)
	at org.testng.TestNG.runSuites(TestNG.java:1069)
	at org.testng.TestNG.run(TestNG.java:1037)
	at org.testng.remote.AbstractRemoteTestNG.run(AbstractRemoteTestNG.java:115)
	at org.testng.remote.RemoteTestNG.initAndRun(RemoteTestNG.java:251)
	at org.testng.remote.RemoteTestNG.main(RemoteTestNG.java:77)
</pre></div></td>
<td>0</td>
<td>driver.Driver@62e6b5c8</td></tr>
<tr>
<td title='driver.Driver.executeTestcase()'><b>executeTestcase</b><br>Test class: driver.Driver<br>Parameters: org.testng.TestRunner@5e77f0f4</td>
<td><div><pre>org.testng.SkipException: Skipping execution for  :TFS ID_ 4547:Verify if primary account of a contact has been changed then other associated Contact account association should not get end dated/terminated
	at driver.Driver.executeTestcase(Driver.java:83)
	at java.base/java.util.ArrayList.forEach(ArrayList.java:1541)
... Removed 26 stack frames</pre></div><a href='#' onClick='toggleBox("stack-trace350720732", this, "Click to show all stack frames", "Click to hide stack frames")'>Click to show all stack frames</a>
<div class='stack-trace' id='stack-trace350720732'><pre>org.testng.SkipException: Skipping execution for  :TFS ID_ 4547:Verify if primary account of a contact has been changed then other associated Contact account association should not get end dated/terminated
	at driver.Driver.executeTestcase(Driver.java:83)
	at jdk.internal.reflect.GeneratedMethodAccessor31.invoke(Unknown Source)
	at java.base/jdk.internal.reflect.DelegatingMethodAccessorImpl.invoke(DelegatingMethodAccessorImpl.java:43)
	at java.base/java.lang.reflect.Method.invoke(Method.java:566)
	at org.testng.internal.MethodInvocationHelper.invokeMethod(MethodInvocationHelper.java:132)
	at org.testng.internal.TestInvoker.invokeMethod(TestInvoker.java:599)
	at org.testng.internal.TestInvoker.invokeTestMethod(TestInvoker.java:174)
	at org.testng.internal.MethodRunner.runInSequence(MethodRunner.java:46)
	at org.testng.internal.TestInvoker$MethodInvocationAgent.invoke(TestInvoker.java:822)
	at org.testng.internal.TestInvoker.invokeTestMethods(TestInvoker.java:147)
	at org.testng.internal.TestMethodWorker.invokeTestMethods(TestMethodWorker.java:146)
	at org.testng.internal.TestMethodWorker.run(TestMethodWorker.java:128)
	at java.base/java.util.ArrayList.forEach(ArrayList.java:1541)
	at org.testng.TestRunner.privateRun(TestRunner.java:764)
	at org.testng.TestRunner.run(TestRunner.java:585)
	at org.testng.SuiteRunner.runTest(SuiteRunner.java:384)
	at org.testng.SuiteRunner.runSequentially(SuiteRunner.java:378)
	at org.testng.SuiteRunner.privateRun(SuiteRunner.java:337)
	at org.testng.SuiteRunner.run(SuiteRunner.java:286)
	at org.testng.SuiteRunnerWorker.runSuite(SuiteRunnerWorker.java:53)
	at org.testng.SuiteRunnerWorker.run(SuiteRunnerWorker.java:96)
	at org.testng.TestNG.runSuitesSequentially(TestNG.java:1218)
	at org.testng.TestNG.runSuitesLocally(TestNG.java:1140)
	at org.testng.TestNG.runSuites(TestNG.java:1069)
	at org.testng.TestNG.run(TestNG.java:1037)
	at org.testng.remote.AbstractRemoteTestNG.run(AbstractRemoteTestNG.java:115)
	at org.testng.remote.RemoteTestNG.initAndRun(RemoteTestNG.java:251)
	at org.testng.remote.RemoteTestNG.main(RemoteTestNG.java:77)
</pre></div></td>
<td>0</td>
<td>driver.Driver@62e6b5c8</td></tr>
</table><p>
</body>
</html>