<?xml version="1.0" encoding="UTF-8"?>
<!-- Generated by org.testng.reporters.JUnitXMLReporter -->
<testsuite ignored="0" hostname="Z3P4PUGAVS0029" failures="1" tests="50" name="Results" time="6255.816" errors="0" timestamp="2021-04-05T14:17:38 IST">
  <testcase classname="driver.Driver" name="executeTestcase" time="204.579"/>
  <testcase classname="driver.Driver" name="executeTestcase" time="230.365"/>
  <testcase classname="driver.Driver" name="executeTestcase" time="221.069"/>
  <testcase classname="driver.Driver" name="executeTestcase" time="212.826"/>
  <testcase classname="driver.Driver" name="executeTestcase" time="204.292"/>
  <testcase classname="driver.Driver" name="executeTestcase" time="203.219"/>
  <testcase classname="driver.Driver" name="executeTestcase" time="226.347"/>
  <testcase classname="driver.Driver" name="executeTestcase" time="219.13"/>
  <testcase classname="driver.Driver" name="executeTestcase" time="183.755"/>
  <testcase classname="driver.Driver" name="executeTestcase" time="215.299"/>
  <testcase classname="driver.Driver" name="executeTestcase" time="183.079"/>
  <testcase classname="driver.Driver" name="executeTestcase" time="170.35"/>
  <testcase classname="driver.Driver" name="executeTestcase" time="250.767"/>
  <testcase classname="driver.Driver" name="executeTestcase" time="166.598">
    <failure type="java.lang.reflect.InvocationTargetException">
      <![CDATA[java.lang.reflect.InvocationTargetException
at driver.Driver.executeTestcase(Driver.java:78)
at java.base/java.util.ArrayList.forEach(ArrayList.java:1541)
Caused by: org.openqa.selenium.NoSuchElementException: no such element: Unable to locate element: {"method":"css selector","selector":"#NavBarGloablQuickCreate"}
  (Session info: chrome=89.0.4389.114)
For documentation on this error, please visit: https://www.seleniumhq.org/exceptions/no_such_element.html
Build info: version: '4.0.0-alpha-1', revision: 'd1d3728cae', time: '2019-04-24T13:42:21'
System info: host: 'Z3P4PUGAVS0029', ip: '10.99.36.246', os.name: 'Windows 10', os.arch: 'amd64', os.version: '10.0', java.version: '11.0.9'
Driver info: org.openqa.selenium.chrome.ChromeDriver
Capabilities {acceptInsecureCerts: false, browserName: chrome, browserVersion: 89.0.4389.114, chrome: {chromedriverVersion: 88.0.4324.96 (68dba2d8a0b14..., userDataDir: E:\schandr3\AppData\Local\T...}, goog:chromeOptions: {debuggerAddress: localhost:64087}, javascriptEnabled: true, networkConnectionEnabled: false, pageLoadStrategy: normal, platform: WINDOWS, platformName: WINDOWS, proxy: Proxy(), setWindowRect: true, strictFileInteractability: false, timeouts: {implicit: 0, pageLoad: 300000, script: 30000}, unhandledPromptBehavior: dismiss and notify, webauthn:extension:largeBlob: true, webauthn:virtualAuthenticators: true}
Session ID: 2e08e996511ef5644cfdc6b90440b36f
*** Element info: {Using=id, value=NavBarGloablQuickCreate}
at org.openqa.selenium.remote.codec.w3c.W3CHttpResponseCodec.createException(W3CHttpResponseCodec.java:190)
at org.openqa.selenium.remote.codec.w3c.W3CHttpResponseCodec.decode(W3CHttpResponseCodec.java:124)
at org.openqa.selenium.remote.codec.w3c.W3CHttpResponseCodec.decode(W3CHttpResponseCodec.java:51)
at org.openqa.selenium.remote.HttpCommandExecutor.execute(HttpCommandExecutor.java:161)
at org.openqa.selenium.remote.service.DriverCommandExecutor.execute(DriverCommandExecutor.java:83)
at org.openqa.selenium.remote.RemoteWebDriver.execute(RemoteWebDriver.java:577)
at org.openqa.selenium.remote.RemoteWebDriver.findElement(RemoteWebDriver.java:328)
at org.openqa.selenium.remote.RemoteWebDriver.findElementById(RemoteWebDriver.java:376)
at org.openqa.selenium.By$ById.findElement(By.java:188)
at org.openqa.selenium.remote.RemoteWebDriver.findElement(RemoteWebDriver.java:320)
at org.openqa.selenium.support.events.EventFiringWebDriver.lambda$new$1(EventFiringWebDriver.java:106)
at com.sun.proxy.$Proxy11.findElement(Unknown Source)
at org.openqa.selenium.support.events.EventFiringWebDriver.findElement(EventFiringWebDriver.java:195)
at pages.MemberFormPage.selectMembershipProviderType1(MemberFormPage.java:1094)
at testcases.Member.TestCase_7151.createMemberTP(TestCase_7151.java:94)
... 33 more
... Removed 38 stack frames]]>
    </failure>
  </testcase> <!-- executeTestcase -->
  <testcase classname="driver.Driver" name="executeTestcase" time="178.135"/>
  <testcase classname="driver.Driver" name="executeTestcase" time="170.74"/>
  <testcase classname="driver.Driver" name="executeTestcase" time="229.405"/>
  <testcase classname="driver.Driver" name="executeTestcase" time="70.756"/>
  <testcase classname="driver.Driver" name="executeTestcase" time="92.184"/>
  <testcase classname="driver.Driver" name="executeTestcase" time="101.505"/>
  <testcase classname="driver.Driver" name="executeTestcase" time="96.507"/>
  <testcase classname="driver.Driver" name="executeTestcase" time="86.165"/>
  <testcase classname="driver.Driver" name="executeTestcase" time="92.557"/>
  <testcase classname="driver.Driver" name="executeTestcase" time="96.932"/>
  <testcase classname="driver.Driver" name="executeTestcase" time="69.593"/>
  <testcase classname="driver.Driver" name="executeTestcase" time="102.597"/>
  <testcase classname="driver.Driver" name="executeTestcase" time="89.106"/>
  <testcase classname="driver.Driver" name="executeTestcase" time="88.617"/>
  <testcase classname="driver.Driver" name="executeTestcase" time="89.596"/>
  <testcase classname="driver.Driver" name="executeTestcase" time="81.832"/>
  <testcase classname="driver.Driver" name="executeTestcase" time="90.794"/>
  <testcase classname="driver.Driver" name="executeTestcase" time="0.003">
    <skipped/>
  </testcase> <!-- executeTestcase -->
  <testcase classname="driver.Driver" name="executeTestcase" time="0.002">
    <skipped/>
  </testcase> <!-- executeTestcase -->
  <testcase classname="driver.Driver" name="executeTestcase" time="0.002">
    <skipped/>
  </testcase> <!-- executeTestcase -->
  <testcase classname="driver.Driver" name="executeTestcase" time="0.003">
    <skipped/>
  </testcase> <!-- executeTestcase -->
  <testcase classname="driver.Driver" name="executeTestcase" time="0.004">
    <skipped/>
  </testcase> <!-- executeTestcase -->
  <testcase classname="driver.Driver" name="executeTestcase" time="0.003">
    <skipped/>
  </testcase> <!-- executeTestcase -->
  <testcase classname="driver.Driver" name="executeTestcase" time="0.002">
    <skipped/>
  </testcase> <!-- executeTestcase -->
  <testcase classname="driver.Driver" name="executeTestcase" time="0.002">
    <skipped/>
  </testcase> <!-- executeTestcase -->
  <testcase classname="driver.Driver" name="executeTestcase" time="0.003">
    <skipped/>
  </testcase> <!-- executeTestcase -->
  <testcase classname="driver.Driver" name="executeTestcase" time="123.643"/>
  <testcase classname="driver.Driver" name="executeTestcase" time="174.255"/>
  <testcase classname="driver.Driver" name="executeTestcase" time="250.6"/>
  <testcase classname="driver.Driver" name="executeTestcase" time="188.561"/>
  <testcase classname="driver.Driver" name="executeTestcase" time="149.343"/>
  <testcase classname="driver.Driver" name="executeTestcase" time="245.574"/>
  <testcase classname="driver.Driver" name="executeTestcase" time="88.525"/>
  <testcase classname="driver.Driver" name="executeTestcase" time="84.244"/>
  <testcase classname="driver.Driver" name="executeTestcase" time="228.629"/>
  <testcase classname="driver.Driver" name="executeTestcase" time="0.004">
    <skipped/>
  </testcase> <!-- executeTestcase -->
</testsuite> <!-- Results -->
